Jun 19, 2024 3:27:00 PM de.learnlib.logging.LearnLogger logQuery
INFO: [ε | ServerHelloRSA / ε | Empty]
Jun 19, 2024 3:27:00 PM de.learnlib.logging.LearnLogger logQuery
INFO: [ε | ServerHelloDHE / ε | Empty]
Jun 19, 2024 3:27:00 PM de.learnlib.logging.LearnLogger logQuery
INFO: [ε | EmptyCertificate / ε | ConnectionClosed]
Jun 19, 2024 3:27:00 PM de.learnlib.logging.LearnLogger logQuery
INFO: [ε | ServerCertificate / ε | ConnectionClosed]
Jun 19, 2024 3:27:00 PM de.learnlib.logging.LearnLogger logQuery
INFO: [ε | ServerHelloDone / ε | ConnectionClosed]
Jun 19, 2024 3:27:01 PM de.learnlib.logging.LearnLogger logQuery
INFO: [ε | ChangeCipherSpec / ε | Empty]
Jun 19, 2024 3:27:01 PM de.learnlib.logging.LearnLogger logQuery
INFO: [ε | ApplicationData / ε | ConnectionClosed]
Jun 19, 2024 3:27:01 PM de.learnlib.logging.LearnLogger logQuery
INFO: [ε | ApplicationDataEmpty / ε | Empty]
Jun 19, 2024 3:27:02 PM de.learnlib.logging.LearnLogger logQuery
INFO: [ε | Alert10 / ε | ConnectionClosed]
Jun 19, 2024 3:27:02 PM de.learnlib.logging.LearnLogger logQuery
INFO: [ServerHelloRSA | ServerHelloRSA / Empty | Alert2.10ConnectionClosed]
Jun 19, 2024 3:27:02 PM de.learnlib.logging.LearnLogger logQuery
INFO: [ServerHelloRSA | ServerHelloDHE / Empty | Alert2.10ConnectionClosed]
Jun 19, 2024 3:27:03 PM de.learnlib.logging.LearnLogger logQuery
INFO: [ServerHelloRSA | EmptyCertificate / Empty | ConnectionClosed]
Jun 19, 2024 3:27:03 PM de.learnlib.logging.LearnLogger logQuery
INFO: [ServerHelloRSA | ServerCertificate / Empty | Empty]
Jun 19, 2024 3:27:03 PM de.learnlib.logging.LearnLogger logQuery
INFO: [ServerHelloRSA | ServerHelloDone / Empty | Alert2.10ConnectionClosed]
Jun 19, 2024 3:27:04 PM de.learnlib.logging.LearnLogger logQuery
INFO: [ServerHelloRSA | ChangeCipherSpec / Empty | Alert2.10ConnectionClosed]
Jun 19, 2024 3:27:04 PM de.learnlib.logging.LearnLogger logQuery
INFO: [ServerHelloRSA | ApplicationData / Empty | Alert2.10ConnectionClosed]
Jun 19, 2024 3:27:04 PM de.learnlib.logging.LearnLogger logQuery
INFO: [ServerHelloRSA | ApplicationDataEmpty / Empty | Empty]
Jun 19, 2024 3:27:05 PM de.learnlib.logging.LearnLogger logQuery
INFO: [ServerHelloRSA | Alert10 / Empty | ConnectionClosed]
Jun 19, 2024 3:27:05 PM de.learnlib.logging.LearnLogger logQuery
INFO: [ServerHelloDHE | ServerHelloRSA / Empty | Alert2.10ConnectionClosed]
Jun 19, 2024 3:27:05 PM de.learnlib.logging.LearnLogger logQuery
INFO: [ServerHelloDHE | ServerHelloDHE / Empty | Alert2.10ConnectionClosed]
Jun 19, 2024 3:27:06 PM de.learnlib.logging.LearnLogger logQuery
INFO: [ServerHelloDHE | EmptyCertificate / Empty | ConnectionClosed]
Jun 19, 2024 3:27:06 PM de.learnlib.logging.LearnLogger logQuery
INFO: [ServerHelloDHE | ServerCertificate / Empty | Empty]
Jun 19, 2024 3:27:06 PM de.learnlib.logging.LearnLogger logQuery
INFO: [ServerHelloDHE | ServerHelloDone / Empty | Alert2.10ConnectionClosed]
Jun 19, 2024 3:27:07 PM de.learnlib.logging.LearnLogger logQuery
INFO: [ServerHelloDHE | ChangeCipherSpec / Empty | Alert2.10ConnectionClosed]
Jun 19, 2024 3:27:07 PM de.learnlib.logging.LearnLogger logQuery
INFO: [ServerHelloDHE | ApplicationData / Empty | Alert2.10ConnectionClosed]
Jun 19, 2024 3:27:07 PM de.learnlib.logging.LearnLogger logQuery
INFO: [ServerHelloDHE | ApplicationDataEmpty / Empty | Empty]
Jun 19, 2024 3:27:08 PM de.learnlib.logging.LearnLogger logQuery
INFO: [ServerHelloDHE | Alert10 / Empty | ConnectionClosed]
Jun 19, 2024 3:27:08 PM de.learnlib.logging.LearnLogger logQuery
INFO: [EmptyCertificate | ServerHelloRSA / ConnectionClosed | ConnectionClosed]
Jun 19, 2024 3:27:08 PM de.learnlib.logging.LearnLogger logQuery
INFO: [EmptyCertificate | ServerHelloDHE / ConnectionClosed | ConnectionClosed]
Jun 19, 2024 3:27:08 PM de.learnlib.logging.LearnLogger logQuery
INFO: [EmptyCertificate | EmptyCertificate / ConnectionClosed | ConnectionClosed]
Jun 19, 2024 3:27:09 PM de.learnlib.logging.LearnLogger logQuery
INFO: [EmptyCertificate | ServerCertificate / ConnectionClosed | ConnectionClosed]
Jun 19, 2024 3:27:09 PM de.learnlib.logging.LearnLogger logQuery
INFO: [EmptyCertificate | ServerHelloDone / ConnectionClosed | ConnectionClosed]
Jun 19, 2024 3:27:09 PM de.learnlib.logging.LearnLogger logQuery
INFO: [EmptyCertificate | ChangeCipherSpec / ConnectionClosed | ConnectionClosed]
Jun 19, 2024 3:27:09 PM de.learnlib.logging.LearnLogger logQuery
INFO: [EmptyCertificate | ApplicationData / ConnectionClosed | ConnectionClosed]
Jun 19, 2024 3:27:09 PM de.learnlib.logging.LearnLogger logQuery
INFO: [EmptyCertificate | ApplicationDataEmpty / ConnectionClosed | ConnectionClosed]
Jun 19, 2024 3:27:10 PM de.learnlib.logging.LearnLogger logQuery
INFO: [EmptyCertificate | Alert10 / ConnectionClosed | ConnectionClosed]
Jun 19, 2024 3:27:10 PM de.learnlib.logging.LearnLogger logQuery
INFO: [ServerCertificate | ServerHelloRSA / ConnectionClosed | ConnectionClosed]
Jun 19, 2024 3:27:10 PM de.learnlib.logging.LearnLogger logQuery
INFO: [ServerCertificate | ServerHelloDHE / ConnectionClosed | ConnectionClosed]
Jun 19, 2024 3:27:10 PM de.learnlib.logging.LearnLogger logQuery
INFO: [ServerCertificate | EmptyCertificate / ConnectionClosed | ConnectionClosed]
Jun 19, 2024 3:27:11 PM de.learnlib.logging.LearnLogger logQuery
INFO: [ServerCertificate | ServerCertificate / ConnectionClosed | ConnectionClosed]
Jun 19, 2024 3:27:11 PM de.learnlib.logging.LearnLogger logQuery
INFO: [ServerCertificate | ServerHelloDone / ConnectionClosed | ConnectionClosed]
Jun 19, 2024 3:27:11 PM de.learnlib.logging.LearnLogger logQuery
INFO: [ServerCertificate | ChangeCipherSpec / ConnectionClosed | ConnectionClosed]
Jun 19, 2024 3:27:11 PM de.learnlib.logging.LearnLogger logQuery
INFO: [ServerCertificate | ApplicationData / ConnectionClosed | ConnectionClosed]
Jun 19, 2024 3:27:11 PM de.learnlib.logging.LearnLogger logQuery
INFO: [ServerCertificate | ApplicationDataEmpty / ConnectionClosed | ConnectionClosed]
Jun 19, 2024 3:27:12 PM de.learnlib.logging.LearnLogger logQuery
INFO: [ServerCertificate | Alert10 / ConnectionClosed | ConnectionClosed]
Jun 19, 2024 3:27:12 PM de.learnlib.logging.LearnLogger logQuery
INFO: [ServerHelloDone | ServerHelloRSA / ConnectionClosed | ConnectionClosed]
Jun 19, 2024 3:27:12 PM de.learnlib.logging.LearnLogger logQuery
INFO: [ServerHelloDone | ServerHelloDHE / ConnectionClosed | ConnectionClosed]
Jun 19, 2024 3:27:12 PM de.learnlib.logging.LearnLogger logQuery
INFO: [ServerHelloDone | EmptyCertificate / ConnectionClosed | ConnectionClosed]
Jun 19, 2024 3:27:12 PM de.learnlib.logging.LearnLogger logQuery
INFO: [ServerHelloDone | ServerCertificate / ConnectionClosed | ConnectionClosed]
Jun 19, 2024 3:27:13 PM de.learnlib.logging.LearnLogger logQuery
INFO: [ServerHelloDone | ServerHelloDone / ConnectionClosed | ConnectionClosed]
Jun 19, 2024 3:27:13 PM de.learnlib.logging.LearnLogger logQuery
INFO: [ServerHelloDone | ChangeCipherSpec / ConnectionClosed | ConnectionClosed]
Jun 19, 2024 3:27:13 PM de.learnlib.logging.LearnLogger logQuery
INFO: [ServerHelloDone | ApplicationData / ConnectionClosed | ConnectionClosed]
Jun 19, 2024 3:27:13 PM de.learnlib.logging.LearnLogger logQuery
INFO: [ServerHelloDone | ApplicationDataEmpty / ConnectionClosed | ConnectionClosed]
Jun 19, 2024 3:27:14 PM de.learnlib.logging.LearnLogger logQuery
INFO: [ServerHelloDone | Alert10 / ConnectionClosed | ConnectionClosed]
Jun 19, 2024 3:27:14 PM de.learnlib.logging.LearnLogger logQuery
INFO: [ChangeCipherSpec | ServerHelloRSA / Empty | ConnectionClosed]
Jun 19, 2024 3:27:14 PM de.learnlib.logging.LearnLogger logQuery
INFO: [ChangeCipherSpec | ServerHelloDHE / Empty | ConnectionClosed]
Jun 19, 2024 3:27:15 PM de.learnlib.logging.LearnLogger logQuery
INFO: [ChangeCipherSpec | EmptyCertificate / Empty | ConnectionClosed]
Jun 19, 2024 3:27:15 PM de.learnlib.logging.LearnLogger logQuery
INFO: [ChangeCipherSpec | ServerCertificate / Empty | ConnectionClosed]
Jun 19, 2024 3:27:15 PM de.learnlib.logging.LearnLogger logQuery
INFO: [ChangeCipherSpec | ServerHelloDone / Empty | ConnectionClosed]
Jun 19, 2024 3:27:15 PM de.learnlib.logging.LearnLogger logQuery
INFO: [ChangeCipherSpec | ChangeCipherSpec / Empty | ConnectionClosed]
Jun 19, 2024 3:27:16 PM de.learnlib.logging.LearnLogger logQuery
INFO: [ChangeCipherSpec | ApplicationData / Empty | ConnectionClosed]
Jun 19, 2024 3:27:16 PM de.learnlib.logging.LearnLogger logQuery
INFO: [ChangeCipherSpec | ApplicationDataEmpty / Empty | ConnectionClosed]
Jun 19, 2024 3:27:16 PM de.learnlib.logging.LearnLogger logQuery
INFO: [ChangeCipherSpec | Alert10 / Empty | ConnectionClosed]
Jun 19, 2024 3:27:17 PM de.learnlib.logging.LearnLogger logQuery
INFO: [ApplicationData | ServerHelloRSA / ConnectionClosed | ConnectionClosed]
Jun 19, 2024 3:27:17 PM de.learnlib.logging.LearnLogger logQuery
INFO: [ApplicationData | ServerHelloDHE / ConnectionClosed | ConnectionClosed]
Jun 19, 2024 3:27:17 PM de.learnlib.logging.LearnLogger logQuery
INFO: [ApplicationData | EmptyCertificate / ConnectionClosed | ConnectionClosed]
Jun 19, 2024 3:27:17 PM de.learnlib.logging.LearnLogger logQuery
INFO: [ApplicationData | ServerCertificate / ConnectionClosed | ConnectionClosed]
Jun 19, 2024 3:27:18 PM de.learnlib.logging.LearnLogger logQuery
INFO: [ApplicationData | ServerHelloDone / ConnectionClosed | ConnectionClosed]
Jun 19, 2024 3:27:18 PM de.learnlib.logging.LearnLogger logQuery
INFO: [ApplicationData | ChangeCipherSpec / ConnectionClosed | ConnectionClosed]
Jun 19, 2024 3:27:18 PM de.learnlib.logging.LearnLogger logQuery
INFO: [ApplicationData | ApplicationData / ConnectionClosed | ConnectionClosed]
Jun 19, 2024 3:27:18 PM de.learnlib.logging.LearnLogger logQuery
INFO: [ApplicationData | ApplicationDataEmpty / ConnectionClosed | ConnectionClosed]
Jun 19, 2024 3:27:18 PM de.learnlib.logging.LearnLogger logQuery
INFO: [ApplicationData | Alert10 / ConnectionClosed | ConnectionClosed]
Jun 19, 2024 3:27:19 PM de.learnlib.logging.LearnLogger logQuery
INFO: [ApplicationDataEmpty | ServerHelloRSA / Empty | ConnectionClosed]
Jun 19, 2024 3:27:19 PM de.learnlib.logging.LearnLogger logQuery
INFO: [ApplicationDataEmpty | ServerHelloDHE / Empty | ConnectionClosed]
Jun 19, 2024 3:27:19 PM de.learnlib.logging.LearnLogger logQuery
INFO: [ApplicationDataEmpty | EmptyCertificate / Empty | ConnectionClosed]
Jun 19, 2024 3:27:20 PM de.learnlib.logging.LearnLogger logQuery
INFO: [ApplicationDataEmpty | ServerCertificate / Empty | ConnectionClosed]
Jun 19, 2024 3:27:20 PM de.learnlib.logging.LearnLogger logQuery
INFO: [ApplicationDataEmpty | ServerHelloDone / Empty | ConnectionClosed]
Jun 19, 2024 3:27:20 PM de.learnlib.logging.LearnLogger logQuery
INFO: [ApplicationDataEmpty | ChangeCipherSpec / Empty | ConnectionClosed]
Jun 19, 2024 3:27:21 PM de.learnlib.logging.LearnLogger logQuery
INFO: [ApplicationDataEmpty | ApplicationData / Empty | ConnectionClosed]
Jun 19, 2024 3:27:21 PM de.learnlib.logging.LearnLogger logQuery
INFO: [ApplicationDataEmpty | ApplicationDataEmpty / Empty | ConnectionClosed]
Jun 19, 2024 3:27:21 PM de.learnlib.logging.LearnLogger logQuery
INFO: [ApplicationDataEmpty | Alert10 / Empty | ConnectionClosed]
Jun 19, 2024 3:27:21 PM de.learnlib.logging.LearnLogger logQuery
INFO: [Alert10 | ServerHelloRSA / ConnectionClosed | ConnectionClosed]
Jun 19, 2024 3:27:22 PM de.learnlib.logging.LearnLogger logQuery
INFO: [Alert10 | ServerHelloDHE / ConnectionClosed | ConnectionClosed]
Jun 19, 2024 3:27:22 PM de.learnlib.logging.LearnLogger logQuery
INFO: [Alert10 | EmptyCertificate / ConnectionClosed | ConnectionClosed]
Jun 19, 2024 3:27:22 PM de.learnlib.logging.LearnLogger logQuery
INFO: [Alert10 | ServerCertificate / ConnectionClosed | ConnectionClosed]
Jun 19, 2024 3:27:22 PM de.learnlib.logging.LearnLogger logQuery
INFO: [Alert10 | ServerHelloDone / ConnectionClosed | ConnectionClosed]
Jun 19, 2024 3:27:23 PM de.learnlib.logging.LearnLogger logQuery
INFO: [Alert10 | ChangeCipherSpec / ConnectionClosed | ConnectionClosed]
Jun 19, 2024 3:27:23 PM de.learnlib.logging.LearnLogger logQuery
INFO: [Alert10 | ApplicationData / ConnectionClosed | ConnectionClosed]
Jun 19, 2024 3:27:23 PM de.learnlib.logging.LearnLogger logQuery
INFO: [Alert10 | ApplicationDataEmpty / ConnectionClosed | ConnectionClosed]
Jun 19, 2024 3:27:23 PM de.learnlib.logging.LearnLogger logQuery
INFO: [Alert10 | Alert10 / ConnectionClosed | ConnectionClosed]
Jun 19, 2024 3:27:23 PM de.learnlib.logging.LearnLogger logQuery
INFO: [ServerHelloRSA ServerHelloRSA | ServerHelloRSA / Empty Alert2.10ConnectionClosed | ConnectionClosed]
Jun 19, 2024 3:27:24 PM de.learnlib.logging.LearnLogger logQuery
INFO: [ServerHelloRSA ServerHelloRSA | ServerHelloDHE / Empty Alert2.10ConnectionClosed | ConnectionClosed]
Jun 19, 2024 3:27:24 PM de.learnlib.logging.LearnLogger logQuery
INFO: [ServerHelloRSA ServerHelloRSA | EmptyCertificate / Empty Alert2.10ConnectionClosed | ConnectionClosed]
Jun 19, 2024 3:27:24 PM de.learnlib.logging.LearnLogger logQuery
INFO: [ServerHelloRSA ServerHelloRSA | ServerCertificate / Empty Alert2.10ConnectionClosed | ConnectionClosed]
Jun 19, 2024 3:27:25 PM de.learnlib.logging.LearnLogger logQuery
INFO: [ServerHelloRSA ServerHelloRSA | ServerHelloDone / Empty Alert2.10ConnectionClosed | ConnectionClosed]
Jun 19, 2024 3:27:25 PM de.learnlib.logging.LearnLogger logQuery
INFO: [ServerHelloRSA ServerHelloRSA | ChangeCipherSpec / Empty Alert2.10ConnectionClosed | ConnectionClosed]
Jun 19, 2024 3:27:25 PM de.learnlib.logging.LearnLogger logQuery
INFO: [ServerHelloRSA ServerHelloRSA | ApplicationData / Empty Alert2.10ConnectionClosed | ConnectionClosed]
Jun 19, 2024 3:27:26 PM de.learnlib.logging.LearnLogger logQuery
INFO: [ServerHelloRSA ServerHelloRSA | ApplicationDataEmpty / Empty Alert2.10ConnectionClosed | ConnectionClosed]
Jun 19, 2024 3:27:26 PM de.learnlib.logging.LearnLogger logQuery
INFO: [ServerHelloRSA ServerHelloRSA | Alert10 / Empty Alert2.10ConnectionClosed | ConnectionClosed]
Jun 19, 2024 3:27:26 PM de.learnlib.logging.LearnLogger logQuery
INFO: [ServerHelloRSA ServerHelloDHE | ServerHelloRSA / Empty Alert2.10ConnectionClosed | ConnectionClosed]
Jun 19, 2024 3:27:27 PM de.learnlib.logging.LearnLogger logQuery
INFO: [ServerHelloRSA ServerHelloDHE | ServerHelloDHE / Empty Alert2.10ConnectionClosed | ConnectionClosed]
Jun 19, 2024 3:27:27 PM de.learnlib.logging.LearnLogger logQuery
INFO: [ServerHelloRSA ServerHelloDHE | EmptyCertificate / Empty Alert2.10ConnectionClosed | ConnectionClosed]
Jun 19, 2024 3:27:27 PM de.learnlib.logging.LearnLogger logQuery
INFO: [ServerHelloRSA ServerHelloDHE | ServerCertificate / Empty Alert2.10ConnectionClosed | ConnectionClosed]
Jun 19, 2024 3:27:28 PM de.learnlib.logging.LearnLogger logQuery
INFO: [ServerHelloRSA ServerHelloDHE | ServerHelloDone / Empty Alert2.10ConnectionClosed | ConnectionClosed]
Jun 19, 2024 3:27:28 PM de.learnlib.logging.LearnLogger logQuery
INFO: [ServerHelloRSA ServerHelloDHE | ChangeCipherSpec / Empty Alert2.10ConnectionClosed | ConnectionClosed]
Jun 19, 2024 3:27:28 PM de.learnlib.logging.LearnLogger logQuery
INFO: [ServerHelloRSA ServerHelloDHE | ApplicationData / Empty Alert2.10ConnectionClosed | ConnectionClosed]
Jun 19, 2024 3:27:29 PM de.learnlib.logging.LearnLogger logQuery
INFO: [ServerHelloRSA ServerHelloDHE | ApplicationDataEmpty / Empty Alert2.10ConnectionClosed | ConnectionClosed]
Jun 19, 2024 3:27:29 PM de.learnlib.logging.LearnLogger logQuery
INFO: [ServerHelloRSA ServerHelloDHE | Alert10 / Empty Alert2.10ConnectionClosed | ConnectionClosed]
Jun 19, 2024 3:27:29 PM de.learnlib.logging.LearnLogger logQuery
INFO: [ServerHelloRSA EmptyCertificate | ServerHelloRSA / Empty ConnectionClosed | ConnectionClosed]
Jun 19, 2024 3:27:29 PM de.learnlib.logging.LearnLogger logQuery
INFO: [ServerHelloRSA EmptyCertificate | ServerHelloDHE / Empty ConnectionClosed | ConnectionClosed]
Jun 19, 2024 3:27:30 PM de.learnlib.logging.LearnLogger logQuery
INFO: [ServerHelloRSA EmptyCertificate | EmptyCertificate / Empty ConnectionClosed | ConnectionClosed]
Jun 19, 2024 3:27:30 PM de.learnlib.logging.LearnLogger logQuery
INFO: [ServerHelloRSA EmptyCertificate | ServerCertificate / Empty ConnectionClosed | ConnectionClosed]
Jun 19, 2024 3:27:30 PM de.learnlib.logging.LearnLogger logQuery
INFO: [ServerHelloRSA EmptyCertificate | ServerHelloDone / Empty ConnectionClosed | ConnectionClosed]
Jun 19, 2024 3:27:31 PM de.learnlib.logging.LearnLogger logQuery
INFO: [ServerHelloRSA EmptyCertificate | ChangeCipherSpec / Empty ConnectionClosed | ConnectionClosed]
Jun 19, 2024 3:27:31 PM de.learnlib.logging.LearnLogger logQuery
INFO: [ServerHelloRSA EmptyCertificate | ApplicationData / Empty ConnectionClosed | ConnectionClosed]
Jun 19, 2024 3:27:31 PM de.learnlib.logging.LearnLogger logQuery
INFO: [ServerHelloRSA EmptyCertificate | ApplicationDataEmpty / Empty ConnectionClosed | ConnectionClosed]
Jun 19, 2024 3:27:32 PM de.learnlib.logging.LearnLogger logQuery
INFO: [ServerHelloRSA EmptyCertificate | Alert10 / Empty ConnectionClosed | ConnectionClosed]
Jun 19, 2024 3:27:32 PM de.learnlib.logging.LearnLogger logQuery
INFO: [ServerHelloRSA ServerCertificate | ServerHelloRSA / Empty Empty | Alert2.10ConnectionClosed]
Jun 19, 2024 3:27:33 PM de.learnlib.logging.LearnLogger logQuery
INFO: [ServerHelloRSA ServerCertificate | ServerHelloDHE / Empty Empty | Alert2.10ConnectionClosed]
Jun 19, 2024 3:27:33 PM de.learnlib.logging.LearnLogger logQuery
INFO: [ServerHelloRSA ServerCertificate | EmptyCertificate / Empty Empty | Alert2.10ConnectionClosed]
Jun 19, 2024 3:27:33 PM de.learnlib.logging.LearnLogger logQuery
INFO: [ServerHelloRSA ServerCertificate | ServerCertificate / Empty Empty | Alert2.10ConnectionClosed]
Jun 19, 2024 3:27:34 PM de.learnlib.logging.LearnLogger logQuery
INFO: [ServerHelloRSA ServerCertificate | ServerHelloDone / Empty Empty | HandshakeClientKeyExchangeChangeCipherSpecHandshakeFinished]
Jun 19, 2024 3:27:34 PM de.learnlib.logging.LearnLogger logQuery
INFO: [ServerHelloRSA ServerCertificate | ChangeCipherSpec / Empty Empty | Alert2.10ConnectionClosed]
Jun 19, 2024 3:27:35 PM de.learnlib.logging.LearnLogger logQuery
INFO: [ServerHelloRSA ServerCertificate | ApplicationData / Empty Empty | Alert2.10ConnectionClosed]
Jun 19, 2024 3:27:35 PM de.learnlib.logging.LearnLogger logQuery
INFO: [ServerHelloRSA ServerCertificate | ApplicationDataEmpty / Empty Empty | Empty]
Jun 19, 2024 3:27:36 PM de.learnlib.logging.LearnLogger logQuery
INFO: [ServerHelloRSA ServerCertificate | Alert10 / Empty Empty | ConnectionClosed]
Jun 19, 2024 3:27:36 PM de.learnlib.logging.LearnLogger logQuery
INFO: [ServerHelloRSA ServerHelloDone | ServerHelloRSA / Empty Alert2.10ConnectionClosed | ConnectionClosed]
Jun 19, 2024 3:27:36 PM de.learnlib.logging.LearnLogger logQuery
INFO: [ServerHelloRSA ServerHelloDone | ServerHelloDHE / Empty Alert2.10ConnectionClosed | ConnectionClosed]
Jun 19, 2024 3:27:37 PM de.learnlib.logging.LearnLogger logQuery
INFO: [ServerHelloRSA ServerHelloDone | EmptyCertificate / Empty Alert2.10ConnectionClosed | ConnectionClosed]
Jun 19, 2024 3:27:37 PM de.learnlib.logging.LearnLogger logQuery
INFO: [ServerHelloRSA ServerHelloDone | ServerCertificate / Empty Alert2.10ConnectionClosed | ConnectionClosed]
Jun 19, 2024 3:27:37 PM de.learnlib.logging.LearnLogger logQuery
INFO: [ServerHelloRSA ServerHelloDone | ServerHelloDone / Empty Alert2.10ConnectionClosed | ConnectionClosed]
Jun 19, 2024 3:27:38 PM de.learnlib.logging.LearnLogger logQuery
INFO: [ServerHelloRSA ServerHelloDone | ChangeCipherSpec / Empty Alert2.10ConnectionClosed | ConnectionClosed]
Jun 19, 2024 3:27:38 PM de.learnlib.logging.LearnLogger logQuery
INFO: [ServerHelloRSA ServerHelloDone | ApplicationData / Empty Alert2.10ConnectionClosed | ConnectionClosed]
Jun 19, 2024 3:27:38 PM de.learnlib.logging.LearnLogger logQuery
INFO: [ServerHelloRSA ServerHelloDone | ApplicationDataEmpty / Empty Alert2.10ConnectionClosed | ConnectionClosed]
Jun 19, 2024 3:27:39 PM de.learnlib.logging.LearnLogger logQuery
INFO: [ServerHelloRSA ServerHelloDone | Alert10 / Empty Alert2.10ConnectionClosed | ConnectionClosed]
Jun 19, 2024 3:27:39 PM de.learnlib.logging.LearnLogger logQuery
INFO: [ServerHelloRSA ChangeCipherSpec | ServerHelloRSA / Empty Alert2.10ConnectionClosed | ConnectionClosed]
Jun 19, 2024 3:27:39 PM de.learnlib.logging.LearnLogger logQuery
INFO: [ServerHelloRSA ChangeCipherSpec | ServerHelloDHE / Empty Alert2.10ConnectionClosed | ConnectionClosed]
Jun 19, 2024 3:27:39 PM de.learnlib.logging.LearnLogger logQuery
INFO: [ServerHelloRSA ChangeCipherSpec | EmptyCertificate / Empty Alert2.10ConnectionClosed | ConnectionClosed]
Jun 19, 2024 3:27:40 PM de.learnlib.logging.LearnLogger logQuery
INFO: [ServerHelloRSA ChangeCipherSpec | ServerCertificate / Empty Alert2.10ConnectionClosed | ConnectionClosed]
Jun 19, 2024 3:27:40 PM de.learnlib.logging.LearnLogger logQuery
INFO: [ServerHelloRSA ChangeCipherSpec | ServerHelloDone / Empty Alert2.10ConnectionClosed | ConnectionClosed]
Jun 19, 2024 3:27:40 PM de.learnlib.logging.LearnLogger logQuery
INFO: [ServerHelloRSA ChangeCipherSpec | ChangeCipherSpec / Empty Alert2.10ConnectionClosed | ConnectionClosed]
Jun 19, 2024 3:27:41 PM de.learnlib.logging.LearnLogger logQuery
INFO: [ServerHelloRSA ChangeCipherSpec | ApplicationData / Empty Alert2.10ConnectionClosed | ConnectionClosed]
Jun 19, 2024 3:27:41 PM de.learnlib.logging.LearnLogger logQuery
INFO: [ServerHelloRSA ChangeCipherSpec | ApplicationDataEmpty / Empty Alert2.10ConnectionClosed | ConnectionClosed]
Jun 19, 2024 3:27:41 PM de.learnlib.logging.LearnLogger logQuery
INFO: [ServerHelloRSA ChangeCipherSpec | Alert10 / Empty Alert2.10ConnectionClosed | ConnectionClosed]
Jun 19, 2024 3:27:42 PM de.learnlib.logging.LearnLogger logQuery
INFO: [ServerHelloRSA ApplicationData | ServerHelloRSA / Empty Alert2.10ConnectionClosed | ConnectionClosed]
Jun 19, 2024 3:27:42 PM de.learnlib.logging.LearnLogger logQuery
INFO: [ServerHelloRSA ApplicationData | ServerHelloDHE / Empty Alert2.10ConnectionClosed | ConnectionClosed]
Jun 19, 2024 3:27:42 PM de.learnlib.logging.LearnLogger logQuery
INFO: [ServerHelloRSA ApplicationData | EmptyCertificate / Empty Alert2.10ConnectionClosed | ConnectionClosed]
Jun 19, 2024 3:27:43 PM de.learnlib.logging.LearnLogger logQuery
INFO: [ServerHelloRSA ApplicationData | ServerCertificate / Empty Alert2.10ConnectionClosed | ConnectionClosed]
Jun 19, 2024 3:27:43 PM de.learnlib.logging.LearnLogger logQuery
INFO: [ServerHelloRSA ApplicationData | ServerHelloDone / Empty Alert2.10ConnectionClosed | ConnectionClosed]
Jun 19, 2024 3:27:43 PM de.learnlib.logging.LearnLogger logQuery
INFO: [ServerHelloRSA ApplicationData | ChangeCipherSpec / Empty Alert2.10ConnectionClosed | ConnectionClosed]
Jun 19, 2024 3:27:44 PM de.learnlib.logging.LearnLogger logQuery
INFO: [ServerHelloRSA ApplicationData | ApplicationData / Empty Alert2.10ConnectionClosed | ConnectionClosed]
Jun 19, 2024 3:27:44 PM de.learnlib.logging.LearnLogger logQuery
INFO: [ServerHelloRSA ApplicationData | ApplicationDataEmpty / Empty Alert2.10ConnectionClosed | ConnectionClosed]
Jun 19, 2024 3:27:44 PM de.learnlib.logging.LearnLogger logQuery
INFO: [ServerHelloRSA ApplicationData | Alert10 / Empty Alert2.10ConnectionClosed | ConnectionClosed]
Jun 19, 2024 3:27:45 PM de.learnlib.logging.LearnLogger logQuery
INFO: [ServerHelloRSA ApplicationDataEmpty | ServerHelloRSA / Empty Empty | Alert2.10ConnectionClosed]
Jun 19, 2024 3:27:45 PM de.learnlib.logging.LearnLogger logQuery
INFO: [ServerHelloRSA ApplicationDataEmpty | ServerHelloDHE / Empty Empty | Alert2.10ConnectionClosed]
Jun 19, 2024 3:27:45 PM de.learnlib.logging.LearnLogger logQuery
INFO: [ServerHelloRSA ApplicationDataEmpty | EmptyCertificate / Empty Empty | ConnectionClosed]
Jun 19, 2024 3:27:46 PM de.learnlib.logging.LearnLogger logQuery
INFO: [ServerHelloRSA ApplicationDataEmpty | ServerCertificate / Empty Empty | Empty]
Jun 19, 2024 3:27:46 PM de.learnlib.logging.LearnLogger logQuery
INFO: [ServerHelloRSA ApplicationDataEmpty | ServerHelloDone / Empty Empty | Alert2.10ConnectionClosed]
Jun 19, 2024 3:27:47 PM de.learnlib.logging.LearnLogger logQuery
INFO: [ServerHelloRSA ApplicationDataEmpty | ChangeCipherSpec / Empty Empty | Alert2.10ConnectionClosed]
Jun 19, 2024 3:27:47 PM de.learnlib.logging.LearnLogger logQuery
INFO: [ServerHelloRSA ApplicationDataEmpty | ApplicationData / Empty Empty | Alert2.10ConnectionClosed]
Jun 19, 2024 3:27:48 PM de.learnlib.logging.LearnLogger logQuery
INFO: [ServerHelloRSA ApplicationDataEmpty | ApplicationDataEmpty / Empty Empty | Empty]
Jun 19, 2024 3:27:48 PM de.learnlib.logging.LearnLogger logQuery
INFO: [ServerHelloRSA ApplicationDataEmpty | Alert10 / Empty Empty | ConnectionClosed]
Jun 19, 2024 3:27:49 PM de.learnlib.logging.LearnLogger logQuery
INFO: [ServerHelloRSA Alert10 | ServerHelloRSA / Empty ConnectionClosed | ConnectionClosed]
Jun 19, 2024 3:27:49 PM de.learnlib.logging.LearnLogger logQuery
INFO: [ServerHelloRSA Alert10 | ServerHelloDHE / Empty ConnectionClosed | ConnectionClosed]
Jun 19, 2024 3:27:49 PM de.learnlib.logging.LearnLogger logQuery
INFO: [ServerHelloRSA Alert10 | EmptyCertificate / Empty ConnectionClosed | ConnectionClosed]
Jun 19, 2024 3:27:49 PM de.learnlib.logging.LearnLogger logQuery
INFO: [ServerHelloRSA Alert10 | ServerCertificate / Empty ConnectionClosed | ConnectionClosed]
Jun 19, 2024 3:27:50 PM de.learnlib.logging.LearnLogger logQuery
INFO: [ServerHelloRSA Alert10 | ServerHelloDone / Empty ConnectionClosed | ConnectionClosed]
Jun 19, 2024 3:27:50 PM de.learnlib.logging.LearnLogger logQuery
INFO: [ServerHelloRSA Alert10 | ChangeCipherSpec / Empty ConnectionClosed | ConnectionClosed]
Jun 19, 2024 3:27:50 PM de.learnlib.logging.LearnLogger logQuery
INFO: [ServerHelloRSA Alert10 | ApplicationData / Empty ConnectionClosed | ConnectionClosed]
Jun 19, 2024 3:27:51 PM de.learnlib.logging.LearnLogger logQuery
INFO: [ServerHelloRSA Alert10 | ApplicationDataEmpty / Empty ConnectionClosed | ConnectionClosed]
Jun 19, 2024 3:27:51 PM de.learnlib.logging.LearnLogger logQuery
INFO: [ServerHelloRSA Alert10 | Alert10 / Empty ConnectionClosed | ConnectionClosed]
Jun 19, 2024 3:27:51 PM de.learnlib.logging.LearnLogger logQuery
INFO: [EmptyCertificate ServerHelloRSA | ServerHelloRSA / ConnectionClosed ConnectionClosed | ConnectionClosed]
Jun 19, 2024 3:27:51 PM de.learnlib.logging.LearnLogger logQuery
INFO: [EmptyCertificate ServerHelloRSA | ServerHelloDHE / ConnectionClosed ConnectionClosed | ConnectionClosed]
Jun 19, 2024 3:27:52 PM de.learnlib.logging.LearnLogger logQuery
INFO: [EmptyCertificate ServerHelloRSA | EmptyCertificate / ConnectionClosed ConnectionClosed | ConnectionClosed]
Jun 19, 2024 3:27:52 PM de.learnlib.logging.LearnLogger logQuery
INFO: [EmptyCertificate ServerHelloRSA | ServerCertificate / ConnectionClosed ConnectionClosed | ConnectionClosed]
Jun 19, 2024 3:27:52 PM de.learnlib.logging.LearnLogger logQuery
INFO: [EmptyCertificate ServerHelloRSA | ServerHelloDone / ConnectionClosed ConnectionClosed | ConnectionClosed]
Jun 19, 2024 3:27:52 PM de.learnlib.logging.LearnLogger logQuery
INFO: [EmptyCertificate ServerHelloRSA | ChangeCipherSpec / ConnectionClosed ConnectionClosed | ConnectionClosed]
Jun 19, 2024 3:27:53 PM de.learnlib.logging.LearnLogger logQuery
INFO: [EmptyCertificate ServerHelloRSA | ApplicationData / ConnectionClosed ConnectionClosed | ConnectionClosed]
Jun 19, 2024 3:27:53 PM de.learnlib.logging.LearnLogger logQuery
INFO: [EmptyCertificate ServerHelloRSA | ApplicationDataEmpty / ConnectionClosed ConnectionClosed | ConnectionClosed]
Jun 19, 2024 3:27:53 PM de.learnlib.logging.LearnLogger logQuery
INFO: [EmptyCertificate ServerHelloRSA | Alert10 / ConnectionClosed ConnectionClosed | ConnectionClosed]
Jun 19, 2024 3:27:53 PM de.learnlib.logging.LearnLogger logQuery
INFO: [EmptyCertificate ServerHelloDHE | ServerHelloRSA / ConnectionClosed ConnectionClosed | ConnectionClosed]
Jun 19, 2024 3:27:53 PM de.learnlib.logging.LearnLogger logQuery
INFO: [EmptyCertificate ServerHelloDHE | ServerHelloDHE / ConnectionClosed ConnectionClosed | ConnectionClosed]
Jun 19, 2024 3:27:54 PM de.learnlib.logging.LearnLogger logQuery
INFO: [EmptyCertificate ServerHelloDHE | EmptyCertificate / ConnectionClosed ConnectionClosed | ConnectionClosed]
Jun 19, 2024 3:27:54 PM de.learnlib.logging.LearnLogger logQuery
INFO: [EmptyCertificate ServerHelloDHE | ServerCertificate / ConnectionClosed ConnectionClosed | ConnectionClosed]
Jun 19, 2024 3:27:54 PM de.learnlib.logging.LearnLogger logQuery
INFO: [EmptyCertificate ServerHelloDHE | ServerHelloDone / ConnectionClosed ConnectionClosed | ConnectionClosed]
Jun 19, 2024 3:27:54 PM de.learnlib.logging.LearnLogger logQuery
INFO: [EmptyCertificate ServerHelloDHE | ChangeCipherSpec / ConnectionClosed ConnectionClosed | ConnectionClosed]
Jun 19, 2024 3:27:55 PM de.learnlib.logging.LearnLogger logQuery
INFO: [EmptyCertificate ServerHelloDHE | ApplicationData / ConnectionClosed ConnectionClosed | ConnectionClosed]
Jun 19, 2024 3:27:55 PM de.learnlib.logging.LearnLogger logQuery
INFO: [EmptyCertificate ServerHelloDHE | ApplicationDataEmpty / ConnectionClosed ConnectionClosed | ConnectionClosed]
Jun 19, 2024 3:27:55 PM de.learnlib.logging.LearnLogger logQuery
INFO: [EmptyCertificate ServerHelloDHE | Alert10 / ConnectionClosed ConnectionClosed | ConnectionClosed]
Jun 19, 2024 3:27:55 PM de.learnlib.logging.LearnLogger logQuery
INFO: [EmptyCertificate EmptyCertificate | ServerHelloRSA / ConnectionClosed ConnectionClosed | ConnectionClosed]
Jun 19, 2024 3:27:55 PM de.learnlib.logging.LearnLogger logQuery
INFO: [EmptyCertificate EmptyCertificate | ServerHelloDHE / ConnectionClosed ConnectionClosed | ConnectionClosed]
Jun 19, 2024 3:27:56 PM de.learnlib.logging.LearnLogger logQuery
INFO: [EmptyCertificate EmptyCertificate | EmptyCertificate / ConnectionClosed ConnectionClosed | ConnectionClosed]
Jun 19, 2024 3:27:56 PM de.learnlib.logging.LearnLogger logQuery
INFO: [EmptyCertificate EmptyCertificate | ServerCertificate / ConnectionClosed ConnectionClosed | ConnectionClosed]
Jun 19, 2024 3:27:56 PM de.learnlib.logging.LearnLogger logQuery
INFO: [EmptyCertificate EmptyCertificate | ServerHelloDone / ConnectionClosed ConnectionClosed | ConnectionClosed]
Jun 19, 2024 3:27:56 PM de.learnlib.logging.LearnLogger logQuery
INFO: [EmptyCertificate EmptyCertificate | ChangeCipherSpec / ConnectionClosed ConnectionClosed | ConnectionClosed]
Jun 19, 2024 3:27:56 PM de.learnlib.logging.LearnLogger logQuery
INFO: [EmptyCertificate EmptyCertificate | ApplicationData / ConnectionClosed ConnectionClosed | ConnectionClosed]
Jun 19, 2024 3:27:57 PM de.learnlib.logging.LearnLogger logQuery
INFO: [EmptyCertificate EmptyCertificate | ApplicationDataEmpty / ConnectionClosed ConnectionClosed | ConnectionClosed]
Jun 19, 2024 3:27:57 PM de.learnlib.logging.LearnLogger logQuery
INFO: [EmptyCertificate EmptyCertificate | Alert10 / ConnectionClosed ConnectionClosed | ConnectionClosed]
Jun 19, 2024 3:27:57 PM de.learnlib.logging.LearnLogger logQuery
INFO: [EmptyCertificate ServerCertificate | ServerHelloRSA / ConnectionClosed ConnectionClosed | ConnectionClosed]
Jun 19, 2024 3:27:57 PM de.learnlib.logging.LearnLogger logQuery
INFO: [EmptyCertificate ServerCertificate | ServerHelloDHE / ConnectionClosed ConnectionClosed | ConnectionClosed]
Jun 19, 2024 3:27:58 PM de.learnlib.logging.LearnLogger logQuery
INFO: [EmptyCertificate ServerCertificate | EmptyCertificate / ConnectionClosed ConnectionClosed | ConnectionClosed]
Jun 19, 2024 3:27:58 PM de.learnlib.logging.LearnLogger logQuery
INFO: [EmptyCertificate ServerCertificate | ServerCertificate / ConnectionClosed ConnectionClosed | ConnectionClosed]
Jun 19, 2024 3:27:58 PM de.learnlib.logging.LearnLogger logQuery
INFO: [EmptyCertificate ServerCertificate | ServerHelloDone / ConnectionClosed ConnectionClosed | ConnectionClosed]
Jun 19, 2024 3:27:58 PM de.learnlib.logging.LearnLogger logQuery
INFO: [EmptyCertificate ServerCertificate | ChangeCipherSpec / ConnectionClosed ConnectionClosed | ConnectionClosed]
Jun 19, 2024 3:27:58 PM de.learnlib.logging.LearnLogger logQuery
INFO: [EmptyCertificate ServerCertificate | ApplicationData / ConnectionClosed ConnectionClosed | ConnectionClosed]
Jun 19, 2024 3:27:59 PM de.learnlib.logging.LearnLogger logQuery
INFO: [EmptyCertificate ServerCertificate | ApplicationDataEmpty / ConnectionClosed ConnectionClosed | ConnectionClosed]
Jun 19, 2024 3:27:59 PM de.learnlib.logging.LearnLogger logQuery
INFO: [EmptyCertificate ServerCertificate | Alert10 / ConnectionClosed ConnectionClosed | ConnectionClosed]
Jun 19, 2024 3:27:59 PM de.learnlib.logging.LearnLogger logQuery
INFO: [EmptyCertificate ServerHelloDone | ServerHelloRSA / ConnectionClosed ConnectionClosed | ConnectionClosed]
Jun 19, 2024 3:27:59 PM de.learnlib.logging.LearnLogger logQuery
INFO: [EmptyCertificate ServerHelloDone | ServerHelloDHE / ConnectionClosed ConnectionClosed | ConnectionClosed]
Jun 19, 2024 3:27:59 PM de.learnlib.logging.LearnLogger logQuery
INFO: [EmptyCertificate ServerHelloDone | EmptyCertificate / ConnectionClosed ConnectionClosed | ConnectionClosed]
Jun 19, 2024 3:28:00 PM de.learnlib.logging.LearnLogger logQuery
INFO: [EmptyCertificate ServerHelloDone | ServerCertificate / ConnectionClosed ConnectionClosed | ConnectionClosed]
Jun 19, 2024 3:28:00 PM de.learnlib.logging.LearnLogger logQuery
INFO: [EmptyCertificate ServerHelloDone | ServerHelloDone / ConnectionClosed ConnectionClosed | ConnectionClosed]
Jun 19, 2024 3:28:00 PM de.learnlib.logging.LearnLogger logQuery
INFO: [EmptyCertificate ServerHelloDone | ChangeCipherSpec / ConnectionClosed ConnectionClosed | ConnectionClosed]
Jun 19, 2024 3:28:00 PM de.learnlib.logging.LearnLogger logQuery
INFO: [EmptyCertificate ServerHelloDone | ApplicationData / ConnectionClosed ConnectionClosed | ConnectionClosed]
Jun 19, 2024 3:28:01 PM de.learnlib.logging.LearnLogger logQuery
INFO: [EmptyCertificate ServerHelloDone | ApplicationDataEmpty / ConnectionClosed ConnectionClosed | ConnectionClosed]
Jun 19, 2024 3:28:01 PM de.learnlib.logging.LearnLogger logQuery
INFO: [EmptyCertificate ServerHelloDone | Alert10 / ConnectionClosed ConnectionClosed | ConnectionClosed]
Jun 19, 2024 3:28:01 PM de.learnlib.logging.LearnLogger logQuery
INFO: [EmptyCertificate ChangeCipherSpec | ServerHelloRSA / ConnectionClosed ConnectionClosed | ConnectionClosed]
Jun 19, 2024 3:28:01 PM de.learnlib.logging.LearnLogger logQuery
INFO: [EmptyCertificate ChangeCipherSpec | ServerHelloDHE / ConnectionClosed ConnectionClosed | ConnectionClosed]
Jun 19, 2024 3:28:01 PM de.learnlib.logging.LearnLogger logQuery
INFO: [EmptyCertificate ChangeCipherSpec | EmptyCertificate / ConnectionClosed ConnectionClosed | ConnectionClosed]
Jun 19, 2024 3:28:02 PM de.learnlib.logging.LearnLogger logQuery
INFO: [EmptyCertificate ChangeCipherSpec | ServerCertificate / ConnectionClosed ConnectionClosed | ConnectionClosed]
Jun 19, 2024 3:28:02 PM de.learnlib.logging.LearnLogger logQuery
INFO: [EmptyCertificate ChangeCipherSpec | ServerHelloDone / ConnectionClosed ConnectionClosed | ConnectionClosed]
Jun 19, 2024 3:28:02 PM de.learnlib.logging.LearnLogger logQuery
INFO: [EmptyCertificate ChangeCipherSpec | ChangeCipherSpec / ConnectionClosed ConnectionClosed | ConnectionClosed]
Jun 19, 2024 3:28:02 PM de.learnlib.logging.LearnLogger logQuery
INFO: [EmptyCertificate ChangeCipherSpec | ApplicationData / ConnectionClosed ConnectionClosed | ConnectionClosed]
Jun 19, 2024 3:28:03 PM de.learnlib.logging.LearnLogger logQuery
INFO: [EmptyCertificate ChangeCipherSpec | ApplicationDataEmpty / ConnectionClosed ConnectionClosed | ConnectionClosed]
Jun 19, 2024 3:28:03 PM de.learnlib.logging.LearnLogger logQuery
INFO: [EmptyCertificate ChangeCipherSpec | Alert10 / ConnectionClosed ConnectionClosed | ConnectionClosed]
Jun 19, 2024 3:28:03 PM de.learnlib.logging.LearnLogger logQuery
INFO: [EmptyCertificate ApplicationData | ServerHelloRSA / ConnectionClosed ConnectionClosed | ConnectionClosed]
Jun 19, 2024 3:28:03 PM de.learnlib.logging.LearnLogger logQuery
INFO: [EmptyCertificate ApplicationData | ServerHelloDHE / ConnectionClosed ConnectionClosed | ConnectionClosed]
Jun 19, 2024 3:28:03 PM de.learnlib.logging.LearnLogger logQuery
INFO: [EmptyCertificate ApplicationData | EmptyCertificate / ConnectionClosed ConnectionClosed | ConnectionClosed]
Jun 19, 2024 3:28:04 PM de.learnlib.logging.LearnLogger logQuery
INFO: [EmptyCertificate ApplicationData | ServerCertificate / ConnectionClosed ConnectionClosed | ConnectionClosed]
Jun 19, 2024 3:28:04 PM de.learnlib.logging.LearnLogger logQuery
INFO: [EmptyCertificate ApplicationData | ServerHelloDone / ConnectionClosed ConnectionClosed | ConnectionClosed]
Jun 19, 2024 3:28:04 PM de.learnlib.logging.LearnLogger logQuery
INFO: [EmptyCertificate ApplicationData | ChangeCipherSpec / ConnectionClosed ConnectionClosed | ConnectionClosed]
Jun 19, 2024 3:28:04 PM de.learnlib.logging.LearnLogger logQuery
INFO: [EmptyCertificate ApplicationData | ApplicationData / ConnectionClosed ConnectionClosed | ConnectionClosed]
Jun 19, 2024 3:28:05 PM de.learnlib.logging.LearnLogger logQuery
INFO: [EmptyCertificate ApplicationData | ApplicationDataEmpty / ConnectionClosed ConnectionClosed | ConnectionClosed]
Jun 19, 2024 3:28:05 PM de.learnlib.logging.LearnLogger logQuery
INFO: [EmptyCertificate ApplicationData | Alert10 / ConnectionClosed ConnectionClosed | ConnectionClosed]
Jun 19, 2024 3:28:05 PM de.learnlib.logging.LearnLogger logQuery
INFO: [EmptyCertificate ApplicationDataEmpty | ServerHelloRSA / ConnectionClosed ConnectionClosed | ConnectionClosed]
Jun 19, 2024 3:28:05 PM de.learnlib.logging.LearnLogger logQuery
INFO: [EmptyCertificate ApplicationDataEmpty | ServerHelloDHE / ConnectionClosed ConnectionClosed | ConnectionClosed]
Jun 19, 2024 3:28:05 PM de.learnlib.logging.LearnLogger logQuery
INFO: [EmptyCertificate ApplicationDataEmpty | EmptyCertificate / ConnectionClosed ConnectionClosed | ConnectionClosed]
Jun 19, 2024 3:28:06 PM de.learnlib.logging.LearnLogger logQuery
INFO: [EmptyCertificate ApplicationDataEmpty | ServerCertificate / ConnectionClosed ConnectionClosed | ConnectionClosed]
Jun 19, 2024 3:28:06 PM de.learnlib.logging.LearnLogger logQuery
INFO: [EmptyCertificate ApplicationDataEmpty | ServerHelloDone / ConnectionClosed ConnectionClosed | ConnectionClosed]
Jun 19, 2024 3:28:06 PM de.learnlib.logging.LearnLogger logQuery
INFO: [EmptyCertificate ApplicationDataEmpty | ChangeCipherSpec / ConnectionClosed ConnectionClosed | ConnectionClosed]
Jun 19, 2024 3:28:06 PM de.learnlib.logging.LearnLogger logQuery
INFO: [EmptyCertificate ApplicationDataEmpty | ApplicationData / ConnectionClosed ConnectionClosed | ConnectionClosed]
Jun 19, 2024 3:28:06 PM de.learnlib.logging.LearnLogger logQuery
INFO: [EmptyCertificate ApplicationDataEmpty | ApplicationDataEmpty / ConnectionClosed ConnectionClosed | ConnectionClosed]
Jun 19, 2024 3:28:07 PM de.learnlib.logging.LearnLogger logQuery
INFO: [EmptyCertificate ApplicationDataEmpty | Alert10 / ConnectionClosed ConnectionClosed | ConnectionClosed]
Jun 19, 2024 3:28:07 PM de.learnlib.logging.LearnLogger logQuery
INFO: [EmptyCertificate Alert10 | ServerHelloRSA / ConnectionClosed ConnectionClosed | ConnectionClosed]
Jun 19, 2024 3:28:07 PM de.learnlib.logging.LearnLogger logQuery
INFO: [EmptyCertificate Alert10 | ServerHelloDHE / ConnectionClosed ConnectionClosed | ConnectionClosed]
Jun 19, 2024 3:28:07 PM de.learnlib.logging.LearnLogger logQuery
INFO: [EmptyCertificate Alert10 | EmptyCertificate / ConnectionClosed ConnectionClosed | ConnectionClosed]
Jun 19, 2024 3:28:08 PM de.learnlib.logging.LearnLogger logQuery
INFO: [EmptyCertificate Alert10 | ServerCertificate / ConnectionClosed ConnectionClosed | ConnectionClosed]
Jun 19, 2024 3:28:08 PM de.learnlib.logging.LearnLogger logQuery
INFO: [EmptyCertificate Alert10 | ServerHelloDone / ConnectionClosed ConnectionClosed | ConnectionClosed]
Jun 19, 2024 3:28:08 PM de.learnlib.logging.LearnLogger logQuery
INFO: [EmptyCertificate Alert10 | ChangeCipherSpec / ConnectionClosed ConnectionClosed | ConnectionClosed]
Jun 19, 2024 3:28:08 PM de.learnlib.logging.LearnLogger logQuery
INFO: [EmptyCertificate Alert10 | ApplicationData / ConnectionClosed ConnectionClosed | ConnectionClosed]
Jun 19, 2024 3:28:08 PM de.learnlib.logging.LearnLogger logQuery
INFO: [EmptyCertificate Alert10 | ApplicationDataEmpty / ConnectionClosed ConnectionClosed | ConnectionClosed]
Jun 19, 2024 3:28:09 PM de.learnlib.logging.LearnLogger logQuery
INFO: [EmptyCertificate Alert10 | Alert10 / ConnectionClosed ConnectionClosed | ConnectionClosed]
Jun 19, 2024 3:28:09 PM de.learnlib.logging.LearnLogger logQuery
INFO: [ServerHelloRSA ServerCertificate ServerHelloRSA | ServerHelloRSA / Empty Empty Alert2.10ConnectionClosed | ConnectionClosed]
Jun 19, 2024 3:28:09 PM de.learnlib.logging.LearnLogger logQuery
INFO: [ServerHelloRSA ServerCertificate ServerHelloRSA | ServerHelloDHE / Empty Empty Alert2.10ConnectionClosed | ConnectionClosed]
Jun 19, 2024 3:28:10 PM de.learnlib.logging.LearnLogger logQuery
INFO: [ServerHelloRSA ServerCertificate ServerHelloRSA | EmptyCertificate / Empty Empty Alert2.10ConnectionClosed | ConnectionClosed]
Jun 19, 2024 3:28:10 PM de.learnlib.logging.LearnLogger logQuery
INFO: [ServerHelloRSA ServerCertificate ServerHelloRSA | ServerCertificate / Empty Empty Alert2.10ConnectionClosed | ConnectionClosed]
Jun 19, 2024 3:28:11 PM de.learnlib.logging.LearnLogger logQuery
INFO: [ServerHelloRSA ServerCertificate ServerHelloRSA | ServerHelloDone / Empty Empty Alert2.10ConnectionClosed | ConnectionClosed]
Jun 19, 2024 3:28:11 PM de.learnlib.logging.LearnLogger logQuery
INFO: [ServerHelloRSA ServerCertificate ServerHelloRSA | ChangeCipherSpec / Empty Empty Alert2.10ConnectionClosed | ConnectionClosed]
Jun 19, 2024 3:28:12 PM de.learnlib.logging.LearnLogger logQuery
INFO: [ServerHelloRSA ServerCertificate ServerHelloRSA | ApplicationData / Empty Empty Alert2.10ConnectionClosed | ConnectionClosed]
Jun 19, 2024 3:28:12 PM de.learnlib.logging.LearnLogger logQuery
INFO: [ServerHelloRSA ServerCertificate ServerHelloRSA | ApplicationDataEmpty / Empty Empty Alert2.10ConnectionClosed | ConnectionClosed]
Jun 19, 2024 3:28:12 PM de.learnlib.logging.LearnLogger logQuery
INFO: [ServerHelloRSA ServerCertificate ServerHelloRSA | Alert10 / Empty Empty Alert2.10ConnectionClosed | ConnectionClosed]
Jun 19, 2024 3:28:13 PM de.learnlib.logging.LearnLogger logQuery
INFO: [ServerHelloRSA ServerCertificate ServerHelloDHE | ServerHelloRSA / Empty Empty Alert2.10ConnectionClosed | ConnectionClosed]
Jun 19, 2024 3:28:13 PM de.learnlib.logging.LearnLogger logQuery
INFO: [ServerHelloRSA ServerCertificate ServerHelloDHE | ServerHelloDHE / Empty Empty Alert2.10ConnectionClosed | ConnectionClosed]
Jun 19, 2024 3:28:14 PM de.learnlib.logging.LearnLogger logQuery
INFO: [ServerHelloRSA ServerCertificate ServerHelloDHE | EmptyCertificate / Empty Empty Alert2.10ConnectionClosed | ConnectionClosed]
Jun 19, 2024 3:28:14 PM de.learnlib.logging.LearnLogger logQuery
INFO: [ServerHelloRSA ServerCertificate ServerHelloDHE | ServerCertificate / Empty Empty Alert2.10ConnectionClosed | ConnectionClosed]
Jun 19, 2024 3:28:14 PM de.learnlib.logging.LearnLogger logQuery
INFO: [ServerHelloRSA ServerCertificate ServerHelloDHE | ServerHelloDone / Empty Empty Alert2.10ConnectionClosed | ConnectionClosed]
Jun 19, 2024 3:28:15 PM de.learnlib.logging.LearnLogger logQuery
INFO: [ServerHelloRSA ServerCertificate ServerHelloDHE | ChangeCipherSpec / Empty Empty Alert2.10ConnectionClosed | ConnectionClosed]
Jun 19, 2024 3:28:15 PM de.learnlib.logging.LearnLogger logQuery
INFO: [ServerHelloRSA ServerCertificate ServerHelloDHE | ApplicationData / Empty Empty Alert2.10ConnectionClosed | ConnectionClosed]
Jun 19, 2024 3:28:16 PM de.learnlib.logging.LearnLogger logQuery
INFO: [ServerHelloRSA ServerCertificate ServerHelloDHE | ApplicationDataEmpty / Empty Empty Alert2.10ConnectionClosed | ConnectionClosed]
Jun 19, 2024 3:28:16 PM de.learnlib.logging.LearnLogger logQuery
INFO: [ServerHelloRSA ServerCertificate ServerHelloDHE | Alert10 / Empty Empty Alert2.10ConnectionClosed | ConnectionClosed]
Jun 19, 2024 3:28:17 PM de.learnlib.logging.LearnLogger logQuery
INFO: [ServerHelloRSA ServerCertificate EmptyCertificate | ServerHelloRSA / Empty Empty Alert2.10ConnectionClosed | ConnectionClosed]
Jun 19, 2024 3:28:17 PM de.learnlib.logging.LearnLogger logQuery
INFO: [ServerHelloRSA ServerCertificate EmptyCertificate | ServerHelloDHE / Empty Empty Alert2.10ConnectionClosed | ConnectionClosed]
Jun 19, 2024 3:28:17 PM de.learnlib.logging.LearnLogger logQuery
INFO: [ServerHelloRSA ServerCertificate EmptyCertificate | EmptyCertificate / Empty Empty Alert2.10ConnectionClosed | ConnectionClosed]
Jun 19, 2024 3:28:18 PM de.learnlib.logging.LearnLogger logQuery
INFO: [ServerHelloRSA ServerCertificate EmptyCertificate | ServerCertificate / Empty Empty Alert2.10ConnectionClosed | ConnectionClosed]
Jun 19, 2024 3:28:18 PM de.learnlib.logging.LearnLogger logQuery
INFO: [ServerHelloRSA ServerCertificate EmptyCertificate | ServerHelloDone / Empty Empty Alert2.10ConnectionClosed | ConnectionClosed]
Jun 19, 2024 3:28:19 PM de.learnlib.logging.LearnLogger logQuery
INFO: [ServerHelloRSA ServerCertificate EmptyCertificate | ChangeCipherSpec / Empty Empty Alert2.10ConnectionClosed | ConnectionClosed]
Jun 19, 2024 3:28:19 PM de.learnlib.logging.LearnLogger logQuery
INFO: [ServerHelloRSA ServerCertificate EmptyCertificate | ApplicationData / Empty Empty Alert2.10ConnectionClosed | ConnectionClosed]
Jun 19, 2024 3:28:19 PM de.learnlib.logging.LearnLogger logQuery
INFO: [ServerHelloRSA ServerCertificate EmptyCertificate | ApplicationDataEmpty / Empty Empty Alert2.10ConnectionClosed | ConnectionClosed]
Jun 19, 2024 3:28:20 PM de.learnlib.logging.LearnLogger logQuery
INFO: [ServerHelloRSA ServerCertificate EmptyCertificate | Alert10 / Empty Empty Alert2.10ConnectionClosed | ConnectionClosed]
Jun 19, 2024 3:28:20 PM de.learnlib.logging.LearnLogger logQuery
INFO: [ServerHelloRSA ServerCertificate ServerCertificate | ServerHelloRSA / Empty Empty Alert2.10ConnectionClosed | ConnectionClosed]
Jun 19, 2024 3:28:21 PM de.learnlib.logging.LearnLogger logQuery
INFO: [ServerHelloRSA ServerCertificate ServerCertificate | ServerHelloDHE / Empty Empty Alert2.10ConnectionClosed | ConnectionClosed]
Jun 19, 2024 3:28:21 PM de.learnlib.logging.LearnLogger logQuery
INFO: [ServerHelloRSA ServerCertificate ServerCertificate | EmptyCertificate / Empty Empty Alert2.10ConnectionClosed | ConnectionClosed]
Jun 19, 2024 3:28:22 PM de.learnlib.logging.LearnLogger logQuery
INFO: [ServerHelloRSA ServerCertificate ServerCertificate | ServerCertificate / Empty Empty Alert2.10ConnectionClosed | ConnectionClosed]
Jun 19, 2024 3:28:22 PM de.learnlib.logging.LearnLogger logQuery
INFO: [ServerHelloRSA ServerCertificate ServerCertificate | ServerHelloDone / Empty Empty Alert2.10ConnectionClosed | ConnectionClosed]
Jun 19, 2024 3:28:22 PM de.learnlib.logging.LearnLogger logQuery
INFO: [ServerHelloRSA ServerCertificate ServerCertificate | ChangeCipherSpec / Empty Empty Alert2.10ConnectionClosed | ConnectionClosed]
Jun 19, 2024 3:28:23 PM de.learnlib.logging.LearnLogger logQuery
INFO: [ServerHelloRSA ServerCertificate ServerCertificate | ApplicationData / Empty Empty Alert2.10ConnectionClosed | ConnectionClosed]
Jun 19, 2024 3:28:23 PM de.learnlib.logging.LearnLogger logQuery
INFO: [ServerHelloRSA ServerCertificate ServerCertificate | ApplicationDataEmpty / Empty Empty Alert2.10ConnectionClosed | ConnectionClosed]
Jun 19, 2024 3:28:24 PM de.learnlib.logging.LearnLogger logQuery
INFO: [ServerHelloRSA ServerCertificate ServerCertificate | Alert10 / Empty Empty Alert2.10ConnectionClosed | ConnectionClosed]
Jun 19, 2024 3:28:24 PM de.learnlib.logging.LearnLogger logQuery
INFO: [ServerHelloRSA ServerCertificate ServerHelloDone | ServerHelloRSA / Empty Empty HandshakeClientKeyExchangeChangeCipherSpecHandshakeFinished | Alert2.10ConnectionClosed]
Jun 19, 2024 3:28:25 PM de.learnlib.logging.LearnLogger logQuery
INFO: [ServerHelloRSA ServerCertificate ServerHelloDone | ServerHelloDHE / Empty Empty HandshakeClientKeyExchangeChangeCipherSpecHandshakeFinished | Alert2.10ConnectionClosed]
Jun 19, 2024 3:28:25 PM de.learnlib.logging.LearnLogger logQuery
INFO: [ServerHelloRSA ServerCertificate ServerHelloDone | EmptyCertificate / Empty Empty HandshakeClientKeyExchangeChangeCipherSpecHandshakeFinished | Alert2.10ConnectionClosed]
Jun 19, 2024 3:28:26 PM de.learnlib.logging.LearnLogger logQuery
INFO: [ServerHelloRSA ServerCertificate ServerHelloDone | ServerCertificate / Empty Empty HandshakeClientKeyExchangeChangeCipherSpecHandshakeFinished | Alert2.10ConnectionClosed]
Jun 19, 2024 3:28:26 PM de.learnlib.logging.LearnLogger logQuery
INFO: [ServerHelloRSA ServerCertificate ServerHelloDone | ServerHelloDone / Empty Empty HandshakeClientKeyExchangeChangeCipherSpecHandshakeFinished | Alert2.10ConnectionClosed]
Jun 19, 2024 3:28:27 PM de.learnlib.logging.LearnLogger logQuery
INFO: [ServerHelloRSA ServerCertificate ServerHelloDone | ChangeCipherSpec / Empty Empty HandshakeClientKeyExchangeChangeCipherSpecHandshakeFinished | Empty]
Jun 19, 2024 3:28:27 PM de.learnlib.logging.LearnLogger logQuery
INFO: [ServerHelloRSA ServerCertificate ServerHelloDone | ApplicationData / Empty Empty HandshakeClientKeyExchangeChangeCipherSpecHandshakeFinished | Alert2.10ConnectionClosed]
Jun 19, 2024 3:28:28 PM de.learnlib.logging.LearnLogger logQuery
INFO: [ServerHelloRSA ServerCertificate ServerHelloDone | ApplicationDataEmpty / Empty Empty HandshakeClientKeyExchangeChangeCipherSpecHandshakeFinished | Empty]
Jun 19, 2024 3:28:29 PM de.learnlib.logging.LearnLogger logQuery
INFO: [ServerHelloRSA ServerCertificate ServerHelloDone | Alert10 / Empty Empty HandshakeClientKeyExchangeChangeCipherSpecHandshakeFinished | ConnectionClosed]
Jun 19, 2024 3:28:29 PM de.learnlib.logging.LearnLogger logQuery
INFO: [ServerHelloRSA ServerCertificate ChangeCipherSpec | ServerHelloRSA / Empty Empty Alert2.10ConnectionClosed | ConnectionClosed]
Jun 19, 2024 3:28:29 PM de.learnlib.logging.LearnLogger logQuery
INFO: [ServerHelloRSA ServerCertificate ChangeCipherSpec | ServerHelloDHE / Empty Empty Alert2.10ConnectionClosed | ConnectionClosed]
Jun 19, 2024 3:28:30 PM de.learnlib.logging.LearnLogger logQuery
INFO: [ServerHelloRSA ServerCertificate ChangeCipherSpec | EmptyCertificate / ConnectionClosed ConnectionClosed ConnectionClosed | ConnectionClosed]
