Nov 16, 2024 9:11:57 PM de.learnlib.logging.LearnLogger logQuery
INFO: [ε | ClientHelloRSA / ε | Alert,2.40ConnectionClosed]
Nov 16, 2024 9:11:57 PM de.learnlib.logging.LearnLogger logQuery
INFO: [ε | ClientHelloDHE / ε | Alert,2.40ConnectionClosed]
Nov 16, 2024 9:11:57 PM de.learnlib.logging.LearnLogger logQuery
INFO: [ClientHelloRSA | ClientHelloRSA / Alert,2.40ConnectionClosed | ConnectionClosed]
Nov 16, 2024 9:11:57 PM de.learnlib.logging.LearnLogger logQuery
INFO: [ClientHelloRSA | ClientHelloDHE / Alert,2.40 | Empty2,]
Nov 16, 2024 9:11:57 PM de.learnlib.logging.LearnLogger logQuery
INFO: [ClientHelloDHE | ClientHelloRSA / Alert,2.40ConnectionClosed | ConnectionClosed]
Nov 16, 2024 9:11:57 PM de.learnlib.logging.LearnLogger logQuery
INFO: [ClientHelloDHE | ClientHelloDHE / Alert,2.40ConnectionClosed | ConnectionClosed]
Nov 16, 2024 9:11:57 PM de.learnlib.logging.LearnLogger logQuery
INFO: [ClientHelloRSA ClientHelloRSA | ClientHelloRSA / Alert,2.40ConnectionClosed ConnectionClosed | ConnectionClosed]
Nov 16, 2024 9:11:57 PM de.learnlib.logging.LearnLogger logQuery
INFO: [ClientHelloRSA ClientHelloRSA | ClientHelloDHE / Alert,2.40 Empty2, | ConnectionClosed]
Nov 16, 2024 9:11:57 PM de.learnlib.logging.LearnLogger logQuery
INFO: [ClientHelloRSA ClientHelloDHE | ClientHelloRSA / Alert,2.40ConnectionClosed ConnectionClosed | ConnectionClosed]
Nov 16, 2024 9:11:57 PM de.learnlib.logging.LearnLogger logQuery
INFO: [ClientHelloRSA ClientHelloDHE | ClientHelloDHE / Alert,2.40ConnectionClosed ConnectionClosed | ConnectionClosed]
Nov 16, 2024 9:11:57 PM de.learnlib.logging.LearnLogger logQuery
INFO: [ClientHelloDHE ClientHelloRSA | ClientHelloRSA / Alert,2.40ConnectionClosed ConnectionClosed | ConnectionClosed]
Nov 16, 2024 9:11:57 PM de.learnlib.logging.LearnLogger logQuery
INFO: [ClientHelloDHE ClientHelloRSA | ClientHelloDHE / Alert,2.40ConnectionClosed ConnectionClosed | ConnectionClosed]
Nov 16, 2024 9:11:57 PM de.learnlib.logging.LearnLogger logQuery
INFO: [ClientHelloDHE ClientHelloDHE | ClientHelloRSA / Alert,2.40 Empty2, | ConnectionClosed]
Nov 16, 2024 9:11:57 PM de.learnlib.logging.LearnLogger logQuery
INFO: [ClientHelloDHE ClientHelloDHE | ClientHelloDHE / Alert,2.40ConnectionClosed ConnectionClosed | ConnectionClosed]
Nov 16, 2024 9:11:57 PM de.learnlib.logging.LearnLogger logQuery
INFO: [ε | ClientHelloRSA / ε | Alert,2.40ConnectionClosed]
Nov 16, 2024 9:11:58 PM de.learnlib.logging.LearnLogger logQuery
INFO: [ε | ClientHelloDHE / ε | Alert,2.40]
Nov 16, 2024 9:11:58 PM de.learnlib.logging.LearnLogger logQuery
INFO: [ClientHelloRSA | ClientHelloRSA / Alert,2.40ConnectionClosed | ConnectionClosed]
Nov 16, 2024 9:11:58 PM de.learnlib.logging.LearnLogger logQuery
INFO: [ClientHelloRSA | ClientHelloDHE / Alert,2.40ConnectionClosed | ConnectionClosed]
Nov 16, 2024 9:11:58 PM de.learnlib.logging.LearnLogger logQuery
INFO: [ClientHelloDHE | ClientHelloRSA / Alert,2.40ConnectionClosed | ConnectionClosed]
Nov 16, 2024 9:11:58 PM de.learnlib.logging.LearnLogger logQuery
INFO: [ClientHelloDHE | ClientHelloDHE / Alert,2.40ConnectionClosed | ConnectionClosed]
Nov 16, 2024 9:11:58 PM de.learnlib.logging.LearnLogger logQuery
INFO: [ClientHelloDHE ClientHelloRSA ClientHelloRSA | ClientHelloRSA / Alert,2.40ConnectionClosed ConnectionClosed ConnectionClosed | ConnectionClosed]
Nov 16, 2024 9:11:58 PM de.learnlib.logging.LearnLogger logQuery
INFO: [ClientHelloDHE ClientHelloRSA ClientHelloRSA | ClientHelloDHE / Alert,2.40ConnectionClosed ConnectionClosed ConnectionClosed | ConnectionClosed]
Nov 16, 2024 9:11:58 PM de.learnlib.logging.LearnLogger logQuery
INFO: [ClientHelloDHE ClientHelloRSA ClientHelloDHE | ClientHelloRSA / Alert,2.40ConnectionClosed ConnectionClosed ConnectionClosed | ConnectionClosed]
Nov 16, 2024 9:11:58 PM de.learnlib.logging.LearnLogger logQuery
INFO: [ClientHelloDHE ClientHelloRSA ClientHelloDHE | ClientHelloDHE / Alert,2.40ConnectionClosed ConnectionClosed ConnectionClosed | ConnectionClosed]
Nov 16, 2024 9:11:58 PM de.learnlib.logging.LearnLogger logQuery
INFO: [ClientHelloDHE ClientHelloRSA | ClientHelloRSA / Alert,2.40ConnectionClosed ConnectionClosed | ConnectionClosed]
Nov 16, 2024 9:11:58 PM de.learnlib.logging.LearnLogger logQuery
INFO: [ClientHelloDHE ClientHelloRSA | ClientHelloDHE / Alert,2.40ConnectionClosed ConnectionClosed | ConnectionClosed]
