Aug 23, 2024 10:40:44 PM de.learnlib.logging.LearnLogger logQuery
INFO: [ε | ε / ε | ε]
Aug 23, 2024 10:40:44 PM de.learnlib.logging.LearnLogger logQuery
INFO: [ε | ClientHelloRSA / ε | Alert,2.80ConnectionClosed]
Aug 23, 2024 10:40:44 PM de.learnlib.logging.LearnLogger logQuery
INFO: [ε | ClientHelloDHE / ε | Alert,2.80ConnectionClosed]
Aug 23, 2024 10:40:44 PM de.learnlib.logging.LearnLogger logQuery
INFO: [ε | ClientKeyExchange / ε | Alert,2.10ConnectionClosed]
Aug 23, 2024 10:40:44 PM de.learnlib.logging.LearnLogger logQuery
INFO: [ε | ChangeCipherSpec / ε | Alert,2.10ConnectionClosed]
Aug 23, 2024 10:40:44 PM de.learnlib.logging.LearnLogger logQuery
INFO: [ε | Finished / ε | Alert,2.10ConnectionClosed]
Aug 23, 2024 10:40:44 PM de.learnlib.logging.LearnLogger logQuery
INFO: [ε | ApplicationData / ε | Alert,2.10ConnectionClosed]
Aug 23, 2024 10:40:44 PM de.learnlib.logging.LearnLogger logQuery
INFO: [ε | HeartbeatRequest / ε | Alert,2.10ConnectionClosed]
Aug 23, 2024 10:40:44 PM de.learnlib.logging.LearnLogger logQuery
INFO: [ε | HeartbeatResponse / ε | Alert,2.10ConnectionClosed]
Aug 23, 2024 10:40:44 PM de.learnlib.logging.LearnLogger logQuery
INFO: [ε | ClientHelloRSA / ε | Alert,2.80ConnectionClosed]
Aug 23, 2024 10:40:44 PM de.learnlib.logging.LearnLogger logQuery
INFO: [ε | ClientHelloDHE / ε | Alert,2.80ConnectionClosed]
Aug 23, 2024 10:40:44 PM de.learnlib.logging.LearnLogger logQuery
INFO: [ε | ClientKeyExchange / ε | Alert,2.10ConnectionClosed]
Aug 23, 2024 10:40:44 PM de.learnlib.logging.LearnLogger logQuery
INFO: [ε | ChangeCipherSpec / ε | Alert,2.10ConnectionClosed]
Aug 23, 2024 10:40:44 PM de.learnlib.logging.LearnLogger logQuery
INFO: [ε | Finished / ε | Alert,2.10ConnectionClosed]
Aug 23, 2024 10:40:44 PM de.learnlib.logging.LearnLogger logQuery
INFO: [ε | ApplicationData / ε | Alert,2.10ConnectionClosed]
Aug 23, 2024 10:40:44 PM de.learnlib.logging.LearnLogger logQuery
INFO: [ε | HeartbeatRequest / ε | Alert,2.10ConnectionClosed]
Aug 23, 2024 10:40:44 PM de.learnlib.logging.LearnLogger logQuery
INFO: [ε | HeartbeatResponse / ε | Alert,2.10ConnectionClosed]
Aug 23, 2024 10:40:44 PM de.learnlib.logging.LearnLogger logQuery
INFO: [ε | ClientHelloRSA ClientHelloRSA / ε | Alert,2.80ConnectionClosed ConnectionClosed]
Aug 23, 2024 10:40:44 PM de.learnlib.logging.LearnLogger logQuery
INFO: [ε | ClientHelloRSA ClientHelloDHE / ε | Alert,2.80ConnectionClosed ConnectionClosed]
Aug 23, 2024 10:40:44 PM de.learnlib.logging.LearnLogger logQuery
INFO: [ε | ClientHelloRSA ClientKeyExchange / ε | Alert,2.80ConnectionClosed ConnectionClosed]
Aug 23, 2024 10:40:44 PM de.learnlib.logging.LearnLogger logQuery
INFO: [ε | ClientHelloRSA ChangeCipherSpec / ε | Alert,2.80ConnectionClosed ConnectionClosed]
Aug 23, 2024 10:40:44 PM de.learnlib.logging.LearnLogger logQuery
INFO: [ε | ClientHelloRSA Finished / ε | Alert,2.80ConnectionClosed ConnectionClosed]
Aug 23, 2024 10:40:44 PM de.learnlib.logging.LearnLogger logQuery
INFO: [ε | ClientHelloRSA ApplicationData / ε | Alert,2.80ConnectionClosed ConnectionClosed]
Aug 23, 2024 10:40:44 PM de.learnlib.logging.LearnLogger logQuery
INFO: [ε | ClientHelloRSA HeartbeatRequest / ε | Alert,2.80ConnectionClosed ConnectionClosed]
Aug 23, 2024 10:40:44 PM de.learnlib.logging.LearnLogger logQuery
INFO: [ε | ClientHelloRSA HeartbeatResponse / ε | Alert,2.80ConnectionClosed ConnectionClosed]
