Aug 23, 2024 10:40:43 PM nl.cypherpunk.statelearner.Learner <init>
INFO: Using TLS SUL
Aug 23, 2024 10:40:43 PM nl.cypherpunk.statelearner.Learner learn
INFO: Using learning algorithm ExtensibleLStarMealy
Aug 23, 2024 10:40:43 PM nl.cypherpunk.statelearner.Learner learn
INFO: Using equivalence algorithm MealyModifiedWMethodEQOracle
Aug 23, 2024 10:40:43 PM nl.cypherpunk.statelearner.Learner learn
INFO: Starting learning
Aug 23, 2024 10:40:43 PM de.learnlib.logging.LearnLogger logPhase
INFO: Starting round 1
Aug 23, 2024 10:40:44 PM nl.cypherpunk.statelearner.Learner learn
INFO: -------------------------------------------------------
Aug 23, 2024 10:40:44 PM nl.cypherpunk.statelearner.Learner learn
INFO: Learning [ms]: 622, (0.622 s)
Searching for counter-example [ms]: 44, (0.044 s)
Total time [ms]: 784, (0.784 s)

Aug 23, 2024 10:40:44 PM nl.cypherpunk.statelearner.Learner learn
INFO: Rounds []: 1
Aug 23, 2024 10:40:44 PM nl.cypherpunk.statelearner.Learner learn
INFO: membership queries to SUL [queries]: 152
Aug 23, 2024 10:40:44 PM nl.cypherpunk.statelearner.Learner learn
INFO: membership queries to cache [queries]: 152
Aug 23, 2024 10:40:44 PM nl.cypherpunk.statelearner.Learner learn
INFO: equivalence queries to SUL [queries]: 25
Aug 23, 2024 10:40:44 PM nl.cypherpunk.statelearner.Learner learn
INFO: equivalence queries to cache [queries]: 25
Aug 23, 2024 10:40:44 PM nl.cypherpunk.statelearner.Learner learn
INFO: States in final hypothesis: 2
