Aug 23, 2024 10:40:43 PM de.learnlib.logging.LearnLogger logQuery
INFO: [ε | ClientHelloRSA / ε | Alert,2.80ConnectionClosed]
Aug 23, 2024 10:40:43 PM de.learnlib.logging.LearnLogger logQuery
INFO: [ε | ClientHelloDHE / ε | Alert,2.80ConnectionClosed]
Aug 23, 2024 10:40:43 PM de.learnlib.logging.LearnLogger logQuery
INFO: [ε | ClientKeyExchange / ε | Alert,2.10ConnectionClosed]
Aug 23, 2024 10:40:43 PM de.learnlib.logging.LearnLogger logQuery
INFO: [ε | ChangeCipherSpec / ε | Alert,2.10ConnectionClosed]
Aug 23, 2024 10:40:43 PM de.learnlib.logging.LearnLogger logQuery
INFO: [ε | Finished / ε | Alert,2.10ConnectionClosed]
Aug 23, 2024 10:40:43 PM de.learnlib.logging.LearnLogger logQuery
INFO: [ε | ApplicationData / ε | Alert,2.10ConnectionClosed]
Aug 23, 2024 10:40:43 PM de.learnlib.logging.LearnLogger logQuery
INFO: [ε | HeartbeatRequest / ε | Alert,2.10ConnectionClosed]
Aug 23, 2024 10:40:43 PM de.learnlib.logging.LearnLogger logQuery
INFO: [ε | HeartbeatResponse / ε | Alert,2.10ConnectionClosed]
Aug 23, 2024 10:40:43 PM de.learnlib.logging.LearnLogger logQuery
INFO: [ClientHelloRSA | ClientHelloRSA / Alert,2.80ConnectionClosed | ConnectionClosed]
Aug 23, 2024 10:40:43 PM de.learnlib.logging.LearnLogger logQuery
INFO: [ClientHelloRSA | ClientHelloDHE / Alert,2.80ConnectionClosed | ConnectionClosed]
Aug 23, 2024 10:40:43 PM de.learnlib.logging.LearnLogger logQuery
INFO: [ClientHelloRSA | ClientKeyExchange / Alert,2.80ConnectionClosed | ConnectionClosed]
Aug 23, 2024 10:40:43 PM de.learnlib.logging.LearnLogger logQuery
INFO: [ClientHelloRSA | ChangeCipherSpec / Alert,2.80ConnectionClosed | ConnectionClosed]
Aug 23, 2024 10:40:43 PM de.learnlib.logging.LearnLogger logQuery
INFO: [ClientHelloRSA | Finished / Alert,2.80ConnectionClosed | ConnectionClosed]
Aug 23, 2024 10:40:43 PM de.learnlib.logging.LearnLogger logQuery
INFO: [ClientHelloRSA | ApplicationData / Alert,2.80ConnectionClosed | ConnectionClosed]
Aug 23, 2024 10:40:43 PM de.learnlib.logging.LearnLogger logQuery
INFO: [ClientHelloRSA | HeartbeatRequest / Alert,2.80ConnectionClosed | ConnectionClosed]
Aug 23, 2024 10:40:43 PM de.learnlib.logging.LearnLogger logQuery
INFO: [ClientHelloRSA | HeartbeatResponse / Alert,2.80ConnectionClosed | ConnectionClosed]
Aug 23, 2024 10:40:43 PM de.learnlib.logging.LearnLogger logQuery
INFO: [ClientHelloDHE | ClientHelloRSA / Alert,2.80ConnectionClosed | ConnectionClosed]
Aug 23, 2024 10:40:43 PM de.learnlib.logging.LearnLogger logQuery
INFO: [ClientHelloDHE | ClientHelloDHE / Alert,2.80ConnectionClosed | ConnectionClosed]
Aug 23, 2024 10:40:43 PM de.learnlib.logging.LearnLogger logQuery
INFO: [ClientHelloDHE | ClientKeyExchange / Alert,2.80ConnectionClosed | ConnectionClosed]
Aug 23, 2024 10:40:43 PM de.learnlib.logging.LearnLogger logQuery
INFO: [ClientHelloDHE | ChangeCipherSpec / Alert,2.80ConnectionClosed | ConnectionClosed]
Aug 23, 2024 10:40:43 PM de.learnlib.logging.LearnLogger logQuery
INFO: [ClientHelloDHE | Finished / Alert,2.80ConnectionClosed | ConnectionClosed]
Aug 23, 2024 10:40:43 PM de.learnlib.logging.LearnLogger logQuery
INFO: [ClientHelloDHE | ApplicationData / Alert,2.80ConnectionClosed | ConnectionClosed]
Aug 23, 2024 10:40:43 PM de.learnlib.logging.LearnLogger logQuery
INFO: [ClientHelloDHE | HeartbeatRequest / Alert,2.80ConnectionClosed | ConnectionClosed]
Aug 23, 2024 10:40:43 PM de.learnlib.logging.LearnLogger logQuery
INFO: [ClientHelloDHE | HeartbeatResponse / Alert,2.80ConnectionClosed | ConnectionClosed]
Aug 23, 2024 10:40:43 PM de.learnlib.logging.LearnLogger logQuery
INFO: [ClientKeyExchange | ClientHelloRSA / Alert,2.10ConnectionClosed | ConnectionClosed]
Aug 23, 2024 10:40:43 PM de.learnlib.logging.LearnLogger logQuery
INFO: [ClientKeyExchange | ClientHelloDHE / Alert,2.10ConnectionClosed | ConnectionClosed]
Aug 23, 2024 10:40:43 PM de.learnlib.logging.LearnLogger logQuery
INFO: [ClientKeyExchange | ClientKeyExchange / Alert,2.10ConnectionClosed | ConnectionClosed]
Aug 23, 2024 10:40:43 PM de.learnlib.logging.LearnLogger logQuery
INFO: [ClientKeyExchange | ChangeCipherSpec / Alert,2.10ConnectionClosed | ConnectionClosed]
Aug 23, 2024 10:40:43 PM de.learnlib.logging.LearnLogger logQuery
INFO: [ClientKeyExchange | Finished / Alert,2.10ConnectionClosed | ConnectionClosed]
Aug 23, 2024 10:40:43 PM de.learnlib.logging.LearnLogger logQuery
INFO: [ClientKeyExchange | ApplicationData / Alert,2.10ConnectionClosed | ConnectionClosed]
Aug 23, 2024 10:40:43 PM de.learnlib.logging.LearnLogger logQuery
INFO: [ClientKeyExchange | HeartbeatRequest / Alert,2.10ConnectionClosed | ConnectionClosed]
Aug 23, 2024 10:40:43 PM de.learnlib.logging.LearnLogger logQuery
INFO: [ClientKeyExchange | HeartbeatResponse / Alert,2.10ConnectionClosed | ConnectionClosed]
Aug 23, 2024 10:40:43 PM de.learnlib.logging.LearnLogger logQuery
INFO: [ChangeCipherSpec | ClientHelloRSA / Alert,2.10ConnectionClosed | ConnectionClosed]
Aug 23, 2024 10:40:43 PM de.learnlib.logging.LearnLogger logQuery
INFO: [ChangeCipherSpec | ClientHelloDHE / Alert,2.10ConnectionClosed | ConnectionClosed]
Aug 23, 2024 10:40:43 PM de.learnlib.logging.LearnLogger logQuery
INFO: [ChangeCipherSpec | ClientKeyExchange / Alert,2.10ConnectionClosed | ConnectionClosed]
Aug 23, 2024 10:40:43 PM de.learnlib.logging.LearnLogger logQuery
INFO: [ChangeCipherSpec | ChangeCipherSpec / Alert,2.10ConnectionClosed | ConnectionClosed]
Aug 23, 2024 10:40:43 PM de.learnlib.logging.LearnLogger logQuery
INFO: [ChangeCipherSpec | Finished / Alert,2.10ConnectionClosed | ConnectionClosed]
Aug 23, 2024 10:40:43 PM de.learnlib.logging.LearnLogger logQuery
INFO: [ChangeCipherSpec | ApplicationData / Alert,2.10ConnectionClosed | ConnectionClosed]
Aug 23, 2024 10:40:43 PM de.learnlib.logging.LearnLogger logQuery
INFO: [ChangeCipherSpec | HeartbeatRequest / Alert,2.10ConnectionClosed | ConnectionClosed]
Aug 23, 2024 10:40:43 PM de.learnlib.logging.LearnLogger logQuery
INFO: [ChangeCipherSpec | HeartbeatResponse / Alert,2.10ConnectionClosed | ConnectionClosed]
Aug 23, 2024 10:40:43 PM de.learnlib.logging.LearnLogger logQuery
INFO: [Finished | ClientHelloRSA / Alert,2.10ConnectionClosed | ConnectionClosed]
Aug 23, 2024 10:40:43 PM de.learnlib.logging.LearnLogger logQuery
INFO: [Finished | ClientHelloDHE / Alert,2.10ConnectionClosed | ConnectionClosed]
Aug 23, 2024 10:40:43 PM de.learnlib.logging.LearnLogger logQuery
INFO: [Finished | ClientKeyExchange / Alert,2.10ConnectionClosed | ConnectionClosed]
Aug 23, 2024 10:40:43 PM de.learnlib.logging.LearnLogger logQuery
INFO: [Finished | ChangeCipherSpec / Alert,2.10ConnectionClosed | ConnectionClosed]
Aug 23, 2024 10:40:43 PM de.learnlib.logging.LearnLogger logQuery
INFO: [Finished | Finished / Alert,2.10ConnectionClosed | ConnectionClosed]
Aug 23, 2024 10:40:43 PM de.learnlib.logging.LearnLogger logQuery
INFO: [Finished | ApplicationData / Alert,2.10ConnectionClosed | ConnectionClosed]
Aug 23, 2024 10:40:43 PM de.learnlib.logging.LearnLogger logQuery
INFO: [Finished | HeartbeatRequest / Alert,2.10ConnectionClosed | ConnectionClosed]
Aug 23, 2024 10:40:43 PM de.learnlib.logging.LearnLogger logQuery
INFO: [Finished | HeartbeatResponse / Alert,2.10ConnectionClosed | ConnectionClosed]
Aug 23, 2024 10:40:43 PM de.learnlib.logging.LearnLogger logQuery
INFO: [ApplicationData | ClientHelloRSA / Alert,2.10ConnectionClosed | ConnectionClosed]
Aug 23, 2024 10:40:43 PM de.learnlib.logging.LearnLogger logQuery
INFO: [ApplicationData | ClientHelloDHE / Alert,2.10ConnectionClosed | ConnectionClosed]
Aug 23, 2024 10:40:43 PM de.learnlib.logging.LearnLogger logQuery
INFO: [ApplicationData | ClientKeyExchange / Alert,2.10ConnectionClosed | ConnectionClosed]
Aug 23, 2024 10:40:43 PM de.learnlib.logging.LearnLogger logQuery
INFO: [ApplicationData | ChangeCipherSpec / Alert,2.10ConnectionClosed | ConnectionClosed]
Aug 23, 2024 10:40:43 PM de.learnlib.logging.LearnLogger logQuery
INFO: [ApplicationData | Finished / Alert,2.10ConnectionClosed | ConnectionClosed]
Aug 23, 2024 10:40:43 PM de.learnlib.logging.LearnLogger logQuery
INFO: [ApplicationData | ApplicationData / Alert,2.10ConnectionClosed | ConnectionClosed]
Aug 23, 2024 10:40:43 PM de.learnlib.logging.LearnLogger logQuery
INFO: [ApplicationData | HeartbeatRequest / Alert,2.10ConnectionClosed | ConnectionClosed]
Aug 23, 2024 10:40:43 PM de.learnlib.logging.LearnLogger logQuery
INFO: [ApplicationData | HeartbeatResponse / Alert,2.10ConnectionClosed | ConnectionClosed]
Aug 23, 2024 10:40:43 PM de.learnlib.logging.LearnLogger logQuery
INFO: [HeartbeatRequest | ClientHelloRSA / Alert,2.10ConnectionClosed | ConnectionClosed]
Aug 23, 2024 10:40:43 PM de.learnlib.logging.LearnLogger logQuery
INFO: [HeartbeatRequest | ClientHelloDHE / Alert,2.10ConnectionClosed | ConnectionClosed]
Aug 23, 2024 10:40:43 PM de.learnlib.logging.LearnLogger logQuery
INFO: [HeartbeatRequest | ClientKeyExchange / Alert,2.10ConnectionClosed | ConnectionClosed]
Aug 23, 2024 10:40:43 PM de.learnlib.logging.LearnLogger logQuery
INFO: [HeartbeatRequest | ChangeCipherSpec / Alert,2.10ConnectionClosed | ConnectionClosed]
Aug 23, 2024 10:40:43 PM de.learnlib.logging.LearnLogger logQuery
INFO: [HeartbeatRequest | Finished / Alert,2.10ConnectionClosed | ConnectionClosed]
Aug 23, 2024 10:40:43 PM de.learnlib.logging.LearnLogger logQuery
INFO: [HeartbeatRequest | ApplicationData / Alert,2.10ConnectionClosed | ConnectionClosed]
Aug 23, 2024 10:40:43 PM de.learnlib.logging.LearnLogger logQuery
INFO: [HeartbeatRequest | HeartbeatRequest / Alert,2.10ConnectionClosed | ConnectionClosed]
Aug 23, 2024 10:40:44 PM de.learnlib.logging.LearnLogger logQuery
INFO: [HeartbeatRequest | HeartbeatResponse / Alert,2.10ConnectionClosed | ConnectionClosed]
Aug 23, 2024 10:40:44 PM de.learnlib.logging.LearnLogger logQuery
INFO: [HeartbeatResponse | ClientHelloRSA / Alert,2.10ConnectionClosed | ConnectionClosed]
Aug 23, 2024 10:40:44 PM de.learnlib.logging.LearnLogger logQuery
INFO: [HeartbeatResponse | ClientHelloDHE / Alert,2.10ConnectionClosed | ConnectionClosed]
Aug 23, 2024 10:40:44 PM de.learnlib.logging.LearnLogger logQuery
INFO: [HeartbeatResponse | ClientKeyExchange / Alert,2.10ConnectionClosed | ConnectionClosed]
Aug 23, 2024 10:40:44 PM de.learnlib.logging.LearnLogger logQuery
INFO: [HeartbeatResponse | ChangeCipherSpec / Alert,2.10ConnectionClosed | ConnectionClosed]
Aug 23, 2024 10:40:44 PM de.learnlib.logging.LearnLogger logQuery
INFO: [HeartbeatResponse | Finished / Alert,2.10ConnectionClosed | ConnectionClosed]
Aug 23, 2024 10:40:44 PM de.learnlib.logging.LearnLogger logQuery
INFO: [HeartbeatResponse | ApplicationData / Alert,2.10ConnectionClosed | ConnectionClosed]
Aug 23, 2024 10:40:44 PM de.learnlib.logging.LearnLogger logQuery
INFO: [HeartbeatResponse | HeartbeatRequest / Alert,2.10ConnectionClosed | ConnectionClosed]
Aug 23, 2024 10:40:44 PM de.learnlib.logging.LearnLogger logQuery
INFO: [HeartbeatResponse | HeartbeatResponse / Alert,2.10ConnectionClosed | ConnectionClosed]
Aug 23, 2024 10:40:44 PM de.learnlib.logging.LearnLogger logQuery
INFO: [ClientHelloRSA ClientHelloRSA | ClientHelloRSA / Alert,2.80ConnectionClosed ConnectionClosed | ConnectionClosed]
Aug 23, 2024 10:40:44 PM de.learnlib.logging.LearnLogger logQuery
INFO: [ClientHelloRSA ClientHelloRSA | ClientHelloDHE / Alert,2.80ConnectionClosed ConnectionClosed | ConnectionClosed]
Aug 23, 2024 10:40:44 PM de.learnlib.logging.LearnLogger logQuery
INFO: [ClientHelloRSA ClientHelloRSA | ClientKeyExchange / Alert,2.80ConnectionClosed ConnectionClosed | ConnectionClosed]
Aug 23, 2024 10:40:44 PM de.learnlib.logging.LearnLogger logQuery
INFO: [ClientHelloRSA ClientHelloRSA | ChangeCipherSpec / Alert,2.80ConnectionClosed ConnectionClosed | ConnectionClosed]
Aug 23, 2024 10:40:44 PM de.learnlib.logging.LearnLogger logQuery
INFO: [ClientHelloRSA ClientHelloRSA | Finished / Alert,2.80ConnectionClosed ConnectionClosed | ConnectionClosed]
Aug 23, 2024 10:40:44 PM de.learnlib.logging.LearnLogger logQuery
INFO: [ClientHelloRSA ClientHelloRSA | ApplicationData / Alert,2.80ConnectionClosed ConnectionClosed | ConnectionClosed]
Aug 23, 2024 10:40:44 PM de.learnlib.logging.LearnLogger logQuery
INFO: [ClientHelloRSA ClientHelloRSA | HeartbeatRequest / Alert,2.80ConnectionClosed ConnectionClosed | ConnectionClosed]
Aug 23, 2024 10:40:44 PM de.learnlib.logging.LearnLogger logQuery
INFO: [ClientHelloRSA ClientHelloRSA | HeartbeatResponse / Alert,2.80ConnectionClosed ConnectionClosed | ConnectionClosed]
Aug 23, 2024 10:40:44 PM de.learnlib.logging.LearnLogger logQuery
INFO: [ClientHelloRSA ClientHelloDHE | ClientHelloRSA / Alert,2.80ConnectionClosed ConnectionClosed | ConnectionClosed]
Aug 23, 2024 10:40:44 PM de.learnlib.logging.LearnLogger logQuery
INFO: [ClientHelloRSA ClientHelloDHE | ClientHelloDHE / Alert,2.80ConnectionClosed ConnectionClosed | ConnectionClosed]
Aug 23, 2024 10:40:44 PM de.learnlib.logging.LearnLogger logQuery
INFO: [ClientHelloRSA ClientHelloDHE | ClientKeyExchange / Alert,2.80ConnectionClosed ConnectionClosed | ConnectionClosed]
Aug 23, 2024 10:40:44 PM de.learnlib.logging.LearnLogger logQuery
INFO: [ClientHelloRSA ClientHelloDHE | ChangeCipherSpec / Alert,2.80ConnectionClosed ConnectionClosed | ConnectionClosed]
Aug 23, 2024 10:40:44 PM de.learnlib.logging.LearnLogger logQuery
INFO: [ClientHelloRSA ClientHelloDHE | Finished / Alert,2.80ConnectionClosed ConnectionClosed | ConnectionClosed]
Aug 23, 2024 10:40:44 PM de.learnlib.logging.LearnLogger logQuery
INFO: [ClientHelloRSA ClientHelloDHE | ApplicationData / Alert,2.80ConnectionClosed ConnectionClosed | ConnectionClosed]
Aug 23, 2024 10:40:44 PM de.learnlib.logging.LearnLogger logQuery
INFO: [ClientHelloRSA ClientHelloDHE | HeartbeatRequest / Alert,2.80ConnectionClosed ConnectionClosed | ConnectionClosed]
Aug 23, 2024 10:40:44 PM de.learnlib.logging.LearnLogger logQuery
INFO: [ClientHelloRSA ClientHelloDHE | HeartbeatResponse / Alert,2.80ConnectionClosed ConnectionClosed | ConnectionClosed]
Aug 23, 2024 10:40:44 PM de.learnlib.logging.LearnLogger logQuery
INFO: [ClientHelloRSA ClientKeyExchange | ClientHelloRSA / Alert,2.80ConnectionClosed ConnectionClosed | ConnectionClosed]
Aug 23, 2024 10:40:44 PM de.learnlib.logging.LearnLogger logQuery
INFO: [ClientHelloRSA ClientKeyExchange | ClientHelloDHE / Alert,2.80ConnectionClosed ConnectionClosed | ConnectionClosed]
Aug 23, 2024 10:40:44 PM de.learnlib.logging.LearnLogger logQuery
INFO: [ClientHelloRSA ClientKeyExchange | ClientKeyExchange / Alert,2.80ConnectionClosed ConnectionClosed | ConnectionClosed]
Aug 23, 2024 10:40:44 PM de.learnlib.logging.LearnLogger logQuery
INFO: [ClientHelloRSA ClientKeyExchange | ChangeCipherSpec / Alert,2.80ConnectionClosed ConnectionClosed | ConnectionClosed]
Aug 23, 2024 10:40:44 PM de.learnlib.logging.LearnLogger logQuery
INFO: [ClientHelloRSA ClientKeyExchange | Finished / Alert,2.80ConnectionClosed ConnectionClosed | ConnectionClosed]
Aug 23, 2024 10:40:44 PM de.learnlib.logging.LearnLogger logQuery
INFO: [ClientHelloRSA ClientKeyExchange | ApplicationData / Alert,2.80ConnectionClosed ConnectionClosed | ConnectionClosed]
Aug 23, 2024 10:40:44 PM de.learnlib.logging.LearnLogger logQuery
INFO: [ClientHelloRSA ClientKeyExchange | HeartbeatRequest / Alert,2.80ConnectionClosed ConnectionClosed | ConnectionClosed]
Aug 23, 2024 10:40:44 PM de.learnlib.logging.LearnLogger logQuery
INFO: [ClientHelloRSA ClientKeyExchange | HeartbeatResponse / Alert,2.80ConnectionClosed ConnectionClosed | ConnectionClosed]
Aug 23, 2024 10:40:44 PM de.learnlib.logging.LearnLogger logQuery
INFO: [ClientHelloRSA ChangeCipherSpec | ClientHelloRSA / Alert,2.80ConnectionClosed ConnectionClosed | ConnectionClosed]
Aug 23, 2024 10:40:44 PM de.learnlib.logging.LearnLogger logQuery
INFO: [ClientHelloRSA ChangeCipherSpec | ClientHelloDHE / Alert,2.80ConnectionClosed ConnectionClosed | ConnectionClosed]
Aug 23, 2024 10:40:44 PM de.learnlib.logging.LearnLogger logQuery
INFO: [ClientHelloRSA ChangeCipherSpec | ClientKeyExchange / Alert,2.80ConnectionClosed ConnectionClosed | ConnectionClosed]
Aug 23, 2024 10:40:44 PM de.learnlib.logging.LearnLogger logQuery
INFO: [ClientHelloRSA ChangeCipherSpec | ChangeCipherSpec / Alert,2.80ConnectionClosed ConnectionClosed | ConnectionClosed]
Aug 23, 2024 10:40:44 PM de.learnlib.logging.LearnLogger logQuery
INFO: [ClientHelloRSA ChangeCipherSpec | Finished / Alert,2.80ConnectionClosed ConnectionClosed | ConnectionClosed]
Aug 23, 2024 10:40:44 PM de.learnlib.logging.LearnLogger logQuery
INFO: [ClientHelloRSA ChangeCipherSpec | ApplicationData / Alert,2.80ConnectionClosed ConnectionClosed | ConnectionClosed]
Aug 23, 2024 10:40:44 PM de.learnlib.logging.LearnLogger logQuery
INFO: [ClientHelloRSA ChangeCipherSpec | HeartbeatRequest / Alert,2.80ConnectionClosed ConnectionClosed | ConnectionClosed]
Aug 23, 2024 10:40:44 PM de.learnlib.logging.LearnLogger logQuery
INFO: [ClientHelloRSA ChangeCipherSpec | HeartbeatResponse / Alert,2.80ConnectionClosed ConnectionClosed | ConnectionClosed]
Aug 23, 2024 10:40:44 PM de.learnlib.logging.LearnLogger logQuery
INFO: [ClientHelloRSA Finished | ClientHelloRSA / Alert,2.80ConnectionClosed ConnectionClosed | ConnectionClosed]
Aug 23, 2024 10:40:44 PM de.learnlib.logging.LearnLogger logQuery
INFO: [ClientHelloRSA Finished | ClientHelloDHE / Alert,2.80ConnectionClosed ConnectionClosed | ConnectionClosed]
Aug 23, 2024 10:40:44 PM de.learnlib.logging.LearnLogger logQuery
INFO: [ClientHelloRSA Finished | ClientKeyExchange / Alert,2.80ConnectionClosed ConnectionClosed | ConnectionClosed]
Aug 23, 2024 10:40:44 PM de.learnlib.logging.LearnLogger logQuery
INFO: [ClientHelloRSA Finished | ChangeCipherSpec / Alert,2.80ConnectionClosed ConnectionClosed | ConnectionClosed]
Aug 23, 2024 10:40:44 PM de.learnlib.logging.LearnLogger logQuery
INFO: [ClientHelloRSA Finished | Finished / Alert,2.80ConnectionClosed ConnectionClosed | ConnectionClosed]
Aug 23, 2024 10:40:44 PM de.learnlib.logging.LearnLogger logQuery
INFO: [ClientHelloRSA Finished | ApplicationData / Alert,2.80ConnectionClosed ConnectionClosed | ConnectionClosed]
Aug 23, 2024 10:40:44 PM de.learnlib.logging.LearnLogger logQuery
INFO: [ClientHelloRSA Finished | HeartbeatRequest / Alert,2.80ConnectionClosed ConnectionClosed | ConnectionClosed]
Aug 23, 2024 10:40:44 PM de.learnlib.logging.LearnLogger logQuery
INFO: [ClientHelloRSA Finished | HeartbeatResponse / Alert,2.80ConnectionClosed ConnectionClosed | ConnectionClosed]
Aug 23, 2024 10:40:44 PM de.learnlib.logging.LearnLogger logQuery
INFO: [ClientHelloRSA ApplicationData | ClientHelloRSA / Alert,2.80ConnectionClosed ConnectionClosed | ConnectionClosed]
Aug 23, 2024 10:40:44 PM de.learnlib.logging.LearnLogger logQuery
INFO: [ClientHelloRSA ApplicationData | ClientHelloDHE / Alert,2.80ConnectionClosed ConnectionClosed | ConnectionClosed]
Aug 23, 2024 10:40:44 PM de.learnlib.logging.LearnLogger logQuery
INFO: [ClientHelloRSA ApplicationData | ClientKeyExchange / Alert,2.80ConnectionClosed ConnectionClosed | ConnectionClosed]
Aug 23, 2024 10:40:44 PM de.learnlib.logging.LearnLogger logQuery
INFO: [ClientHelloRSA ApplicationData | ChangeCipherSpec / Alert,2.80ConnectionClosed ConnectionClosed | ConnectionClosed]
Aug 23, 2024 10:40:44 PM de.learnlib.logging.LearnLogger logQuery
INFO: [ClientHelloRSA ApplicationData | Finished / Alert,2.80ConnectionClosed ConnectionClosed | ConnectionClosed]
Aug 23, 2024 10:40:44 PM de.learnlib.logging.LearnLogger logQuery
INFO: [ClientHelloRSA ApplicationData | ApplicationData / Alert,2.80ConnectionClosed ConnectionClosed | ConnectionClosed]
Aug 23, 2024 10:40:44 PM de.learnlib.logging.LearnLogger logQuery
INFO: [ClientHelloRSA ApplicationData | HeartbeatRequest / Alert,2.80ConnectionClosed ConnectionClosed | ConnectionClosed]
Aug 23, 2024 10:40:44 PM de.learnlib.logging.LearnLogger logQuery
INFO: [ClientHelloRSA ApplicationData | HeartbeatResponse / Alert,2.80ConnectionClosed ConnectionClosed | ConnectionClosed]
Aug 23, 2024 10:40:44 PM de.learnlib.logging.LearnLogger logQuery
INFO: [ClientHelloRSA HeartbeatRequest | ClientHelloRSA / Alert,2.80ConnectionClosed ConnectionClosed | ConnectionClosed]
Aug 23, 2024 10:40:44 PM de.learnlib.logging.LearnLogger logQuery
INFO: [ClientHelloRSA HeartbeatRequest | ClientHelloDHE / Alert,2.80ConnectionClosed ConnectionClosed | ConnectionClosed]
Aug 23, 2024 10:40:44 PM de.learnlib.logging.LearnLogger logQuery
INFO: [ClientHelloRSA HeartbeatRequest | ClientKeyExchange / Alert,2.80ConnectionClosed ConnectionClosed | ConnectionClosed]
Aug 23, 2024 10:40:44 PM de.learnlib.logging.LearnLogger logQuery
INFO: [ClientHelloRSA HeartbeatRequest | ChangeCipherSpec / Alert,2.80ConnectionClosed ConnectionClosed | ConnectionClosed]
Aug 23, 2024 10:40:44 PM de.learnlib.logging.LearnLogger logQuery
INFO: [ClientHelloRSA HeartbeatRequest | Finished / Alert,2.80ConnectionClosed ConnectionClosed | ConnectionClosed]
Aug 23, 2024 10:40:44 PM de.learnlib.logging.LearnLogger logQuery
INFO: [ClientHelloRSA HeartbeatRequest | ApplicationData / Alert,2.80ConnectionClosed ConnectionClosed | ConnectionClosed]
Aug 23, 2024 10:40:44 PM de.learnlib.logging.LearnLogger logQuery
INFO: [ClientHelloRSA HeartbeatRequest | HeartbeatRequest / Alert,2.80ConnectionClosed ConnectionClosed | ConnectionClosed]
Aug 23, 2024 10:40:44 PM de.learnlib.logging.LearnLogger logQuery
INFO: [ClientHelloRSA HeartbeatRequest | HeartbeatResponse / Alert,2.80ConnectionClosed ConnectionClosed | ConnectionClosed]
Aug 23, 2024 10:40:44 PM de.learnlib.logging.LearnLogger logQuery
INFO: [ClientHelloRSA HeartbeatResponse | ClientHelloRSA / Alert,2.80ConnectionClosed ConnectionClosed | ConnectionClosed]
Aug 23, 2024 10:40:44 PM de.learnlib.logging.LearnLogger logQuery
INFO: [ClientHelloRSA HeartbeatResponse | ClientHelloDHE / Alert,2.80ConnectionClosed ConnectionClosed | ConnectionClosed]
Aug 23, 2024 10:40:44 PM de.learnlib.logging.LearnLogger logQuery
INFO: [ClientHelloRSA HeartbeatResponse | ClientKeyExchange / Alert,2.80ConnectionClosed ConnectionClosed | ConnectionClosed]
Aug 23, 2024 10:40:44 PM de.learnlib.logging.LearnLogger logQuery
INFO: [ClientHelloRSA HeartbeatResponse | ChangeCipherSpec / Alert,2.80ConnectionClosed ConnectionClosed | ConnectionClosed]
Aug 23, 2024 10:40:44 PM de.learnlib.logging.LearnLogger logQuery
INFO: [ClientHelloRSA HeartbeatResponse | Finished / Alert,2.80ConnectionClosed ConnectionClosed | ConnectionClosed]
Aug 23, 2024 10:40:44 PM de.learnlib.logging.LearnLogger logQuery
INFO: [ClientHelloRSA HeartbeatResponse | ApplicationData / Alert,2.80ConnectionClosed ConnectionClosed | ConnectionClosed]
Aug 23, 2024 10:40:44 PM de.learnlib.logging.LearnLogger logQuery
INFO: [ClientHelloRSA HeartbeatResponse | HeartbeatRequest / Alert,2.80ConnectionClosed ConnectionClosed | ConnectionClosed]
Aug 23, 2024 10:40:44 PM de.learnlib.logging.LearnLogger logQuery
INFO: [ClientHelloRSA HeartbeatResponse | HeartbeatResponse / Alert,2.80ConnectionClosed ConnectionClosed | ConnectionClosed]
Aug 23, 2024 10:40:44 PM de.learnlib.logging.LearnLogger logQuery
INFO: [ε | ClientHelloRSA / ε | Alert,2.80ConnectionClosed]
Aug 23, 2024 10:40:44 PM de.learnlib.logging.LearnLogger logQuery
INFO: [ε | ClientHelloDHE / ε | Alert,2.80ConnectionClosed]
Aug 23, 2024 10:40:44 PM de.learnlib.logging.LearnLogger logQuery
INFO: [ε | ClientKeyExchange / ε | Alert,2.10ConnectionClosed]
Aug 23, 2024 10:40:44 PM de.learnlib.logging.LearnLogger logQuery
INFO: [ε | ChangeCipherSpec / ε | Alert,2.10ConnectionClosed]
Aug 23, 2024 10:40:44 PM de.learnlib.logging.LearnLogger logQuery
INFO: [ε | Finished / ε | Alert,2.10ConnectionClosed]
Aug 23, 2024 10:40:44 PM de.learnlib.logging.LearnLogger logQuery
INFO: [ε | ApplicationData / ε | Alert,2.10ConnectionClosed]
Aug 23, 2024 10:40:44 PM de.learnlib.logging.LearnLogger logQuery
INFO: [ε | HeartbeatRequest / ε | Alert,2.10ConnectionClosed]
Aug 23, 2024 10:40:44 PM de.learnlib.logging.LearnLogger logQuery
INFO: [ε | HeartbeatResponse / ε | Alert,2.10ConnectionClosed]
Aug 23, 2024 10:40:44 PM de.learnlib.logging.LearnLogger logQuery
INFO: [ClientHelloRSA | ClientHelloRSA / Alert,2.80ConnectionClosed | ConnectionClosed]
Aug 23, 2024 10:40:44 PM de.learnlib.logging.LearnLogger logQuery
INFO: [ClientHelloRSA | ClientHelloDHE / Alert,2.80ConnectionClosed | ConnectionClosed]
Aug 23, 2024 10:40:44 PM de.learnlib.logging.LearnLogger logQuery
INFO: [ClientHelloRSA | ClientKeyExchange / Alert,2.80ConnectionClosed | ConnectionClosed]
Aug 23, 2024 10:40:44 PM de.learnlib.logging.LearnLogger logQuery
INFO: [ClientHelloRSA | ChangeCipherSpec / Alert,2.80ConnectionClosed | ConnectionClosed]
Aug 23, 2024 10:40:44 PM de.learnlib.logging.LearnLogger logQuery
INFO: [ClientHelloRSA | Finished / Alert,2.80ConnectionClosed | ConnectionClosed]
Aug 23, 2024 10:40:44 PM de.learnlib.logging.LearnLogger logQuery
INFO: [ClientHelloRSA | ApplicationData / Alert,2.80ConnectionClosed | ConnectionClosed]
Aug 23, 2024 10:40:44 PM de.learnlib.logging.LearnLogger logQuery
INFO: [ClientHelloRSA | HeartbeatRequest / Alert,2.80ConnectionClosed | ConnectionClosed]
Aug 23, 2024 10:40:44 PM de.learnlib.logging.LearnLogger logQuery
INFO: [ClientHelloRSA | HeartbeatResponse / Alert,2.80ConnectionClosed | ConnectionClosed]
