Aug 26, 2024 2:14:00 AM de.learnlib.logging.LearnLogger logQuery
INFO: [ε | ε / ε | ε]
Aug 26, 2024 2:14:01 AM de.learnlib.logging.LearnLogger logQuery
INFO: [ε | ServerHello / ε | ChangeCipherSpec,]
Aug 26, 2024 2:14:02 AM de.learnlib.logging.LearnLogger logQuery
INFO: [ε | ServerHello ServerHello / ε | ChangeCipherSpec, ConnectionClosed,]
Aug 26, 2024 2:14:03 AM de.learnlib.logging.LearnLogger logQuery
INFO: [ε | ServerHello ChangeCipherSpec / ε | ChangeCipherSpec, Empty,]
Aug 26, 2024 2:14:04 AM de.learnlib.logging.LearnLogger logQuery
INFO: [ε | ServerHello EncryptedExtensions / ε | ChangeCipherSpec, Alert,2.40ConnectionClosed,]
Aug 26, 2024 2:14:06 AM de.learnlib.logging.LearnLogger logQuery
INFO: [ε | ServerHello CertificateRequest / ε | ChangeCipherSpec, Alert,2.40ConnectionClosed,]
Aug 26, 2024 2:14:07 AM de.learnlib.logging.LearnLogger logQuery
INFO: [ε | ServerHello Certificate / ε | ChangeCipherSpec, Alert,2.20ConnectionClosed,]
Aug 26, 2024 2:14:08 AM de.learnlib.logging.LearnLogger logQuery
INFO: [ε | ServerHello ServerCertificateVerify / ε | ChangeCipherSpec, Alert,2.20ConnectionClosed,]
Aug 26, 2024 2:14:08 AM de.learnlib.logging.LearnLogger logQuery
INFO: [ε | ChangeCipherSpec / ε | Alert,2.10ConnectionClosed,]
Aug 26, 2024 2:14:09 AM de.learnlib.logging.LearnLogger logQuery
INFO: [ε | ChangeCipherSpec ServerHello / ε | Alert,2.10ConnectionClosed, ConnectionClosed]
Aug 26, 2024 2:14:10 AM de.learnlib.logging.LearnLogger logQuery
INFO: [ε | ChangeCipherSpec ChangeCipherSpec / ε | Alert,2.10ConnectionClosed, ConnectionClosed]
Aug 26, 2024 2:14:10 AM de.learnlib.logging.LearnLogger logQuery
INFO: [ε | ChangeCipherSpec EncryptedExtensions / ε | Alert,2.10ConnectionClosed, ConnectionClosed]
Aug 26, 2024 2:14:11 AM de.learnlib.logging.LearnLogger logQuery
INFO: [ε | ChangeCipherSpec CertificateRequest / ε | Alert,2.10ConnectionClosed, ConnectionClosed]
Aug 26, 2024 2:14:11 AM de.learnlib.logging.LearnLogger logQuery
INFO: [ε | ChangeCipherSpec Certificate / ε | Alert,2.10ConnectionClosed, ConnectionClosed]
Aug 26, 2024 2:14:12 AM de.learnlib.logging.LearnLogger logQuery
INFO: [ε | ChangeCipherSpec ServerCertificateVerify / ε | Alert,2.10ConnectionClosed, ConnectionClosed]
Aug 26, 2024 2:14:13 AM de.learnlib.logging.LearnLogger logQuery
INFO: [ε | EncryptedExtensions / ε | Alert,2.10ConnectionClosed,]
Aug 26, 2024 2:14:14 AM de.learnlib.logging.LearnLogger logQuery
INFO: [ε | EncryptedExtensions ServerHello / ε | Alert,2.10ConnectionClosed, ConnectionClosed]
Aug 26, 2024 2:14:16 AM de.learnlib.logging.LearnLogger logQuery
INFO: [ε | EncryptedExtensions ChangeCipherSpec / ε | Alert,2.10ConnectionClosed, ConnectionClosed]
Aug 26, 2024 2:14:17 AM de.learnlib.logging.LearnLogger logQuery
INFO: [ε | EncryptedExtensions EncryptedExtensions / ε | Alert,2.10ConnectionClosed, ConnectionClosed]
Aug 26, 2024 2:14:17 AM de.learnlib.logging.LearnLogger logQuery
INFO: [ε | EncryptedExtensions CertificateRequest / ε | Alert,2.10ConnectionClosed, ConnectionClosed]
Aug 26, 2024 2:14:19 AM de.learnlib.logging.LearnLogger logQuery
INFO: [ε | EncryptedExtensions Certificate / ε | Alert,2.10ConnectionClosed, ConnectionClosed]
Aug 26, 2024 2:14:20 AM de.learnlib.logging.LearnLogger logQuery
INFO: [ε | EncryptedExtensions ServerCertificateVerify / ε | Alert,2.10ConnectionClosed, ConnectionClosed]
Aug 26, 2024 2:14:21 AM de.learnlib.logging.LearnLogger logQuery
INFO: [ε | CertificateRequest / ε | Alert,2.10ConnectionClosed,]
Aug 26, 2024 2:14:21 AM de.learnlib.logging.LearnLogger logQuery
INFO: [ε | CertificateRequest ServerHello / ε | Alert,2.10ConnectionClosed, ConnectionClosed]
Aug 26, 2024 2:14:22 AM de.learnlib.logging.LearnLogger logQuery
INFO: [ε | CertificateRequest ChangeCipherSpec / ε | Alert,2.10ConnectionClosed, ConnectionClosed]
Aug 26, 2024 2:14:24 AM de.learnlib.logging.LearnLogger logQuery
INFO: [ε | CertificateRequest EncryptedExtensions / ε | Alert,2.10ConnectionClosed, ConnectionClosed]
Aug 26, 2024 2:14:25 AM de.learnlib.logging.LearnLogger logQuery
INFO: [ε | CertificateRequest CertificateRequest / ε | Alert,2.10ConnectionClosed, ConnectionClosed]
Aug 26, 2024 2:14:26 AM de.learnlib.logging.LearnLogger logQuery
INFO: [ε | CertificateRequest Certificate / ε | Alert,2.10ConnectionClosed, ConnectionClosed]
Aug 26, 2024 2:14:27 AM de.learnlib.logging.LearnLogger logQuery
INFO: [ε | CertificateRequest ServerCertificateVerify / ε | Alert,2.10ConnectionClosed, ConnectionClosed]
Aug 26, 2024 2:14:28 AM de.learnlib.logging.LearnLogger logQuery
INFO: [ε | Certificate / ε | Alert,2.10ConnectionClosed,]
Aug 26, 2024 2:14:29 AM de.learnlib.logging.LearnLogger logQuery
INFO: [ε | Certificate ServerHello / ε | Alert,2.10ConnectionClosed, ConnectionClosed]
Aug 26, 2024 2:14:30 AM de.learnlib.logging.LearnLogger logQuery
INFO: [ε | Certificate ChangeCipherSpec / ε | Alert,2.10ConnectionClosed, ConnectionClosed]
Aug 26, 2024 2:14:31 AM de.learnlib.logging.LearnLogger logQuery
INFO: [ε | Certificate EncryptedExtensions / ε | Alert,2.10ConnectionClosed, ConnectionClosed]
Aug 26, 2024 2:14:32 AM de.learnlib.logging.LearnLogger logQuery
INFO: [ε | Certificate CertificateRequest / ε | Alert,2.10ConnectionClosed, ConnectionClosed]
Aug 26, 2024 2:14:33 AM de.learnlib.logging.LearnLogger logQuery
INFO: [ε | Certificate Certificate / ε | Alert,2.10ConnectionClosed, ConnectionClosed]
Aug 26, 2024 2:14:34 AM de.learnlib.logging.LearnLogger logQuery
INFO: [ε | Certificate ServerCertificateVerify / ε | Alert,2.10ConnectionClosed, ConnectionClosed]
Aug 26, 2024 2:14:34 AM de.learnlib.logging.LearnLogger logQuery
INFO: [ε | ServerCertificateVerify / ε | Alert,2.10ConnectionClosed,]
Aug 26, 2024 2:14:35 AM de.learnlib.logging.LearnLogger logQuery
INFO: [ε | ServerCertificateVerify ServerHello / ε | Alert,2.10ConnectionClosed, ConnectionClosed]
Aug 26, 2024 2:14:36 AM de.learnlib.logging.LearnLogger logQuery
INFO: [ε | ServerCertificateVerify ChangeCipherSpec / ε | Alert,2.10ConnectionClosed, ConnectionClosed]
Aug 26, 2024 2:14:37 AM de.learnlib.logging.LearnLogger logQuery
INFO: [ε | ServerCertificateVerify EncryptedExtensions / ε | Alert,2.10ConnectionClosed, ConnectionClosed]
Aug 26, 2024 2:14:38 AM de.learnlib.logging.LearnLogger logQuery
INFO: [ε | ServerCertificateVerify CertificateRequest / ε | Alert,2.10ConnectionClosed, ConnectionClosed]
Aug 26, 2024 2:14:39 AM de.learnlib.logging.LearnLogger logQuery
INFO: [ε | ServerCertificateVerify Certificate / ε | Alert,2.10ConnectionClosed, ConnectionClosed]
Aug 26, 2024 2:14:40 AM de.learnlib.logging.LearnLogger logQuery
INFO: [ε | ServerCertificateVerify ServerCertificateVerify / ε | Alert,2.10ConnectionClosed, ConnectionClosed]
Aug 26, 2024 2:14:41 AM de.learnlib.logging.LearnLogger logQuery
INFO: [ε | Finished / ε | Alert,2.10ConnectionClosed,]
Aug 26, 2024 2:14:42 AM de.learnlib.logging.LearnLogger logQuery
INFO: [ε | Finished ServerHello / ε | Alert,2.10ConnectionClosed, ConnectionClosed]
Aug 26, 2024 2:14:43 AM de.learnlib.logging.LearnLogger logQuery
INFO: [ε | Finished ChangeCipherSpec / ε | Alert,2.10ConnectionClosed, ConnectionClosed]
Aug 26, 2024 2:14:44 AM de.learnlib.logging.LearnLogger logQuery
INFO: [ε | Finished EncryptedExtensions / ε | Alert,2.10ConnectionClosed, ConnectionClosed]
Aug 26, 2024 2:14:44 AM de.learnlib.logging.LearnLogger logQuery
INFO: [ε | Finished CertificateRequest / ε | Alert,2.10ConnectionClosed, ConnectionClosed]
Aug 26, 2024 2:14:45 AM de.learnlib.logging.LearnLogger logQuery
INFO: [ε | Finished Certificate / ε | Alert,2.10ConnectionClosed, ConnectionClosed]
Aug 26, 2024 2:14:46 AM de.learnlib.logging.LearnLogger logQuery
INFO: [ε | Finished ServerCertificateVerify / ε | Alert,2.10ConnectionClosed, ConnectionClosed]
Aug 26, 2024 2:14:46 AM de.learnlib.logging.LearnLogger logQuery
INFO: [ε | ApplicationData / ε | Alert,2.10ConnectionClosed,]
Aug 26, 2024 2:14:47 AM de.learnlib.logging.LearnLogger logQuery
INFO: [ε | ApplicationData ServerHello / ε | Alert,2.10ConnectionClosed, ConnectionClosed]
Aug 26, 2024 2:14:47 AM de.learnlib.logging.LearnLogger logQuery
INFO: [ε | ApplicationData ChangeCipherSpec / ε | Alert,2.10ConnectionClosed, ConnectionClosed]
Aug 26, 2024 2:14:48 AM de.learnlib.logging.LearnLogger logQuery
INFO: [ε | ApplicationData EncryptedExtensions / ε | Alert,2.10ConnectionClosed, ConnectionClosed]
Aug 26, 2024 2:14:49 AM de.learnlib.logging.LearnLogger logQuery
INFO: [ε | ApplicationData CertificateRequest / ε | Alert,2.10ConnectionClosed, ConnectionClosed]
Aug 26, 2024 2:14:49 AM de.learnlib.logging.LearnLogger logQuery
INFO: [ε | ApplicationData Certificate / ε | Alert,2.10ConnectionClosed, ConnectionClosed]
Aug 26, 2024 2:14:50 AM de.learnlib.logging.LearnLogger logQuery
INFO: [ε | ApplicationData ServerCertificateVerify / ε | Alert,2.10ConnectionClosed, ConnectionClosed]
Aug 26, 2024 2:14:51 AM de.learnlib.logging.LearnLogger logQuery
INFO: [ε | ServerHello ServerHello / ε | ChangeCipherSpec, ConnectionClosed,]
Aug 26, 2024 2:14:51 AM de.learnlib.logging.LearnLogger logQuery
INFO: [ε | ServerHello ServerHello ServerHello / ε | ChangeCipherSpec, ConnectionClosed, ConnectionClosed]
