Sep 28, 2024 8:52:28 AM de.learnlib.logging.LearnLogger logQuery
INFO: [ε | ε / ε | ε]
Sep 28, 2024 8:52:28 AM de.learnlib.logging.LearnLogger logQuery
INFO: [ε | ClientHelloRSA / ε | ServerHello,TLSv12Certificate,ServerHelloDone,]
Sep 28, 2024 8:52:28 AM de.learnlib.logging.LearnLogger logQuery
INFO: [ε | ClientHelloRSA ClientHelloRSA / ε | ServerHello,TLSv12Certificate,ServerHelloDone, Alert,2.10ConnectionClosed]
Sep 28, 2024 8:52:29 AM de.learnlib.logging.LearnLogger logQuery
INFO: [ε | ClientHelloRSA ClientKeyExchange / ε | ServerHello,TLSv12Certificate,ServerHelloDone, Empty2,]
Sep 28, 2024 8:52:29 AM de.learnlib.logging.LearnLogger logQuery
INFO: [ε | ClientHelloRSA ChangeCipherSpec / ε | ServerHello,TLSv12Certificate,ServerHelloDone, Alert,2.10ConnectionClosed]
Sep 28, 2024 8:52:29 AM de.learnlib.logging.LearnLogger logQuery
INFO: [ε | ClientHelloDHE / ε | ServerHello,TLSv12Certificate,ServerKeyExchange,ServerHelloDone,]
Sep 28, 2024 8:52:29 AM de.learnlib.logging.LearnLogger logQuery
INFO: [ε | ClientHelloDHE ClientHelloRSA / ε | ServerHello,TLSv12Certificate,ServerKeyExchange,ServerHelloDone, Alert,2.10ConnectionClosed]
Sep 28, 2024 8:52:29 AM de.learnlib.logging.LearnLogger logQuery
INFO: [ε | ClientHelloDHE ClientKeyExchange / ε | ServerHello,TLSv12Certificate,ServerKeyExchange,ServerHelloDone, Empty2,]
Sep 28, 2024 8:52:29 AM de.learnlib.logging.LearnLogger logQuery
INFO: [ε | ClientHelloDHE ChangeCipherSpec / ε | ServerHello,TLSv12Certificate,ServerKeyExchange,ServerHelloDone, Alert,2.10ConnectionClosed]
Sep 28, 2024 8:52:29 AM de.learnlib.logging.LearnLogger logQuery
INFO: [ε | ClientKeyExchange / ε | Alert,2.10ConnectionClosed]
Sep 28, 2024 8:52:29 AM de.learnlib.logging.LearnLogger logQuery
INFO: [ε | EmptyCertificate / ε | Alert,2.10ConnectionClosed]
Sep 28, 2024 8:52:29 AM de.learnlib.logging.LearnLogger logQuery
INFO: [ε | ClientCertificate / ε | Alert,2.10ConnectionClosed]
Sep 28, 2024 8:52:29 AM de.learnlib.logging.LearnLogger logQuery
INFO: [ε | ClientCertificateVerify / ε | Alert,2.10ConnectionClosed]
Sep 28, 2024 8:52:29 AM de.learnlib.logging.LearnLogger logQuery
INFO: [ε | ChangeCipherSpec / ε | Empty2,]
Sep 28, 2024 8:52:29 AM de.learnlib.logging.LearnLogger logQuery
INFO: [ε | ChangeCipherSpec ClientHelloRSA / ε | Empty2, Alert,2.47ConnectionClosed]
Sep 28, 2024 8:52:29 AM de.learnlib.logging.LearnLogger logQuery
INFO: [ε | ChangeCipherSpec ClientKeyExchange / ε | Empty2, Alert,2.47ConnectionClosed]
Sep 28, 2024 8:52:30 AM de.learnlib.logging.LearnLogger logQuery
INFO: [ε | ChangeCipherSpec ChangeCipherSpec / ε | Empty2, Alert,2.47ConnectionClosed]
Sep 28, 2024 8:52:30 AM de.learnlib.logging.LearnLogger logQuery
INFO: [ε | Finished / ε | Alert,2.10ConnectionClosed]
Sep 28, 2024 8:52:30 AM de.learnlib.logging.LearnLogger logQuery
INFO: [ε | ApplicationData / ε | Alert,2.10ConnectionClosed]
Sep 28, 2024 8:52:30 AM de.learnlib.logging.LearnLogger logQuery
INFO: [ε | ClientHelloRSA ClientHelloDHE / ε | ServerHello,TLSv12Certificate,ServerHelloDone, Alert,2.10ConnectionClosed]
Sep 28, 2024 8:52:30 AM de.learnlib.logging.LearnLogger logQuery
INFO: [ε | ClientHelloDHE ClientHelloDHE / ε | ServerHello,TLSv12Certificate,ServerKeyExchange,ServerHelloDone, Alert,2.10ConnectionClosed]
Sep 28, 2024 8:52:30 AM de.learnlib.logging.LearnLogger logQuery
INFO: [ε | ChangeCipherSpec ClientHelloDHE / ε | Empty2, Alert,2.47ConnectionClosed]
Sep 28, 2024 8:52:30 AM de.learnlib.logging.LearnLogger logQuery
INFO: [ε | ClientHelloRSA ClientKeyExchange / ε | ServerHello,TLSv12Certificate,ServerHelloDone, Empty2,]
Sep 28, 2024 8:52:30 AM de.learnlib.logging.LearnLogger logQuery
INFO: [ε | ClientHelloRSA ClientKeyExchange ClientHelloRSA / ε | ServerHello,TLSv12Certificate,ServerHelloDone, Empty2, Alert,2.10ConnectionClosed]
Sep 28, 2024 8:52:31 AM de.learnlib.logging.LearnLogger logQuery
INFO: [ε | ClientHelloRSA ClientKeyExchange ClientKeyExchange / ε | ServerHello,TLSv12Certificate,ServerHelloDone, Empty2, Alert,2.10ConnectionClosed]
Sep 28, 2024 8:52:31 AM de.learnlib.logging.LearnLogger logQuery
INFO: [ε | ClientHelloRSA ClientKeyExchange ChangeCipherSpec / ε | ServerHello,TLSv12Certificate,ServerHelloDone, Empty2, Empty2,]
Sep 28, 2024 8:52:31 AM de.learnlib.logging.LearnLogger logQuery
INFO: [ε | ClientHelloDHE ClientKeyExchange / ε | ServerHello,TLSv12Certificate,ServerKeyExchange,ServerHelloDone, Empty2,]
Sep 28, 2024 8:52:31 AM de.learnlib.logging.LearnLogger logQuery
INFO: [ε | ClientHelloDHE ClientKeyExchange ClientHelloRSA / ε | ServerHello,TLSv12Certificate,ServerKeyExchange,ServerHelloDone, Empty2, Alert,2.10ConnectionClosed]
Sep 28, 2024 8:52:31 AM de.learnlib.logging.LearnLogger logQuery
INFO: [ε | ClientHelloDHE ClientKeyExchange ClientKeyExchange / ε | ServerHello,TLSv12Certificate,ServerKeyExchange,ServerHelloDone, Empty2, Alert,2.10ConnectionClosed]
Sep 28, 2024 8:52:32 AM de.learnlib.logging.LearnLogger logQuery
INFO: [ε | ClientHelloDHE ClientKeyExchange ChangeCipherSpec / ε | ServerHello,TLSv12Certificate,ServerKeyExchange,ServerHelloDone, Empty2, Empty2,]
Sep 28, 2024 8:52:32 AM de.learnlib.logging.LearnLogger logQuery
INFO: [ε | ClientHelloRSA EmptyCertificate / ε | ServerHello,TLSv12Certificate,ServerHelloDone, Alert,2.10ConnectionClosed]
Sep 28, 2024 8:52:32 AM de.learnlib.logging.LearnLogger logQuery
INFO: [ε | ClientHelloDHE EmptyCertificate / ε | ServerHello,TLSv12Certificate,ServerKeyExchange,ServerHelloDone, Alert,2.10ConnectionClosed]
Sep 28, 2024 8:52:32 AM de.learnlib.logging.LearnLogger logQuery
INFO: [ε | ChangeCipherSpec EmptyCertificate / ε | Empty2, Alert,2.47ConnectionClosed]
Sep 28, 2024 8:52:32 AM de.learnlib.logging.LearnLogger logQuery
INFO: [ε | ClientHelloRSA ClientCertificate / ε | ServerHello,TLSv12Certificate,ServerHelloDone, Alert,2.10ConnectionClosed]
Sep 28, 2024 8:52:32 AM de.learnlib.logging.LearnLogger logQuery
INFO: [ε | ClientHelloDHE ClientCertificate / ε | ServerHello,TLSv12Certificate,ServerKeyExchange,ServerHelloDone, Alert,2.10ConnectionClosed]
Sep 28, 2024 8:52:32 AM de.learnlib.logging.LearnLogger logQuery
INFO: [ε | ChangeCipherSpec ClientCertificate / ε | Empty2, Alert,2.47ConnectionClosed]
Sep 28, 2024 8:52:32 AM de.learnlib.logging.LearnLogger logQuery
INFO: [ε | ClientHelloRSA ClientCertificateVerify / ε | ServerHello,TLSv12Certificate,ServerHelloDone, Alert,2.10ConnectionClosed]
Sep 28, 2024 8:52:33 AM de.learnlib.logging.LearnLogger logQuery
INFO: [ε | ClientHelloDHE ClientCertificateVerify / ε | ServerHello,TLSv12Certificate,ServerKeyExchange,ServerHelloDone, Alert,2.10ConnectionClosed]
Sep 28, 2024 8:52:33 AM de.learnlib.logging.LearnLogger logQuery
INFO: [ε | ChangeCipherSpec ClientCertificateVerify / ε | Empty2, Alert,2.47ConnectionClosed]
Sep 28, 2024 8:52:33 AM de.learnlib.logging.LearnLogger logQuery
INFO: [ε | ClientHelloRSA Finished / ε | ServerHello,TLSv12Certificate,ServerHelloDone, Alert,2.10ConnectionClosed]
Sep 28, 2024 8:52:33 AM de.learnlib.logging.LearnLogger logQuery
INFO: [ε | ClientHelloDHE Finished / ε | ServerHello,TLSv12Certificate,ServerKeyExchange,ServerHelloDone, Alert,2.10ConnectionClosed]
Sep 28, 2024 8:52:33 AM de.learnlib.logging.LearnLogger logQuery
INFO: [ε | ChangeCipherSpec Finished / ε | Empty2, Alert,2.47ConnectionClosed]
Sep 28, 2024 8:52:33 AM de.learnlib.logging.LearnLogger logQuery
INFO: [ε | ClientHelloRSA ApplicationData / ε | ServerHello,TLSv12Certificate,ServerHelloDone, Alert,2.10ConnectionClosed]
Sep 28, 2024 8:52:33 AM de.learnlib.logging.LearnLogger logQuery
INFO: [ε | ClientHelloDHE ApplicationData / ε | ServerHello,TLSv12Certificate,ServerKeyExchange,ServerHelloDone, Alert,2.10ConnectionClosed]
Sep 28, 2024 8:52:33 AM de.learnlib.logging.LearnLogger logQuery
INFO: [ε | ChangeCipherSpec ApplicationData / ε | Empty2, Alert,2.10ConnectionClosed]
Sep 28, 2024 8:52:34 AM de.learnlib.logging.LearnLogger logQuery
INFO: [ε | ClientHelloRSA ClientKeyExchange ClientHelloDHE / ε | ServerHello,TLSv12Certificate,ServerHelloDone, Empty2, Alert,2.10ConnectionClosed]
Sep 28, 2024 8:52:34 AM de.learnlib.logging.LearnLogger logQuery
INFO: [ε | ClientHelloDHE ClientKeyExchange ClientHelloDHE / ε | ServerHello,TLSv12Certificate,ServerKeyExchange,ServerHelloDone, Empty2, Alert,2.10ConnectionClosed]
Sep 28, 2024 8:52:34 AM de.learnlib.logging.LearnLogger logQuery
INFO: [ε | ClientHelloRSA ClientKeyExchange EmptyCertificate / ε | ServerHello,TLSv12Certificate,ServerHelloDone, Empty2, Alert,2.10ConnectionClosed]
Sep 28, 2024 8:52:34 AM de.learnlib.logging.LearnLogger logQuery
INFO: [ε | ClientHelloDHE ClientKeyExchange EmptyCertificate / ε | ServerHello,TLSv12Certificate,ServerKeyExchange,ServerHelloDone, Empty2, Alert,2.10ConnectionClosed]
Sep 28, 2024 8:52:34 AM de.learnlib.logging.LearnLogger logQuery
INFO: [ε | ClientHelloRSA ClientKeyExchange ClientCertificate / ε | ServerHello,TLSv12Certificate,ServerHelloDone, Empty2, Alert,2.10ConnectionClosed]
Sep 28, 2024 8:52:35 AM de.learnlib.logging.LearnLogger logQuery
INFO: [ε | ClientHelloDHE ClientKeyExchange ClientCertificate / ε | ServerHello,TLSv12Certificate,ServerKeyExchange,ServerHelloDone, Empty2, Alert,2.10ConnectionClosed]
Sep 28, 2024 8:52:35 AM de.learnlib.logging.LearnLogger logQuery
INFO: [ε | ClientHelloRSA ClientKeyExchange ClientCertificateVerify / ε | ServerHello,TLSv12Certificate,ServerHelloDone, Empty2, Alert,2.10ConnectionClosed]
Sep 28, 2024 8:52:35 AM de.learnlib.logging.LearnLogger logQuery
INFO: [ε | ClientHelloDHE ClientKeyExchange ClientCertificateVerify / ε | ServerHello,TLSv12Certificate,ServerKeyExchange,ServerHelloDone, Empty2, Alert,2.10ConnectionClosed]
Sep 28, 2024 8:52:35 AM de.learnlib.logging.LearnLogger logQuery
INFO: [ε | ClientHelloRSA ClientKeyExchange ChangeCipherSpec / ε | ServerHello,TLSv12Certificate,ServerHelloDone, Empty2, Empty2,]
Sep 28, 2024 8:52:36 AM de.learnlib.logging.LearnLogger logQuery
INFO: [ε | ClientHelloRSA ClientKeyExchange ChangeCipherSpec ClientHelloRSA / ε | ServerHello,TLSv12Certificate,ServerHelloDone, Empty2, Empty2, Alert,2.10ConnectionClosed]
Sep 28, 2024 8:52:36 AM de.learnlib.logging.LearnLogger logQuery
INFO: [ε | ClientHelloRSA ClientKeyExchange ChangeCipherSpec ClientKeyExchange / ε | ServerHello,TLSv12Certificate,ServerHelloDone, Empty2, Empty2, Alert,2.10ConnectionClosed]
Sep 28, 2024 8:52:36 AM de.learnlib.logging.LearnLogger logQuery
INFO: [ε | ClientHelloRSA ClientKeyExchange ChangeCipherSpec ChangeCipherSpec / ε | ServerHello,TLSv12Certificate,ServerHelloDone, Empty2, Empty2, Alert,2.10ConnectionClosed]
Sep 28, 2024 8:52:37 AM de.learnlib.logging.LearnLogger logQuery
INFO: [ε | ClientHelloDHE ClientKeyExchange ChangeCipherSpec / ε | ServerHello,TLSv12Certificate,ServerKeyExchange,ServerHelloDone, Empty2, Empty2,]
Sep 28, 2024 8:52:37 AM de.learnlib.logging.LearnLogger logQuery
INFO: [ε | ClientHelloDHE ClientKeyExchange ChangeCipherSpec ClientHelloRSA / ε | ServerHello,TLSv12Certificate,ServerKeyExchange,ServerHelloDone, Empty2, Empty2, Alert,2.10ConnectionClosed]
Sep 28, 2024 8:52:37 AM de.learnlib.logging.LearnLogger logQuery
INFO: [ε | ClientHelloDHE ClientKeyExchange ChangeCipherSpec ClientKeyExchange / ε | ServerHello,TLSv12Certificate,ServerKeyExchange,ServerHelloDone, Empty2, Empty2, Alert,2.10ConnectionClosed]
Sep 28, 2024 8:52:37 AM de.learnlib.logging.LearnLogger logQuery
INFO: [ε | ClientHelloDHE ClientKeyExchange ChangeCipherSpec ChangeCipherSpec / ε | ServerHello,TLSv12Certificate,ServerKeyExchange,ServerHelloDone, Empty2, Empty2, Alert,2.10ConnectionClosed]
Sep 28, 2024 8:52:38 AM de.learnlib.logging.LearnLogger logQuery
INFO: [ε | ClientHelloRSA ClientKeyExchange Finished / ε | ServerHello,TLSv12Certificate,ServerHelloDone, Empty2, Alert,2.10ConnectionClosed]
Sep 28, 2024 8:52:38 AM de.learnlib.logging.LearnLogger logQuery
INFO: [ε | ClientHelloDHE ClientKeyExchange Finished / ε | ServerHello,TLSv12Certificate,ServerKeyExchange,ServerHelloDone, Empty2, Alert,2.10ConnectionClosed]
Sep 28, 2024 8:52:38 AM de.learnlib.logging.LearnLogger logQuery
INFO: [ε | ClientHelloRSA ClientKeyExchange ApplicationData / ε | ServerHello,TLSv12Certificate,ServerHelloDone, Empty2, Alert,2.10ConnectionClosed]
Sep 28, 2024 8:52:38 AM de.learnlib.logging.LearnLogger logQuery
INFO: [ε | ClientHelloDHE ClientKeyExchange ApplicationData / ε | ServerHello,TLSv12Certificate,ServerKeyExchange,ServerHelloDone, Empty2, Alert,2.10ConnectionClosed]
Sep 28, 2024 8:52:38 AM de.learnlib.logging.LearnLogger logQuery
INFO: [ε | ClientHelloRSA / ε | ServerHello,TLSv12Certificate,ServerHelloDone,]
Sep 28, 2024 8:52:39 AM de.learnlib.logging.LearnLogger logQuery
INFO: [ε | ClientHelloRSA ClientKeyExchange / ε | ServerHello,TLSv12Certificate,ServerHelloDone, Empty2,]
Sep 28, 2024 8:52:39 AM de.learnlib.logging.LearnLogger logQuery
INFO: [ε | ClientHelloRSA ClientKeyExchange ClientHelloRSA / ε | ServerHello,TLSv12Certificate,ServerHelloDone, Empty2, Alert,2.10ConnectionClosed]
Sep 28, 2024 8:52:39 AM de.learnlib.logging.LearnLogger logQuery
INFO: [ε | ClientHelloRSA ClientKeyExchange ClientKeyExchange / ε | ServerHello,TLSv12Certificate,ServerHelloDone, Empty2, Alert,2.10ConnectionClosed]
Sep 28, 2024 8:52:39 AM de.learnlib.logging.LearnLogger logQuery
INFO: [ε | ClientHelloRSA ClientKeyExchange ChangeCipherSpec / ε | ServerHello,TLSv12Certificate,ServerHelloDone, Empty2, Empty2,]
Sep 28, 2024 8:52:40 AM de.learnlib.logging.LearnLogger logQuery
INFO: [ε | ClientHelloRSA ClientKeyExchange ChangeCipherSpec / ε | ServerHello,TLSv12Certificate,ServerHelloDone, Empty2, Empty2,]
Sep 28, 2024 8:52:40 AM de.learnlib.logging.LearnLogger logQuery
INFO: [ε | ClientHelloRSA ClientKeyExchange ChangeCipherSpec ClientHelloRSA / ε | ServerHello,TLSv12Certificate,ServerHelloDone, Empty2, Empty2, Alert,2.10ConnectionClosed]
Sep 28, 2024 8:52:40 AM de.learnlib.logging.LearnLogger logQuery
INFO: [ε | ClientHelloRSA ClientKeyExchange ChangeCipherSpec ClientKeyExchange / ε | ServerHello,TLSv12Certificate,ServerHelloDone, Empty2, Empty2, Alert,2.10ConnectionClosed]
Sep 28, 2024 8:52:41 AM de.learnlib.logging.LearnLogger logQuery
INFO: [ε | ClientHelloRSA ClientKeyExchange ChangeCipherSpec ChangeCipherSpec / ε | ServerHello,TLSv12Certificate,ServerHelloDone, Empty2, Empty2, Alert,2.10ConnectionClosed]
Sep 28, 2024 8:52:41 AM de.learnlib.logging.LearnLogger logQuery
INFO: [ε | ClientHelloRSA ClientKeyExchange ChangeCipherSpec ClientHelloDHE / ε | ServerHello,TLSv12Certificate,ServerHelloDone, Empty2, Empty2, Alert,2.10ConnectionClosed]
Sep 28, 2024 8:52:41 AM de.learnlib.logging.LearnLogger logQuery
INFO: [ε | ClientHelloRSA ClientKeyExchange ChangeCipherSpec EmptyCertificate / ε | ServerHello,TLSv12Certificate,ServerHelloDone, Empty2, Empty2, Alert,2.10ConnectionClosed]
Sep 28, 2024 8:52:41 AM de.learnlib.logging.LearnLogger logQuery
INFO: [ε | ClientHelloRSA ClientKeyExchange ChangeCipherSpec ClientCertificate / ε | ServerHello,TLSv12Certificate,ServerHelloDone, Empty2, Empty2, Alert,2.10ConnectionClosed]
Sep 28, 2024 8:52:42 AM de.learnlib.logging.LearnLogger logQuery
INFO: [ε | ClientHelloRSA ClientKeyExchange ChangeCipherSpec ClientCertificateVerify / ε | ServerHello,TLSv12Certificate,ServerHelloDone, Empty2, Empty2, Alert,2.10ConnectionClosed]
Sep 28, 2024 8:52:42 AM de.learnlib.logging.LearnLogger logQuery
INFO: [ε | ClientHelloRSA ClientKeyExchange ChangeCipherSpec Finished / ε | ServerHello,TLSv12Certificate,ServerHelloDone, Empty2, Empty2, ChangeCipherSpec,Finished,]
Sep 28, 2024 8:52:43 AM de.learnlib.logging.LearnLogger logQuery
INFO: [ε | ClientHelloRSA ClientKeyExchange ChangeCipherSpec Finished ClientHelloRSA / ε | ServerHello,TLSv12Certificate,ServerHelloDone, Empty2, Empty2, ChangeCipherSpec,Finished, Alert,2.50ConnectionClosed]
Sep 28, 2024 8:52:43 AM de.learnlib.logging.LearnLogger logQuery
INFO: [ε | ClientHelloRSA ClientKeyExchange ChangeCipherSpec Finished ClientKeyExchange / ε | ServerHello,TLSv12Certificate,ServerHelloDone, Empty2, Empty2, ChangeCipherSpec,Finished, Alert,2.10ConnectionClosed]
Sep 28, 2024 8:52:43 AM de.learnlib.logging.LearnLogger logQuery
INFO: [ε | ClientHelloRSA ClientKeyExchange ChangeCipherSpec Finished ChangeCipherSpec / ε | ServerHello,TLSv12Certificate,ServerHelloDone, Empty2, Empty2, ChangeCipherSpec,Finished, Alert,2.10ConnectionClosed]
Sep 28, 2024 8:52:44 AM de.learnlib.logging.LearnLogger logQuery
INFO: [ε | ClientHelloRSA ClientKeyExchange ChangeCipherSpec ApplicationData / ε | ServerHello,TLSv12Certificate,ServerHelloDone, Empty2, Empty2, Alert,2.10ConnectionClosed]
Sep 28, 2024 8:52:44 AM de.learnlib.logging.LearnLogger logQuery
INFO: [ε | ClientHelloDHE / ε | ServerHello,TLSv12Certificate,ServerKeyExchange,ServerHelloDone,]
Sep 28, 2024 8:52:44 AM de.learnlib.logging.LearnLogger logQuery
INFO: [ε | ClientHelloDHE ClientKeyExchange / ε | ServerHello,TLSv12Certificate,ServerKeyExchange,ServerHelloDone, Empty2,]
Sep 28, 2024 8:52:44 AM de.learnlib.logging.LearnLogger logQuery
INFO: [ε | ClientHelloDHE ClientKeyExchange ClientHelloRSA / ε | ServerHello,TLSv12Certificate,ServerKeyExchange,ServerHelloDone, Empty2, Alert,2.10ConnectionClosed]
Sep 28, 2024 8:52:44 AM de.learnlib.logging.LearnLogger logQuery
INFO: [ε | ClientHelloDHE ClientKeyExchange ClientKeyExchange / ε | ServerHello,TLSv12Certificate,ServerKeyExchange,ServerHelloDone, Empty2, Alert,2.10ConnectionClosed]
Sep 28, 2024 8:52:45 AM de.learnlib.logging.LearnLogger logQuery
INFO: [ε | ClientHelloDHE ClientKeyExchange ChangeCipherSpec / ε | ServerHello,TLSv12Certificate,ServerKeyExchange,ServerHelloDone, Empty2, Empty2,]
Sep 28, 2024 8:52:45 AM de.learnlib.logging.LearnLogger logQuery
INFO: [ε | ClientHelloDHE ClientKeyExchange ChangeCipherSpec / ε | ServerHello,TLSv12Certificate,ServerKeyExchange,ServerHelloDone, Empty2, Empty2,]
Sep 28, 2024 8:52:45 AM de.learnlib.logging.LearnLogger logQuery
INFO: [ε | ClientHelloDHE ClientKeyExchange ChangeCipherSpec ClientHelloRSA / ε | ServerHello,TLSv12Certificate,ServerKeyExchange,ServerHelloDone, Empty2, Empty2, Alert,2.10ConnectionClosed]
Sep 28, 2024 8:52:46 AM de.learnlib.logging.LearnLogger logQuery
INFO: [ε | ClientHelloDHE ClientKeyExchange ChangeCipherSpec ClientKeyExchange / ε | ServerHello,TLSv12Certificate,ServerKeyExchange,ServerHelloDone, Empty2, Empty2, Alert,2.10ConnectionClosed]
Sep 28, 2024 8:52:46 AM de.learnlib.logging.LearnLogger logQuery
INFO: [ε | ClientHelloDHE ClientKeyExchange ChangeCipherSpec ChangeCipherSpec / ε | ServerHello,TLSv12Certificate,ServerKeyExchange,ServerHelloDone, Empty2, Empty2, Alert,2.10ConnectionClosed]
Sep 28, 2024 8:52:46 AM de.learnlib.logging.LearnLogger logQuery
INFO: [ε | ClientHelloDHE ClientKeyExchange ChangeCipherSpec ClientHelloDHE / ε | ServerHello,TLSv12Certificate,ServerKeyExchange,ServerHelloDone, Empty2, Empty2, Alert,2.10ConnectionClosed]
Sep 28, 2024 8:52:47 AM de.learnlib.logging.LearnLogger logQuery
INFO: [ε | ClientHelloDHE ClientKeyExchange ChangeCipherSpec EmptyCertificate / ε | ServerHello,TLSv12Certificate,ServerKeyExchange,ServerHelloDone, Empty2, Empty2, Alert,2.10ConnectionClosed]
Sep 28, 2024 8:52:47 AM de.learnlib.logging.LearnLogger logQuery
INFO: [ε | ClientHelloDHE ClientKeyExchange ChangeCipherSpec ClientCertificate / ε | ServerHello,TLSv12Certificate,ServerKeyExchange,ServerHelloDone, Empty2, Empty2, Alert,2.10ConnectionClosed]
Sep 28, 2024 8:52:47 AM de.learnlib.logging.LearnLogger logQuery
INFO: [ε | ClientHelloDHE ClientKeyExchange ChangeCipherSpec ClientCertificateVerify / ε | ServerHello,TLSv12Certificate,ServerKeyExchange,ServerHelloDone, Empty2, Empty2, Alert,2.10ConnectionClosed]
Sep 28, 2024 8:52:48 AM de.learnlib.logging.LearnLogger logQuery
INFO: [ε | ClientHelloDHE ClientKeyExchange ChangeCipherSpec Finished / ε | ServerHello,TLSv12Certificate,ServerKeyExchange,ServerHelloDone, Empty2, Empty2, ChangeCipherSpec,Finished,]
Sep 28, 2024 8:52:48 AM de.learnlib.logging.LearnLogger logQuery
INFO: [ε | ClientHelloDHE ClientKeyExchange ChangeCipherSpec Finished ClientHelloRSA / ε | ServerHello,TLSv12Certificate,ServerKeyExchange,ServerHelloDone, Empty2, Empty2, ChangeCipherSpec,Finished, Alert,2.50ConnectionClosed]
Sep 28, 2024 8:52:48 AM de.learnlib.logging.LearnLogger logQuery
INFO: [ε | ClientHelloDHE ClientKeyExchange ChangeCipherSpec Finished ClientKeyExchange / ε | ServerHello,TLSv12Certificate,ServerKeyExchange,ServerHelloDone, Empty2, Empty2, ChangeCipherSpec,Finished, Alert,2.10ConnectionClosed]
Sep 28, 2024 8:52:49 AM de.learnlib.logging.LearnLogger logQuery
INFO: [ε | ClientHelloDHE ClientKeyExchange ChangeCipherSpec Finished ChangeCipherSpec / ε | ServerHello,TLSv12Certificate,ServerKeyExchange,ServerHelloDone, Empty2, Empty2, ChangeCipherSpec,Finished, Alert,2.10ConnectionClosed]
Sep 28, 2024 8:52:49 AM de.learnlib.logging.LearnLogger logQuery
INFO: [ε | ClientHelloDHE ClientKeyExchange ChangeCipherSpec ApplicationData / ε | ServerHello,TLSv12Certificate,ServerKeyExchange,ServerHelloDone, Empty2, Empty2, Alert,2.10ConnectionClosed]
Sep 28, 2024 8:52:49 AM de.learnlib.logging.LearnLogger logQuery
INFO: [ε | ClientKeyExchange / ε | Alert,2.10ConnectionClosed]
Sep 28, 2024 8:52:49 AM de.learnlib.logging.LearnLogger logQuery
INFO: [ε | EmptyCertificate / ε | Alert,2.10ConnectionClosed]
Sep 28, 2024 8:52:49 AM de.learnlib.logging.LearnLogger logQuery
INFO: [ε | ClientCertificate / ε | Alert,2.10ConnectionClosed]
Sep 28, 2024 8:52:49 AM de.learnlib.logging.LearnLogger logQuery
INFO: [ε | ClientCertificateVerify / ε | Alert,2.10ConnectionClosed]
Sep 28, 2024 8:52:49 AM de.learnlib.logging.LearnLogger logQuery
INFO: [ε | ChangeCipherSpec / ε | Empty2,]
Sep 28, 2024 8:52:49 AM de.learnlib.logging.LearnLogger logQuery
INFO: [ε | Finished / ε | Alert,2.10ConnectionClosed]
Sep 28, 2024 8:52:49 AM de.learnlib.logging.LearnLogger logQuery
INFO: [ε | ApplicationData / ε | Alert,2.10ConnectionClosed]
Sep 28, 2024 8:52:49 AM de.learnlib.logging.LearnLogger logQuery
INFO: [ε | ClientHelloRSA ClientHelloRSA / ε | ServerHello,TLSv12Certificate,ServerHelloDone, Alert,2.10ConnectionClosed]
Sep 28, 2024 8:52:49 AM de.learnlib.logging.LearnLogger logQuery
INFO: [ε | ClientHelloRSA ClientHelloDHE / ε | ServerHello,TLSv12Certificate,ServerHelloDone, Alert,2.10ConnectionClosed]
Sep 28, 2024 8:52:50 AM de.learnlib.logging.LearnLogger logQuery
INFO: [ε | ClientHelloRSA ClientKeyExchange / ε | ServerHello,TLSv12Certificate,ServerHelloDone, Empty2,]
Sep 28, 2024 8:52:50 AM de.learnlib.logging.LearnLogger logQuery
INFO: [ε | ClientHelloRSA ClientKeyExchange ChangeCipherSpec / ε | ServerHello,TLSv12Certificate,ServerHelloDone, Empty2, Empty2,]
Sep 28, 2024 8:52:50 AM de.learnlib.logging.LearnLogger logQuery
INFO: [ε | ClientHelloRSA ClientKeyExchange ChangeCipherSpec ClientHelloRSA / ε | ServerHello,TLSv12Certificate,ServerHelloDone, Empty2, Empty2, Alert,2.10ConnectionClosed]
Sep 28, 2024 8:52:51 AM de.learnlib.logging.LearnLogger logQuery
INFO: [ε | ClientHelloRSA ClientKeyExchange ChangeCipherSpec ClientKeyExchange / ε | ServerHello,TLSv12Certificate,ServerHelloDone, Empty2, Empty2, Alert,2.10ConnectionClosed]
Sep 28, 2024 8:52:51 AM de.learnlib.logging.LearnLogger logQuery
INFO: [ε | ClientHelloRSA ClientKeyExchange ChangeCipherSpec ChangeCipherSpec / ε | ServerHello,TLSv12Certificate,ServerHelloDone, Empty2, Empty2, Alert,2.10ConnectionClosed]
Sep 28, 2024 8:52:51 AM de.learnlib.logging.LearnLogger logQuery
INFO: [ε | ClientHelloRSA ClientKeyExchange ChangeCipherSpec Finished / ε | ServerHello,TLSv12Certificate,ServerHelloDone, Empty2, Empty2, ChangeCipherSpec,Finished,]
Sep 28, 2024 8:52:52 AM de.learnlib.logging.LearnLogger logQuery
INFO: [ε | ClientHelloRSA ClientKeyExchange ChangeCipherSpec Finished ClientHelloRSA / ε | ServerHello,TLSv12Certificate,ServerHelloDone, Empty2, Empty2, ChangeCipherSpec,Finished, Alert,2.50ConnectionClosed]
Sep 28, 2024 8:52:52 AM de.learnlib.logging.LearnLogger logQuery
INFO: [ε | ClientHelloRSA ClientKeyExchange ChangeCipherSpec Finished ClientKeyExchange / ε | ServerHello,TLSv12Certificate,ServerHelloDone, Empty2, Empty2, ChangeCipherSpec,Finished, Alert,2.10ConnectionClosed]
Sep 28, 2024 8:52:52 AM de.learnlib.logging.LearnLogger logQuery
INFO: [ε | ClientHelloRSA ClientKeyExchange ChangeCipherSpec Finished ChangeCipherSpec / ε | ServerHello,TLSv12Certificate,ServerHelloDone, Empty2, Empty2, ChangeCipherSpec,Finished, Alert,2.10ConnectionClosed]
Sep 28, 2024 8:52:53 AM de.learnlib.logging.LearnLogger logQuery
INFO: [ε | ClientHelloRSA ClientKeyExchange ChangeCipherSpec Finished ClientHelloDHE / ε | ServerHello,TLSv12Certificate,ServerHelloDone, Empty2, Empty2, ChangeCipherSpec,Finished, Alert,2.50ConnectionClosed]
Sep 28, 2024 8:52:53 AM de.learnlib.logging.LearnLogger logQuery
INFO: [ε | ClientHelloRSA ClientKeyExchange ChangeCipherSpec Finished EmptyCertificate / ε | ServerHello,TLSv12Certificate,ServerHelloDone, Empty2, Empty2, ChangeCipherSpec,Finished, Alert,2.10ConnectionClosed]
Sep 28, 2024 8:52:54 AM de.learnlib.logging.LearnLogger logQuery
INFO: [ε | ClientHelloRSA ClientKeyExchange ChangeCipherSpec Finished ClientCertificate / ε | ServerHello,TLSv12Certificate,ServerHelloDone, Empty2, Empty2, ChangeCipherSpec,Finished, Alert,2.10ConnectionClosed]
Sep 28, 2024 8:52:54 AM de.learnlib.logging.LearnLogger logQuery
INFO: [ε | ClientHelloRSA ClientKeyExchange ChangeCipherSpec Finished ClientCertificateVerify / ε | ServerHello,TLSv12Certificate,ServerHelloDone, Empty2, Empty2, ChangeCipherSpec,Finished, Alert,2.10ConnectionClosed]
Sep 28, 2024 8:52:55 AM de.learnlib.logging.LearnLogger logQuery
INFO: [ε | ClientHelloRSA ClientKeyExchange ChangeCipherSpec Finished Finished / ε | ServerHello,TLSv12Certificate,ServerHelloDone, Empty2, Empty2, ChangeCipherSpec,Finished, Alert,2.10ConnectionClosed]
Sep 28, 2024 8:52:55 AM de.learnlib.logging.LearnLogger logQuery
INFO: [ε | ClientHelloRSA ClientKeyExchange ChangeCipherSpec Finished ApplicationData / ε | ServerHello,TLSv12Certificate,ServerHelloDone, Empty2, Empty2, ChangeCipherSpec,Finished, ApplicationData,Alert,1.0ConnectionClosed]
Sep 28, 2024 8:52:55 AM de.learnlib.logging.LearnLogger logQuery
INFO: [ε | ClientHelloRSA EmptyCertificate / ε | ServerHello,TLSv12Certificate,ServerHelloDone, Alert,2.10ConnectionClosed]
Sep 28, 2024 8:52:55 AM de.learnlib.logging.LearnLogger logQuery
INFO: [ε | ClientHelloRSA ClientCertificate / ε | ServerHello,TLSv12Certificate,ServerHelloDone, Alert,2.10ConnectionClosed]
Sep 28, 2024 8:52:55 AM de.learnlib.logging.LearnLogger logQuery
INFO: [ε | ClientHelloRSA ClientCertificateVerify / ε | ServerHello,TLSv12Certificate,ServerHelloDone, Alert,2.10ConnectionClosed]
Sep 28, 2024 8:52:55 AM de.learnlib.logging.LearnLogger logQuery
INFO: [ε | ClientHelloRSA ChangeCipherSpec / ε | ServerHello,TLSv12Certificate,ServerHelloDone, Alert,2.10ConnectionClosed]
Sep 28, 2024 8:52:55 AM de.learnlib.logging.LearnLogger logQuery
INFO: [ε | ClientHelloRSA Finished / ε | ServerHello,TLSv12Certificate,ServerHelloDone, Alert,2.10ConnectionClosed]
Sep 28, 2024 8:52:56 AM de.learnlib.logging.LearnLogger logQuery
INFO: [ε | ClientHelloRSA ApplicationData / ε | ServerHello,TLSv12Certificate,ServerHelloDone, Alert,2.10ConnectionClosed]
Sep 28, 2024 8:52:56 AM de.learnlib.logging.LearnLogger logQuery
INFO: [ε | ClientKeyExchange ClientHelloRSA / ε | Alert,2.10ConnectionClosed ConnectionClosed]
Sep 28, 2024 8:52:56 AM de.learnlib.logging.LearnLogger logQuery
INFO: [ε | ClientKeyExchange ClientHelloDHE / ε | Alert,2.10ConnectionClosed ConnectionClosed]
Sep 28, 2024 8:52:56 AM de.learnlib.logging.LearnLogger logQuery
INFO: [ε | ClientKeyExchange ClientKeyExchange / ε | Alert,2.10ConnectionClosed ConnectionClosed]
Sep 28, 2024 8:52:56 AM de.learnlib.logging.LearnLogger logQuery
INFO: [ε | ClientKeyExchange EmptyCertificate / ε | Alert,2.10ConnectionClosed ConnectionClosed]
Sep 28, 2024 8:52:56 AM de.learnlib.logging.LearnLogger logQuery
INFO: [ε | ClientKeyExchange ClientCertificate / ε | Alert,2.10ConnectionClosed ConnectionClosed]
Sep 28, 2024 8:52:56 AM de.learnlib.logging.LearnLogger logQuery
INFO: [ε | ClientKeyExchange ClientCertificateVerify / ε | Alert,2.10ConnectionClosed ConnectionClosed]
Sep 28, 2024 8:52:56 AM de.learnlib.logging.LearnLogger logQuery
INFO: [ε | ClientKeyExchange ChangeCipherSpec / ε | Alert,2.10ConnectionClosed ConnectionClosed]
Sep 28, 2024 8:52:56 AM de.learnlib.logging.LearnLogger logQuery
INFO: [ε | ClientKeyExchange Finished / ε | Alert,2.10ConnectionClosed ConnectionClosed]
Sep 28, 2024 8:52:56 AM de.learnlib.logging.LearnLogger logQuery
INFO: [ε | ClientKeyExchange ApplicationData / ε | Alert,2.10ConnectionClosed ConnectionClosed]
Sep 28, 2024 8:52:56 AM de.learnlib.logging.LearnLogger logQuery
INFO: [ε | ChangeCipherSpec ClientHelloRSA / ε | Empty2, Alert,2.47ConnectionClosed]
Sep 28, 2024 8:52:56 AM de.learnlib.logging.LearnLogger logQuery
INFO: [ε | ChangeCipherSpec ClientHelloDHE / ε | Empty2, Alert,2.47ConnectionClosed]
Sep 28, 2024 8:52:56 AM de.learnlib.logging.LearnLogger logQuery
INFO: [ε | ChangeCipherSpec ClientKeyExchange / ε | Empty2, Alert,2.47ConnectionClosed]
Sep 28, 2024 8:52:56 AM de.learnlib.logging.LearnLogger logQuery
INFO: [ε | ChangeCipherSpec EmptyCertificate / ε | Empty2, Alert,2.47ConnectionClosed]
Sep 28, 2024 8:52:56 AM de.learnlib.logging.LearnLogger logQuery
INFO: [ε | ChangeCipherSpec ClientCertificate / ε | Empty2, Alert,2.47ConnectionClosed]
Sep 28, 2024 8:52:56 AM de.learnlib.logging.LearnLogger logQuery
INFO: [ε | ChangeCipherSpec ClientCertificateVerify / ε | Empty2, Alert,2.47ConnectionClosed]
Sep 28, 2024 8:52:56 AM de.learnlib.logging.LearnLogger logQuery
INFO: [ε | ChangeCipherSpec ChangeCipherSpec / ε | Empty2, Alert,2.47ConnectionClosed]
Sep 28, 2024 8:52:56 AM de.learnlib.logging.LearnLogger logQuery
INFO: [ε | ChangeCipherSpec Finished / ε | Empty2, Alert,2.47ConnectionClosed]
Sep 28, 2024 8:52:56 AM de.learnlib.logging.LearnLogger logQuery
INFO: [ε | ChangeCipherSpec ApplicationData / ε | Empty2, Alert,2.10ConnectionClosed]
Sep 28, 2024 8:52:57 AM de.learnlib.logging.LearnLogger logQuery
INFO: [ε | ClientHelloRSA ClientKeyExchange ClientHelloRSA / ε | ServerHello,TLSv12Certificate,ServerHelloDone, Empty2, Alert,2.10ConnectionClosed]
Sep 28, 2024 8:52:57 AM de.learnlib.logging.LearnLogger logQuery
INFO: [ε | ClientHelloRSA ClientKeyExchange ClientHelloDHE / ε | ServerHello,TLSv12Certificate,ServerHelloDone, Empty2, Alert,2.10ConnectionClosed]
Sep 28, 2024 8:52:57 AM de.learnlib.logging.LearnLogger logQuery
INFO: [ε | ClientHelloRSA ClientKeyExchange ClientKeyExchange / ε | ServerHello,TLSv12Certificate,ServerHelloDone, Empty2, Alert,2.10ConnectionClosed]
Sep 28, 2024 8:52:57 AM de.learnlib.logging.LearnLogger logQuery
INFO: [ε | ClientHelloRSA ClientKeyExchange EmptyCertificate / ε | ServerHello,TLSv12Certificate,ServerHelloDone, Empty2, Alert,2.10ConnectionClosed]
Sep 28, 2024 8:52:57 AM de.learnlib.logging.LearnLogger logQuery
INFO: [ε | ClientHelloRSA ClientKeyExchange ClientCertificate / ε | ServerHello,TLSv12Certificate,ServerHelloDone, Empty2, Alert,2.10ConnectionClosed]
Sep 28, 2024 8:52:58 AM de.learnlib.logging.LearnLogger logQuery
INFO: [ε | ClientHelloRSA ClientKeyExchange ClientCertificateVerify / ε | ServerHello,TLSv12Certificate,ServerHelloDone, Empty2, Alert,2.10ConnectionClosed]
Sep 28, 2024 8:52:58 AM de.learnlib.logging.LearnLogger logQuery
INFO: [ε | ClientHelloRSA ClientKeyExchange ChangeCipherSpec / ε | ServerHello,TLSv12Certificate,ServerHelloDone, Empty2, Empty2,]
Sep 28, 2024 8:52:58 AM de.learnlib.logging.LearnLogger logQuery
INFO: [ε | ClientHelloRSA ClientKeyExchange ChangeCipherSpec Finished / ε | ServerHello,TLSv12Certificate,ServerHelloDone, Empty2, Empty2, ChangeCipherSpec,Finished,]
Sep 28, 2024 8:52:59 AM de.learnlib.logging.LearnLogger logQuery
INFO: [ε | ClientHelloRSA ClientKeyExchange ChangeCipherSpec Finished ClientHelloRSA / ε | ServerHello,TLSv12Certificate,ServerHelloDone, Empty2, Empty2, ChangeCipherSpec,Finished, Alert,2.50ConnectionClosed]
Sep 28, 2024 8:52:59 AM de.learnlib.logging.LearnLogger logQuery
INFO: [ε | ClientHelloRSA ClientKeyExchange ChangeCipherSpec Finished ClientKeyExchange / ε | ServerHello,TLSv12Certificate,ServerHelloDone, Empty2, Empty2, ChangeCipherSpec,Finished, Alert,2.10ConnectionClosed]
Sep 28, 2024 8:53:00 AM de.learnlib.logging.LearnLogger logQuery
INFO: [ε | ClientHelloRSA ClientKeyExchange ChangeCipherSpec Finished ChangeCipherSpec / ε | ServerHello,TLSv12Certificate,ServerHelloDone, Empty2, Empty2, ChangeCipherSpec,Finished, Alert,2.10ConnectionClosed]
Sep 28, 2024 8:53:00 AM de.learnlib.logging.LearnLogger logQuery
INFO: [ε | ClientHelloRSA ClientKeyExchange Finished / ε | ServerHello,TLSv12Certificate,ServerHelloDone, Empty2, Alert,2.10ConnectionClosed]
Sep 28, 2024 8:53:00 AM de.learnlib.logging.LearnLogger logQuery
INFO: [ε | ClientHelloRSA ClientKeyExchange ApplicationData / ε | ServerHello,TLSv12Certificate,ServerHelloDone, Empty2, Alert,2.10ConnectionClosed]
Sep 28, 2024 8:53:00 AM de.learnlib.logging.LearnLogger logQuery
INFO: [ε | ChangeCipherSpec Finished ClientHelloRSA / ε | Empty2, Alert,2.47ConnectionClosed ConnectionClosed]
Sep 28, 2024 8:53:00 AM de.learnlib.logging.LearnLogger logQuery
INFO: [ε | ChangeCipherSpec Finished ClientHelloDHE / ε | Empty2, Alert,2.47ConnectionClosed ConnectionClosed]
Sep 28, 2024 8:53:00 AM de.learnlib.logging.LearnLogger logQuery
INFO: [ε | ChangeCipherSpec Finished ClientKeyExchange / ε | Empty2, Alert,2.47ConnectionClosed ConnectionClosed]
Sep 28, 2024 8:53:00 AM de.learnlib.logging.LearnLogger logQuery
INFO: [ε | ChangeCipherSpec Finished EmptyCertificate / ε | Empty2, Alert,2.47ConnectionClosed ConnectionClosed]
Sep 28, 2024 8:53:01 AM de.learnlib.logging.LearnLogger logQuery
INFO: [ε | ChangeCipherSpec Finished ClientCertificate / ε | Empty2, Alert,2.47ConnectionClosed ConnectionClosed]
Sep 28, 2024 8:53:01 AM de.learnlib.logging.LearnLogger logQuery
INFO: [ε | ChangeCipherSpec Finished ClientCertificateVerify / ε | Empty2, Alert,2.47ConnectionClosed ConnectionClosed]
Sep 28, 2024 8:53:01 AM de.learnlib.logging.LearnLogger logQuery
INFO: [ε | ChangeCipherSpec Finished ChangeCipherSpec / ε | Empty2, Alert,2.47ConnectionClosed ConnectionClosed]
Sep 28, 2024 8:53:01 AM de.learnlib.logging.LearnLogger logQuery
INFO: [ε | ChangeCipherSpec Finished Finished / ε | Empty2, Alert,2.47ConnectionClosed ConnectionClosed]
Sep 28, 2024 8:53:01 AM de.learnlib.logging.LearnLogger logQuery
INFO: [ε | ChangeCipherSpec Finished ApplicationData / ε | Empty2, Alert,2.47ConnectionClosed ConnectionClosed]
Sep 28, 2024 8:53:01 AM de.learnlib.logging.LearnLogger logQuery
INFO: [ε | ClientHelloRSA ClientKeyExchange ChangeCipherSpec ClientHelloRSA / ε | ServerHello,TLSv12Certificate,ServerHelloDone, Empty2, Empty2, Alert,2.10ConnectionClosed]
Sep 28, 2024 8:53:02 AM de.learnlib.logging.LearnLogger logQuery
INFO: [ε | ClientHelloRSA ClientKeyExchange ChangeCipherSpec ClientHelloDHE / ε | ServerHello,TLSv12Certificate,ServerHelloDone, Empty2, Empty2, Alert,2.10ConnectionClosed]
Sep 28, 2024 8:53:02 AM de.learnlib.logging.LearnLogger logQuery
INFO: [ε | ClientHelloRSA ClientKeyExchange ChangeCipherSpec ClientKeyExchange / ε | ServerHello,TLSv12Certificate,ServerHelloDone, Empty2, Empty2, Alert,2.10ConnectionClosed]
Sep 28, 2024 8:53:02 AM de.learnlib.logging.LearnLogger logQuery
INFO: [ε | ClientHelloRSA ClientKeyExchange ChangeCipherSpec EmptyCertificate / ε | ServerHello,TLSv12Certificate,ServerHelloDone, Empty2, Empty2, Alert,2.10ConnectionClosed]
Sep 28, 2024 8:53:02 AM de.learnlib.logging.LearnLogger logQuery
INFO: [ε | ClientHelloRSA ClientKeyExchange ChangeCipherSpec ClientCertificate / ε | ServerHello,TLSv12Certificate,ServerHelloDone, Empty2, Empty2, Alert,2.10ConnectionClosed]
Sep 28, 2024 8:53:03 AM de.learnlib.logging.LearnLogger logQuery
INFO: [ε | ClientHelloRSA ClientKeyExchange ChangeCipherSpec ClientCertificateVerify / ε | ServerHello,TLSv12Certificate,ServerHelloDone, Empty2, Empty2, Alert,2.10ConnectionClosed]
Sep 28, 2024 8:53:03 AM de.learnlib.logging.LearnLogger logQuery
INFO: [ε | ClientHelloRSA ClientKeyExchange ChangeCipherSpec ChangeCipherSpec / ε | ServerHello,TLSv12Certificate,ServerHelloDone, Empty2, Empty2, Alert,2.10ConnectionClosed]
Sep 28, 2024 8:53:03 AM de.learnlib.logging.LearnLogger logQuery
INFO: [ε | ClientHelloRSA ClientKeyExchange ChangeCipherSpec Finished / ε | ServerHello,TLSv12Certificate,ServerHelloDone, Empty2, Empty2, ChangeCipherSpec,Finished,]
Sep 28, 2024 8:53:04 AM de.learnlib.logging.LearnLogger logQuery
INFO: [ε | ClientHelloRSA ClientKeyExchange ChangeCipherSpec ApplicationData / ε | ServerHello,TLSv12Certificate,ServerHelloDone, Empty2, Empty2, Alert,2.10ConnectionClosed]
Sep 28, 2024 8:53:04 AM de.learnlib.logging.LearnLogger logQuery
INFO: [ε | ChangeCipherSpec Finished ClientCertificate ClientHelloRSA / ε | Empty2, Alert,2.47ConnectionClosed ConnectionClosed ConnectionClosed]
Sep 28, 2024 8:53:04 AM de.learnlib.logging.LearnLogger logQuery
INFO: [ε | ChangeCipherSpec Finished ClientCertificate ClientHelloDHE / ε | Empty2, Alert,2.47ConnectionClosed ConnectionClosed ConnectionClosed]
Sep 28, 2024 8:53:04 AM de.learnlib.logging.LearnLogger logQuery
INFO: [ε | ChangeCipherSpec Finished ClientCertificate ClientKeyExchange / ε | Empty2, Alert,2.47ConnectionClosed ConnectionClosed ConnectionClosed]
Sep 28, 2024 8:53:04 AM de.learnlib.logging.LearnLogger logQuery
INFO: [ε | ChangeCipherSpec Finished ClientCertificate EmptyCertificate / ε | Empty2, Alert,2.47ConnectionClosed ConnectionClosed ConnectionClosed]
Sep 28, 2024 8:53:04 AM de.learnlib.logging.LearnLogger logQuery
INFO: [ε | ChangeCipherSpec Finished ClientCertificate ClientCertificate / ε | Empty2, Alert,2.47ConnectionClosed ConnectionClosed ConnectionClosed]
Sep 28, 2024 8:53:04 AM de.learnlib.logging.LearnLogger logQuery
INFO: [ε | ChangeCipherSpec Finished ClientCertificate ClientCertificateVerify / ε | Empty2, Alert,2.47ConnectionClosed ConnectionClosed ConnectionClosed]
Sep 28, 2024 8:53:04 AM de.learnlib.logging.LearnLogger logQuery
INFO: [ε | ChangeCipherSpec Finished ClientCertificate ChangeCipherSpec / ε | Empty2, Alert,2.47ConnectionClosed ConnectionClosed ConnectionClosed]
Sep 28, 2024 8:53:05 AM de.learnlib.logging.LearnLogger logQuery
INFO: [ε | ChangeCipherSpec Finished ClientCertificate Finished / ε | Empty2, Alert,2.47ConnectionClosed ConnectionClosed ConnectionClosed]
Sep 28, 2024 8:53:05 AM de.learnlib.logging.LearnLogger logQuery
INFO: [ε | ChangeCipherSpec Finished ClientCertificate ApplicationData / ε | Empty2, Alert,2.47ConnectionClosed ConnectionClosed ConnectionClosed]
Sep 28, 2024 8:53:05 AM de.learnlib.logging.LearnLogger logQuery
INFO: [ε | ClientHelloRSA ClientKeyExchange ChangeCipherSpec Finished ClientHelloRSA / ε | ServerHello,TLSv12Certificate,ServerHelloDone, Empty2, Empty2, ChangeCipherSpec,Finished, Alert,2.50ConnectionClosed]
Sep 28, 2024 8:53:05 AM de.learnlib.logging.LearnLogger logQuery
INFO: [ε | ClientHelloRSA ClientKeyExchange ChangeCipherSpec Finished ClientHelloDHE / ε | ServerHello,TLSv12Certificate,ServerHelloDone, Empty2, Empty2, ChangeCipherSpec,Finished, Alert,2.50ConnectionClosed]
Sep 28, 2024 8:53:06 AM de.learnlib.logging.LearnLogger logQuery
INFO: [ε | ClientHelloRSA ClientKeyExchange ChangeCipherSpec Finished ClientKeyExchange / ε | ServerHello,TLSv12Certificate,ServerHelloDone, Empty2, Empty2, ChangeCipherSpec,Finished, Alert,2.10ConnectionClosed]
Sep 28, 2024 8:53:06 AM de.learnlib.logging.LearnLogger logQuery
INFO: [ε | ClientHelloRSA ClientKeyExchange ChangeCipherSpec Finished EmptyCertificate / ε | ServerHello,TLSv12Certificate,ServerHelloDone, Empty2, Empty2, ChangeCipherSpec,Finished, Alert,2.10ConnectionClosed]
Sep 28, 2024 8:53:07 AM de.learnlib.logging.LearnLogger logQuery
INFO: [ε | ClientHelloRSA ClientKeyExchange ChangeCipherSpec Finished ClientCertificate / ε | ServerHello,TLSv12Certificate,ServerHelloDone, Empty2, Empty2, ChangeCipherSpec,Finished, Alert,2.10ConnectionClosed]
Sep 28, 2024 8:53:07 AM de.learnlib.logging.LearnLogger logQuery
INFO: [ε | ClientHelloRSA ClientKeyExchange ChangeCipherSpec Finished ClientCertificateVerify / ε | ServerHello,TLSv12Certificate,ServerHelloDone, Empty2, Empty2, ChangeCipherSpec,Finished, Alert,2.10ConnectionClosed]
Sep 28, 2024 8:53:07 AM de.learnlib.logging.LearnLogger logQuery
INFO: [ε | ClientHelloRSA ClientKeyExchange ChangeCipherSpec Finished ChangeCipherSpec / ε | ServerHello,TLSv12Certificate,ServerHelloDone, Empty2, Empty2, ChangeCipherSpec,Finished, Alert,2.10ConnectionClosed]
Sep 28, 2024 8:53:08 AM de.learnlib.logging.LearnLogger logQuery
INFO: [ε | ClientHelloRSA ClientKeyExchange ChangeCipherSpec Finished Finished / ε | ServerHello,TLSv12Certificate,ServerHelloDone, Empty2, Empty2, ChangeCipherSpec,Finished, Alert,2.10ConnectionClosed]
Sep 28, 2024 8:53:08 AM de.learnlib.logging.LearnLogger logQuery
INFO: [ε | ClientHelloRSA ClientKeyExchange ChangeCipherSpec Finished ApplicationData / ε | ServerHello,TLSv12Certificate,ServerHelloDone, Empty2, Empty2, ChangeCipherSpec,Finished, ApplicationData,Alert,1.0ConnectionClosed]
