Aug 20, 2024 12:50:35 PM de.learnlib.logging.LearnLogger logQuery
INFO: [ε | ClientHelloRSA / ε | Alert,2.80ConnectionClosed]
Aug 20, 2024 12:50:35 PM de.learnlib.logging.LearnLogger logQuery
INFO: [ε | ClientHelloDHE / ε | Alert,2.80ConnectionClosed]
Aug 20, 2024 12:50:35 PM de.learnlib.logging.LearnLogger logQuery
INFO: [ε | ClientKeyExchange / ε | Alert,2.10ConnectionClosed]
Aug 20, 2024 12:50:35 PM de.learnlib.logging.LearnLogger logQuery
INFO: [ε | ChangeCipherSpec / ε | Alert,2.10ConnectionClosed]
Aug 20, 2024 12:50:35 PM de.learnlib.logging.LearnLogger logQuery
INFO: [ε | Finished / ε | Alert,2.10ConnectionClosed]
Aug 20, 2024 12:50:35 PM de.learnlib.logging.LearnLogger logQuery
INFO: [ε | ApplicationData / ε | Alert,2.10ConnectionClosed]
Aug 20, 2024 12:50:35 PM de.learnlib.logging.LearnLogger logQuery
INFO: [ClientHelloRSA | ClientHelloRSA / Alert,2.80ConnectionClosed | ConnectionClosed]
Aug 20, 2024 12:50:35 PM de.learnlib.logging.LearnLogger logQuery
INFO: [ClientHelloRSA | ClientHelloDHE / Alert,2.80ConnectionClosed | ConnectionClosed]
Aug 20, 2024 12:50:35 PM de.learnlib.logging.LearnLogger logQuery
INFO: [ClientHelloRSA | ClientKeyExchange / Alert,2.80ConnectionClosed | ConnectionClosed]
Aug 20, 2024 12:50:35 PM de.learnlib.logging.LearnLogger logQuery
INFO: [ClientHelloRSA | ChangeCipherSpec / Alert,2.80ConnectionClosed | ConnectionClosed]
Aug 20, 2024 12:50:35 PM de.learnlib.logging.LearnLogger logQuery
INFO: [ClientHelloRSA | Finished / Alert,2.80ConnectionClosed | ConnectionClosed]
Aug 20, 2024 12:50:35 PM de.learnlib.logging.LearnLogger logQuery
INFO: [ClientHelloRSA | ApplicationData / Alert,2.80ConnectionClosed | ConnectionClosed]
Aug 20, 2024 12:50:35 PM de.learnlib.logging.LearnLogger logQuery
INFO: [ClientHelloDHE | ClientHelloRSA / Alert,2.80ConnectionClosed | ConnectionClosed]
Aug 20, 2024 12:50:35 PM de.learnlib.logging.LearnLogger logQuery
INFO: [ClientHelloDHE | ClientHelloDHE / Alert,2.80ConnectionClosed | ConnectionClosed]
Aug 20, 2024 12:50:35 PM de.learnlib.logging.LearnLogger logQuery
INFO: [ClientHelloDHE | ClientKeyExchange / Alert,2.80ConnectionClosed | ConnectionClosed]
Aug 20, 2024 12:50:35 PM de.learnlib.logging.LearnLogger logQuery
INFO: [ClientHelloDHE | ChangeCipherSpec / Alert,2.80ConnectionClosed | ConnectionClosed]
Aug 20, 2024 12:50:35 PM de.learnlib.logging.LearnLogger logQuery
INFO: [ClientHelloDHE | Finished / Alert,2.80ConnectionClosed | ConnectionClosed]
Aug 20, 2024 12:50:35 PM de.learnlib.logging.LearnLogger logQuery
INFO: [ClientHelloDHE | ApplicationData / Alert,2.80ConnectionClosed | ConnectionClosed]
Aug 20, 2024 12:50:35 PM de.learnlib.logging.LearnLogger logQuery
INFO: [ClientKeyExchange | ClientHelloRSA / Alert,2.10ConnectionClosed | ConnectionClosed]
Aug 20, 2024 12:50:35 PM de.learnlib.logging.LearnLogger logQuery
INFO: [ClientKeyExchange | ClientHelloDHE / Alert,2.10ConnectionClosed | ConnectionClosed]
Aug 20, 2024 12:50:35 PM de.learnlib.logging.LearnLogger logQuery
INFO: [ClientKeyExchange | ClientKeyExchange / Alert,2.10ConnectionClosed | ConnectionClosed]
Aug 20, 2024 12:50:35 PM de.learnlib.logging.LearnLogger logQuery
INFO: [ClientKeyExchange | ChangeCipherSpec / Alert,2.10ConnectionClosed | ConnectionClosed]
Aug 20, 2024 12:50:35 PM de.learnlib.logging.LearnLogger logQuery
INFO: [ClientKeyExchange | Finished / Alert,2.10ConnectionClosed | ConnectionClosed]
Aug 20, 2024 12:50:35 PM de.learnlib.logging.LearnLogger logQuery
INFO: [ClientKeyExchange | ApplicationData / Alert,2.10ConnectionClosed | ConnectionClosed]
Aug 20, 2024 12:50:35 PM de.learnlib.logging.LearnLogger logQuery
INFO: [ChangeCipherSpec | ClientHelloRSA / Alert,2.10ConnectionClosed | ConnectionClosed]
Aug 20, 2024 12:50:35 PM de.learnlib.logging.LearnLogger logQuery
INFO: [ChangeCipherSpec | ClientHelloDHE / Alert,2.10ConnectionClosed | ConnectionClosed]
Aug 20, 2024 12:50:35 PM de.learnlib.logging.LearnLogger logQuery
INFO: [ChangeCipherSpec | ClientKeyExchange / Alert,2.10ConnectionClosed | ConnectionClosed]
Aug 20, 2024 12:50:35 PM de.learnlib.logging.LearnLogger logQuery
INFO: [ChangeCipherSpec | ChangeCipherSpec / Alert,2.10ConnectionClosed | ConnectionClosed]
Aug 20, 2024 12:50:35 PM de.learnlib.logging.LearnLogger logQuery
INFO: [ChangeCipherSpec | Finished / Alert,2.10ConnectionClosed | ConnectionClosed]
Aug 20, 2024 12:50:35 PM de.learnlib.logging.LearnLogger logQuery
INFO: [ChangeCipherSpec | ApplicationData / Alert,2.10ConnectionClosed | ConnectionClosed]
Aug 20, 2024 12:50:35 PM de.learnlib.logging.LearnLogger logQuery
INFO: [Finished | ClientHelloRSA / Alert,2.10ConnectionClosed | ConnectionClosed]
Aug 20, 2024 12:50:35 PM de.learnlib.logging.LearnLogger logQuery
INFO: [Finished | ClientHelloDHE / Alert,2.10ConnectionClosed | ConnectionClosed]
Aug 20, 2024 12:50:35 PM de.learnlib.logging.LearnLogger logQuery
INFO: [Finished | ClientKeyExchange / Alert,2.10ConnectionClosed | ConnectionClosed]
Aug 20, 2024 12:50:35 PM de.learnlib.logging.LearnLogger logQuery
INFO: [Finished | ChangeCipherSpec / Alert,2.10ConnectionClosed | ConnectionClosed]
Aug 20, 2024 12:50:35 PM de.learnlib.logging.LearnLogger logQuery
INFO: [Finished | Finished / Alert,2.10ConnectionClosed | ConnectionClosed]
Aug 20, 2024 12:50:35 PM de.learnlib.logging.LearnLogger logQuery
INFO: [Finished | ApplicationData / Alert,2.10ConnectionClosed | ConnectionClosed]
Aug 20, 2024 12:50:35 PM de.learnlib.logging.LearnLogger logQuery
INFO: [ApplicationData | ClientHelloRSA / Alert,2.10ConnectionClosed | ConnectionClosed]
Aug 20, 2024 12:50:35 PM de.learnlib.logging.LearnLogger logQuery
INFO: [ApplicationData | ClientHelloDHE / Alert,2.10ConnectionClosed | ConnectionClosed]
Aug 20, 2024 12:50:35 PM de.learnlib.logging.LearnLogger logQuery
INFO: [ApplicationData | ClientKeyExchange / Alert,2.10ConnectionClosed | ConnectionClosed]
Aug 20, 2024 12:50:35 PM de.learnlib.logging.LearnLogger logQuery
INFO: [ApplicationData | ChangeCipherSpec / Alert,2.10ConnectionClosed | ConnectionClosed]
Aug 20, 2024 12:50:35 PM de.learnlib.logging.LearnLogger logQuery
INFO: [ApplicationData | Finished / Alert,2.10ConnectionClosed | ConnectionClosed]
Aug 20, 2024 12:50:35 PM de.learnlib.logging.LearnLogger logQuery
INFO: [ApplicationData | ApplicationData / Alert,2.10ConnectionClosed | ConnectionClosed]
Aug 20, 2024 12:50:35 PM de.learnlib.logging.LearnLogger logQuery
INFO: [ClientHelloRSA ClientHelloRSA | ClientHelloRSA / Alert,2.80ConnectionClosed ConnectionClosed | ConnectionClosed]
Aug 20, 2024 12:50:35 PM de.learnlib.logging.LearnLogger logQuery
INFO: [ClientHelloRSA ClientHelloRSA | ClientHelloDHE / Alert,2.80ConnectionClosed ConnectionClosed | ConnectionClosed]
Aug 20, 2024 12:50:35 PM de.learnlib.logging.LearnLogger logQuery
INFO: [ClientHelloRSA ClientHelloRSA | ClientKeyExchange / Alert,2.80ConnectionClosed ConnectionClosed | ConnectionClosed]
Aug 20, 2024 12:50:35 PM de.learnlib.logging.LearnLogger logQuery
INFO: [ClientHelloRSA ClientHelloRSA | ChangeCipherSpec / Alert,2.80ConnectionClosed ConnectionClosed | ConnectionClosed]
Aug 20, 2024 12:50:35 PM de.learnlib.logging.LearnLogger logQuery
INFO: [ClientHelloRSA ClientHelloRSA | Finished / Alert,2.80ConnectionClosed ConnectionClosed | ConnectionClosed]
Aug 20, 2024 12:50:35 PM de.learnlib.logging.LearnLogger logQuery
INFO: [ClientHelloRSA ClientHelloRSA | ApplicationData / Alert,2.80ConnectionClosed ConnectionClosed | ConnectionClosed]
Aug 20, 2024 12:50:35 PM de.learnlib.logging.LearnLogger logQuery
INFO: [ClientHelloRSA ClientHelloDHE | ClientHelloRSA / Alert,2.80ConnectionClosed ConnectionClosed | ConnectionClosed]
Aug 20, 2024 12:50:35 PM de.learnlib.logging.LearnLogger logQuery
INFO: [ClientHelloRSA ClientHelloDHE | ClientHelloDHE / Alert,2.80ConnectionClosed ConnectionClosed | ConnectionClosed]
Aug 20, 2024 12:50:35 PM de.learnlib.logging.LearnLogger logQuery
INFO: [ClientHelloRSA ClientHelloDHE | ClientKeyExchange / Alert,2.80ConnectionClosed ConnectionClosed | ConnectionClosed]
Aug 20, 2024 12:50:35 PM de.learnlib.logging.LearnLogger logQuery
INFO: [ClientHelloRSA ClientHelloDHE | ChangeCipherSpec / Alert,2.80ConnectionClosed ConnectionClosed | ConnectionClosed]
Aug 20, 2024 12:50:35 PM de.learnlib.logging.LearnLogger logQuery
INFO: [ClientHelloRSA ClientHelloDHE | Finished / Alert,2.80ConnectionClosed ConnectionClosed | ConnectionClosed]
Aug 20, 2024 12:50:35 PM de.learnlib.logging.LearnLogger logQuery
INFO: [ClientHelloRSA ClientHelloDHE | ApplicationData / Alert,2.80ConnectionClosed ConnectionClosed | ConnectionClosed]
Aug 20, 2024 12:50:35 PM de.learnlib.logging.LearnLogger logQuery
INFO: [ClientHelloRSA ClientKeyExchange | ClientHelloRSA / Alert,2.80ConnectionClosed ConnectionClosed | ConnectionClosed]
Aug 20, 2024 12:50:35 PM de.learnlib.logging.LearnLogger logQuery
INFO: [ClientHelloRSA ClientKeyExchange | ClientHelloDHE / Alert,2.80ConnectionClosed ConnectionClosed | ConnectionClosed]
Aug 20, 2024 12:50:35 PM de.learnlib.logging.LearnLogger logQuery
INFO: [ClientHelloRSA ClientKeyExchange | ClientKeyExchange / Alert,2.80ConnectionClosed ConnectionClosed | ConnectionClosed]
Aug 20, 2024 12:50:35 PM de.learnlib.logging.LearnLogger logQuery
INFO: [ClientHelloRSA ClientKeyExchange | ChangeCipherSpec / Alert,2.80ConnectionClosed ConnectionClosed | ConnectionClosed]
Aug 20, 2024 12:50:35 PM de.learnlib.logging.LearnLogger logQuery
INFO: [ClientHelloRSA ClientKeyExchange | Finished / Alert,2.80ConnectionClosed ConnectionClosed | ConnectionClosed]
Aug 20, 2024 12:50:35 PM de.learnlib.logging.LearnLogger logQuery
INFO: [ClientHelloRSA ClientKeyExchange | ApplicationData / Alert,2.80ConnectionClosed ConnectionClosed | ConnectionClosed]
Aug 20, 2024 12:50:35 PM de.learnlib.logging.LearnLogger logQuery
INFO: [ClientHelloRSA ChangeCipherSpec | ClientHelloRSA / Alert,2.80ConnectionClosed ConnectionClosed | ConnectionClosed]
Aug 20, 2024 12:50:35 PM de.learnlib.logging.LearnLogger logQuery
INFO: [ClientHelloRSA ChangeCipherSpec | ClientHelloDHE / Alert,2.80ConnectionClosed ConnectionClosed | ConnectionClosed]
Aug 20, 2024 12:50:35 PM de.learnlib.logging.LearnLogger logQuery
INFO: [ClientHelloRSA ChangeCipherSpec | ClientKeyExchange / Alert,2.80ConnectionClosed ConnectionClosed | ConnectionClosed]
Aug 20, 2024 12:50:35 PM de.learnlib.logging.LearnLogger logQuery
INFO: [ClientHelloRSA ChangeCipherSpec | ChangeCipherSpec / Alert,2.80ConnectionClosed ConnectionClosed | ConnectionClosed]
Aug 20, 2024 12:50:35 PM de.learnlib.logging.LearnLogger logQuery
INFO: [ClientHelloRSA ChangeCipherSpec | Finished / Alert,2.80ConnectionClosed ConnectionClosed | ConnectionClosed]
Aug 20, 2024 12:50:35 PM de.learnlib.logging.LearnLogger logQuery
INFO: [ClientHelloRSA ChangeCipherSpec | ApplicationData / Alert,2.80ConnectionClosed ConnectionClosed | ConnectionClosed]
Aug 20, 2024 12:50:35 PM de.learnlib.logging.LearnLogger logQuery
INFO: [ClientHelloRSA Finished | ClientHelloRSA / Alert,2.80ConnectionClosed ConnectionClosed | ConnectionClosed]
Aug 20, 2024 12:50:35 PM de.learnlib.logging.LearnLogger logQuery
INFO: [ClientHelloRSA Finished | ClientHelloDHE / Alert,2.80ConnectionClosed ConnectionClosed | ConnectionClosed]
Aug 20, 2024 12:50:35 PM de.learnlib.logging.LearnLogger logQuery
INFO: [ClientHelloRSA Finished | ClientKeyExchange / Alert,2.80ConnectionClosed ConnectionClosed | ConnectionClosed]
Aug 20, 2024 12:50:35 PM de.learnlib.logging.LearnLogger logQuery
INFO: [ClientHelloRSA Finished | ChangeCipherSpec / Alert,2.80ConnectionClosed ConnectionClosed | ConnectionClosed]
Aug 20, 2024 12:50:35 PM de.learnlib.logging.LearnLogger logQuery
INFO: [ClientHelloRSA Finished | Finished / Alert,2.80ConnectionClosed ConnectionClosed | ConnectionClosed]
Aug 20, 2024 12:50:35 PM de.learnlib.logging.LearnLogger logQuery
INFO: [ClientHelloRSA Finished | ApplicationData / Alert,2.80ConnectionClosed ConnectionClosed | ConnectionClosed]
Aug 20, 2024 12:50:35 PM de.learnlib.logging.LearnLogger logQuery
INFO: [ClientHelloRSA ApplicationData | ClientHelloRSA / Alert,2.80ConnectionClosed ConnectionClosed | ConnectionClosed]
Aug 20, 2024 12:50:35 PM de.learnlib.logging.LearnLogger logQuery
INFO: [ClientHelloRSA ApplicationData | ClientHelloDHE / Alert,2.80ConnectionClosed ConnectionClosed | ConnectionClosed]
Aug 20, 2024 12:50:35 PM de.learnlib.logging.LearnLogger logQuery
INFO: [ClientHelloRSA ApplicationData | ClientKeyExchange / Alert,2.80ConnectionClosed ConnectionClosed | ConnectionClosed]
Aug 20, 2024 12:50:35 PM de.learnlib.logging.LearnLogger logQuery
INFO: [ClientHelloRSA ApplicationData | ChangeCipherSpec / Alert,2.80ConnectionClosed ConnectionClosed | ConnectionClosed]
Aug 20, 2024 12:50:35 PM de.learnlib.logging.LearnLogger logQuery
INFO: [ClientHelloRSA ApplicationData | Finished / Alert,2.80ConnectionClosed ConnectionClosed | ConnectionClosed]
Aug 20, 2024 12:50:35 PM de.learnlib.logging.LearnLogger logQuery
INFO: [ClientHelloRSA ApplicationData | ApplicationData / Alert,2.80ConnectionClosed ConnectionClosed | ConnectionClosed]
Aug 20, 2024 12:50:35 PM de.learnlib.logging.LearnLogger logQuery
INFO: [ε | ClientHelloRSA / ε | Alert,2.80ConnectionClosed]
Aug 20, 2024 12:50:35 PM de.learnlib.logging.LearnLogger logQuery
INFO: [ε | ClientHelloDHE / ε | Alert,2.80ConnectionClosed]
Aug 20, 2024 12:50:35 PM de.learnlib.logging.LearnLogger logQuery
INFO: [ε | ClientKeyExchange / ε | Alert,2.10ConnectionClosed]
Aug 20, 2024 12:50:35 PM de.learnlib.logging.LearnLogger logQuery
INFO: [ε | ChangeCipherSpec / ε | Alert,2.10ConnectionClosed]
Aug 20, 2024 12:50:35 PM de.learnlib.logging.LearnLogger logQuery
INFO: [ε | Finished / ε | Alert,2.10ConnectionClosed]
Aug 20, 2024 12:50:35 PM de.learnlib.logging.LearnLogger logQuery
INFO: [ε | ApplicationData / ε | Alert,2.10ConnectionClosed]
Aug 20, 2024 12:50:35 PM de.learnlib.logging.LearnLogger logQuery
INFO: [ClientHelloRSA | ClientHelloRSA / Alert,2.80ConnectionClosed | ConnectionClosed]
Aug 20, 2024 12:50:35 PM de.learnlib.logging.LearnLogger logQuery
INFO: [ClientHelloRSA | ClientHelloDHE / Alert,2.80ConnectionClosed | ConnectionClosed]
Aug 20, 2024 12:50:35 PM de.learnlib.logging.LearnLogger logQuery
INFO: [ClientHelloRSA | ClientKeyExchange / Alert,2.80ConnectionClosed | ConnectionClosed]
Aug 20, 2024 12:50:35 PM de.learnlib.logging.LearnLogger logQuery
INFO: [ClientHelloRSA | ChangeCipherSpec / Alert,2.80ConnectionClosed | ConnectionClosed]
Aug 20, 2024 12:50:35 PM de.learnlib.logging.LearnLogger logQuery
INFO: [ClientHelloRSA | Finished / Alert,2.80ConnectionClosed | ConnectionClosed]
Aug 20, 2024 12:50:35 PM de.learnlib.logging.LearnLogger logQuery
INFO: [ClientHelloRSA | ApplicationData / Alert,2.80ConnectionClosed | ConnectionClosed]
