Aug 31, 2024 9:52:11 PM de.learnlib.logging.LearnLogger logQuery
INFO: [ε | ClientHello / ε | ServerHello,ChangeCipherSpec,EncryptedExtensions,CertificateRequest,Certificate,CertificateVerify,Finished,]
Aug 31, 2024 9:52:11 PM de.learnlib.logging.LearnLogger logQuery
INFO: [ε | ChangeCipherSpec / ε | Alert,2.10ConnectionClosed,]
Aug 31, 2024 9:52:11 PM de.learnlib.logging.LearnLogger logQuery
INFO: [ε | Finished / ε | Alert,2.10ConnectionClosed,]
Aug 31, 2024 9:52:11 PM de.learnlib.logging.LearnLogger logQuery
INFO: [ε | Certificate / ε | Alert,2.10ConnectionClosed,]
Aug 31, 2024 9:52:11 PM de.learnlib.logging.LearnLogger logQuery
INFO: [ε | ClientCertificateVerify / ε | Alert,2.10ConnectionClosed,]
Aug 31, 2024 9:52:11 PM de.learnlib.logging.LearnLogger logQuery
INFO: [ε | ApplicationData / ε | Alert,2.10ConnectionClosed,]
Aug 31, 2024 9:52:13 PM de.learnlib.logging.LearnLogger logQuery
INFO: [ClientHello | ClientHello / ServerHello,ChangeCipherSpec,EncryptedExtensions,CertificateRequest,Certificate,CertificateVerify,Finished, | ConnectionClosed]
Aug 31, 2024 9:52:15 PM de.learnlib.logging.LearnLogger logQuery
INFO: [ClientHello | ChangeCipherSpec / ServerHello,ChangeCipherSpec,EncryptedExtensions,CertificateRequest,Certificate,CertificateVerify,Finished, | Empty,]
Aug 31, 2024 9:52:17 PM de.learnlib.logging.LearnLogger logQuery
INFO: [ClientHello | Finished / ServerHello,ChangeCipherSpec,EncryptedExtensions,CertificateRequest,Certificate,CertificateVerify,Finished, | ConnectionClosed]
Aug 31, 2024 9:52:19 PM de.learnlib.logging.LearnLogger logQuery
INFO: [ClientHello | Certificate / ServerHello,ChangeCipherSpec,EncryptedExtensions,CertificateRequest,Certificate,CertificateVerify,Finished, | ConnectionClosed]
Aug 31, 2024 9:52:21 PM de.learnlib.logging.LearnLogger logQuery
INFO: [ClientHello | ClientCertificateVerify / ServerHello,ChangeCipherSpec,EncryptedExtensions,CertificateRequest,Certificate,CertificateVerify,Finished, | ConnectionClosed]
Aug 31, 2024 9:52:22 PM de.learnlib.logging.LearnLogger logQuery
INFO: [ClientHello | ApplicationData / ServerHello,ChangeCipherSpec,EncryptedExtensions,CertificateRequest,Certificate,CertificateVerify,Finished, | Alert,2.20ConnectionClosed,]
Aug 31, 2024 9:52:22 PM de.learnlib.logging.LearnLogger logQuery
INFO: [ChangeCipherSpec | ClientHello / Alert,2.10ConnectionClosed, | ConnectionClosed]
Aug 31, 2024 9:52:22 PM de.learnlib.logging.LearnLogger logQuery
INFO: [ChangeCipherSpec | ChangeCipherSpec / Alert,2.10ConnectionClosed, | ConnectionClosed]
Aug 31, 2024 9:52:22 PM de.learnlib.logging.LearnLogger logQuery
INFO: [ChangeCipherSpec | Finished / Alert,2.10ConnectionClosed, | ConnectionClosed]
Aug 31, 2024 9:52:22 PM de.learnlib.logging.LearnLogger logQuery
INFO: [ChangeCipherSpec | Certificate / Alert,2.10ConnectionClosed, | ConnectionClosed]
Aug 31, 2024 9:52:22 PM de.learnlib.logging.LearnLogger logQuery
INFO: [ChangeCipherSpec | ClientCertificateVerify / Alert,2.10ConnectionClosed, | ConnectionClosed]
Aug 31, 2024 9:52:22 PM de.learnlib.logging.LearnLogger logQuery
INFO: [ChangeCipherSpec | ApplicationData / Alert,2.10ConnectionClosed, | ConnectionClosed]
Aug 31, 2024 9:52:22 PM de.learnlib.logging.LearnLogger logQuery
INFO: [Finished | ClientHello / Alert,2.10ConnectionClosed, | ConnectionClosed]
Aug 31, 2024 9:52:22 PM de.learnlib.logging.LearnLogger logQuery
INFO: [Finished | ChangeCipherSpec / Alert,2.10ConnectionClosed, | ConnectionClosed]
Aug 31, 2024 9:52:22 PM de.learnlib.logging.LearnLogger logQuery
INFO: [Finished | Finished / Alert,2.10ConnectionClosed, | ConnectionClosed]
Aug 31, 2024 9:52:23 PM de.learnlib.logging.LearnLogger logQuery
INFO: [Finished | Certificate / Alert,2.10ConnectionClosed, | ConnectionClosed]
Aug 31, 2024 9:52:23 PM de.learnlib.logging.LearnLogger logQuery
INFO: [Finished | ClientCertificateVerify / Alert,2.10ConnectionClosed, | ConnectionClosed]
Aug 31, 2024 9:52:23 PM de.learnlib.logging.LearnLogger logQuery
INFO: [Finished | ApplicationData / Alert,2.10ConnectionClosed, | ConnectionClosed]
Aug 31, 2024 9:52:23 PM de.learnlib.logging.LearnLogger logQuery
INFO: [Certificate | ClientHello / Alert,2.10ConnectionClosed, | ConnectionClosed]
Aug 31, 2024 9:52:23 PM de.learnlib.logging.LearnLogger logQuery
INFO: [Certificate | ChangeCipherSpec / Alert,2.10ConnectionClosed, | ConnectionClosed]
Aug 31, 2024 9:52:23 PM de.learnlib.logging.LearnLogger logQuery
INFO: [Certificate | Finished / Alert,2.10ConnectionClosed, | ConnectionClosed]
Aug 31, 2024 9:52:23 PM de.learnlib.logging.LearnLogger logQuery
INFO: [Certificate | Certificate / Alert,2.10ConnectionClosed, | ConnectionClosed]
Aug 31, 2024 9:52:23 PM de.learnlib.logging.LearnLogger logQuery
INFO: [Certificate | ClientCertificateVerify / Alert,2.10ConnectionClosed, | ConnectionClosed]
Aug 31, 2024 9:52:23 PM de.learnlib.logging.LearnLogger logQuery
INFO: [Certificate | ApplicationData / Alert,2.10ConnectionClosed, | ConnectionClosed]
Aug 31, 2024 9:52:23 PM de.learnlib.logging.LearnLogger logQuery
INFO: [ClientCertificateVerify | ClientHello / Alert,2.10ConnectionClosed, | ConnectionClosed]
Aug 31, 2024 9:52:23 PM de.learnlib.logging.LearnLogger logQuery
INFO: [ClientCertificateVerify | ChangeCipherSpec / Alert,2.10ConnectionClosed, | ConnectionClosed]
Aug 31, 2024 9:52:23 PM de.learnlib.logging.LearnLogger logQuery
INFO: [ClientCertificateVerify | Finished / Alert,2.10ConnectionClosed, | ConnectionClosed]
Aug 31, 2024 9:52:23 PM de.learnlib.logging.LearnLogger logQuery
INFO: [ClientCertificateVerify | Certificate / Alert,2.10ConnectionClosed, | ConnectionClosed]
Aug 31, 2024 9:52:23 PM de.learnlib.logging.LearnLogger logQuery
INFO: [ClientCertificateVerify | ClientCertificateVerify / Alert,2.10ConnectionClosed, | ConnectionClosed]
Aug 31, 2024 9:52:23 PM de.learnlib.logging.LearnLogger logQuery
INFO: [ClientCertificateVerify | ApplicationData / Alert,2.10ConnectionClosed, | ConnectionClosed]
Aug 31, 2024 9:52:23 PM de.learnlib.logging.LearnLogger logQuery
INFO: [ApplicationData | ClientHello / Alert,2.10ConnectionClosed, | ConnectionClosed]
Aug 31, 2024 9:52:23 PM de.learnlib.logging.LearnLogger logQuery
INFO: [ApplicationData | ChangeCipherSpec / Alert,2.10ConnectionClosed, | ConnectionClosed]
Aug 31, 2024 9:52:23 PM de.learnlib.logging.LearnLogger logQuery
INFO: [ApplicationData | Finished / Alert,2.10ConnectionClosed, | ConnectionClosed]
Aug 31, 2024 9:52:23 PM de.learnlib.logging.LearnLogger logQuery
INFO: [ApplicationData | Certificate / Alert,2.10ConnectionClosed, | ConnectionClosed]
Aug 31, 2024 9:52:23 PM de.learnlib.logging.LearnLogger logQuery
INFO: [ApplicationData | ClientCertificateVerify / Alert,2.10ConnectionClosed, | ConnectionClosed]
Aug 31, 2024 9:52:23 PM de.learnlib.logging.LearnLogger logQuery
INFO: [ApplicationData | ApplicationData / Alert,2.10ConnectionClosed, | ConnectionClosed]
Aug 31, 2024 9:52:25 PM de.learnlib.logging.LearnLogger logQuery
INFO: [ClientHello ClientHello | ClientHello / ServerHello,ChangeCipherSpec,EncryptedExtensions,CertificateRequest,Certificate,CertificateVerify,Finished, ConnectionClosed | ConnectionClosed]
Aug 31, 2024 9:52:27 PM de.learnlib.logging.LearnLogger logQuery
INFO: [ClientHello ClientHello | ChangeCipherSpec / ServerHello,ChangeCipherSpec,EncryptedExtensions,CertificateRequest,Certificate,CertificateVerify,Finished, ConnectionClosed | ConnectionClosed]
Aug 31, 2024 9:52:29 PM de.learnlib.logging.LearnLogger logQuery
INFO: [ClientHello ClientHello | Finished / ServerHello,ChangeCipherSpec,EncryptedExtensions,CertificateRequest,Certificate,CertificateVerify,Finished, ConnectionClosed | ConnectionClosed]
Aug 31, 2024 9:52:30 PM de.learnlib.logging.LearnLogger logQuery
INFO: [ClientHello ClientHello | Certificate / ServerHello,ChangeCipherSpec,EncryptedExtensions,CertificateRequest,Certificate,CertificateVerify,Finished, ConnectionClosed | ConnectionClosed]
Aug 31, 2024 9:52:32 PM de.learnlib.logging.LearnLogger logQuery
INFO: [ClientHello ClientHello | ClientCertificateVerify / ServerHello,ChangeCipherSpec,EncryptedExtensions,CertificateRequest,Certificate,CertificateVerify,Finished, ConnectionClosed | ConnectionClosed]
Aug 31, 2024 9:52:34 PM de.learnlib.logging.LearnLogger logQuery
INFO: [ClientHello ClientHello | ApplicationData / ServerHello,ChangeCipherSpec,EncryptedExtensions,CertificateRequest,Certificate,CertificateVerify,Finished, ConnectionClosed | ConnectionClosed]
Aug 31, 2024 9:52:36 PM de.learnlib.logging.LearnLogger logQuery
INFO: [ClientHello ChangeCipherSpec | ClientHello / ServerHello,ChangeCipherSpec,EncryptedExtensions,CertificateRequest,Certificate,CertificateVerify,Finished, Empty, | Alert,2.20ConnectionClosed,]
Aug 31, 2024 9:52:38 PM de.learnlib.logging.LearnLogger logQuery
INFO: [ClientHello ChangeCipherSpec | ChangeCipherSpec / ServerHello,ChangeCipherSpec,EncryptedExtensions,CertificateRequest,Certificate,CertificateVerify,Finished, Empty, | Alert,2.10ConnectionClosed,]
Aug 31, 2024 9:52:40 PM de.learnlib.logging.LearnLogger logQuery
INFO: [ClientHello ChangeCipherSpec | Finished / ServerHello,ChangeCipherSpec,EncryptedExtensions,CertificateRequest,Certificate,CertificateVerify,Finished, Empty, | Alert,2.10ConnectionClosed,]
Aug 31, 2024 9:52:42 PM de.learnlib.logging.LearnLogger logQuery
INFO: [ClientHello ChangeCipherSpec | Certificate / ServerHello,ChangeCipherSpec,EncryptedExtensions,CertificateRequest,Certificate,CertificateVerify,Finished, Empty, | Empty,]
Aug 31, 2024 9:52:44 PM de.learnlib.logging.LearnLogger logQuery
INFO: [ClientHello ChangeCipherSpec | ClientCertificateVerify / ServerHello,ChangeCipherSpec,EncryptedExtensions,CertificateRequest,Certificate,CertificateVerify,Finished, Empty, | Alert,2.10ConnectionClosed,]
Aug 31, 2024 9:52:45 PM de.learnlib.logging.LearnLogger logQuery
INFO: [ClientHello ChangeCipherSpec | ApplicationData / ServerHello,ChangeCipherSpec,EncryptedExtensions,CertificateRequest,Certificate,CertificateVerify,Finished, Empty, | Alert,2.10ConnectionClosed,]
Aug 31, 2024 9:52:47 PM de.learnlib.logging.LearnLogger logQuery
INFO: [ClientHello Finished | ClientHello / ServerHello,ChangeCipherSpec,EncryptedExtensions,CertificateRequest,Certificate,CertificateVerify,Finished, ConnectionClosed | ConnectionClosed]
Aug 31, 2024 9:52:49 PM de.learnlib.logging.LearnLogger logQuery
INFO: [ClientHello Finished | ChangeCipherSpec / ServerHello,ChangeCipherSpec,EncryptedExtensions,CertificateRequest,Certificate,CertificateVerify,Finished, ConnectionClosed | ConnectionClosed]
Aug 31, 2024 9:52:51 PM de.learnlib.logging.LearnLogger logQuery
INFO: [ClientHello Finished | Finished / ServerHello,ChangeCipherSpec,EncryptedExtensions,CertificateRequest,Certificate,CertificateVerify,Finished, ConnectionClosed | ConnectionClosed]
Aug 31, 2024 9:52:53 PM de.learnlib.logging.LearnLogger logQuery
INFO: [ClientHello Finished | Certificate / ServerHello,ChangeCipherSpec,EncryptedExtensions,CertificateRequest,Certificate,CertificateVerify,Finished, ConnectionClosed | ConnectionClosed]
Aug 31, 2024 9:52:57 PM de.learnlib.logging.LearnLogger logQuery
INFO: [ClientHello Finished | ClientCertificateVerify / ServerHello,ChangeCipherSpec,EncryptedExtensions,CertificateRequest,Certificate,CertificateVerify,Finished, ConnectionClosed | ConnectionClosed]
Aug 31, 2024 9:52:59 PM de.learnlib.logging.LearnLogger logQuery
INFO: [ClientHello Finished | ApplicationData / ServerHello,ChangeCipherSpec,EncryptedExtensions,CertificateRequest,Certificate,CertificateVerify,Finished, ConnectionClosed | ConnectionClosed]
Aug 31, 2024 9:53:00 PM de.learnlib.logging.LearnLogger logQuery
INFO: [ClientHello Certificate | ClientHello / ServerHello,ChangeCipherSpec,EncryptedExtensions,CertificateRequest,Certificate,CertificateVerify,Finished, ConnectionClosed | ConnectionClosed]
Aug 31, 2024 9:53:02 PM de.learnlib.logging.LearnLogger logQuery
INFO: [ClientHello Certificate | ChangeCipherSpec / ServerHello,ChangeCipherSpec,EncryptedExtensions,CertificateRequest,Certificate,CertificateVerify,Finished, ConnectionClosed | ConnectionClosed]
Aug 31, 2024 9:53:03 PM de.learnlib.logging.LearnLogger logQuery
INFO: [ClientHello Certificate | Finished / ServerHello,ChangeCipherSpec,EncryptedExtensions,CertificateRequest,Certificate,CertificateVerify,Finished, ConnectionClosed | ConnectionClosed]
Aug 31, 2024 9:53:05 PM de.learnlib.logging.LearnLogger logQuery
INFO: [ClientHello Certificate | Certificate / ServerHello,ChangeCipherSpec,EncryptedExtensions,CertificateRequest,Certificate,CertificateVerify,Finished, ConnectionClosed | ConnectionClosed]
Aug 31, 2024 9:53:06 PM de.learnlib.logging.LearnLogger logQuery
INFO: [ClientHello Certificate | ClientCertificateVerify / ServerHello,ChangeCipherSpec,EncryptedExtensions,CertificateRequest,Certificate,CertificateVerify,Finished, ConnectionClosed | ConnectionClosed]
Aug 31, 2024 9:53:07 PM de.learnlib.logging.LearnLogger logQuery
INFO: [ClientHello Certificate | ApplicationData / ServerHello,ChangeCipherSpec,EncryptedExtensions,CertificateRequest,Certificate,CertificateVerify,Finished, ConnectionClosed | ConnectionClosed]
Aug 31, 2024 9:53:08 PM de.learnlib.logging.LearnLogger logQuery
INFO: [ClientHello ClientCertificateVerify | ClientHello / ServerHello,ChangeCipherSpec,EncryptedExtensions,CertificateRequest,Certificate,CertificateVerify,Finished, ConnectionClosed | ConnectionClosed]
Aug 31, 2024 9:53:09 PM de.learnlib.logging.LearnLogger logQuery
INFO: [ClientHello ClientCertificateVerify | ChangeCipherSpec / ServerHello,ChangeCipherSpec,EncryptedExtensions,CertificateRequest,Certificate,CertificateVerify,Finished, ConnectionClosed | ConnectionClosed]
Aug 31, 2024 9:53:10 PM de.learnlib.logging.LearnLogger logQuery
INFO: [ClientHello ClientCertificateVerify | Finished / ServerHello,ChangeCipherSpec,EncryptedExtensions,CertificateRequest,Certificate,CertificateVerify,Finished, ConnectionClosed | ConnectionClosed]
Aug 31, 2024 9:53:12 PM de.learnlib.logging.LearnLogger logQuery
INFO: [ClientHello ClientCertificateVerify | Certificate / ServerHello,ChangeCipherSpec,EncryptedExtensions,CertificateRequest,Certificate,CertificateVerify,Finished, ConnectionClosed | ConnectionClosed]
Aug 31, 2024 9:53:13 PM de.learnlib.logging.LearnLogger logQuery
INFO: [ClientHello ClientCertificateVerify | ClientCertificateVerify / ServerHello,ChangeCipherSpec,EncryptedExtensions,CertificateRequest,Certificate,CertificateVerify,Finished, ConnectionClosed | ConnectionClosed]
Aug 31, 2024 9:53:14 PM de.learnlib.logging.LearnLogger logQuery
INFO: [ClientHello ClientCertificateVerify | ApplicationData / ServerHello,ChangeCipherSpec,EncryptedExtensions,CertificateRequest,Certificate,CertificateVerify,Finished, ConnectionClosed | ConnectionClosed]
Aug 31, 2024 9:53:15 PM de.learnlib.logging.LearnLogger logQuery
INFO: [ClientHello ApplicationData | ClientHello / ServerHello,ChangeCipherSpec,EncryptedExtensions,CertificateRequest,Certificate,CertificateVerify,Finished, Alert,2.20ConnectionClosed, | ConnectionClosed]
Aug 31, 2024 9:53:16 PM de.learnlib.logging.LearnLogger logQuery
INFO: [ClientHello ApplicationData | ChangeCipherSpec / ServerHello,ChangeCipherSpec,EncryptedExtensions,CertificateRequest,Certificate,CertificateVerify,Finished, Alert,2.20ConnectionClosed, | ConnectionClosed]
Aug 31, 2024 9:53:18 PM de.learnlib.logging.LearnLogger logQuery
INFO: [ClientHello ApplicationData | Finished / ServerHello,ChangeCipherSpec,EncryptedExtensions,CertificateRequest,Certificate,CertificateVerify,Finished, Alert,2.20ConnectionClosed, | ConnectionClosed]
Aug 31, 2024 9:53:19 PM de.learnlib.logging.LearnLogger logQuery
INFO: [ClientHello ApplicationData | Certificate / ServerHello,ChangeCipherSpec,EncryptedExtensions,CertificateRequest,Certificate,CertificateVerify,Finished, Alert,2.20ConnectionClosed, | ConnectionClosed]
Aug 31, 2024 9:53:20 PM de.learnlib.logging.LearnLogger logQuery
INFO: [ClientHello ApplicationData | ClientCertificateVerify / ServerHello,ChangeCipherSpec,EncryptedExtensions,CertificateRequest,Certificate,CertificateVerify,Finished, Alert,2.20ConnectionClosed, | ConnectionClosed]
Aug 31, 2024 9:53:22 PM de.learnlib.logging.LearnLogger logQuery
INFO: [ClientHello ApplicationData | ApplicationData / ServerHello,ChangeCipherSpec,EncryptedExtensions,CertificateRequest,Certificate,CertificateVerify,Finished, Alert,2.20ConnectionClosed, | ConnectionClosed]
Aug 31, 2024 9:53:22 PM de.learnlib.logging.LearnLogger logQuery
INFO: [ChangeCipherSpec ClientHello | ClientHello / Alert,2.10ConnectionClosed, ConnectionClosed | ConnectionClosed]
Aug 31, 2024 9:53:22 PM de.learnlib.logging.LearnLogger logQuery
INFO: [ChangeCipherSpec ClientHello | ChangeCipherSpec / Alert,2.10ConnectionClosed, ConnectionClosed | ConnectionClosed]
Aug 31, 2024 9:53:22 PM de.learnlib.logging.LearnLogger logQuery
INFO: [ChangeCipherSpec ClientHello | Finished / Alert,2.10ConnectionClosed, ConnectionClosed | ConnectionClosed]
Aug 31, 2024 9:53:22 PM de.learnlib.logging.LearnLogger logQuery
INFO: [ChangeCipherSpec ClientHello | Certificate / Alert,2.10ConnectionClosed, ConnectionClosed | ConnectionClosed]
Aug 31, 2024 9:53:22 PM de.learnlib.logging.LearnLogger logQuery
INFO: [ChangeCipherSpec ClientHello | ClientCertificateVerify / Alert,2.10ConnectionClosed, ConnectionClosed | ConnectionClosed]
Aug 31, 2024 9:53:22 PM de.learnlib.logging.LearnLogger logQuery
INFO: [ChangeCipherSpec ClientHello | ApplicationData / Alert,2.10ConnectionClosed, ConnectionClosed | ConnectionClosed]
Aug 31, 2024 9:53:22 PM de.learnlib.logging.LearnLogger logQuery
INFO: [ChangeCipherSpec ChangeCipherSpec | ClientHello / Alert,2.10ConnectionClosed, ConnectionClosed | ConnectionClosed]
Aug 31, 2024 9:53:22 PM de.learnlib.logging.LearnLogger logQuery
INFO: [ChangeCipherSpec ChangeCipherSpec | ChangeCipherSpec / Alert,2.10ConnectionClosed, ConnectionClosed | ConnectionClosed]
Aug 31, 2024 9:53:22 PM de.learnlib.logging.LearnLogger logQuery
INFO: [ChangeCipherSpec ChangeCipherSpec | Finished / Alert,2.10ConnectionClosed, ConnectionClosed | ConnectionClosed]
Aug 31, 2024 9:53:22 PM de.learnlib.logging.LearnLogger logQuery
INFO: [ChangeCipherSpec ChangeCipherSpec | Certificate / Alert,2.10ConnectionClosed, ConnectionClosed | ConnectionClosed]
Aug 31, 2024 9:53:22 PM de.learnlib.logging.LearnLogger logQuery
INFO: [ChangeCipherSpec ChangeCipherSpec | ClientCertificateVerify / Alert,2.10ConnectionClosed, ConnectionClosed | ConnectionClosed]
Aug 31, 2024 9:53:22 PM de.learnlib.logging.LearnLogger logQuery
INFO: [ChangeCipherSpec ChangeCipherSpec | ApplicationData / Alert,2.10ConnectionClosed, ConnectionClosed | ConnectionClosed]
Aug 31, 2024 9:53:22 PM de.learnlib.logging.LearnLogger logQuery
INFO: [ChangeCipherSpec Finished | ClientHello / Alert,2.10ConnectionClosed, ConnectionClosed | ConnectionClosed]
Aug 31, 2024 9:53:22 PM de.learnlib.logging.LearnLogger logQuery
INFO: [ChangeCipherSpec Finished | ChangeCipherSpec / Alert,2.10ConnectionClosed, ConnectionClosed | ConnectionClosed]
Aug 31, 2024 9:53:22 PM de.learnlib.logging.LearnLogger logQuery
INFO: [ChangeCipherSpec Finished | Finished / Alert,2.10ConnectionClosed, ConnectionClosed | ConnectionClosed]
Aug 31, 2024 9:53:22 PM de.learnlib.logging.LearnLogger logQuery
INFO: [ChangeCipherSpec Finished | Certificate / Alert,2.10ConnectionClosed, ConnectionClosed | ConnectionClosed]
Aug 31, 2024 9:53:22 PM de.learnlib.logging.LearnLogger logQuery
INFO: [ChangeCipherSpec Finished | ClientCertificateVerify / Alert,2.10ConnectionClosed, ConnectionClosed | ConnectionClosed]
Aug 31, 2024 9:53:22 PM de.learnlib.logging.LearnLogger logQuery
INFO: [ChangeCipherSpec Finished | ApplicationData / Alert,2.10ConnectionClosed, ConnectionClosed | ConnectionClosed]
Aug 31, 2024 9:53:22 PM de.learnlib.logging.LearnLogger logQuery
INFO: [ChangeCipherSpec Certificate | ClientHello / Alert,2.10ConnectionClosed, ConnectionClosed | ConnectionClosed]
Aug 31, 2024 9:53:22 PM de.learnlib.logging.LearnLogger logQuery
INFO: [ChangeCipherSpec Certificate | ChangeCipherSpec / Alert,2.10ConnectionClosed, ConnectionClosed | ConnectionClosed]
Aug 31, 2024 9:53:22 PM de.learnlib.logging.LearnLogger logQuery
INFO: [ChangeCipherSpec Certificate | Finished / Alert,2.10ConnectionClosed, ConnectionClosed | ConnectionClosed]
Aug 31, 2024 9:53:22 PM de.learnlib.logging.LearnLogger logQuery
INFO: [ChangeCipherSpec Certificate | Certificate / Alert,2.10ConnectionClosed, ConnectionClosed | ConnectionClosed]
Aug 31, 2024 9:53:22 PM de.learnlib.logging.LearnLogger logQuery
INFO: [ChangeCipherSpec Certificate | ClientCertificateVerify / Alert,2.10ConnectionClosed, ConnectionClosed | ConnectionClosed]
Aug 31, 2024 9:53:22 PM de.learnlib.logging.LearnLogger logQuery
INFO: [ChangeCipherSpec Certificate | ApplicationData / Alert,2.10ConnectionClosed, ConnectionClosed | ConnectionClosed]
Aug 31, 2024 9:53:22 PM de.learnlib.logging.LearnLogger logQuery
INFO: [ChangeCipherSpec ClientCertificateVerify | ClientHello / Alert,2.10ConnectionClosed, ConnectionClosed | ConnectionClosed]
Aug 31, 2024 9:53:22 PM de.learnlib.logging.LearnLogger logQuery
INFO: [ChangeCipherSpec ClientCertificateVerify | ChangeCipherSpec / Alert,2.10ConnectionClosed, ConnectionClosed | ConnectionClosed]
Aug 31, 2024 9:53:22 PM de.learnlib.logging.LearnLogger logQuery
INFO: [ChangeCipherSpec ClientCertificateVerify | Finished / Alert,2.10ConnectionClosed, ConnectionClosed | ConnectionClosed]
Aug 31, 2024 9:53:22 PM de.learnlib.logging.LearnLogger logQuery
INFO: [ChangeCipherSpec ClientCertificateVerify | Certificate / Alert,2.10ConnectionClosed, ConnectionClosed | ConnectionClosed]
Aug 31, 2024 9:53:22 PM de.learnlib.logging.LearnLogger logQuery
INFO: [ChangeCipherSpec ClientCertificateVerify | ClientCertificateVerify / Alert,2.10ConnectionClosed, ConnectionClosed | ConnectionClosed]
Aug 31, 2024 9:53:22 PM de.learnlib.logging.LearnLogger logQuery
INFO: [ChangeCipherSpec ClientCertificateVerify | ApplicationData / Alert,2.10ConnectionClosed, ConnectionClosed | ConnectionClosed]
Aug 31, 2024 9:53:22 PM de.learnlib.logging.LearnLogger logQuery
INFO: [ChangeCipherSpec ApplicationData | ClientHello / Alert,2.10ConnectionClosed, ConnectionClosed | ConnectionClosed]
Aug 31, 2024 9:53:22 PM de.learnlib.logging.LearnLogger logQuery
INFO: [ChangeCipherSpec ApplicationData | ChangeCipherSpec / Alert,2.10ConnectionClosed, ConnectionClosed | ConnectionClosed]
Aug 31, 2024 9:53:22 PM de.learnlib.logging.LearnLogger logQuery
INFO: [ChangeCipherSpec ApplicationData | Finished / Alert,2.10ConnectionClosed, ConnectionClosed | ConnectionClosed]
Aug 31, 2024 9:53:22 PM de.learnlib.logging.LearnLogger logQuery
INFO: [ChangeCipherSpec ApplicationData | Certificate / Alert,2.10ConnectionClosed, ConnectionClosed | ConnectionClosed]
Aug 31, 2024 9:53:22 PM de.learnlib.logging.LearnLogger logQuery
INFO: [ChangeCipherSpec ApplicationData | ClientCertificateVerify / Alert,2.10ConnectionClosed, ConnectionClosed | ConnectionClosed]
Aug 31, 2024 9:53:22 PM de.learnlib.logging.LearnLogger logQuery
INFO: [ChangeCipherSpec ApplicationData | ApplicationData / Alert,2.10ConnectionClosed, ConnectionClosed | ConnectionClosed]
Aug 31, 2024 9:53:23 PM de.learnlib.logging.LearnLogger logQuery
INFO: [ClientHello ChangeCipherSpec ClientHello | ClientHello / ServerHello,ChangeCipherSpec,EncryptedExtensions,CertificateRequest,Certificate,CertificateVerify,Finished, Empty, Alert,2.20ConnectionClosed, | ConnectionClosed]
Aug 31, 2024 9:53:25 PM de.learnlib.logging.LearnLogger logQuery
INFO: [ClientHello ChangeCipherSpec ClientHello | ChangeCipherSpec / ServerHello,ChangeCipherSpec,EncryptedExtensions,CertificateRequest,Certificate,CertificateVerify,Finished, Empty, Alert,2.20ConnectionClosed, | ConnectionClosed]
Aug 31, 2024 9:53:26 PM de.learnlib.logging.LearnLogger logQuery
INFO: [ClientHello ChangeCipherSpec ClientHello | Finished / ServerHello,ChangeCipherSpec,EncryptedExtensions,CertificateRequest,Certificate,CertificateVerify,Finished, Empty, Alert,2.20ConnectionClosed, | ConnectionClosed]
Aug 31, 2024 9:53:27 PM de.learnlib.logging.LearnLogger logQuery
INFO: [ClientHello ChangeCipherSpec ClientHello | Certificate / ServerHello,ChangeCipherSpec,EncryptedExtensions,CertificateRequest,Certificate,CertificateVerify,Finished, Empty, Alert,2.20ConnectionClosed, | ConnectionClosed]
Aug 31, 2024 9:53:29 PM de.learnlib.logging.LearnLogger logQuery
INFO: [ClientHello ChangeCipherSpec ClientHello | ClientCertificateVerify / ServerHello,ChangeCipherSpec,EncryptedExtensions,CertificateRequest,Certificate,CertificateVerify,Finished, Empty, Alert,2.20ConnectionClosed, | ConnectionClosed]
Aug 31, 2024 9:53:31 PM de.learnlib.logging.LearnLogger logQuery
INFO: [ClientHello ChangeCipherSpec ClientHello | ApplicationData / ServerHello,ChangeCipherSpec,EncryptedExtensions,CertificateRequest,Certificate,CertificateVerify,Finished, Empty, Alert,2.20ConnectionClosed, | ConnectionClosed]
Aug 31, 2024 9:53:32 PM de.learnlib.logging.LearnLogger logQuery
INFO: [ClientHello ChangeCipherSpec ChangeCipherSpec | ClientHello / ServerHello,ChangeCipherSpec,EncryptedExtensions,CertificateRequest,Certificate,CertificateVerify,Finished, Empty, Alert,2.10ConnectionClosed, | ConnectionClosed]
Aug 31, 2024 9:53:34 PM de.learnlib.logging.LearnLogger logQuery
INFO: [ClientHello ChangeCipherSpec ChangeCipherSpec | ChangeCipherSpec / ServerHello,ChangeCipherSpec,EncryptedExtensions,CertificateRequest,Certificate,CertificateVerify,Finished, Empty, Alert,2.10ConnectionClosed, | ConnectionClosed]
Aug 31, 2024 9:53:35 PM de.learnlib.logging.LearnLogger logQuery
INFO: [ClientHello ChangeCipherSpec ChangeCipherSpec | Finished / ServerHello,ChangeCipherSpec,EncryptedExtensions,CertificateRequest,Certificate,CertificateVerify,Finished, Empty, Alert,2.10ConnectionClosed, | ConnectionClosed]
Aug 31, 2024 9:53:36 PM de.learnlib.logging.LearnLogger logQuery
INFO: [ClientHello ChangeCipherSpec ChangeCipherSpec | Certificate / ServerHello,ChangeCipherSpec,EncryptedExtensions,CertificateRequest,Certificate,CertificateVerify,Finished, Empty, Alert,2.10ConnectionClosed, | ConnectionClosed]
Aug 31, 2024 9:53:38 PM de.learnlib.logging.LearnLogger logQuery
INFO: [ClientHello ChangeCipherSpec ChangeCipherSpec | ClientCertificateVerify / ServerHello,ChangeCipherSpec,EncryptedExtensions,CertificateRequest,Certificate,CertificateVerify,Finished, Empty, Alert,2.10ConnectionClosed, | ConnectionClosed]
Aug 31, 2024 9:53:39 PM de.learnlib.logging.LearnLogger logQuery
INFO: [ClientHello ChangeCipherSpec ChangeCipherSpec | ApplicationData / ServerHello,ChangeCipherSpec,EncryptedExtensions,CertificateRequest,Certificate,CertificateVerify,Finished, Empty, Alert,2.10ConnectionClosed, | ConnectionClosed]
Aug 31, 2024 9:53:41 PM de.learnlib.logging.LearnLogger logQuery
INFO: [ClientHello ChangeCipherSpec Finished | ClientHello / ServerHello,ChangeCipherSpec,EncryptedExtensions,CertificateRequest,Certificate,CertificateVerify,Finished, Empty, Alert,2.10ConnectionClosed, | ConnectionClosed]
Aug 31, 2024 9:53:42 PM de.learnlib.logging.LearnLogger logQuery
INFO: [ClientHello ChangeCipherSpec Finished | ChangeCipherSpec / ServerHello,ChangeCipherSpec,EncryptedExtensions,CertificateRequest,Certificate,CertificateVerify,Finished, Empty, Alert,2.10ConnectionClosed, | ConnectionClosed]
Aug 31, 2024 9:53:44 PM de.learnlib.logging.LearnLogger logQuery
INFO: [ClientHello ChangeCipherSpec Finished | Finished / ServerHello,ChangeCipherSpec,EncryptedExtensions,CertificateRequest,Certificate,CertificateVerify,Finished, Empty, Alert,2.10ConnectionClosed, | ConnectionClosed]
Aug 31, 2024 9:53:45 PM de.learnlib.logging.LearnLogger logQuery
INFO: [ClientHello ChangeCipherSpec Finished | Certificate / ServerHello,ChangeCipherSpec,EncryptedExtensions,CertificateRequest,Certificate,CertificateVerify,Finished, Empty, Alert,2.10ConnectionClosed, | ConnectionClosed]
Aug 31, 2024 9:53:47 PM de.learnlib.logging.LearnLogger logQuery
INFO: [ClientHello ChangeCipherSpec Finished | ClientCertificateVerify / ServerHello,ChangeCipherSpec,EncryptedExtensions,CertificateRequest,Certificate,CertificateVerify,Finished, Empty, Alert,2.10ConnectionClosed, | ConnectionClosed]
Aug 31, 2024 9:53:48 PM de.learnlib.logging.LearnLogger logQuery
INFO: [ClientHello ChangeCipherSpec Finished | ApplicationData / ServerHello,ChangeCipherSpec,EncryptedExtensions,CertificateRequest,Certificate,CertificateVerify,Finished, Empty, Alert,2.10ConnectionClosed, | ConnectionClosed]
Aug 31, 2024 9:53:50 PM de.learnlib.logging.LearnLogger logQuery
INFO: [ClientHello ChangeCipherSpec Certificate | ClientHello / ServerHello,ChangeCipherSpec,EncryptedExtensions,CertificateRequest,Certificate,CertificateVerify,Finished, Empty, Empty, | Alert,2.20ConnectionClosed,]
Aug 31, 2024 9:53:51 PM de.learnlib.logging.LearnLogger logQuery
INFO: [ClientHello ChangeCipherSpec Certificate | ChangeCipherSpec / ServerHello,ChangeCipherSpec,EncryptedExtensions,CertificateRequest,Certificate,CertificateVerify,Finished, Empty, Empty, | Alert,2.10ConnectionClosed,]
Aug 31, 2024 9:53:53 PM de.learnlib.logging.LearnLogger logQuery
INFO: [ClientHello ChangeCipherSpec Certificate | Finished / ServerHello,ChangeCipherSpec,EncryptedExtensions,CertificateRequest,Certificate,CertificateVerify,Finished, Empty, Empty, | Alert,2.10ConnectionClosed,]
Aug 31, 2024 9:53:55 PM de.learnlib.logging.LearnLogger logQuery
INFO: [ClientHello ChangeCipherSpec Certificate | Certificate / ServerHello,ChangeCipherSpec,EncryptedExtensions,CertificateRequest,Certificate,CertificateVerify,Finished, Empty, Empty, | Alert,2.10ConnectionClosed,]
Aug 31, 2024 9:53:56 PM de.learnlib.logging.LearnLogger logQuery
INFO: [ClientHello ChangeCipherSpec Certificate | ClientCertificateVerify / ServerHello,ChangeCipherSpec,EncryptedExtensions,CertificateRequest,Certificate,CertificateVerify,Finished, Empty, Empty, | Empty,]
Aug 31, 2024 9:53:58 PM de.learnlib.logging.LearnLogger logQuery
INFO: [ClientHello ChangeCipherSpec Certificate | ApplicationData / ServerHello,ChangeCipherSpec,EncryptedExtensions,CertificateRequest,Certificate,CertificateVerify,Finished, Empty, Empty, | Alert,2.10ConnectionClosed,]
Aug 31, 2024 9:53:59 PM de.learnlib.logging.LearnLogger logQuery
INFO: [ClientHello ChangeCipherSpec ClientCertificateVerify | ClientHello / ServerHello,ChangeCipherSpec,EncryptedExtensions,CertificateRequest,Certificate,CertificateVerify,Finished, Empty, Alert,2.10ConnectionClosed, | ConnectionClosed]
Aug 31, 2024 9:54:01 PM de.learnlib.logging.LearnLogger logQuery
INFO: [ClientHello ChangeCipherSpec ClientCertificateVerify | ChangeCipherSpec / ServerHello,ChangeCipherSpec,EncryptedExtensions,CertificateRequest,Certificate,CertificateVerify,Finished, Empty, Alert,2.10ConnectionClosed, | ConnectionClosed]
Aug 31, 2024 9:54:02 PM de.learnlib.logging.LearnLogger logQuery
INFO: [ClientHello ChangeCipherSpec ClientCertificateVerify | Finished / ServerHello,ChangeCipherSpec,EncryptedExtensions,CertificateRequest,Certificate,CertificateVerify,Finished, Empty, Alert,2.10ConnectionClosed, | ConnectionClosed]
Aug 31, 2024 9:54:03 PM de.learnlib.logging.LearnLogger logQuery
INFO: [ClientHello ChangeCipherSpec ClientCertificateVerify | Certificate / ServerHello,ChangeCipherSpec,EncryptedExtensions,CertificateRequest,Certificate,CertificateVerify,Finished, Empty, Alert,2.10ConnectionClosed, | ConnectionClosed]
Aug 31, 2024 9:54:05 PM de.learnlib.logging.LearnLogger logQuery
INFO: [ClientHello ChangeCipherSpec ClientCertificateVerify | ClientCertificateVerify / ServerHello,ChangeCipherSpec,EncryptedExtensions,CertificateRequest,Certificate,CertificateVerify,Finished, Empty, Alert,2.10ConnectionClosed, | ConnectionClosed]
Aug 31, 2024 9:54:06 PM de.learnlib.logging.LearnLogger logQuery
INFO: [ClientHello ChangeCipherSpec ClientCertificateVerify | ApplicationData / ServerHello,ChangeCipherSpec,EncryptedExtensions,CertificateRequest,Certificate,CertificateVerify,Finished, Empty, Alert,2.10ConnectionClosed, | ConnectionClosed]
Aug 31, 2024 9:54:07 PM de.learnlib.logging.LearnLogger logQuery
INFO: [ClientHello ChangeCipherSpec ApplicationData | ClientHello / ServerHello,ChangeCipherSpec,EncryptedExtensions,CertificateRequest,Certificate,CertificateVerify,Finished, Empty, Alert,2.10ConnectionClosed, | ConnectionClosed]
Aug 31, 2024 9:54:09 PM de.learnlib.logging.LearnLogger logQuery
INFO: [ClientHello ChangeCipherSpec ApplicationData | ChangeCipherSpec / ServerHello,ChangeCipherSpec,EncryptedExtensions,CertificateRequest,Certificate,CertificateVerify,Finished, Empty, Alert,2.10ConnectionClosed, | ConnectionClosed]
Aug 31, 2024 9:54:10 PM de.learnlib.logging.LearnLogger logQuery
INFO: [ClientHello ChangeCipherSpec ApplicationData | Finished / ServerHello,ChangeCipherSpec,EncryptedExtensions,CertificateRequest,Certificate,CertificateVerify,Finished, Empty, Alert,2.10ConnectionClosed, | ConnectionClosed]
Aug 31, 2024 9:54:12 PM de.learnlib.logging.LearnLogger logQuery
INFO: [ClientHello ChangeCipherSpec ApplicationData | Certificate / ServerHello,ChangeCipherSpec,EncryptedExtensions,CertificateRequest,Certificate,CertificateVerify,Finished, Empty, Alert,2.10ConnectionClosed, | ConnectionClosed]
Aug 31, 2024 9:54:13 PM de.learnlib.logging.LearnLogger logQuery
INFO: [ClientHello ChangeCipherSpec ApplicationData | ClientCertificateVerify / ServerHello,ChangeCipherSpec,EncryptedExtensions,CertificateRequest,Certificate,CertificateVerify,Finished, Empty, Alert,2.10ConnectionClosed, | ConnectionClosed]
Aug 31, 2024 9:54:14 PM de.learnlib.logging.LearnLogger logQuery
INFO: [ClientHello ChangeCipherSpec ApplicationData | ApplicationData / ServerHello,ChangeCipherSpec,EncryptedExtensions,CertificateRequest,Certificate,CertificateVerify,Finished, Empty, Alert,2.10ConnectionClosed, | ConnectionClosed]
Aug 31, 2024 9:54:16 PM de.learnlib.logging.LearnLogger logQuery
INFO: [ClientHello ChangeCipherSpec Certificate ClientHello | ClientHello / ServerHello,ChangeCipherSpec,EncryptedExtensions,CertificateRequest,Certificate,CertificateVerify,Finished, Empty, Empty, Alert,2.20ConnectionClosed, | ConnectionClosed]
Aug 31, 2024 9:54:18 PM de.learnlib.logging.LearnLogger logQuery
INFO: [ClientHello ChangeCipherSpec Certificate ClientHello | ChangeCipherSpec / ServerHello,ChangeCipherSpec,EncryptedExtensions,CertificateRequest,Certificate,CertificateVerify,Finished, Empty, Empty, Alert,2.20ConnectionClosed, | ConnectionClosed]
Aug 31, 2024 9:54:19 PM de.learnlib.logging.LearnLogger logQuery
INFO: [ClientHello ChangeCipherSpec Certificate ClientHello | Finished / ServerHello,ChangeCipherSpec,EncryptedExtensions,CertificateRequest,Certificate,CertificateVerify,Finished, Empty, Empty, Alert,2.20ConnectionClosed, | ConnectionClosed]
Aug 31, 2024 9:54:21 PM de.learnlib.logging.LearnLogger logQuery
INFO: [ClientHello ChangeCipherSpec Certificate ClientHello | Certificate / ServerHello,ChangeCipherSpec,EncryptedExtensions,CertificateRequest,Certificate,CertificateVerify,Finished, Empty, Empty, Alert,2.20ConnectionClosed, | ConnectionClosed]
Aug 31, 2024 9:54:22 PM de.learnlib.logging.LearnLogger logQuery
INFO: [ClientHello ChangeCipherSpec Certificate ClientHello | ClientCertificateVerify / ServerHello,ChangeCipherSpec,EncryptedExtensions,CertificateRequest,Certificate,CertificateVerify,Finished, Empty, Empty, Alert,2.20ConnectionClosed, | ConnectionClosed]
Aug 31, 2024 9:54:24 PM de.learnlib.logging.LearnLogger logQuery
INFO: [ClientHello ChangeCipherSpec Certificate ClientHello | ApplicationData / ServerHello,ChangeCipherSpec,EncryptedExtensions,CertificateRequest,Certificate,CertificateVerify,Finished, Empty, Empty, Alert,2.20ConnectionClosed, | ConnectionClosed]
Aug 31, 2024 9:54:26 PM de.learnlib.logging.LearnLogger logQuery
INFO: [ClientHello ChangeCipherSpec Certificate ChangeCipherSpec | ClientHello / ServerHello,ChangeCipherSpec,EncryptedExtensions,CertificateRequest,Certificate,CertificateVerify,Finished, Empty, Empty, Alert,2.10ConnectionClosed, | ConnectionClosed]
Aug 31, 2024 9:54:27 PM de.learnlib.logging.LearnLogger logQuery
INFO: [ClientHello ChangeCipherSpec Certificate ChangeCipherSpec | ChangeCipherSpec / ServerHello,ChangeCipherSpec,EncryptedExtensions,CertificateRequest,Certificate,CertificateVerify,Finished, Empty, Empty, Alert,2.10ConnectionClosed, | ConnectionClosed]
Aug 31, 2024 9:54:29 PM de.learnlib.logging.LearnLogger logQuery
INFO: [ClientHello ChangeCipherSpec Certificate ChangeCipherSpec | Finished / ServerHello,ChangeCipherSpec,EncryptedExtensions,CertificateRequest,Certificate,CertificateVerify,Finished, Empty, Empty, Alert,2.10ConnectionClosed, | ConnectionClosed]
Aug 31, 2024 9:54:31 PM de.learnlib.logging.LearnLogger logQuery
INFO: [ClientHello ChangeCipherSpec Certificate ChangeCipherSpec | Certificate / ServerHello,ChangeCipherSpec,EncryptedExtensions,CertificateRequest,Certificate,CertificateVerify,Finished, Empty, Empty, Alert,2.10ConnectionClosed, | ConnectionClosed]
Aug 31, 2024 9:54:32 PM de.learnlib.logging.LearnLogger logQuery
INFO: [ClientHello ChangeCipherSpec Certificate ChangeCipherSpec | ClientCertificateVerify / ServerHello,ChangeCipherSpec,EncryptedExtensions,CertificateRequest,Certificate,CertificateVerify,Finished, Empty, Empty, Alert,2.10ConnectionClosed, | ConnectionClosed]
Aug 31, 2024 9:54:34 PM de.learnlib.logging.LearnLogger logQuery
INFO: [ClientHello ChangeCipherSpec Certificate ChangeCipherSpec | ApplicationData / ServerHello,ChangeCipherSpec,EncryptedExtensions,CertificateRequest,Certificate,CertificateVerify,Finished, Empty, Empty, Alert,2.10ConnectionClosed, | ConnectionClosed]
Aug 31, 2024 9:54:35 PM de.learnlib.logging.LearnLogger logQuery
INFO: [ClientHello ChangeCipherSpec Certificate Finished | ClientHello / ServerHello,ChangeCipherSpec,EncryptedExtensions,CertificateRequest,Certificate,CertificateVerify,Finished, Empty, Empty, Alert,2.10ConnectionClosed, | ConnectionClosed]
Aug 31, 2024 9:54:37 PM de.learnlib.logging.LearnLogger logQuery
INFO: [ClientHello ChangeCipherSpec Certificate Finished | ChangeCipherSpec / ServerHello,ChangeCipherSpec,EncryptedExtensions,CertificateRequest,Certificate,CertificateVerify,Finished, Empty, Empty, Alert,2.10ConnectionClosed, | ConnectionClosed]
Aug 31, 2024 9:54:39 PM de.learnlib.logging.LearnLogger logQuery
INFO: [ClientHello ChangeCipherSpec Certificate Finished | Finished / ServerHello,ChangeCipherSpec,EncryptedExtensions,CertificateRequest,Certificate,CertificateVerify,Finished, Empty, Empty, Alert,2.10ConnectionClosed, | ConnectionClosed]
Aug 31, 2024 9:54:40 PM de.learnlib.logging.LearnLogger logQuery
INFO: [ClientHello ChangeCipherSpec Certificate Finished | Certificate / ServerHello,ChangeCipherSpec,EncryptedExtensions,CertificateRequest,Certificate,CertificateVerify,Finished, Empty, Empty, Alert,2.10ConnectionClosed, | ConnectionClosed]
Aug 31, 2024 9:54:42 PM de.learnlib.logging.LearnLogger logQuery
INFO: [ClientHello ChangeCipherSpec Certificate Finished | ClientCertificateVerify / ServerHello,ChangeCipherSpec,EncryptedExtensions,CertificateRequest,Certificate,CertificateVerify,Finished, Empty, Empty, Alert,2.10ConnectionClosed, | ConnectionClosed]
Aug 31, 2024 9:54:44 PM de.learnlib.logging.LearnLogger logQuery
INFO: [ClientHello ChangeCipherSpec Certificate Finished | ApplicationData / ServerHello,ChangeCipherSpec,EncryptedExtensions,CertificateRequest,Certificate,CertificateVerify,Finished, Empty, Empty, Alert,2.10ConnectionClosed, | ConnectionClosed]
Aug 31, 2024 9:54:46 PM de.learnlib.logging.LearnLogger logQuery
INFO: [ClientHello ChangeCipherSpec Certificate Certificate | ClientHello / ServerHello,ChangeCipherSpec,EncryptedExtensions,CertificateRequest,Certificate,CertificateVerify,Finished, Empty, Empty, Alert,2.10ConnectionClosed, | ConnectionClosed]
Aug 31, 2024 9:54:47 PM de.learnlib.logging.LearnLogger logQuery
INFO: [ClientHello ChangeCipherSpec Certificate Certificate | ChangeCipherSpec / ServerHello,ChangeCipherSpec,EncryptedExtensions,CertificateRequest,Certificate,CertificateVerify,Finished, Empty, Empty, Alert,2.10ConnectionClosed, | ConnectionClosed]
Aug 31, 2024 9:54:49 PM de.learnlib.logging.LearnLogger logQuery
INFO: [ClientHello ChangeCipherSpec Certificate Certificate | Finished / ServerHello,ChangeCipherSpec,EncryptedExtensions,CertificateRequest,Certificate,CertificateVerify,Finished, Empty, Empty, Alert,2.10ConnectionClosed, | ConnectionClosed]
Aug 31, 2024 9:54:50 PM de.learnlib.logging.LearnLogger logQuery
INFO: [ClientHello ChangeCipherSpec Certificate Certificate | Certificate / ServerHello,ChangeCipherSpec,EncryptedExtensions,CertificateRequest,Certificate,CertificateVerify,Finished, Empty, Empty, Alert,2.10ConnectionClosed, | ConnectionClosed]
Aug 31, 2024 9:54:52 PM de.learnlib.logging.LearnLogger logQuery
INFO: [ClientHello ChangeCipherSpec Certificate Certificate | ClientCertificateVerify / ServerHello,ChangeCipherSpec,EncryptedExtensions,CertificateRequest,Certificate,CertificateVerify,Finished, Empty, Empty, Alert,2.10ConnectionClosed, | ConnectionClosed]
Aug 31, 2024 9:54:54 PM de.learnlib.logging.LearnLogger logQuery
INFO: [ClientHello ChangeCipherSpec Certificate Certificate | ApplicationData / ServerHello,ChangeCipherSpec,EncryptedExtensions,CertificateRequest,Certificate,CertificateVerify,Finished, Empty, Empty, Alert,2.10ConnectionClosed, | ConnectionClosed]
Aug 31, 2024 9:54:56 PM de.learnlib.logging.LearnLogger logQuery
INFO: [ClientHello ChangeCipherSpec Certificate ClientCertificateVerify | ClientHello / ServerHello,ChangeCipherSpec,EncryptedExtensions,CertificateRequest,Certificate,CertificateVerify,Finished, Empty, Empty, Empty, | Alert,2.20ConnectionClosed,]
Aug 31, 2024 9:54:58 PM de.learnlib.logging.LearnLogger logQuery
INFO: [ClientHello ChangeCipherSpec Certificate ClientCertificateVerify | ChangeCipherSpec / ServerHello,ChangeCipherSpec,EncryptedExtensions,CertificateRequest,Certificate,CertificateVerify,Finished, Empty, Empty, Empty, | Alert,2.10ConnectionClosed,]
Aug 31, 2024 9:55:00 PM de.learnlib.logging.LearnLogger logQuery
INFO: [ClientHello ChangeCipherSpec Certificate ClientCertificateVerify | Finished / ServerHello,ChangeCipherSpec,EncryptedExtensions,CertificateRequest,Certificate,CertificateVerify,Finished, Empty, Empty, Empty, | NewSessionTicket,NewSessionTicket,]
Aug 31, 2024 9:55:02 PM de.learnlib.logging.LearnLogger logQuery
INFO: [ClientHello ChangeCipherSpec Certificate ClientCertificateVerify | Certificate / ServerHello,ChangeCipherSpec,EncryptedExtensions,CertificateRequest,Certificate,CertificateVerify,Finished, Empty, Empty, Empty, | Alert,2.10ConnectionClosed,]
Aug 31, 2024 9:55:04 PM de.learnlib.logging.LearnLogger logQuery
INFO: [ClientHello ChangeCipherSpec Certificate ClientCertificateVerify | ClientCertificateVerify / ServerHello,ChangeCipherSpec,EncryptedExtensions,CertificateRequest,Certificate,CertificateVerify,Finished, Empty, Empty, Empty, | Alert,2.10ConnectionClosed,]
Aug 31, 2024 9:55:06 PM de.learnlib.logging.LearnLogger logQuery
INFO: [ClientHello ChangeCipherSpec Certificate ClientCertificateVerify | ApplicationData / ServerHello,ChangeCipherSpec,EncryptedExtensions,CertificateRequest,Certificate,CertificateVerify,Finished, Empty, Empty, Empty, | Alert,2.10ConnectionClosed,]
Aug 31, 2024 9:55:07 PM de.learnlib.logging.LearnLogger logQuery
INFO: [ClientHello ChangeCipherSpec Certificate ApplicationData | ClientHello / ServerHello,ChangeCipherSpec,EncryptedExtensions,CertificateRequest,Certificate,CertificateVerify,Finished, Empty, Empty, Alert,2.10ConnectionClosed, | ConnectionClosed]
Aug 31, 2024 9:55:09 PM de.learnlib.logging.LearnLogger logQuery
INFO: [ClientHello ChangeCipherSpec Certificate ApplicationData | ChangeCipherSpec / ServerHello,ChangeCipherSpec,EncryptedExtensions,CertificateRequest,Certificate,CertificateVerify,Finished, Empty, Empty, Alert,2.10ConnectionClosed, | ConnectionClosed]
Aug 31, 2024 9:55:10 PM de.learnlib.logging.LearnLogger logQuery
INFO: [ClientHello ChangeCipherSpec Certificate ApplicationData | Finished / ServerHello,ChangeCipherSpec,EncryptedExtensions,CertificateRequest,Certificate,CertificateVerify,Finished, Empty, Empty, Alert,2.10ConnectionClosed, | ConnectionClosed]
Aug 31, 2024 9:55:12 PM de.learnlib.logging.LearnLogger logQuery
INFO: [ClientHello ChangeCipherSpec Certificate ApplicationData | Certificate / ServerHello,ChangeCipherSpec,EncryptedExtensions,CertificateRequest,Certificate,CertificateVerify,Finished, Empty, Empty, Alert,2.10ConnectionClosed, | ConnectionClosed]
Aug 31, 2024 9:55:14 PM de.learnlib.logging.LearnLogger logQuery
INFO: [ClientHello ChangeCipherSpec Certificate ApplicationData | ClientCertificateVerify / ServerHello,ChangeCipherSpec,EncryptedExtensions,CertificateRequest,Certificate,CertificateVerify,Finished, Empty, Empty, Alert,2.10ConnectionClosed, | ConnectionClosed]
Aug 31, 2024 9:55:15 PM de.learnlib.logging.LearnLogger logQuery
INFO: [ClientHello ChangeCipherSpec Certificate ApplicationData | ApplicationData / ServerHello,ChangeCipherSpec,EncryptedExtensions,CertificateRequest,Certificate,CertificateVerify,Finished, Empty, Empty, Alert,2.10ConnectionClosed, | ConnectionClosed]
Aug 31, 2024 9:55:17 PM de.learnlib.logging.LearnLogger logQuery
INFO: [ClientHello ChangeCipherSpec Certificate ClientCertificateVerify ClientHello | ClientHello / ServerHello,ChangeCipherSpec,EncryptedExtensions,CertificateRequest,Certificate,CertificateVerify,Finished, Empty, Empty, Empty, Alert,2.20ConnectionClosed, | ConnectionClosed]
Aug 31, 2024 9:55:19 PM de.learnlib.logging.LearnLogger logQuery
INFO: [ClientHello ChangeCipherSpec Certificate ClientCertificateVerify ClientHello | ChangeCipherSpec / ServerHello,ChangeCipherSpec,EncryptedExtensions,CertificateRequest,Certificate,CertificateVerify,Finished, Empty, Empty, Empty, Alert,2.20ConnectionClosed, | ConnectionClosed]
Aug 31, 2024 9:55:21 PM de.learnlib.logging.LearnLogger logQuery
INFO: [ClientHello ChangeCipherSpec Certificate ClientCertificateVerify ClientHello | Finished / ServerHello,ChangeCipherSpec,EncryptedExtensions,CertificateRequest,Certificate,CertificateVerify,Finished, Empty, Empty, Empty, Alert,2.20ConnectionClosed, | ConnectionClosed]
Aug 31, 2024 9:55:23 PM de.learnlib.logging.LearnLogger logQuery
INFO: [ClientHello ChangeCipherSpec Certificate ClientCertificateVerify ClientHello | Certificate / ServerHello,ChangeCipherSpec,EncryptedExtensions,CertificateRequest,Certificate,CertificateVerify,Finished, Empty, Empty, Empty, Alert,2.20ConnectionClosed, | ConnectionClosed]
Aug 31, 2024 9:55:25 PM de.learnlib.logging.LearnLogger logQuery
INFO: [ClientHello ChangeCipherSpec Certificate ClientCertificateVerify ClientHello | ClientCertificateVerify / ServerHello,ChangeCipherSpec,EncryptedExtensions,CertificateRequest,Certificate,CertificateVerify,Finished, Empty, Empty, Empty, Alert,2.20ConnectionClosed, | ConnectionClosed]
Aug 31, 2024 9:55:27 PM de.learnlib.logging.LearnLogger logQuery
INFO: [ClientHello ChangeCipherSpec Certificate ClientCertificateVerify ClientHello | ApplicationData / ServerHello,ChangeCipherSpec,EncryptedExtensions,CertificateRequest,Certificate,CertificateVerify,Finished, Empty, Empty, Empty, Alert,2.20ConnectionClosed, | ConnectionClosed]
Aug 31, 2024 9:55:29 PM de.learnlib.logging.LearnLogger logQuery
INFO: [ClientHello ChangeCipherSpec Certificate ClientCertificateVerify ChangeCipherSpec | ClientHello / ServerHello,ChangeCipherSpec,EncryptedExtensions,CertificateRequest,Certificate,CertificateVerify,Finished, Empty, Empty, Empty, Alert,2.10ConnectionClosed, | ConnectionClosed]
Aug 31, 2024 9:55:31 PM de.learnlib.logging.LearnLogger logQuery
INFO: [ClientHello ChangeCipherSpec Certificate ClientCertificateVerify ChangeCipherSpec | ChangeCipherSpec / ServerHello,ChangeCipherSpec,EncryptedExtensions,CertificateRequest,Certificate,CertificateVerify,Finished, Empty, Empty, Empty, Alert,2.10ConnectionClosed, | ConnectionClosed]
Aug 31, 2024 9:55:32 PM de.learnlib.logging.LearnLogger logQuery
INFO: [ClientHello ChangeCipherSpec Certificate ClientCertificateVerify ChangeCipherSpec | Finished / ServerHello,ChangeCipherSpec,EncryptedExtensions,CertificateRequest,Certificate,CertificateVerify,Finished, Empty, Empty, Empty, Alert,2.10ConnectionClosed, | ConnectionClosed]
Aug 31, 2024 9:55:34 PM de.learnlib.logging.LearnLogger logQuery
INFO: [ClientHello ChangeCipherSpec Certificate ClientCertificateVerify ChangeCipherSpec | Certificate / ServerHello,ChangeCipherSpec,EncryptedExtensions,CertificateRequest,Certificate,CertificateVerify,Finished, Empty, Empty, Empty, Alert,2.10ConnectionClosed, | ConnectionClosed]
Aug 31, 2024 9:55:36 PM de.learnlib.logging.LearnLogger logQuery
INFO: [ClientHello ChangeCipherSpec Certificate ClientCertificateVerify ChangeCipherSpec | ClientCertificateVerify / ServerHello,ChangeCipherSpec,EncryptedExtensions,CertificateRequest,Certificate,CertificateVerify,Finished, Empty, Empty, Empty, Alert,2.10ConnectionClosed, | ConnectionClosed]
Aug 31, 2024 9:55:38 PM de.learnlib.logging.LearnLogger logQuery
INFO: [ClientHello ChangeCipherSpec Certificate ClientCertificateVerify ChangeCipherSpec | ApplicationData / ServerHello,ChangeCipherSpec,EncryptedExtensions,CertificateRequest,Certificate,CertificateVerify,Finished, Empty, Empty, Empty, Alert,2.10ConnectionClosed, | ConnectionClosed]
Aug 31, 2024 9:55:41 PM de.learnlib.logging.LearnLogger logQuery
INFO: [ClientHello ChangeCipherSpec Certificate ClientCertificateVerify Finished | ClientHello / ServerHello,ChangeCipherSpec,EncryptedExtensions,CertificateRequest,Certificate,CertificateVerify,Finished, Empty, Empty, Empty, NewSessionTicket,NewSessionTicket, | Alert,2.10ConnectionClosed,]
Aug 31, 2024 9:55:44 PM de.learnlib.logging.LearnLogger logQuery
INFO: [ClientHello ChangeCipherSpec Certificate ClientCertificateVerify Finished | ChangeCipherSpec / ServerHello,ChangeCipherSpec,EncryptedExtensions,CertificateRequest,Certificate,CertificateVerify,Finished, Empty, Empty, Empty, NewSessionTicket,NewSessionTicket, | Alert,2.10ConnectionClosed,]
Aug 31, 2024 9:55:46 PM de.learnlib.logging.LearnLogger logQuery
INFO: [ClientHello ChangeCipherSpec Certificate ClientCertificateVerify Finished | Finished / ServerHello,ChangeCipherSpec,EncryptedExtensions,CertificateRequest,Certificate,CertificateVerify,Finished, Empty, Empty, Empty, NewSessionTicket,NewSessionTicket, | Alert,2.10ConnectionClosed,]
Aug 31, 2024 9:55:49 PM de.learnlib.logging.LearnLogger logQuery
INFO: [ClientHello ChangeCipherSpec Certificate ClientCertificateVerify Finished | Certificate / ServerHello,ChangeCipherSpec,EncryptedExtensions,CertificateRequest,Certificate,CertificateVerify,Finished, Empty, Empty, Empty, NewSessionTicket,NewSessionTicket, | Alert,2.10ConnectionClosed,]
Aug 31, 2024 9:55:52 PM de.learnlib.logging.LearnLogger logQuery
INFO: [ClientHello ChangeCipherSpec Certificate ClientCertificateVerify Finished | ClientCertificateVerify / ServerHello,ChangeCipherSpec,EncryptedExtensions,CertificateRequest,Certificate,CertificateVerify,Finished, Empty, Empty, Empty, NewSessionTicket,NewSessionTicket, | Alert,2.10ConnectionClosed,]
Aug 31, 2024 9:55:55 PM de.learnlib.logging.LearnLogger logQuery
INFO: [ClientHello ChangeCipherSpec Certificate ClientCertificateVerify Finished | ApplicationData / ServerHello,ChangeCipherSpec,EncryptedExtensions,CertificateRequest,Certificate,CertificateVerify,Finished, Empty, Empty, Empty, NewSessionTicket,NewSessionTicket, | ApplicationDataAlert,1.0ConnectionClosed,]
Aug 31, 2024 9:55:57 PM de.learnlib.logging.LearnLogger logQuery
INFO: [ClientHello ChangeCipherSpec Certificate ClientCertificateVerify Certificate | ClientHello / ServerHello,ChangeCipherSpec,EncryptedExtensions,CertificateRequest,Certificate,CertificateVerify,Finished, Empty, Empty, Empty, Alert,2.10ConnectionClosed, | ConnectionClosed]
Aug 31, 2024 9:55:59 PM de.learnlib.logging.LearnLogger logQuery
INFO: [ClientHello ChangeCipherSpec Certificate ClientCertificateVerify Certificate | ChangeCipherSpec / ServerHello,ChangeCipherSpec,EncryptedExtensions,CertificateRequest,Certificate,CertificateVerify,Finished, Empty, Empty, Empty, Alert,2.10ConnectionClosed, | ConnectionClosed]
Aug 31, 2024 9:56:01 PM de.learnlib.logging.LearnLogger logQuery
INFO: [ClientHello ChangeCipherSpec Certificate ClientCertificateVerify Certificate | Finished / ServerHello,ChangeCipherSpec,EncryptedExtensions,CertificateRequest,Certificate,CertificateVerify,Finished, Empty, Empty, Empty, Alert,2.10ConnectionClosed, | ConnectionClosed]
Aug 31, 2024 9:56:03 PM de.learnlib.logging.LearnLogger logQuery
INFO: [ClientHello ChangeCipherSpec Certificate ClientCertificateVerify Certificate | Certificate / ServerHello,ChangeCipherSpec,EncryptedExtensions,CertificateRequest,Certificate,CertificateVerify,Finished, Empty, Empty, Empty, Alert,2.10ConnectionClosed, | ConnectionClosed]
Aug 31, 2024 9:56:05 PM de.learnlib.logging.LearnLogger logQuery
INFO: [ClientHello ChangeCipherSpec Certificate ClientCertificateVerify Certificate | ClientCertificateVerify / ServerHello,ChangeCipherSpec,EncryptedExtensions,CertificateRequest,Certificate,CertificateVerify,Finished, Empty, Empty, Empty, Alert,2.10ConnectionClosed, | ConnectionClosed]
Aug 31, 2024 9:56:07 PM de.learnlib.logging.LearnLogger logQuery
INFO: [ClientHello ChangeCipherSpec Certificate ClientCertificateVerify Certificate | ApplicationData / ServerHello,ChangeCipherSpec,EncryptedExtensions,CertificateRequest,Certificate,CertificateVerify,Finished, Empty, Empty, Empty, Alert,2.10ConnectionClosed, | ConnectionClosed]
Aug 31, 2024 9:56:09 PM de.learnlib.logging.LearnLogger logQuery
INFO: [ClientHello ChangeCipherSpec Certificate ClientCertificateVerify ClientCertificateVerify | ClientHello / ServerHello,ChangeCipherSpec,EncryptedExtensions,CertificateRequest,Certificate,CertificateVerify,Finished, Empty, Empty, Empty, Alert,2.10ConnectionClosed, | ConnectionClosed]
Aug 31, 2024 9:56:12 PM de.learnlib.logging.LearnLogger logQuery
INFO: [ClientHello ChangeCipherSpec Certificate ClientCertificateVerify ClientCertificateVerify | ChangeCipherSpec / ServerHello,ChangeCipherSpec,EncryptedExtensions,CertificateRequest,Certificate,CertificateVerify,Finished, Empty, Empty, Empty, Alert,2.10ConnectionClosed, | ConnectionClosed]
Aug 31, 2024 9:56:14 PM de.learnlib.logging.LearnLogger logQuery
INFO: [ClientHello ChangeCipherSpec Certificate ClientCertificateVerify ClientCertificateVerify | Finished / ServerHello,ChangeCipherSpec,EncryptedExtensions,CertificateRequest,Certificate,CertificateVerify,Finished, Empty, Empty, Empty, Alert,2.10ConnectionClosed, | ConnectionClosed]
Aug 31, 2024 9:56:16 PM de.learnlib.logging.LearnLogger logQuery
INFO: [ClientHello ChangeCipherSpec Certificate ClientCertificateVerify ClientCertificateVerify | Certificate / ServerHello,ChangeCipherSpec,EncryptedExtensions,CertificateRequest,Certificate,CertificateVerify,Finished, Empty, Empty, Empty, Alert,2.10ConnectionClosed, | ConnectionClosed]
Aug 31, 2024 9:56:17 PM de.learnlib.logging.LearnLogger logQuery
INFO: [ClientHello ChangeCipherSpec Certificate ClientCertificateVerify ClientCertificateVerify | ClientCertificateVerify / ServerHello,ChangeCipherSpec,EncryptedExtensions,CertificateRequest,Certificate,CertificateVerify,Finished, Empty, Empty, Empty, Alert,2.10ConnectionClosed, | ConnectionClosed]
Aug 31, 2024 9:56:20 PM de.learnlib.logging.LearnLogger logQuery
INFO: [ClientHello ChangeCipherSpec Certificate ClientCertificateVerify ClientCertificateVerify | ApplicationData / ServerHello,ChangeCipherSpec,EncryptedExtensions,CertificateRequest,Certificate,CertificateVerify,Finished, Empty, Empty, Empty, Alert,2.10ConnectionClosed, | ConnectionClosed]
Aug 31, 2024 9:56:21 PM de.learnlib.logging.LearnLogger logQuery
INFO: [ClientHello ChangeCipherSpec Certificate ClientCertificateVerify ApplicationData | ClientHello / ServerHello,ChangeCipherSpec,EncryptedExtensions,CertificateRequest,Certificate,CertificateVerify,Finished, Empty, Empty, Empty, Alert,2.10ConnectionClosed, | ConnectionClosed]
Aug 31, 2024 9:56:23 PM de.learnlib.logging.LearnLogger logQuery
INFO: [ClientHello ChangeCipherSpec Certificate ClientCertificateVerify ApplicationData | ChangeCipherSpec / ServerHello,ChangeCipherSpec,EncryptedExtensions,CertificateRequest,Certificate,CertificateVerify,Finished, Empty, Empty, Empty, Alert,2.10ConnectionClosed, | ConnectionClosed]
Aug 31, 2024 9:56:25 PM de.learnlib.logging.LearnLogger logQuery
INFO: [ClientHello ChangeCipherSpec Certificate ClientCertificateVerify ApplicationData | Finished / ServerHello,ChangeCipherSpec,EncryptedExtensions,CertificateRequest,Certificate,CertificateVerify,Finished, Empty, Empty, Empty, Alert,2.10ConnectionClosed, | ConnectionClosed]
Aug 31, 2024 9:56:27 PM de.learnlib.logging.LearnLogger logQuery
INFO: [ClientHello ChangeCipherSpec Certificate ClientCertificateVerify ApplicationData | Certificate / ServerHello,ChangeCipherSpec,EncryptedExtensions,CertificateRequest,Certificate,CertificateVerify,Finished, Empty, Empty, Empty, Alert,2.10ConnectionClosed, | ConnectionClosed]
Aug 31, 2024 9:56:29 PM de.learnlib.logging.LearnLogger logQuery
INFO: [ClientHello ChangeCipherSpec Certificate ClientCertificateVerify ApplicationData | ClientCertificateVerify / ServerHello,ChangeCipherSpec,EncryptedExtensions,CertificateRequest,Certificate,CertificateVerify,Finished, Empty, Empty, Empty, Alert,2.10ConnectionClosed, | ConnectionClosed]
Aug 31, 2024 9:56:31 PM de.learnlib.logging.LearnLogger logQuery
INFO: [ClientHello ChangeCipherSpec Certificate ClientCertificateVerify ApplicationData | ApplicationData / ServerHello,ChangeCipherSpec,EncryptedExtensions,CertificateRequest,Certificate,CertificateVerify,Finished, Empty, Empty, Empty, Alert,2.10ConnectionClosed, | ConnectionClosed]
Aug 31, 2024 9:56:34 PM de.learnlib.logging.LearnLogger logQuery
INFO: [ClientHello ChangeCipherSpec Certificate ClientCertificateVerify Finished ClientHello | ClientHello / ServerHello,ChangeCipherSpec,EncryptedExtensions,CertificateRequest,Certificate,CertificateVerify,Finished, Empty, Empty, Empty, NewSessionTicket,NewSessionTicket, Alert,2.10ConnectionClosed, | ConnectionClosed]
Aug 31, 2024 9:56:37 PM de.learnlib.logging.LearnLogger logQuery
INFO: [ClientHello ChangeCipherSpec Certificate ClientCertificateVerify Finished ClientHello | ChangeCipherSpec / ServerHello,ChangeCipherSpec,EncryptedExtensions,CertificateRequest,Certificate,CertificateVerify,Finished, Empty, Empty, Empty, NewSessionTicket,NewSessionTicket, Alert,2.10ConnectionClosed, | ConnectionClosed]
Aug 31, 2024 9:56:39 PM de.learnlib.logging.LearnLogger logQuery
INFO: [ClientHello ChangeCipherSpec Certificate ClientCertificateVerify Finished ClientHello | Finished / ServerHello,ChangeCipherSpec,EncryptedExtensions,CertificateRequest,Certificate,CertificateVerify,Finished, Empty, Empty, Empty, NewSessionTicket,NewSessionTicket, Alert,2.10ConnectionClosed, | ConnectionClosed]
Aug 31, 2024 9:56:42 PM de.learnlib.logging.LearnLogger logQuery
INFO: [ClientHello ChangeCipherSpec Certificate ClientCertificateVerify Finished ClientHello | Certificate / ServerHello,ChangeCipherSpec,EncryptedExtensions,CertificateRequest,Certificate,CertificateVerify,Finished, Empty, Empty, Empty, NewSessionTicket,NewSessionTicket, Alert,2.10ConnectionClosed, | ConnectionClosed]
Aug 31, 2024 9:56:45 PM de.learnlib.logging.LearnLogger logQuery
INFO: [ClientHello ChangeCipherSpec Certificate ClientCertificateVerify Finished ClientHello | ClientCertificateVerify / ServerHello,ChangeCipherSpec,EncryptedExtensions,CertificateRequest,Certificate,CertificateVerify,Finished, Empty, Empty, Empty, NewSessionTicket,NewSessionTicket, Alert,2.10ConnectionClosed, | ConnectionClosed]
Aug 31, 2024 9:56:47 PM de.learnlib.logging.LearnLogger logQuery
INFO: [ClientHello ChangeCipherSpec Certificate ClientCertificateVerify Finished ClientHello | ApplicationData / ServerHello,ChangeCipherSpec,EncryptedExtensions,CertificateRequest,Certificate,CertificateVerify,Finished, Empty, Empty, Empty, NewSessionTicket,NewSessionTicket, Alert,2.10ConnectionClosed, | ConnectionClosed]
Aug 31, 2024 9:56:50 PM de.learnlib.logging.LearnLogger logQuery
INFO: [ClientHello ChangeCipherSpec Certificate ClientCertificateVerify Finished ChangeCipherSpec | ClientHello / ServerHello,ChangeCipherSpec,EncryptedExtensions,CertificateRequest,Certificate,CertificateVerify,Finished, Empty, Empty, Empty, NewSessionTicket,NewSessionTicket, Alert,2.10ConnectionClosed, | ConnectionClosed]
Aug 31, 2024 9:56:53 PM de.learnlib.logging.LearnLogger logQuery
INFO: [ClientHello ChangeCipherSpec Certificate ClientCertificateVerify Finished ChangeCipherSpec | ChangeCipherSpec / ServerHello,ChangeCipherSpec,EncryptedExtensions,CertificateRequest,Certificate,CertificateVerify,Finished, Empty, Empty, Empty, NewSessionTicket,NewSessionTicket, Alert,2.10ConnectionClosed, | ConnectionClosed]
Aug 31, 2024 9:56:55 PM de.learnlib.logging.LearnLogger logQuery
INFO: [ClientHello ChangeCipherSpec Certificate ClientCertificateVerify Finished ChangeCipherSpec | Finished / ServerHello,ChangeCipherSpec,EncryptedExtensions,CertificateRequest,Certificate,CertificateVerify,Finished, Empty, Empty, Empty, NewSessionTicket,NewSessionTicket, Alert,2.10ConnectionClosed, | ConnectionClosed]
Aug 31, 2024 9:56:58 PM de.learnlib.logging.LearnLogger logQuery
INFO: [ClientHello ChangeCipherSpec Certificate ClientCertificateVerify Finished ChangeCipherSpec | Certificate / ServerHello,ChangeCipherSpec,EncryptedExtensions,CertificateRequest,Certificate,CertificateVerify,Finished, Empty, Empty, Empty, NewSessionTicket,NewSessionTicket, Alert,2.10ConnectionClosed, | ConnectionClosed]
Aug 31, 2024 9:57:01 PM de.learnlib.logging.LearnLogger logQuery
INFO: [ClientHello ChangeCipherSpec Certificate ClientCertificateVerify Finished ChangeCipherSpec | ClientCertificateVerify / ServerHello,ChangeCipherSpec,EncryptedExtensions,CertificateRequest,Certificate,CertificateVerify,Finished, Empty, Empty, Empty, NewSessionTicket,NewSessionTicket, Alert,2.10ConnectionClosed, | ConnectionClosed]
Aug 31, 2024 9:57:03 PM de.learnlib.logging.LearnLogger logQuery
INFO: [ClientHello ChangeCipherSpec Certificate ClientCertificateVerify Finished ChangeCipherSpec | ApplicationData / ServerHello,ChangeCipherSpec,EncryptedExtensions,CertificateRequest,Certificate,CertificateVerify,Finished, Empty, Empty, Empty, NewSessionTicket,NewSessionTicket, Alert,2.10ConnectionClosed, | ConnectionClosed]
Aug 31, 2024 9:57:06 PM de.learnlib.logging.LearnLogger logQuery
INFO: [ClientHello ChangeCipherSpec Certificate ClientCertificateVerify Finished Finished | ClientHello / ServerHello,ChangeCipherSpec,EncryptedExtensions,CertificateRequest,Certificate,CertificateVerify,Finished, Empty, Empty, Empty, NewSessionTicket,NewSessionTicket, Alert,2.10ConnectionClosed, | ConnectionClosed]
Aug 31, 2024 9:57:11 PM de.learnlib.logging.LearnLogger logQuery
INFO: [ClientHello ChangeCipherSpec Certificate ClientCertificateVerify Finished Finished | ChangeCipherSpec / ServerHello,ChangeCipherSpec,EncryptedExtensions,CertificateRequest,Certificate,CertificateVerify,Finished, Empty, Empty, Empty, NewSessionTicket,NewSessionTicket, Alert,2.10ConnectionClosed, | ConnectionClosed]
Aug 31, 2024 9:57:15 PM de.learnlib.logging.LearnLogger logQuery
INFO: [ClientHello ChangeCipherSpec Certificate ClientCertificateVerify Finished Finished | Finished / ServerHello,ChangeCipherSpec,EncryptedExtensions,CertificateRequest,Certificate,CertificateVerify,Finished, Empty, Empty, Empty, NewSessionTicket,NewSessionTicket, Alert,2.10ConnectionClosed, | ConnectionClosed]
Aug 31, 2024 9:57:18 PM de.learnlib.logging.LearnLogger logQuery
INFO: [ClientHello ChangeCipherSpec Certificate ClientCertificateVerify Finished Finished | Certificate / ServerHello,ChangeCipherSpec,EncryptedExtensions,CertificateRequest,Certificate,CertificateVerify,Finished, Empty, Empty, Empty, NewSessionTicket,NewSessionTicket, Alert,2.10ConnectionClosed, | ConnectionClosed]
Aug 31, 2024 9:57:21 PM de.learnlib.logging.LearnLogger logQuery
INFO: [ClientHello ChangeCipherSpec Certificate ClientCertificateVerify Finished Finished | ClientCertificateVerify / ServerHello,ChangeCipherSpec,EncryptedExtensions,CertificateRequest,Certificate,CertificateVerify,Finished, Empty, Empty, Empty, NewSessionTicket,NewSessionTicket, Alert,2.10ConnectionClosed, | ConnectionClosed]
Aug 31, 2024 9:57:24 PM de.learnlib.logging.LearnLogger logQuery
INFO: [ClientHello ChangeCipherSpec Certificate ClientCertificateVerify Finished Finished | ApplicationData / ServerHello,ChangeCipherSpec,EncryptedExtensions,CertificateRequest,Certificate,CertificateVerify,Finished, Empty, Empty, Empty, NewSessionTicket,NewSessionTicket, Alert,2.10ConnectionClosed, | ConnectionClosed]
Aug 31, 2024 9:57:27 PM de.learnlib.logging.LearnLogger logQuery
INFO: [ClientHello ChangeCipherSpec Certificate ClientCertificateVerify Finished Certificate | ClientHello / ServerHello,ChangeCipherSpec,EncryptedExtensions,CertificateRequest,Certificate,CertificateVerify,Finished, Empty, Empty, Empty, NewSessionTicket,NewSessionTicket, Alert,2.10ConnectionClosed, | ConnectionClosed]
Aug 31, 2024 9:57:30 PM de.learnlib.logging.LearnLogger logQuery
INFO: [ClientHello ChangeCipherSpec Certificate ClientCertificateVerify Finished Certificate | ChangeCipherSpec / ServerHello,ChangeCipherSpec,EncryptedExtensions,CertificateRequest,Certificate,CertificateVerify,Finished, Empty, Empty, Empty, NewSessionTicket,NewSessionTicket, Alert,2.10ConnectionClosed, | ConnectionClosed]
Aug 31, 2024 9:57:33 PM de.learnlib.logging.LearnLogger logQuery
INFO: [ClientHello ChangeCipherSpec Certificate ClientCertificateVerify Finished Certificate | Finished / ServerHello,ChangeCipherSpec,EncryptedExtensions,CertificateRequest,Certificate,CertificateVerify,Finished, Empty, Empty, Empty, NewSessionTicket,NewSessionTicket, Alert,2.10ConnectionClosed, | ConnectionClosed]
Aug 31, 2024 9:57:36 PM de.learnlib.logging.LearnLogger logQuery
INFO: [ClientHello ChangeCipherSpec Certificate ClientCertificateVerify Finished Certificate | Certificate / ServerHello,ChangeCipherSpec,EncryptedExtensions,CertificateRequest,Certificate,CertificateVerify,Finished, Empty, Empty, Empty, NewSessionTicket,NewSessionTicket, Alert,2.10ConnectionClosed, | ConnectionClosed]
Aug 31, 2024 9:57:38 PM de.learnlib.logging.LearnLogger logQuery
INFO: [ClientHello ChangeCipherSpec Certificate ClientCertificateVerify Finished Certificate | ClientCertificateVerify / ServerHello,ChangeCipherSpec,EncryptedExtensions,CertificateRequest,Certificate,CertificateVerify,Finished, Empty, Empty, Empty, NewSessionTicket,NewSessionTicket, Alert,2.10ConnectionClosed, | ConnectionClosed]
Aug 31, 2024 9:57:41 PM de.learnlib.logging.LearnLogger logQuery
INFO: [ClientHello ChangeCipherSpec Certificate ClientCertificateVerify Finished Certificate | ApplicationData / ServerHello,ChangeCipherSpec,EncryptedExtensions,CertificateRequest,Certificate,CertificateVerify,Finished, Empty, Empty, Empty, NewSessionTicket,NewSessionTicket, Alert,2.10ConnectionClosed, | ConnectionClosed]
Aug 31, 2024 9:57:44 PM de.learnlib.logging.LearnLogger logQuery
INFO: [ClientHello ChangeCipherSpec Certificate ClientCertificateVerify Finished ClientCertificateVerify | ClientHello / ServerHello,ChangeCipherSpec,EncryptedExtensions,CertificateRequest,Certificate,CertificateVerify,Finished, Empty, Empty, Empty, NewSessionTicket,NewSessionTicket, Alert,2.10ConnectionClosed, | ConnectionClosed]
Aug 31, 2024 9:57:47 PM de.learnlib.logging.LearnLogger logQuery
INFO: [ClientHello ChangeCipherSpec Certificate ClientCertificateVerify Finished ClientCertificateVerify | ChangeCipherSpec / ServerHello,ChangeCipherSpec,EncryptedExtensions,CertificateRequest,Certificate,CertificateVerify,Finished, Empty, Empty, Empty, NewSessionTicket,NewSessionTicket, Alert,2.10ConnectionClosed, | ConnectionClosed]
Aug 31, 2024 9:57:50 PM de.learnlib.logging.LearnLogger logQuery
INFO: [ClientHello ChangeCipherSpec Certificate ClientCertificateVerify Finished ClientCertificateVerify | Finished / ServerHello,ChangeCipherSpec,EncryptedExtensions,CertificateRequest,Certificate,CertificateVerify,Finished, Empty, Empty, Empty, NewSessionTicket,NewSessionTicket, Alert,2.10ConnectionClosed, | ConnectionClosed]
Aug 31, 2024 9:57:52 PM de.learnlib.logging.LearnLogger logQuery
INFO: [ClientHello ChangeCipherSpec Certificate ClientCertificateVerify Finished ClientCertificateVerify | Certificate / ServerHello,ChangeCipherSpec,EncryptedExtensions,CertificateRequest,Certificate,CertificateVerify,Finished, Empty, Empty, Empty, NewSessionTicket,NewSessionTicket, Alert,2.10ConnectionClosed, | ConnectionClosed]
Aug 31, 2024 9:57:55 PM de.learnlib.logging.LearnLogger logQuery
INFO: [ClientHello ChangeCipherSpec Certificate ClientCertificateVerify Finished ClientCertificateVerify | ClientCertificateVerify / ServerHello,ChangeCipherSpec,EncryptedExtensions,CertificateRequest,Certificate,CertificateVerify,Finished, Empty, Empty, Empty, NewSessionTicket,NewSessionTicket, Alert,2.10ConnectionClosed, | ConnectionClosed]
Aug 31, 2024 9:57:58 PM de.learnlib.logging.LearnLogger logQuery
INFO: [ClientHello ChangeCipherSpec Certificate ClientCertificateVerify Finished ClientCertificateVerify | ApplicationData / ServerHello,ChangeCipherSpec,EncryptedExtensions,CertificateRequest,Certificate,CertificateVerify,Finished, Empty, Empty, Empty, NewSessionTicket,NewSessionTicket, Alert,2.10ConnectionClosed, | ConnectionClosed]
Aug 31, 2024 9:58:01 PM de.learnlib.logging.LearnLogger logQuery
INFO: [ClientHello ChangeCipherSpec Certificate ClientCertificateVerify Finished ApplicationData | ClientHello / ServerHello,ChangeCipherSpec,EncryptedExtensions,CertificateRequest,Certificate,CertificateVerify,Finished, Empty, Empty, Empty, NewSessionTicket,NewSessionTicket, ApplicationDataAlert,1.0ConnectionClosed, | ConnectionClosed]
Aug 31, 2024 9:58:03 PM de.learnlib.logging.LearnLogger logQuery
INFO: [ClientHello ChangeCipherSpec Certificate ClientCertificateVerify Finished ApplicationData | ChangeCipherSpec / ServerHello,ChangeCipherSpec,EncryptedExtensions,CertificateRequest,Certificate,CertificateVerify,Finished, Empty, Empty, Empty, NewSessionTicket,NewSessionTicket, ApplicationDataAlert,1.0ConnectionClosed, | ConnectionClosed]
Aug 31, 2024 9:58:06 PM de.learnlib.logging.LearnLogger logQuery
INFO: [ClientHello ChangeCipherSpec Certificate ClientCertificateVerify Finished ApplicationData | Finished / ServerHello,ChangeCipherSpec,EncryptedExtensions,CertificateRequest,Certificate,CertificateVerify,Finished, Empty, Empty, Empty, NewSessionTicket,NewSessionTicket, ApplicationDataAlert,1.0ConnectionClosed, | ConnectionClosed]
Aug 31, 2024 9:58:09 PM de.learnlib.logging.LearnLogger logQuery
INFO: [ClientHello ChangeCipherSpec Certificate ClientCertificateVerify Finished ApplicationData | Certificate / ServerHello,ChangeCipherSpec,EncryptedExtensions,CertificateRequest,Certificate,CertificateVerify,Finished, Empty, Empty, Empty, NewSessionTicket,NewSessionTicket, ApplicationDataAlert,1.0ConnectionClosed, | ConnectionClosed]
Aug 31, 2024 9:58:12 PM de.learnlib.logging.LearnLogger logQuery
INFO: [ClientHello ChangeCipherSpec Certificate ClientCertificateVerify Finished ApplicationData | ClientCertificateVerify / ServerHello,ChangeCipherSpec,EncryptedExtensions,CertificateRequest,Certificate,CertificateVerify,Finished, Empty, Empty, Empty, NewSessionTicket,NewSessionTicket, ApplicationDataAlert,1.0ConnectionClosed, | ConnectionClosed]
Aug 31, 2024 9:58:15 PM de.learnlib.logging.LearnLogger logQuery
INFO: [ClientHello ChangeCipherSpec Certificate ClientCertificateVerify Finished ApplicationData | ApplicationData / ServerHello,ChangeCipherSpec,EncryptedExtensions,CertificateRequest,Certificate,CertificateVerify,Finished, Empty, Empty, Empty, NewSessionTicket,NewSessionTicket, ApplicationDataAlert,1.0ConnectionClosed, | ConnectionClosed]
Aug 31, 2024 9:58:16 PM de.learnlib.logging.LearnLogger logQuery
INFO: [ε | ClientHello / ε | ServerHello,ChangeCipherSpec,EncryptedExtensions,CertificateRequest,Certificate,CertificateVerify,Finished,]
Aug 31, 2024 9:58:16 PM de.learnlib.logging.LearnLogger logQuery
INFO: [ε | ChangeCipherSpec / ε | Alert,2.10ConnectionClosed,]
Aug 31, 2024 9:58:16 PM de.learnlib.logging.LearnLogger logQuery
INFO: [ε | Finished / ε | Alert,2.10ConnectionClosed,]
Aug 31, 2024 9:58:16 PM de.learnlib.logging.LearnLogger logQuery
INFO: [ε | Certificate / ε | Alert,2.10ConnectionClosed,]
Aug 31, 2024 9:58:16 PM de.learnlib.logging.LearnLogger logQuery
INFO: [ε | ClientCertificateVerify / ε | Alert,2.10ConnectionClosed,]
Aug 31, 2024 9:58:16 PM de.learnlib.logging.LearnLogger logQuery
INFO: [ε | ApplicationData / ε | Alert,2.10ConnectionClosed,]
Aug 31, 2024 9:58:17 PM de.learnlib.logging.LearnLogger logQuery
INFO: [ClientHello | ClientHello / ServerHello,ChangeCipherSpec,EncryptedExtensions,CertificateRequest,Certificate,CertificateVerify,Finished, | ConnectionClosed]
Aug 31, 2024 9:58:18 PM de.learnlib.logging.LearnLogger logQuery
INFO: [ClientHello | ChangeCipherSpec / ServerHello,ChangeCipherSpec,EncryptedExtensions,CertificateRequest,Certificate,CertificateVerify,Finished, | Empty,]
Aug 31, 2024 9:58:19 PM de.learnlib.logging.LearnLogger logQuery
INFO: [ClientHello | Finished / ServerHello,ChangeCipherSpec,EncryptedExtensions,CertificateRequest,Certificate,CertificateVerify,Finished, | ConnectionClosed]
Aug 31, 2024 9:58:20 PM de.learnlib.logging.LearnLogger logQuery
INFO: [ClientHello | Certificate / ServerHello,ChangeCipherSpec,EncryptedExtensions,CertificateRequest,Certificate,CertificateVerify,Finished, | ConnectionClosed]
Aug 31, 2024 9:58:21 PM de.learnlib.logging.LearnLogger logQuery
INFO: [ClientHello | ClientCertificateVerify / ServerHello,ChangeCipherSpec,EncryptedExtensions,CertificateRequest,Certificate,CertificateVerify,Finished, | ConnectionClosed]
Aug 31, 2024 9:58:23 PM de.learnlib.logging.LearnLogger logQuery
INFO: [ClientHello | ApplicationData / ServerHello,ChangeCipherSpec,EncryptedExtensions,CertificateRequest,Certificate,CertificateVerify,Finished, | Alert,2.20ConnectionClosed,]
Aug 31, 2024 9:58:23 PM de.learnlib.logging.LearnLogger logQuery
INFO: [ChangeCipherSpec | ClientHello / Alert,2.10ConnectionClosed, | ConnectionClosed]
Aug 31, 2024 9:58:23 PM de.learnlib.logging.LearnLogger logQuery
INFO: [ChangeCipherSpec | ChangeCipherSpec / Alert,2.10ConnectionClosed, | ConnectionClosed]
Aug 31, 2024 9:58:23 PM de.learnlib.logging.LearnLogger logQuery
INFO: [ChangeCipherSpec | Finished / Alert,2.10ConnectionClosed, | ConnectionClosed]
Aug 31, 2024 9:58:23 PM de.learnlib.logging.LearnLogger logQuery
INFO: [ChangeCipherSpec | Certificate / Alert,2.10ConnectionClosed, | ConnectionClosed]
Aug 31, 2024 9:58:23 PM de.learnlib.logging.LearnLogger logQuery
INFO: [ChangeCipherSpec | ClientCertificateVerify / Alert,2.10ConnectionClosed, | ConnectionClosed]
Aug 31, 2024 9:58:23 PM de.learnlib.logging.LearnLogger logQuery
INFO: [ChangeCipherSpec | ApplicationData / Alert,2.10ConnectionClosed, | ConnectionClosed]
Aug 31, 2024 9:58:24 PM de.learnlib.logging.LearnLogger logQuery
INFO: [ClientHello ChangeCipherSpec | ClientHello / ServerHello,ChangeCipherSpec,EncryptedExtensions,CertificateRequest,Certificate,CertificateVerify,Finished, Empty, | Alert,2.20ConnectionClosed,]
Aug 31, 2024 9:58:25 PM de.learnlib.logging.LearnLogger logQuery
INFO: [ClientHello ChangeCipherSpec | ChangeCipherSpec / ServerHello,ChangeCipherSpec,EncryptedExtensions,CertificateRequest,Certificate,CertificateVerify,Finished, Empty, | Alert,2.10ConnectionClosed,]
Aug 31, 2024 9:58:27 PM de.learnlib.logging.LearnLogger logQuery
INFO: [ClientHello ChangeCipherSpec | Finished / ServerHello,ChangeCipherSpec,EncryptedExtensions,CertificateRequest,Certificate,CertificateVerify,Finished, Empty, | Alert,2.10ConnectionClosed,]
Aug 31, 2024 9:58:28 PM de.learnlib.logging.LearnLogger logQuery
INFO: [ClientHello ChangeCipherSpec | Certificate / ServerHello,ChangeCipherSpec,EncryptedExtensions,CertificateRequest,Certificate,CertificateVerify,Finished, Empty, | Empty,]
Aug 31, 2024 9:58:30 PM de.learnlib.logging.LearnLogger logQuery
INFO: [ClientHello ChangeCipherSpec | ClientCertificateVerify / ServerHello,ChangeCipherSpec,EncryptedExtensions,CertificateRequest,Certificate,CertificateVerify,Finished, Empty, | Alert,2.10ConnectionClosed,]
Aug 31, 2024 9:58:31 PM de.learnlib.logging.LearnLogger logQuery
INFO: [ClientHello ChangeCipherSpec | ApplicationData / ServerHello,ChangeCipherSpec,EncryptedExtensions,CertificateRequest,Certificate,CertificateVerify,Finished, Empty, | Alert,2.10ConnectionClosed,]
Aug 31, 2024 9:58:33 PM de.learnlib.logging.LearnLogger logQuery
INFO: [ClientHello ChangeCipherSpec Certificate | ClientHello / ServerHello,ChangeCipherSpec,EncryptedExtensions,CertificateRequest,Certificate,CertificateVerify,Finished, Empty, Empty, | Alert,2.20ConnectionClosed,]
Aug 31, 2024 9:58:34 PM de.learnlib.logging.LearnLogger logQuery
INFO: [ClientHello ChangeCipherSpec Certificate | ChangeCipherSpec / ServerHello,ChangeCipherSpec,EncryptedExtensions,CertificateRequest,Certificate,CertificateVerify,Finished, Empty, Empty, | Alert,2.10ConnectionClosed,]
Aug 31, 2024 9:58:36 PM de.learnlib.logging.LearnLogger logQuery
INFO: [ClientHello ChangeCipherSpec Certificate | Finished / ServerHello,ChangeCipherSpec,EncryptedExtensions,CertificateRequest,Certificate,CertificateVerify,Finished, Empty, Empty, | Alert,2.10ConnectionClosed,]
Aug 31, 2024 9:58:38 PM de.learnlib.logging.LearnLogger logQuery
INFO: [ClientHello ChangeCipherSpec Certificate | Certificate / ServerHello,ChangeCipherSpec,EncryptedExtensions,CertificateRequest,Certificate,CertificateVerify,Finished, Empty, Empty, | Alert,2.10ConnectionClosed,]
Aug 31, 2024 9:58:39 PM de.learnlib.logging.LearnLogger logQuery
INFO: [ClientHello ChangeCipherSpec Certificate | ClientCertificateVerify / ServerHello,ChangeCipherSpec,EncryptedExtensions,CertificateRequest,Certificate,CertificateVerify,Finished, Empty, Empty, | Empty,]
Aug 31, 2024 9:58:41 PM de.learnlib.logging.LearnLogger logQuery
INFO: [ClientHello ChangeCipherSpec Certificate | ApplicationData / ServerHello,ChangeCipherSpec,EncryptedExtensions,CertificateRequest,Certificate,CertificateVerify,Finished, Empty, Empty, | Alert,2.10ConnectionClosed,]
Aug 31, 2024 9:58:43 PM de.learnlib.logging.LearnLogger logQuery
INFO: [ClientHello ChangeCipherSpec Certificate ClientCertificateVerify | ClientHello / ServerHello,ChangeCipherSpec,EncryptedExtensions,CertificateRequest,Certificate,CertificateVerify,Finished, Empty, Empty, Empty, | Alert,2.20ConnectionClosed,]
Aug 31, 2024 9:58:45 PM de.learnlib.logging.LearnLogger logQuery
INFO: [ClientHello ChangeCipherSpec Certificate ClientCertificateVerify | ChangeCipherSpec / ServerHello,ChangeCipherSpec,EncryptedExtensions,CertificateRequest,Certificate,CertificateVerify,Finished, Empty, Empty, Empty, | Alert,2.10ConnectionClosed,]
Aug 31, 2024 9:58:48 PM de.learnlib.logging.LearnLogger logQuery
INFO: [ClientHello ChangeCipherSpec Certificate ClientCertificateVerify | Finished / ServerHello,ChangeCipherSpec,EncryptedExtensions,CertificateRequest,Certificate,CertificateVerify,Finished, Empty, Empty, Empty, | NewSessionTicket,NewSessionTicket,]
Aug 31, 2024 9:58:50 PM de.learnlib.logging.LearnLogger logQuery
INFO: [ClientHello ChangeCipherSpec Certificate ClientCertificateVerify | Certificate / ServerHello,ChangeCipherSpec,EncryptedExtensions,CertificateRequest,Certificate,CertificateVerify,Finished, Empty, Empty, Empty, | Alert,2.10ConnectionClosed,]
Aug 31, 2024 9:58:52 PM de.learnlib.logging.LearnLogger logQuery
INFO: [ClientHello ChangeCipherSpec Certificate ClientCertificateVerify | ClientCertificateVerify / ServerHello,ChangeCipherSpec,EncryptedExtensions,CertificateRequest,Certificate,CertificateVerify,Finished, Empty, Empty, Empty, | Alert,2.10ConnectionClosed,]
Aug 31, 2024 9:58:54 PM de.learnlib.logging.LearnLogger logQuery
INFO: [ClientHello ChangeCipherSpec Certificate ClientCertificateVerify | ApplicationData / ServerHello,ChangeCipherSpec,EncryptedExtensions,CertificateRequest,Certificate,CertificateVerify,Finished, Empty, Empty, Empty, | Alert,2.10ConnectionClosed,]
Aug 31, 2024 9:58:57 PM de.learnlib.logging.LearnLogger logQuery
INFO: [ClientHello ChangeCipherSpec Certificate ClientCertificateVerify Finished | ClientHello / ServerHello,ChangeCipherSpec,EncryptedExtensions,CertificateRequest,Certificate,CertificateVerify,Finished, Empty, Empty, Empty, NewSessionTicket,NewSessionTicket, | Alert,2.10ConnectionClosed,]
Aug 31, 2024 9:58:59 PM de.learnlib.logging.LearnLogger logQuery
INFO: [ClientHello ChangeCipherSpec Certificate ClientCertificateVerify Finished | ChangeCipherSpec / ServerHello,ChangeCipherSpec,EncryptedExtensions,CertificateRequest,Certificate,CertificateVerify,Finished, Empty, Empty, Empty, NewSessionTicket,NewSessionTicket, | Alert,2.10ConnectionClosed,]
Aug 31, 2024 9:59:02 PM de.learnlib.logging.LearnLogger logQuery
INFO: [ClientHello ChangeCipherSpec Certificate ClientCertificateVerify Finished | Finished / ServerHello,ChangeCipherSpec,EncryptedExtensions,CertificateRequest,Certificate,CertificateVerify,Finished, Empty, Empty, Empty, NewSessionTicket,NewSessionTicket, | Alert,2.10ConnectionClosed,]
Aug 31, 2024 9:59:05 PM de.learnlib.logging.LearnLogger logQuery
INFO: [ClientHello ChangeCipherSpec Certificate ClientCertificateVerify Finished | Certificate / ServerHello,ChangeCipherSpec,EncryptedExtensions,CertificateRequest,Certificate,CertificateVerify,Finished, Empty, Empty, Empty, NewSessionTicket,NewSessionTicket, | Alert,2.10ConnectionClosed,]
Aug 31, 2024 9:59:08 PM de.learnlib.logging.LearnLogger logQuery
INFO: [ClientHello ChangeCipherSpec Certificate ClientCertificateVerify Finished | ClientCertificateVerify / ServerHello,ChangeCipherSpec,EncryptedExtensions,CertificateRequest,Certificate,CertificateVerify,Finished, Empty, Empty, Empty, NewSessionTicket,NewSessionTicket, | Alert,2.10ConnectionClosed,]
Aug 31, 2024 9:59:12 PM de.learnlib.logging.LearnLogger logQuery
INFO: [ClientHello ChangeCipherSpec Certificate ClientCertificateVerify Finished | ApplicationData / ServerHello,ChangeCipherSpec,EncryptedExtensions,CertificateRequest,Certificate,CertificateVerify,Finished, Empty, Empty, Empty, NewSessionTicket,NewSessionTicket, | ApplicationDataAlert,1.0ConnectionClosed,]
