Sep 03, 2024 9:08:27 PM de.learnlib.logging.LearnLogger logQuery
INFO: [ε | ε / ε | ε]
Sep 03, 2024 9:08:29 PM de.learnlib.logging.LearnLogger logQuery
INFO: [ε | ClientHello / ε | ServerHello,ChangeCipherSpec,EncryptedExtensions,CertificateRequest,Certificate,CertificateVerify,Finished,]
Sep 03, 2024 9:08:31 PM de.learnlib.logging.LearnLogger logQuery
INFO: [ε | ClientHello ClientHello / ε | ServerHello,ChangeCipherSpec,EncryptedExtensions,CertificateRequest,Certificate,CertificateVerify,Finished, Alert,2.10ConnectionClosed,]
Sep 03, 2024 9:08:33 PM de.learnlib.logging.LearnLogger logQuery
INFO: [ε | ClientHello Certificate / ε | ServerHello,ChangeCipherSpec,EncryptedExtensions,CertificateRequest,Certificate,CertificateVerify,Finished, Alert,2.10ConnectionClosed,]
Sep 03, 2024 9:08:34 PM de.learnlib.logging.LearnLogger logQuery
INFO: [ε | ClientHello Finished / ε | ServerHello,ChangeCipherSpec,EncryptedExtensions,CertificateRequest,Certificate,CertificateVerify,Finished, Alert,2.10ConnectionClosed,]
Sep 03, 2024 9:08:35 PM de.learnlib.logging.LearnLogger logQuery
INFO: [ε | ClientHello ClientCertificateVerify / ε | ServerHello,ChangeCipherSpec,EncryptedExtensions,CertificateRequest,Certificate,CertificateVerify,Finished, Alert,2.10ConnectionClosed,]
Sep 03, 2024 9:08:35 PM de.learnlib.logging.LearnLogger logQuery
INFO: [ε | ChangeCipherSpec / ε | Alert,2.10ConnectionClosed,]
Sep 03, 2024 9:08:35 PM de.learnlib.logging.LearnLogger logQuery
INFO: [ε | ChangeCipherSpec ClientHello / ε | Alert,2.10ConnectionClosed, ConnectionClosed]
Sep 03, 2024 9:08:35 PM de.learnlib.logging.LearnLogger logQuery
INFO: [ε | ChangeCipherSpec Certificate / ε | Alert,2.10ConnectionClosed, ConnectionClosed]
Sep 03, 2024 9:08:35 PM de.learnlib.logging.LearnLogger logQuery
INFO: [ε | ChangeCipherSpec Finished / ε | Alert,2.10ConnectionClosed, ConnectionClosed]
Sep 03, 2024 9:08:35 PM de.learnlib.logging.LearnLogger logQuery
INFO: [ε | ChangeCipherSpec ClientCertificateVerify / ε | Alert,2.10ConnectionClosed, ConnectionClosed]
Sep 03, 2024 9:08:35 PM de.learnlib.logging.LearnLogger logQuery
INFO: [ε | Finished / ε | Alert,2.10ConnectionClosed,]
Sep 03, 2024 9:08:35 PM de.learnlib.logging.LearnLogger logQuery
INFO: [ε | Finished ClientHello / ε | Alert,2.10ConnectionClosed, ConnectionClosed]
Sep 03, 2024 9:08:35 PM de.learnlib.logging.LearnLogger logQuery
INFO: [ε | Finished Certificate / ε | Alert,2.10ConnectionClosed, ConnectionClosed]
Sep 03, 2024 9:08:35 PM de.learnlib.logging.LearnLogger logQuery
INFO: [ε | Finished Finished / ε | Alert,2.10ConnectionClosed, ConnectionClosed]
Sep 03, 2024 9:08:36 PM de.learnlib.logging.LearnLogger logQuery
INFO: [ε | Finished ClientCertificateVerify / ε | Alert,2.10ConnectionClosed, ConnectionClosed]
Sep 03, 2024 9:08:36 PM de.learnlib.logging.LearnLogger logQuery
INFO: [ε | Certificate / ε | Alert,2.10ConnectionClosed,]
Sep 03, 2024 9:08:36 PM de.learnlib.logging.LearnLogger logQuery
INFO: [ε | Certificate ClientHello / ε | Alert,2.10ConnectionClosed, ConnectionClosed]
Sep 03, 2024 9:08:36 PM de.learnlib.logging.LearnLogger logQuery
INFO: [ε | Certificate Certificate / ε | Alert,2.10ConnectionClosed, ConnectionClosed]
Sep 03, 2024 9:08:36 PM de.learnlib.logging.LearnLogger logQuery
INFO: [ε | Certificate Finished / ε | Alert,2.10ConnectionClosed, ConnectionClosed]
Sep 03, 2024 9:08:36 PM de.learnlib.logging.LearnLogger logQuery
INFO: [ε | Certificate ClientCertificateVerify / ε | Alert,2.10ConnectionClosed, ConnectionClosed]
Sep 03, 2024 9:08:36 PM de.learnlib.logging.LearnLogger logQuery
INFO: [ε | ClientCertificateVerify / ε | Alert,2.10ConnectionClosed,]
Sep 03, 2024 9:08:36 PM de.learnlib.logging.LearnLogger logQuery
INFO: [ε | ClientCertificateVerify ClientHello / ε | Alert,2.10ConnectionClosed, ConnectionClosed]
Sep 03, 2024 9:08:36 PM de.learnlib.logging.LearnLogger logQuery
INFO: [ε | ClientCertificateVerify Certificate / ε | Alert,2.10ConnectionClosed, ConnectionClosed]
Sep 03, 2024 9:08:36 PM de.learnlib.logging.LearnLogger logQuery
INFO: [ε | ClientCertificateVerify Finished / ε | Alert,2.10ConnectionClosed, ConnectionClosed]
Sep 03, 2024 9:08:36 PM de.learnlib.logging.LearnLogger logQuery
INFO: [ε | ClientCertificateVerify ClientCertificateVerify / ε | Alert,2.10ConnectionClosed, ConnectionClosed]
Sep 03, 2024 9:08:36 PM de.learnlib.logging.LearnLogger logQuery
INFO: [ε | ApplicationData / ε | Alert,2.10ConnectionClosed,]
Sep 03, 2024 9:08:36 PM de.learnlib.logging.LearnLogger logQuery
INFO: [ε | ApplicationData ClientHello / ε | Alert,2.10ConnectionClosed, ConnectionClosed]
Sep 03, 2024 9:08:36 PM de.learnlib.logging.LearnLogger logQuery
INFO: [ε | ApplicationData Certificate / ε | Alert,2.10ConnectionClosed, ConnectionClosed]
Sep 03, 2024 9:08:36 PM de.learnlib.logging.LearnLogger logQuery
INFO: [ε | ApplicationData Finished / ε | Alert,2.10ConnectionClosed, ConnectionClosed]
Sep 03, 2024 9:08:36 PM de.learnlib.logging.LearnLogger logQuery
INFO: [ε | ApplicationData ClientCertificateVerify / ε | Alert,2.10ConnectionClosed, ConnectionClosed]
Sep 03, 2024 9:08:37 PM de.learnlib.logging.LearnLogger logQuery
INFO: [ε | ClientHello ClientHello / ε | ServerHello,ChangeCipherSpec,EncryptedExtensions,CertificateRequest,Certificate,CertificateVerify,Finished, Alert,2.10ConnectionClosed,]
Sep 03, 2024 9:08:38 PM de.learnlib.logging.LearnLogger logQuery
INFO: [ε | ClientHello ClientHello ClientHello / ε | ServerHello,ChangeCipherSpec,EncryptedExtensions,CertificateRequest,Certificate,CertificateVerify,Finished, Alert,2.10ConnectionClosed, ConnectionClosed]
Sep 03, 2024 9:08:39 PM de.learnlib.logging.LearnLogger logQuery
INFO: [ε | ClientHello ClientHello Certificate / ε | ServerHello,ChangeCipherSpec,EncryptedExtensions,CertificateRequest,Certificate,CertificateVerify,Finished, Alert,2.10ConnectionClosed, ConnectionClosed]
Sep 03, 2024 9:08:40 PM de.learnlib.logging.LearnLogger logQuery
INFO: [ε | ClientHello ClientHello Finished / ε | ServerHello,ChangeCipherSpec,EncryptedExtensions,CertificateRequest,Certificate,CertificateVerify,Finished, Alert,2.10ConnectionClosed, ConnectionClosed]
Sep 03, 2024 9:08:42 PM de.learnlib.logging.LearnLogger logQuery
INFO: [ε | ClientHello ClientHello ClientCertificateVerify / ε | ServerHello,ChangeCipherSpec,EncryptedExtensions,CertificateRequest,Certificate,CertificateVerify,Finished, Alert,2.10ConnectionClosed, ConnectionClosed]
Sep 03, 2024 9:08:43 PM de.learnlib.logging.LearnLogger logQuery
INFO: [ε | ClientHello ChangeCipherSpec / ε | ServerHello,ChangeCipherSpec,EncryptedExtensions,CertificateRequest,Certificate,CertificateVerify,Finished, Empty,]
Sep 03, 2024 9:08:44 PM de.learnlib.logging.LearnLogger logQuery
INFO: [ε | ClientHello ChangeCipherSpec ClientHello / ε | ServerHello,ChangeCipherSpec,EncryptedExtensions,CertificateRequest,Certificate,CertificateVerify,Finished, Empty, Alert,2.20ConnectionClosed,]
Sep 03, 2024 9:08:46 PM de.learnlib.logging.LearnLogger logQuery
INFO: [ε | ClientHello ChangeCipherSpec Certificate / ε | ServerHello,ChangeCipherSpec,EncryptedExtensions,CertificateRequest,Certificate,CertificateVerify,Finished, Empty, Empty,]
Sep 03, 2024 9:08:47 PM de.learnlib.logging.LearnLogger logQuery
INFO: [ε | ClientHello ChangeCipherSpec Finished / ε | ServerHello,ChangeCipherSpec,EncryptedExtensions,CertificateRequest,Certificate,CertificateVerify,Finished, Empty, Alert,2.10ConnectionClosed,]
Sep 03, 2024 9:08:49 PM de.learnlib.logging.LearnLogger logQuery
INFO: [ε | ClientHello ChangeCipherSpec ClientCertificateVerify / ε | ServerHello,ChangeCipherSpec,EncryptedExtensions,CertificateRequest,Certificate,CertificateVerify,Finished, Empty, Alert,2.10ConnectionClosed,]
Sep 03, 2024 9:08:49 PM de.learnlib.logging.LearnLogger logQuery
INFO: [ε | ChangeCipherSpec ChangeCipherSpec / ε | Alert,2.10ConnectionClosed, ConnectionClosed]
Sep 03, 2024 9:08:49 PM de.learnlib.logging.LearnLogger logQuery
INFO: [ε | Finished ChangeCipherSpec / ε | Alert,2.10ConnectionClosed, ConnectionClosed]
Sep 03, 2024 9:08:49 PM de.learnlib.logging.LearnLogger logQuery
INFO: [ε | Certificate ChangeCipherSpec / ε | Alert,2.10ConnectionClosed, ConnectionClosed]
Sep 03, 2024 9:08:49 PM de.learnlib.logging.LearnLogger logQuery
INFO: [ε | ClientCertificateVerify ChangeCipherSpec / ε | Alert,2.10ConnectionClosed, ConnectionClosed]
Sep 03, 2024 9:08:49 PM de.learnlib.logging.LearnLogger logQuery
INFO: [ε | ApplicationData ChangeCipherSpec / ε | Alert,2.10ConnectionClosed, ConnectionClosed]
Sep 03, 2024 9:08:50 PM de.learnlib.logging.LearnLogger logQuery
INFO: [ε | ClientHello Finished / ε | ServerHello,ChangeCipherSpec,EncryptedExtensions,CertificateRequest,Certificate,CertificateVerify,Finished, Alert,2.10ConnectionClosed,]
Sep 03, 2024 9:08:51 PM de.learnlib.logging.LearnLogger logQuery
INFO: [ε | ClientHello Finished ClientHello / ε | ServerHello,ChangeCipherSpec,EncryptedExtensions,CertificateRequest,Certificate,CertificateVerify,Finished, Alert,2.10ConnectionClosed, ConnectionClosed]
Sep 03, 2024 9:08:52 PM de.learnlib.logging.LearnLogger logQuery
INFO: [ε | ClientHello Finished Certificate / ε | ServerHello,ChangeCipherSpec,EncryptedExtensions,CertificateRequest,Certificate,CertificateVerify,Finished, Alert,2.10ConnectionClosed, ConnectionClosed]
Sep 03, 2024 9:08:54 PM de.learnlib.logging.LearnLogger logQuery
INFO: [ε | ClientHello Finished Finished / ε | ServerHello,ChangeCipherSpec,EncryptedExtensions,CertificateRequest,Certificate,CertificateVerify,Finished, Alert,2.10ConnectionClosed, ConnectionClosed]
Sep 03, 2024 9:08:56 PM de.learnlib.logging.LearnLogger logQuery
INFO: [ε | ClientHello Finished ClientCertificateVerify / ε | ServerHello,ChangeCipherSpec,EncryptedExtensions,CertificateRequest,Certificate,CertificateVerify,Finished, Alert,2.10ConnectionClosed, ConnectionClosed]
Sep 03, 2024 9:08:57 PM de.learnlib.logging.LearnLogger logQuery
INFO: [ε | ClientHello Certificate / ε | ServerHello,ChangeCipherSpec,EncryptedExtensions,CertificateRequest,Certificate,CertificateVerify,Finished, Alert,2.10ConnectionClosed,]
Sep 03, 2024 9:08:59 PM de.learnlib.logging.LearnLogger logQuery
INFO: [ε | ClientHello Certificate ClientHello / ε | ServerHello,ChangeCipherSpec,EncryptedExtensions,CertificateRequest,Certificate,CertificateVerify,Finished, Alert,2.10ConnectionClosed, ConnectionClosed]
Sep 03, 2024 9:09:00 PM de.learnlib.logging.LearnLogger logQuery
INFO: [ε | ClientHello Certificate Certificate / ε | ServerHello,ChangeCipherSpec,EncryptedExtensions,CertificateRequest,Certificate,CertificateVerify,Finished, Alert,2.10ConnectionClosed, ConnectionClosed]
Sep 03, 2024 9:09:02 PM de.learnlib.logging.LearnLogger logQuery
INFO: [ε | ClientHello Certificate Finished / ε | ServerHello,ChangeCipherSpec,EncryptedExtensions,CertificateRequest,Certificate,CertificateVerify,Finished, Alert,2.10ConnectionClosed, ConnectionClosed]
Sep 03, 2024 9:09:03 PM de.learnlib.logging.LearnLogger logQuery
INFO: [ε | ClientHello Certificate ClientCertificateVerify / ε | ServerHello,ChangeCipherSpec,EncryptedExtensions,CertificateRequest,Certificate,CertificateVerify,Finished, Alert,2.10ConnectionClosed, ConnectionClosed]
Sep 03, 2024 9:09:04 PM de.learnlib.logging.LearnLogger logQuery
INFO: [ε | ClientHello ClientCertificateVerify / ε | ServerHello,ChangeCipherSpec,EncryptedExtensions,CertificateRequest,Certificate,CertificateVerify,Finished, Alert,2.10ConnectionClosed,]
Sep 03, 2024 9:09:06 PM de.learnlib.logging.LearnLogger logQuery
INFO: [ε | ClientHello ClientCertificateVerify ClientHello / ε | ServerHello,ChangeCipherSpec,EncryptedExtensions,CertificateRequest,Certificate,CertificateVerify,Finished, Alert,2.10ConnectionClosed, ConnectionClosed]
Sep 03, 2024 9:09:07 PM de.learnlib.logging.LearnLogger logQuery
INFO: [ε | ClientHello ClientCertificateVerify Certificate / ε | ServerHello,ChangeCipherSpec,EncryptedExtensions,CertificateRequest,Certificate,CertificateVerify,Finished, Alert,2.10ConnectionClosed, ConnectionClosed]
Sep 03, 2024 9:09:08 PM de.learnlib.logging.LearnLogger logQuery
INFO: [ε | ClientHello ClientCertificateVerify Finished / ε | ServerHello,ChangeCipherSpec,EncryptedExtensions,CertificateRequest,Certificate,CertificateVerify,Finished, Alert,2.10ConnectionClosed, ConnectionClosed]
Sep 03, 2024 9:09:09 PM de.learnlib.logging.LearnLogger logQuery
INFO: [ε | ClientHello ClientCertificateVerify ClientCertificateVerify / ε | ServerHello,ChangeCipherSpec,EncryptedExtensions,CertificateRequest,Certificate,CertificateVerify,Finished, Alert,2.10ConnectionClosed, ConnectionClosed]
Sep 03, 2024 9:09:11 PM de.learnlib.logging.LearnLogger logQuery
INFO: [ε | ClientHello ApplicationData / ε | ServerHello,ChangeCipherSpec,EncryptedExtensions,CertificateRequest,Certificate,CertificateVerify,Finished, Alert,2.20ConnectionClosed,]
Sep 03, 2024 9:09:12 PM de.learnlib.logging.LearnLogger logQuery
INFO: [ε | ClientHello ApplicationData ClientHello / ε | ServerHello,ChangeCipherSpec,EncryptedExtensions,CertificateRequest,Certificate,CertificateVerify,Finished, Alert,2.20ConnectionClosed, ConnectionClosed]
Sep 03, 2024 9:09:14 PM de.learnlib.logging.LearnLogger logQuery
INFO: [ε | ClientHello ApplicationData Certificate / ε | ServerHello,ChangeCipherSpec,EncryptedExtensions,CertificateRequest,Certificate,CertificateVerify,Finished, Alert,2.20ConnectionClosed, ConnectionClosed]
Sep 03, 2024 9:09:15 PM de.learnlib.logging.LearnLogger logQuery
INFO: [ε | ClientHello ApplicationData Finished / ε | ServerHello,ChangeCipherSpec,EncryptedExtensions,CertificateRequest,Certificate,CertificateVerify,Finished, Alert,2.20ConnectionClosed, ConnectionClosed]
Sep 03, 2024 9:09:17 PM de.learnlib.logging.LearnLogger logQuery
INFO: [ε | ClientHello ApplicationData ClientCertificateVerify / ε | ServerHello,ChangeCipherSpec,EncryptedExtensions,CertificateRequest,Certificate,CertificateVerify,Finished, Alert,2.20ConnectionClosed, ConnectionClosed]
Sep 03, 2024 9:09:17 PM de.learnlib.logging.LearnLogger logQuery
INFO: [ε | ChangeCipherSpec ApplicationData / ε | Alert,2.10ConnectionClosed, ConnectionClosed]
Sep 03, 2024 9:09:17 PM de.learnlib.logging.LearnLogger logQuery
INFO: [ε | Finished ApplicationData / ε | Alert,2.10ConnectionClosed, ConnectionClosed]
Sep 03, 2024 9:09:17 PM de.learnlib.logging.LearnLogger logQuery
INFO: [ε | Certificate ApplicationData / ε | Alert,2.10ConnectionClosed, ConnectionClosed]
Sep 03, 2024 9:09:17 PM de.learnlib.logging.LearnLogger logQuery
INFO: [ε | ClientCertificateVerify ApplicationData / ε | Alert,2.10ConnectionClosed, ConnectionClosed]
Sep 03, 2024 9:09:17 PM de.learnlib.logging.LearnLogger logQuery
INFO: [ε | ApplicationData ApplicationData / ε | Alert,2.10ConnectionClosed, ConnectionClosed]
Sep 03, 2024 9:09:19 PM de.learnlib.logging.LearnLogger logQuery
INFO: [ε | ClientHello ChangeCipherSpec ClientHello / ε | ServerHello,ChangeCipherSpec,EncryptedExtensions,CertificateRequest,Certificate,CertificateVerify,Finished, Empty, Alert,2.20ConnectionClosed,]
Sep 03, 2024 9:09:21 PM de.learnlib.logging.LearnLogger logQuery
INFO: [ε | ClientHello ChangeCipherSpec ClientHello ClientHello / ε | ServerHello,ChangeCipherSpec,EncryptedExtensions,CertificateRequest,Certificate,CertificateVerify,Finished, Empty, Alert,2.20ConnectionClosed, ConnectionClosed]
Sep 03, 2024 9:09:22 PM de.learnlib.logging.LearnLogger logQuery
INFO: [ε | ClientHello ChangeCipherSpec ClientHello Certificate / ε | ServerHello,ChangeCipherSpec,EncryptedExtensions,CertificateRequest,Certificate,CertificateVerify,Finished, Empty, Alert,2.20ConnectionClosed, ConnectionClosed]
Sep 03, 2024 9:09:24 PM de.learnlib.logging.LearnLogger logQuery
INFO: [ε | ClientHello ChangeCipherSpec ClientHello Finished / ε | ServerHello,ChangeCipherSpec,EncryptedExtensions,CertificateRequest,Certificate,CertificateVerify,Finished, Empty, Alert,2.20ConnectionClosed, ConnectionClosed]
Sep 03, 2024 9:09:26 PM de.learnlib.logging.LearnLogger logQuery
INFO: [ε | ClientHello ChangeCipherSpec ClientHello ClientCertificateVerify / ε | ServerHello,ChangeCipherSpec,EncryptedExtensions,CertificateRequest,Certificate,CertificateVerify,Finished, Empty, Alert,2.20ConnectionClosed, ConnectionClosed]
Sep 03, 2024 9:09:27 PM de.learnlib.logging.LearnLogger logQuery
INFO: [ε | ClientHello ClientHello ChangeCipherSpec / ε | ServerHello,ChangeCipherSpec,EncryptedExtensions,CertificateRequest,Certificate,CertificateVerify,Finished, Alert,2.10ConnectionClosed, ConnectionClosed]
Sep 03, 2024 9:09:29 PM de.learnlib.logging.LearnLogger logQuery
INFO: [ε | ClientHello ChangeCipherSpec ChangeCipherSpec / ε | ServerHello,ChangeCipherSpec,EncryptedExtensions,CertificateRequest,Certificate,CertificateVerify,Finished, Empty, Alert,2.10ConnectionClosed,]
Sep 03, 2024 9:09:30 PM de.learnlib.logging.LearnLogger logQuery
INFO: [ε | ClientHello ChangeCipherSpec ChangeCipherSpec ClientHello / ε | ServerHello,ChangeCipherSpec,EncryptedExtensions,CertificateRequest,Certificate,CertificateVerify,Finished, Empty, Alert,2.10ConnectionClosed, ConnectionClosed]
Sep 03, 2024 9:09:32 PM de.learnlib.logging.LearnLogger logQuery
INFO: [ε | ClientHello ChangeCipherSpec ChangeCipherSpec Certificate / ε | ServerHello,ChangeCipherSpec,EncryptedExtensions,CertificateRequest,Certificate,CertificateVerify,Finished, Empty, Alert,2.10ConnectionClosed, ConnectionClosed]
Sep 03, 2024 9:09:33 PM de.learnlib.logging.LearnLogger logQuery
INFO: [ε | ClientHello ChangeCipherSpec ChangeCipherSpec Finished / ε | ServerHello,ChangeCipherSpec,EncryptedExtensions,CertificateRequest,Certificate,CertificateVerify,Finished, Empty, Alert,2.10ConnectionClosed, ConnectionClosed]
Sep 03, 2024 9:09:35 PM de.learnlib.logging.LearnLogger logQuery
INFO: [ε | ClientHello ChangeCipherSpec ChangeCipherSpec ClientCertificateVerify / ε | ServerHello,ChangeCipherSpec,EncryptedExtensions,CertificateRequest,Certificate,CertificateVerify,Finished, Empty, Alert,2.10ConnectionClosed, ConnectionClosed]
Sep 03, 2024 9:09:36 PM de.learnlib.logging.LearnLogger logQuery
INFO: [ε | ClientHello Finished ChangeCipherSpec / ε | ServerHello,ChangeCipherSpec,EncryptedExtensions,CertificateRequest,Certificate,CertificateVerify,Finished, Alert,2.10ConnectionClosed, ConnectionClosed]
Sep 03, 2024 9:09:37 PM de.learnlib.logging.LearnLogger logQuery
INFO: [ε | ClientHello Certificate ChangeCipherSpec / ε | ServerHello,ChangeCipherSpec,EncryptedExtensions,CertificateRequest,Certificate,CertificateVerify,Finished, Alert,2.10ConnectionClosed, ConnectionClosed]
Sep 03, 2024 9:09:39 PM de.learnlib.logging.LearnLogger logQuery
INFO: [ε | ClientHello ClientCertificateVerify ChangeCipherSpec / ε | ServerHello,ChangeCipherSpec,EncryptedExtensions,CertificateRequest,Certificate,CertificateVerify,Finished, Alert,2.10ConnectionClosed, ConnectionClosed]
Sep 03, 2024 9:09:40 PM de.learnlib.logging.LearnLogger logQuery
INFO: [ε | ClientHello ApplicationData ChangeCipherSpec / ε | ServerHello,ChangeCipherSpec,EncryptedExtensions,CertificateRequest,Certificate,CertificateVerify,Finished, Alert,2.20ConnectionClosed, ConnectionClosed]
Sep 03, 2024 9:09:42 PM de.learnlib.logging.LearnLogger logQuery
INFO: [ε | ClientHello ChangeCipherSpec Finished / ε | ServerHello,ChangeCipherSpec,EncryptedExtensions,CertificateRequest,Certificate,CertificateVerify,Finished, Empty, Alert,2.10ConnectionClosed,]
Sep 03, 2024 9:09:43 PM de.learnlib.logging.LearnLogger logQuery
INFO: [ε | ClientHello ChangeCipherSpec Finished ClientHello / ε | ServerHello,ChangeCipherSpec,EncryptedExtensions,CertificateRequest,Certificate,CertificateVerify,Finished, Empty, Alert,2.10ConnectionClosed, ConnectionClosed]
Sep 03, 2024 9:09:45 PM de.learnlib.logging.LearnLogger logQuery
INFO: [ε | ClientHello ChangeCipherSpec Finished Certificate / ε | ServerHello,ChangeCipherSpec,EncryptedExtensions,CertificateRequest,Certificate,CertificateVerify,Finished, Empty, Alert,2.10ConnectionClosed, ConnectionClosed]
Sep 03, 2024 9:09:47 PM de.learnlib.logging.LearnLogger logQuery
INFO: [ε | ClientHello ChangeCipherSpec Finished Finished / ε | ServerHello,ChangeCipherSpec,EncryptedExtensions,CertificateRequest,Certificate,CertificateVerify,Finished, Empty, Alert,2.10ConnectionClosed, ConnectionClosed]
Sep 03, 2024 9:09:48 PM de.learnlib.logging.LearnLogger logQuery
INFO: [ε | ClientHello ChangeCipherSpec Finished ClientCertificateVerify / ε | ServerHello,ChangeCipherSpec,EncryptedExtensions,CertificateRequest,Certificate,CertificateVerify,Finished, Empty, Alert,2.10ConnectionClosed, ConnectionClosed]
Sep 03, 2024 9:09:49 PM de.learnlib.logging.LearnLogger logQuery
INFO: [ε | ClientHello ChangeCipherSpec Certificate / ε | ServerHello,ChangeCipherSpec,EncryptedExtensions,CertificateRequest,Certificate,CertificateVerify,Finished, Empty, Empty,]
Sep 03, 2024 9:09:51 PM de.learnlib.logging.LearnLogger logQuery
INFO: [ε | ClientHello ChangeCipherSpec Certificate ClientHello / ε | ServerHello,ChangeCipherSpec,EncryptedExtensions,CertificateRequest,Certificate,CertificateVerify,Finished, Empty, Empty, Alert,2.20ConnectionClosed,]
Sep 03, 2024 9:09:53 PM de.learnlib.logging.LearnLogger logQuery
INFO: [ε | ClientHello ChangeCipherSpec Certificate Certificate / ε | ServerHello,ChangeCipherSpec,EncryptedExtensions,CertificateRequest,Certificate,CertificateVerify,Finished, Empty, Empty, Alert,2.10ConnectionClosed,]
Sep 03, 2024 9:09:55 PM de.learnlib.logging.LearnLogger logQuery
INFO: [ε | ClientHello ChangeCipherSpec Certificate Finished / ε | ServerHello,ChangeCipherSpec,EncryptedExtensions,CertificateRequest,Certificate,CertificateVerify,Finished, Empty, Empty, Alert,2.10ConnectionClosed,]
Sep 03, 2024 9:09:57 PM de.learnlib.logging.LearnLogger logQuery
INFO: [ε | ClientHello ChangeCipherSpec Certificate ClientCertificateVerify / ε | ServerHello,ChangeCipherSpec,EncryptedExtensions,CertificateRequest,Certificate,CertificateVerify,Finished, Empty, Empty, Empty,]
Sep 03, 2024 9:09:58 PM de.learnlib.logging.LearnLogger logQuery
INFO: [ε | ClientHello ChangeCipherSpec ClientCertificateVerify / ε | ServerHello,ChangeCipherSpec,EncryptedExtensions,CertificateRequest,Certificate,CertificateVerify,Finished, Empty, Alert,2.10ConnectionClosed,]
Sep 03, 2024 9:09:59 PM de.learnlib.logging.LearnLogger logQuery
INFO: [ε | ClientHello ChangeCipherSpec ClientCertificateVerify ClientHello / ε | ServerHello,ChangeCipherSpec,EncryptedExtensions,CertificateRequest,Certificate,CertificateVerify,Finished, Empty, Alert,2.10ConnectionClosed, ConnectionClosed]
Sep 03, 2024 9:10:01 PM de.learnlib.logging.LearnLogger logQuery
INFO: [ε | ClientHello ChangeCipherSpec ClientCertificateVerify Certificate / ε | ServerHello,ChangeCipherSpec,EncryptedExtensions,CertificateRequest,Certificate,CertificateVerify,Finished, Empty, Alert,2.10ConnectionClosed, ConnectionClosed]
Sep 03, 2024 9:10:03 PM de.learnlib.logging.LearnLogger logQuery
INFO: [ε | ClientHello ChangeCipherSpec ClientCertificateVerify Finished / ε | ServerHello,ChangeCipherSpec,EncryptedExtensions,CertificateRequest,Certificate,CertificateVerify,Finished, Empty, Alert,2.10ConnectionClosed, ConnectionClosed]
Sep 03, 2024 9:10:05 PM de.learnlib.logging.LearnLogger logQuery
INFO: [ε | ClientHello ChangeCipherSpec ClientCertificateVerify ClientCertificateVerify / ε | ServerHello,ChangeCipherSpec,EncryptedExtensions,CertificateRequest,Certificate,CertificateVerify,Finished, Empty, Alert,2.10ConnectionClosed, ConnectionClosed]
Sep 03, 2024 9:10:07 PM de.learnlib.logging.LearnLogger logQuery
INFO: [ε | ClientHello ClientHello ApplicationData / ε | ServerHello,ChangeCipherSpec,EncryptedExtensions,CertificateRequest,Certificate,CertificateVerify,Finished, Alert,2.10ConnectionClosed, ConnectionClosed]
Sep 03, 2024 9:10:10 PM de.learnlib.logging.LearnLogger logQuery
INFO: [ε | ClientHello ChangeCipherSpec ApplicationData / ε | ServerHello,ChangeCipherSpec,EncryptedExtensions,CertificateRequest,Certificate,CertificateVerify,Finished, Empty, Alert,2.10ConnectionClosed,]
Sep 03, 2024 9:10:13 PM de.learnlib.logging.LearnLogger logQuery
INFO: [ε | ClientHello ChangeCipherSpec ApplicationData ClientHello / ε | ServerHello,ChangeCipherSpec,EncryptedExtensions,CertificateRequest,Certificate,CertificateVerify,Finished, Empty, Alert,2.10ConnectionClosed, ConnectionClosed]
Sep 03, 2024 9:10:17 PM de.learnlib.logging.LearnLogger logQuery
INFO: [ε | ClientHello ChangeCipherSpec ApplicationData Certificate / ε | ServerHello,ChangeCipherSpec,EncryptedExtensions,CertificateRequest,Certificate,CertificateVerify,Finished, Empty, Alert,2.10ConnectionClosed, ConnectionClosed]
Sep 03, 2024 9:10:19 PM de.learnlib.logging.LearnLogger logQuery
INFO: [ε | ClientHello ChangeCipherSpec ApplicationData Finished / ε | ServerHello,ChangeCipherSpec,EncryptedExtensions,CertificateRequest,Certificate,CertificateVerify,Finished, Empty, Alert,2.10ConnectionClosed, ConnectionClosed]
Sep 03, 2024 9:10:21 PM de.learnlib.logging.LearnLogger logQuery
INFO: [ε | ClientHello ChangeCipherSpec ApplicationData ClientCertificateVerify / ε | ServerHello,ChangeCipherSpec,EncryptedExtensions,CertificateRequest,Certificate,CertificateVerify,Finished, Empty, Alert,2.10ConnectionClosed, ConnectionClosed]
Sep 03, 2024 9:10:23 PM de.learnlib.logging.LearnLogger logQuery
INFO: [ε | ClientHello Finished ApplicationData / ε | ServerHello,ChangeCipherSpec,EncryptedExtensions,CertificateRequest,Certificate,CertificateVerify,Finished, Alert,2.10ConnectionClosed, ConnectionClosed]
Sep 03, 2024 9:10:25 PM de.learnlib.logging.LearnLogger logQuery
INFO: [ε | ClientHello Certificate ApplicationData / ε | ServerHello,ChangeCipherSpec,EncryptedExtensions,CertificateRequest,Certificate,CertificateVerify,Finished, Alert,2.10ConnectionClosed, ConnectionClosed]
Sep 03, 2024 9:10:26 PM de.learnlib.logging.LearnLogger logQuery
INFO: [ε | ClientHello ClientCertificateVerify ApplicationData / ε | ServerHello,ChangeCipherSpec,EncryptedExtensions,CertificateRequest,Certificate,CertificateVerify,Finished, Alert,2.10ConnectionClosed, ConnectionClosed]
Sep 03, 2024 9:10:28 PM de.learnlib.logging.LearnLogger logQuery
INFO: [ε | ClientHello ApplicationData ApplicationData / ε | ServerHello,ChangeCipherSpec,EncryptedExtensions,CertificateRequest,Certificate,CertificateVerify,Finished, Alert,2.20ConnectionClosed, ConnectionClosed]
Sep 03, 2024 9:10:29 PM de.learnlib.logging.LearnLogger logQuery
INFO: [ε | ClientHello ChangeCipherSpec Certificate ClientHello / ε | ServerHello,ChangeCipherSpec,EncryptedExtensions,CertificateRequest,Certificate,CertificateVerify,Finished, Empty, Empty, Alert,2.20ConnectionClosed,]
Sep 03, 2024 9:10:32 PM de.learnlib.logging.LearnLogger logQuery
INFO: [ε | ClientHello ChangeCipherSpec Certificate ClientHello ClientHello / ε | ServerHello,ChangeCipherSpec,EncryptedExtensions,CertificateRequest,Certificate,CertificateVerify,Finished, Empty, Empty, Alert,2.20ConnectionClosed, ConnectionClosed]
Sep 03, 2024 9:10:34 PM de.learnlib.logging.LearnLogger logQuery
INFO: [ε | ClientHello ChangeCipherSpec Certificate ClientHello Certificate / ε | ServerHello,ChangeCipherSpec,EncryptedExtensions,CertificateRequest,Certificate,CertificateVerify,Finished, Empty, Empty, Alert,2.20ConnectionClosed, ConnectionClosed]
Sep 03, 2024 9:10:36 PM de.learnlib.logging.LearnLogger logQuery
INFO: [ε | ClientHello ChangeCipherSpec Certificate ClientHello Finished / ε | ServerHello,ChangeCipherSpec,EncryptedExtensions,CertificateRequest,Certificate,CertificateVerify,Finished, Empty, Empty, Alert,2.20ConnectionClosed, ConnectionClosed]
Sep 03, 2024 9:10:38 PM de.learnlib.logging.LearnLogger logQuery
INFO: [ε | ClientHello ChangeCipherSpec Certificate ClientHello ClientCertificateVerify / ε | ServerHello,ChangeCipherSpec,EncryptedExtensions,CertificateRequest,Certificate,CertificateVerify,Finished, Empty, Empty, Alert,2.20ConnectionClosed, ConnectionClosed]
Sep 03, 2024 9:10:40 PM de.learnlib.logging.LearnLogger logQuery
INFO: [ε | ClientHello ChangeCipherSpec ClientHello ChangeCipherSpec / ε | ServerHello,ChangeCipherSpec,EncryptedExtensions,CertificateRequest,Certificate,CertificateVerify,Finished, Empty, Alert,2.20ConnectionClosed, ConnectionClosed]
Sep 03, 2024 9:10:44 PM de.learnlib.logging.LearnLogger logQuery
INFO: [ε | ClientHello ChangeCipherSpec ChangeCipherSpec ChangeCipherSpec / ε | ServerHello,ChangeCipherSpec,EncryptedExtensions,CertificateRequest,Certificate,CertificateVerify,Finished, Empty, Alert,2.10ConnectionClosed, ConnectionClosed]
Sep 03, 2024 9:10:46 PM de.learnlib.logging.LearnLogger logQuery
INFO: [ε | ClientHello ChangeCipherSpec Finished ChangeCipherSpec / ε | ServerHello,ChangeCipherSpec,EncryptedExtensions,CertificateRequest,Certificate,CertificateVerify,Finished, Empty, Alert,2.10ConnectionClosed, ConnectionClosed]
Sep 03, 2024 9:10:49 PM de.learnlib.logging.LearnLogger logQuery
INFO: [ε | ClientHello ChangeCipherSpec Certificate ChangeCipherSpec / ε | ServerHello,ChangeCipherSpec,EncryptedExtensions,CertificateRequest,Certificate,CertificateVerify,Finished, Empty, Empty, Alert,2.10ConnectionClosed,]
Sep 03, 2024 9:10:52 PM de.learnlib.logging.LearnLogger logQuery
INFO: [ε | ClientHello ChangeCipherSpec Certificate ChangeCipherSpec ClientHello / ε | ServerHello,ChangeCipherSpec,EncryptedExtensions,CertificateRequest,Certificate,CertificateVerify,Finished, Empty, Empty, Alert,2.10ConnectionClosed, ConnectionClosed]
Sep 03, 2024 9:10:55 PM de.learnlib.logging.LearnLogger logQuery
INFO: [ε | ClientHello ChangeCipherSpec Certificate ChangeCipherSpec Certificate / ε | ServerHello,ChangeCipherSpec,EncryptedExtensions,CertificateRequest,Certificate,CertificateVerify,Finished, Empty, Empty, Alert,2.10ConnectionClosed, ConnectionClosed]
Sep 03, 2024 9:10:59 PM de.learnlib.logging.LearnLogger logQuery
INFO: [ε | ClientHello ChangeCipherSpec Certificate ChangeCipherSpec Finished / ε | ServerHello,ChangeCipherSpec,EncryptedExtensions,CertificateRequest,Certificate,CertificateVerify,Finished, Empty, Empty, Alert,2.10ConnectionClosed, ConnectionClosed]
Sep 03, 2024 9:11:03 PM de.learnlib.logging.LearnLogger logQuery
INFO: [ε | ClientHello ChangeCipherSpec Certificate ChangeCipherSpec ClientCertificateVerify / ε | ServerHello,ChangeCipherSpec,EncryptedExtensions,CertificateRequest,Certificate,CertificateVerify,Finished, Empty, Empty, Alert,2.10ConnectionClosed, ConnectionClosed]
Sep 03, 2024 9:11:05 PM de.learnlib.logging.LearnLogger logQuery
INFO: [ε | ClientHello ChangeCipherSpec ClientCertificateVerify ChangeCipherSpec / ε | ServerHello,ChangeCipherSpec,EncryptedExtensions,CertificateRequest,Certificate,CertificateVerify,Finished, Empty, Alert,2.10ConnectionClosed, ConnectionClosed]
Sep 03, 2024 9:11:09 PM de.learnlib.logging.LearnLogger logQuery
INFO: [ε | ClientHello ChangeCipherSpec ApplicationData ChangeCipherSpec / ε | ServerHello,ChangeCipherSpec,EncryptedExtensions,CertificateRequest,Certificate,CertificateVerify,Finished, Empty, Alert,2.10ConnectionClosed, ConnectionClosed]
