Sep 03, 2024 8:57:07 PM de.learnlib.logging.LearnLogger logQuery
INFO: [ε | ClientHello / ε | ServerHello,ChangeCipherSpec,EncryptedExtensions,CertificateRequest,Certificate,CertificateVerify,Finished,]
Sep 03, 2024 8:57:07 PM de.learnlib.logging.LearnLogger logQuery
INFO: [ε | ChangeCipherSpec / ε | Alert,2.10ConnectionClosed,]
Sep 03, 2024 8:57:07 PM de.learnlib.logging.LearnLogger logQuery
INFO: [ε | Finished / ε | Alert,2.10ConnectionClosed,]
Sep 03, 2024 8:57:07 PM de.learnlib.logging.LearnLogger logQuery
INFO: [ε | Certificate / ε | Alert,2.10ConnectionClosed,]
Sep 03, 2024 8:57:07 PM de.learnlib.logging.LearnLogger logQuery
INFO: [ε | ClientCertificateVerify / ε | Alert,2.10ConnectionClosed,]
Sep 03, 2024 8:57:07 PM de.learnlib.logging.LearnLogger logQuery
INFO: [ε | ApplicationData / ε | Alert,2.10ConnectionClosed,]
Sep 03, 2024 8:57:08 PM de.learnlib.logging.LearnLogger logQuery
INFO: [ClientHello | ClientHello / ServerHello,ChangeCipherSpec,EncryptedExtensions,CertificateRequest,Certificate,CertificateVerify,Finished, | Alert,2.10ConnectionClosed,]
Sep 03, 2024 8:57:10 PM de.learnlib.logging.LearnLogger logQuery
INFO: [ClientHello | ChangeCipherSpec / ServerHello,ChangeCipherSpec,EncryptedExtensions,CertificateRequest,Certificate,CertificateVerify,Finished, | Empty,]
Sep 03, 2024 8:57:11 PM de.learnlib.logging.LearnLogger logQuery
INFO: [ClientHello | Finished / ServerHello,ChangeCipherSpec,EncryptedExtensions,CertificateRequest,Certificate,CertificateVerify,Finished, | Alert,2.10ConnectionClosed,]
Sep 03, 2024 8:57:13 PM de.learnlib.logging.LearnLogger logQuery
INFO: [ClientHello | Certificate / ServerHello,ChangeCipherSpec,EncryptedExtensions,CertificateRequest,Certificate,CertificateVerify,Finished, | Alert,2.10ConnectionClosed,]
Sep 03, 2024 8:57:14 PM de.learnlib.logging.LearnLogger logQuery
INFO: [ClientHello | ClientCertificateVerify / ServerHello,ChangeCipherSpec,EncryptedExtensions,CertificateRequest,Certificate,CertificateVerify,Finished, | Alert,2.10ConnectionClosed,]
Sep 03, 2024 8:57:15 PM de.learnlib.logging.LearnLogger logQuery
INFO: [ClientHello | ApplicationData / ServerHello,ChangeCipherSpec,EncryptedExtensions,CertificateRequest,Certificate,CertificateVerify,Finished, | Alert,2.20ConnectionClosed,]
Sep 03, 2024 8:57:15 PM de.learnlib.logging.LearnLogger logQuery
INFO: [ChangeCipherSpec | ClientHello / Alert,2.10ConnectionClosed, | ConnectionClosed]
Sep 03, 2024 8:57:15 PM de.learnlib.logging.LearnLogger logQuery
INFO: [ChangeCipherSpec | ChangeCipherSpec / Alert,2.10ConnectionClosed, | ConnectionClosed]
Sep 03, 2024 8:57:15 PM de.learnlib.logging.LearnLogger logQuery
INFO: [ChangeCipherSpec | Finished / Alert,2.10ConnectionClosed, | ConnectionClosed]
Sep 03, 2024 8:57:15 PM de.learnlib.logging.LearnLogger logQuery
INFO: [ChangeCipherSpec | Certificate / Alert,2.10ConnectionClosed, | ConnectionClosed]
Sep 03, 2024 8:57:15 PM de.learnlib.logging.LearnLogger logQuery
INFO: [ChangeCipherSpec | ClientCertificateVerify / Alert,2.10ConnectionClosed, | ConnectionClosed]
Sep 03, 2024 8:57:15 PM de.learnlib.logging.LearnLogger logQuery
INFO: [ChangeCipherSpec | ApplicationData / Alert,2.10ConnectionClosed, | ConnectionClosed]
Sep 03, 2024 8:57:15 PM de.learnlib.logging.LearnLogger logQuery
INFO: [Finished | ClientHello / Alert,2.10ConnectionClosed, | ConnectionClosed]
Sep 03, 2024 8:57:15 PM de.learnlib.logging.LearnLogger logQuery
INFO: [Finished | ChangeCipherSpec / Alert,2.10ConnectionClosed, | ConnectionClosed]
Sep 03, 2024 8:57:15 PM de.learnlib.logging.LearnLogger logQuery
INFO: [Finished | Finished / Alert,2.10ConnectionClosed, | ConnectionClosed]
Sep 03, 2024 8:57:15 PM de.learnlib.logging.LearnLogger logQuery
INFO: [Finished | Certificate / Alert,2.10ConnectionClosed, | ConnectionClosed]
Sep 03, 2024 8:57:16 PM de.learnlib.logging.LearnLogger logQuery
INFO: [Finished | ClientCertificateVerify / Alert,2.10ConnectionClosed, | ConnectionClosed]
Sep 03, 2024 8:57:16 PM de.learnlib.logging.LearnLogger logQuery
INFO: [Finished | ApplicationData / Alert,2.10ConnectionClosed, | ConnectionClosed]
Sep 03, 2024 8:57:16 PM de.learnlib.logging.LearnLogger logQuery
INFO: [Certificate | ClientHello / Alert,2.10ConnectionClosed, | ConnectionClosed]
Sep 03, 2024 8:57:16 PM de.learnlib.logging.LearnLogger logQuery
INFO: [Certificate | ChangeCipherSpec / Alert,2.10ConnectionClosed, | ConnectionClosed]
Sep 03, 2024 8:57:16 PM de.learnlib.logging.LearnLogger logQuery
INFO: [Certificate | Finished / Alert,2.10ConnectionClosed, | ConnectionClosed]
Sep 03, 2024 8:57:16 PM de.learnlib.logging.LearnLogger logQuery
INFO: [Certificate | Certificate / Alert,2.10ConnectionClosed, | ConnectionClosed]
Sep 03, 2024 8:57:16 PM de.learnlib.logging.LearnLogger logQuery
INFO: [Certificate | ClientCertificateVerify / Alert,2.10ConnectionClosed, | ConnectionClosed]
Sep 03, 2024 8:57:16 PM de.learnlib.logging.LearnLogger logQuery
INFO: [Certificate | ApplicationData / Alert,2.10ConnectionClosed, | ConnectionClosed]
Sep 03, 2024 8:57:16 PM de.learnlib.logging.LearnLogger logQuery
INFO: [ClientCertificateVerify | ClientHello / Alert,2.10ConnectionClosed, | ConnectionClosed]
Sep 03, 2024 8:57:16 PM de.learnlib.logging.LearnLogger logQuery
INFO: [ClientCertificateVerify | ChangeCipherSpec / Alert,2.10ConnectionClosed, | ConnectionClosed]
Sep 03, 2024 8:57:16 PM de.learnlib.logging.LearnLogger logQuery
INFO: [ClientCertificateVerify | Finished / Alert,2.10ConnectionClosed, | ConnectionClosed]
Sep 03, 2024 8:57:16 PM de.learnlib.logging.LearnLogger logQuery
INFO: [ClientCertificateVerify | Certificate / Alert,2.10ConnectionClosed, | ConnectionClosed]
Sep 03, 2024 8:57:16 PM de.learnlib.logging.LearnLogger logQuery
INFO: [ClientCertificateVerify | ClientCertificateVerify / Alert,2.10ConnectionClosed, | ConnectionClosed]
Sep 03, 2024 8:57:16 PM de.learnlib.logging.LearnLogger logQuery
INFO: [ClientCertificateVerify | ApplicationData / Alert,2.10ConnectionClosed, | ConnectionClosed]
Sep 03, 2024 8:57:16 PM de.learnlib.logging.LearnLogger logQuery
INFO: [ApplicationData | ClientHello / Alert,2.10ConnectionClosed, | ConnectionClosed]
Sep 03, 2024 8:57:16 PM de.learnlib.logging.LearnLogger logQuery
INFO: [ApplicationData | ChangeCipherSpec / Alert,2.10ConnectionClosed, | ConnectionClosed]
Sep 03, 2024 8:57:16 PM de.learnlib.logging.LearnLogger logQuery
INFO: [ApplicationData | Finished / Alert,2.10ConnectionClosed, | ConnectionClosed]
Sep 03, 2024 8:57:16 PM de.learnlib.logging.LearnLogger logQuery
INFO: [ApplicationData | Certificate / Alert,2.10ConnectionClosed, | ConnectionClosed]
Sep 03, 2024 8:57:16 PM de.learnlib.logging.LearnLogger logQuery
INFO: [ApplicationData | ClientCertificateVerify / Alert,2.10ConnectionClosed, | ConnectionClosed]
Sep 03, 2024 8:57:16 PM de.learnlib.logging.LearnLogger logQuery
INFO: [ApplicationData | ApplicationData / Alert,2.10ConnectionClosed, | ConnectionClosed]
Sep 03, 2024 8:57:17 PM de.learnlib.logging.LearnLogger logQuery
INFO: [ClientHello ClientHello | ClientHello / ServerHello,ChangeCipherSpec,EncryptedExtensions,CertificateRequest,Certificate,CertificateVerify,Finished, Alert,2.10ConnectionClosed, | ConnectionClosed]
Sep 03, 2024 8:57:18 PM de.learnlib.logging.LearnLogger logQuery
INFO: [ClientHello ClientHello | ChangeCipherSpec / ServerHello,ChangeCipherSpec,EncryptedExtensions,CertificateRequest,Certificate,CertificateVerify,Finished, Alert,2.10ConnectionClosed, | ConnectionClosed]
Sep 03, 2024 8:57:20 PM de.learnlib.logging.LearnLogger logQuery
INFO: [ClientHello ClientHello | Finished / ServerHello,ChangeCipherSpec,EncryptedExtensions,CertificateRequest,Certificate,CertificateVerify,Finished, Alert,2.10ConnectionClosed, | ConnectionClosed]
Sep 03, 2024 8:57:21 PM de.learnlib.logging.LearnLogger logQuery
INFO: [ClientHello ClientHello | Certificate / ServerHello,ChangeCipherSpec,EncryptedExtensions,CertificateRequest,Certificate,CertificateVerify,Finished, Alert,2.10ConnectionClosed, | ConnectionClosed]
Sep 03, 2024 8:57:22 PM de.learnlib.logging.LearnLogger logQuery
INFO: [ClientHello ClientHello | ClientCertificateVerify / ServerHello,ChangeCipherSpec,EncryptedExtensions,CertificateRequest,Certificate,CertificateVerify,Finished, Alert,2.10ConnectionClosed, | ConnectionClosed]
Sep 03, 2024 8:57:23 PM de.learnlib.logging.LearnLogger logQuery
INFO: [ClientHello ClientHello | ApplicationData / ServerHello,ChangeCipherSpec,EncryptedExtensions,CertificateRequest,Certificate,CertificateVerify,Finished, Alert,2.10ConnectionClosed, | ConnectionClosed]
Sep 03, 2024 8:57:25 PM de.learnlib.logging.LearnLogger logQuery
INFO: [ClientHello ChangeCipherSpec | ClientHello / ServerHello,ChangeCipherSpec,EncryptedExtensions,CertificateRequest,Certificate,CertificateVerify,Finished, Empty, | Alert,2.20ConnectionClosed,]
Sep 03, 2024 8:57:26 PM de.learnlib.logging.LearnLogger logQuery
INFO: [ClientHello ChangeCipherSpec | ChangeCipherSpec / ServerHello,ChangeCipherSpec,EncryptedExtensions,CertificateRequest,Certificate,CertificateVerify,Finished, Empty, | Alert,2.10ConnectionClosed,]
Sep 03, 2024 8:57:28 PM de.learnlib.logging.LearnLogger logQuery
INFO: [ClientHello ChangeCipherSpec | Finished / ServerHello,ChangeCipherSpec,EncryptedExtensions,CertificateRequest,Certificate,CertificateVerify,Finished, Empty, | Alert,2.10ConnectionClosed,]
Sep 03, 2024 8:57:30 PM de.learnlib.logging.LearnLogger logQuery
INFO: [ClientHello ChangeCipherSpec | Certificate / ServerHello,ChangeCipherSpec,EncryptedExtensions,CertificateRequest,Certificate,CertificateVerify,Finished, Empty, | Empty,]
Sep 03, 2024 8:57:31 PM de.learnlib.logging.LearnLogger logQuery
INFO: [ClientHello ChangeCipherSpec | ClientCertificateVerify / ServerHello,ChangeCipherSpec,EncryptedExtensions,CertificateRequest,Certificate,CertificateVerify,Finished, Empty, | Alert,2.10ConnectionClosed,]
Sep 03, 2024 8:57:32 PM de.learnlib.logging.LearnLogger logQuery
INFO: [ClientHello ChangeCipherSpec | ApplicationData / ServerHello,ChangeCipherSpec,EncryptedExtensions,CertificateRequest,Certificate,CertificateVerify,Finished, Empty, | Alert,2.10ConnectionClosed,]
Sep 03, 2024 8:57:34 PM de.learnlib.logging.LearnLogger logQuery
INFO: [ClientHello Finished | ClientHello / ServerHello,ChangeCipherSpec,EncryptedExtensions,CertificateRequest,Certificate,CertificateVerify,Finished, Alert,2.10ConnectionClosed, | ConnectionClosed]
Sep 03, 2024 8:57:35 PM de.learnlib.logging.LearnLogger logQuery
INFO: [ClientHello Finished | ChangeCipherSpec / ServerHello,ChangeCipherSpec,EncryptedExtensions,CertificateRequest,Certificate,CertificateVerify,Finished, Alert,2.10ConnectionClosed, | ConnectionClosed]
Sep 03, 2024 8:57:36 PM de.learnlib.logging.LearnLogger logQuery
INFO: [ClientHello Finished | Finished / ServerHello,ChangeCipherSpec,EncryptedExtensions,CertificateRequest,Certificate,CertificateVerify,Finished, Alert,2.10ConnectionClosed, | ConnectionClosed]
Sep 03, 2024 8:57:37 PM de.learnlib.logging.LearnLogger logQuery
INFO: [ClientHello Finished | Certificate / ServerHello,ChangeCipherSpec,EncryptedExtensions,CertificateRequest,Certificate,CertificateVerify,Finished, Alert,2.10ConnectionClosed, | ConnectionClosed]
Sep 03, 2024 8:57:38 PM de.learnlib.logging.LearnLogger logQuery
INFO: [ClientHello Finished | ClientCertificateVerify / ServerHello,ChangeCipherSpec,EncryptedExtensions,CertificateRequest,Certificate,CertificateVerify,Finished, Alert,2.10ConnectionClosed, | ConnectionClosed]
Sep 03, 2024 8:57:39 PM de.learnlib.logging.LearnLogger logQuery
INFO: [ClientHello Finished | ApplicationData / ServerHello,ChangeCipherSpec,EncryptedExtensions,CertificateRequest,Certificate,CertificateVerify,Finished, Alert,2.10ConnectionClosed, | ConnectionClosed]
Sep 03, 2024 8:57:41 PM de.learnlib.logging.LearnLogger logQuery
INFO: [ClientHello Certificate | ClientHello / ServerHello,ChangeCipherSpec,EncryptedExtensions,CertificateRequest,Certificate,CertificateVerify,Finished, Alert,2.10ConnectionClosed, | ConnectionClosed]
Sep 03, 2024 8:57:42 PM de.learnlib.logging.LearnLogger logQuery
INFO: [ClientHello Certificate | ChangeCipherSpec / ServerHello,ChangeCipherSpec,EncryptedExtensions,CertificateRequest,Certificate,CertificateVerify,Finished, Alert,2.10ConnectionClosed, | ConnectionClosed]
Sep 03, 2024 8:57:43 PM de.learnlib.logging.LearnLogger logQuery
INFO: [ClientHello Certificate | Finished / ServerHello,ChangeCipherSpec,EncryptedExtensions,CertificateRequest,Certificate,CertificateVerify,Finished, Alert,2.10ConnectionClosed, | ConnectionClosed]
Sep 03, 2024 8:57:44 PM de.learnlib.logging.LearnLogger logQuery
INFO: [ClientHello Certificate | Certificate / ServerHello,ChangeCipherSpec,EncryptedExtensions,CertificateRequest,Certificate,CertificateVerify,Finished, Alert,2.10ConnectionClosed, | ConnectionClosed]
Sep 03, 2024 8:57:45 PM de.learnlib.logging.LearnLogger logQuery
INFO: [ClientHello Certificate | ClientCertificateVerify / ServerHello,ChangeCipherSpec,EncryptedExtensions,CertificateRequest,Certificate,CertificateVerify,Finished, Alert,2.10ConnectionClosed, | ConnectionClosed]
Sep 03, 2024 8:57:46 PM de.learnlib.logging.LearnLogger logQuery
INFO: [ClientHello Certificate | ApplicationData / ServerHello,ChangeCipherSpec,EncryptedExtensions,CertificateRequest,Certificate,CertificateVerify,Finished, Alert,2.10ConnectionClosed, | ConnectionClosed]
Sep 03, 2024 8:57:47 PM de.learnlib.logging.LearnLogger logQuery
INFO: [ClientHello ClientCertificateVerify | ClientHello / ServerHello,ChangeCipherSpec,EncryptedExtensions,CertificateRequest,Certificate,CertificateVerify,Finished, Alert,2.10ConnectionClosed, | ConnectionClosed]
Sep 03, 2024 8:57:48 PM de.learnlib.logging.LearnLogger logQuery
INFO: [ClientHello ClientCertificateVerify | ChangeCipherSpec / ServerHello,ChangeCipherSpec,EncryptedExtensions,CertificateRequest,Certificate,CertificateVerify,Finished, Alert,2.10ConnectionClosed, | ConnectionClosed]
Sep 03, 2024 8:57:50 PM de.learnlib.logging.LearnLogger logQuery
INFO: [ClientHello ClientCertificateVerify | Finished / ServerHello,ChangeCipherSpec,EncryptedExtensions,CertificateRequest,Certificate,CertificateVerify,Finished, Alert,2.10ConnectionClosed, | ConnectionClosed]
Sep 03, 2024 8:57:51 PM de.learnlib.logging.LearnLogger logQuery
INFO: [ClientHello ClientCertificateVerify | Certificate / ServerHello,ChangeCipherSpec,EncryptedExtensions,CertificateRequest,Certificate,CertificateVerify,Finished, Alert,2.10ConnectionClosed, | ConnectionClosed]
Sep 03, 2024 8:57:52 PM de.learnlib.logging.LearnLogger logQuery
INFO: [ClientHello ClientCertificateVerify | ClientCertificateVerify / ServerHello,ChangeCipherSpec,EncryptedExtensions,CertificateRequest,Certificate,CertificateVerify,Finished, Alert,2.10ConnectionClosed, | ConnectionClosed]
Sep 03, 2024 8:57:53 PM de.learnlib.logging.LearnLogger logQuery
INFO: [ClientHello ClientCertificateVerify | ApplicationData / ServerHello,ChangeCipherSpec,EncryptedExtensions,CertificateRequest,Certificate,CertificateVerify,Finished, Alert,2.10ConnectionClosed, | ConnectionClosed]
Sep 03, 2024 8:57:54 PM de.learnlib.logging.LearnLogger logQuery
INFO: [ClientHello ApplicationData | ClientHello / ServerHello,ChangeCipherSpec,EncryptedExtensions,CertificateRequest,Certificate,CertificateVerify,Finished, Alert,2.20ConnectionClosed, | ConnectionClosed]
Sep 03, 2024 8:57:56 PM de.learnlib.logging.LearnLogger logQuery
INFO: [ClientHello ApplicationData | ChangeCipherSpec / ServerHello,ChangeCipherSpec,EncryptedExtensions,CertificateRequest,Certificate,CertificateVerify,Finished, Alert,2.20ConnectionClosed, | ConnectionClosed]
Sep 03, 2024 8:57:57 PM de.learnlib.logging.LearnLogger logQuery
INFO: [ClientHello ApplicationData | Finished / ServerHello,ChangeCipherSpec,EncryptedExtensions,CertificateRequest,Certificate,CertificateVerify,Finished, Alert,2.20ConnectionClosed, | ConnectionClosed]
Sep 03, 2024 8:57:58 PM de.learnlib.logging.LearnLogger logQuery
INFO: [ClientHello ApplicationData | Certificate / ServerHello,ChangeCipherSpec,EncryptedExtensions,CertificateRequest,Certificate,CertificateVerify,Finished, Alert,2.20ConnectionClosed, | ConnectionClosed]
Sep 03, 2024 8:58:00 PM de.learnlib.logging.LearnLogger logQuery
INFO: [ClientHello ApplicationData | ClientCertificateVerify / ServerHello,ChangeCipherSpec,EncryptedExtensions,CertificateRequest,Certificate,CertificateVerify,Finished, Alert,2.20ConnectionClosed, | ConnectionClosed]
Sep 03, 2024 8:58:01 PM de.learnlib.logging.LearnLogger logQuery
INFO: [ClientHello ApplicationData | ApplicationData / ServerHello,ChangeCipherSpec,EncryptedExtensions,CertificateRequest,Certificate,CertificateVerify,Finished, Alert,2.20ConnectionClosed, | ConnectionClosed]
Sep 03, 2024 8:58:01 PM de.learnlib.logging.LearnLogger logQuery
INFO: [ChangeCipherSpec ClientHello | ClientHello / Alert,2.10ConnectionClosed, ConnectionClosed | ConnectionClosed]
Sep 03, 2024 8:58:01 PM de.learnlib.logging.LearnLogger logQuery
INFO: [ChangeCipherSpec ClientHello | ChangeCipherSpec / Alert,2.10ConnectionClosed, ConnectionClosed | ConnectionClosed]
Sep 03, 2024 8:58:01 PM de.learnlib.logging.LearnLogger logQuery
INFO: [ChangeCipherSpec ClientHello | Finished / Alert,2.10ConnectionClosed, ConnectionClosed | ConnectionClosed]
Sep 03, 2024 8:58:01 PM de.learnlib.logging.LearnLogger logQuery
INFO: [ChangeCipherSpec ClientHello | Certificate / Alert,2.10ConnectionClosed, ConnectionClosed | ConnectionClosed]
Sep 03, 2024 8:58:01 PM de.learnlib.logging.LearnLogger logQuery
INFO: [ChangeCipherSpec ClientHello | ClientCertificateVerify / Alert,2.10ConnectionClosed, ConnectionClosed | ConnectionClosed]
Sep 03, 2024 8:58:01 PM de.learnlib.logging.LearnLogger logQuery
INFO: [ChangeCipherSpec ClientHello | ApplicationData / Alert,2.10ConnectionClosed, ConnectionClosed | ConnectionClosed]
Sep 03, 2024 8:58:01 PM de.learnlib.logging.LearnLogger logQuery
INFO: [ChangeCipherSpec ChangeCipherSpec | ClientHello / Alert,2.10ConnectionClosed, ConnectionClosed | ConnectionClosed]
Sep 03, 2024 8:58:01 PM de.learnlib.logging.LearnLogger logQuery
INFO: [ChangeCipherSpec ChangeCipherSpec | ChangeCipherSpec / Alert,2.10ConnectionClosed, ConnectionClosed | ConnectionClosed]
Sep 03, 2024 8:58:01 PM de.learnlib.logging.LearnLogger logQuery
INFO: [ChangeCipherSpec ChangeCipherSpec | Finished / Alert,2.10ConnectionClosed, ConnectionClosed | ConnectionClosed]
Sep 03, 2024 8:58:01 PM de.learnlib.logging.LearnLogger logQuery
INFO: [ChangeCipherSpec ChangeCipherSpec | Certificate / Alert,2.10ConnectionClosed, ConnectionClosed | ConnectionClosed]
Sep 03, 2024 8:58:01 PM de.learnlib.logging.LearnLogger logQuery
INFO: [ChangeCipherSpec ChangeCipherSpec | ClientCertificateVerify / Alert,2.10ConnectionClosed, ConnectionClosed | ConnectionClosed]
Sep 03, 2024 8:58:01 PM de.learnlib.logging.LearnLogger logQuery
INFO: [ChangeCipherSpec ChangeCipherSpec | ApplicationData / Alert,2.10ConnectionClosed, ConnectionClosed | ConnectionClosed]
Sep 03, 2024 8:58:01 PM de.learnlib.logging.LearnLogger logQuery
INFO: [ChangeCipherSpec Finished | ClientHello / Alert,2.10ConnectionClosed, ConnectionClosed | ConnectionClosed]
Sep 03, 2024 8:58:01 PM de.learnlib.logging.LearnLogger logQuery
INFO: [ChangeCipherSpec Finished | ChangeCipherSpec / Alert,2.10ConnectionClosed, ConnectionClosed | ConnectionClosed]
Sep 03, 2024 8:58:01 PM de.learnlib.logging.LearnLogger logQuery
INFO: [ChangeCipherSpec Finished | Finished / Alert,2.10ConnectionClosed, ConnectionClosed | ConnectionClosed]
Sep 03, 2024 8:58:01 PM de.learnlib.logging.LearnLogger logQuery
INFO: [ChangeCipherSpec Finished | Certificate / Alert,2.10ConnectionClosed, ConnectionClosed | ConnectionClosed]
Sep 03, 2024 8:58:01 PM de.learnlib.logging.LearnLogger logQuery
INFO: [ChangeCipherSpec Finished | ClientCertificateVerify / Alert,2.10ConnectionClosed, ConnectionClosed | ConnectionClosed]
Sep 03, 2024 8:58:01 PM de.learnlib.logging.LearnLogger logQuery
INFO: [ChangeCipherSpec Finished | ApplicationData / Alert,2.10ConnectionClosed, ConnectionClosed | ConnectionClosed]
Sep 03, 2024 8:58:01 PM de.learnlib.logging.LearnLogger logQuery
INFO: [ChangeCipherSpec Certificate | ClientHello / Alert,2.10ConnectionClosed, ConnectionClosed | ConnectionClosed]
Sep 03, 2024 8:58:01 PM de.learnlib.logging.LearnLogger logQuery
INFO: [ChangeCipherSpec Certificate | ChangeCipherSpec / Alert,2.10ConnectionClosed, ConnectionClosed | ConnectionClosed]
Sep 03, 2024 8:58:01 PM de.learnlib.logging.LearnLogger logQuery
INFO: [ChangeCipherSpec Certificate | Finished / Alert,2.10ConnectionClosed, ConnectionClosed | ConnectionClosed]
Sep 03, 2024 8:58:01 PM de.learnlib.logging.LearnLogger logQuery
INFO: [ChangeCipherSpec Certificate | Certificate / Alert,2.10ConnectionClosed, ConnectionClosed | ConnectionClosed]
Sep 03, 2024 8:58:01 PM de.learnlib.logging.LearnLogger logQuery
INFO: [ChangeCipherSpec Certificate | ClientCertificateVerify / Alert,2.10ConnectionClosed, ConnectionClosed | ConnectionClosed]
Sep 03, 2024 8:58:01 PM de.learnlib.logging.LearnLogger logQuery
INFO: [ChangeCipherSpec Certificate | ApplicationData / Alert,2.10ConnectionClosed, ConnectionClosed | ConnectionClosed]
Sep 03, 2024 8:58:01 PM de.learnlib.logging.LearnLogger logQuery
INFO: [ChangeCipherSpec ClientCertificateVerify | ClientHello / Alert,2.10ConnectionClosed, ConnectionClosed | ConnectionClosed]
Sep 03, 2024 8:58:01 PM de.learnlib.logging.LearnLogger logQuery
INFO: [ChangeCipherSpec ClientCertificateVerify | ChangeCipherSpec / Alert,2.10ConnectionClosed, ConnectionClosed | ConnectionClosed]
Sep 03, 2024 8:58:01 PM de.learnlib.logging.LearnLogger logQuery
INFO: [ChangeCipherSpec ClientCertificateVerify | Finished / Alert,2.10ConnectionClosed, ConnectionClosed | ConnectionClosed]
Sep 03, 2024 8:58:01 PM de.learnlib.logging.LearnLogger logQuery
INFO: [ChangeCipherSpec ClientCertificateVerify | Certificate / Alert,2.10ConnectionClosed, ConnectionClosed | ConnectionClosed]
Sep 03, 2024 8:58:01 PM de.learnlib.logging.LearnLogger logQuery
INFO: [ChangeCipherSpec ClientCertificateVerify | ClientCertificateVerify / Alert,2.10ConnectionClosed, ConnectionClosed | ConnectionClosed]
Sep 03, 2024 8:58:01 PM de.learnlib.logging.LearnLogger logQuery
INFO: [ChangeCipherSpec ClientCertificateVerify | ApplicationData / Alert,2.10ConnectionClosed, ConnectionClosed | ConnectionClosed]
Sep 03, 2024 8:58:01 PM de.learnlib.logging.LearnLogger logQuery
INFO: [ChangeCipherSpec ApplicationData | ClientHello / Alert,2.10ConnectionClosed, ConnectionClosed | ConnectionClosed]
Sep 03, 2024 8:58:01 PM de.learnlib.logging.LearnLogger logQuery
INFO: [ChangeCipherSpec ApplicationData | ChangeCipherSpec / Alert,2.10ConnectionClosed, ConnectionClosed | ConnectionClosed]
Sep 03, 2024 8:58:01 PM de.learnlib.logging.LearnLogger logQuery
INFO: [ChangeCipherSpec ApplicationData | Finished / Alert,2.10ConnectionClosed, ConnectionClosed | ConnectionClosed]
Sep 03, 2024 8:58:01 PM de.learnlib.logging.LearnLogger logQuery
INFO: [ChangeCipherSpec ApplicationData | Certificate / Alert,2.10ConnectionClosed, ConnectionClosed | ConnectionClosed]
Sep 03, 2024 8:58:01 PM de.learnlib.logging.LearnLogger logQuery
INFO: [ChangeCipherSpec ApplicationData | ClientCertificateVerify / Alert,2.10ConnectionClosed, ConnectionClosed | ConnectionClosed]
Sep 03, 2024 8:58:01 PM de.learnlib.logging.LearnLogger logQuery
INFO: [ChangeCipherSpec ApplicationData | ApplicationData / Alert,2.10ConnectionClosed, ConnectionClosed | ConnectionClosed]
Sep 03, 2024 8:58:03 PM de.learnlib.logging.LearnLogger logQuery
INFO: [ClientHello ChangeCipherSpec ClientHello | ClientHello / ServerHello,ChangeCipherSpec,EncryptedExtensions,CertificateRequest,Certificate,CertificateVerify,Finished, Empty, Alert,2.20ConnectionClosed, | ConnectionClosed]
Sep 03, 2024 8:58:04 PM de.learnlib.logging.LearnLogger logQuery
INFO: [ClientHello ChangeCipherSpec ClientHello | ChangeCipherSpec / ServerHello,ChangeCipherSpec,EncryptedExtensions,CertificateRequest,Certificate,CertificateVerify,Finished, Empty, Alert,2.20ConnectionClosed, | ConnectionClosed]
Sep 03, 2024 8:58:06 PM de.learnlib.logging.LearnLogger logQuery
INFO: [ClientHello ChangeCipherSpec ClientHello | Finished / ServerHello,ChangeCipherSpec,EncryptedExtensions,CertificateRequest,Certificate,CertificateVerify,Finished, Empty, Alert,2.20ConnectionClosed, | ConnectionClosed]
Sep 03, 2024 8:58:07 PM de.learnlib.logging.LearnLogger logQuery
INFO: [ClientHello ChangeCipherSpec ClientHello | Certificate / ServerHello,ChangeCipherSpec,EncryptedExtensions,CertificateRequest,Certificate,CertificateVerify,Finished, Empty, Alert,2.20ConnectionClosed, | ConnectionClosed]
Sep 03, 2024 8:58:09 PM de.learnlib.logging.LearnLogger logQuery
INFO: [ClientHello ChangeCipherSpec ClientHello | ClientCertificateVerify / ServerHello,ChangeCipherSpec,EncryptedExtensions,CertificateRequest,Certificate,CertificateVerify,Finished, Empty, Alert,2.20ConnectionClosed, | ConnectionClosed]
Sep 03, 2024 8:58:11 PM de.learnlib.logging.LearnLogger logQuery
INFO: [ClientHello ChangeCipherSpec ClientHello | ApplicationData / ServerHello,ChangeCipherSpec,EncryptedExtensions,CertificateRequest,Certificate,CertificateVerify,Finished, Empty, Alert,2.20ConnectionClosed, | ConnectionClosed]
Sep 03, 2024 8:58:12 PM de.learnlib.logging.LearnLogger logQuery
INFO: [ClientHello ChangeCipherSpec ChangeCipherSpec | ClientHello / ServerHello,ChangeCipherSpec,EncryptedExtensions,CertificateRequest,Certificate,CertificateVerify,Finished, Empty, Alert,2.10ConnectionClosed, | ConnectionClosed]
Sep 03, 2024 8:58:14 PM de.learnlib.logging.LearnLogger logQuery
INFO: [ClientHello ChangeCipherSpec ChangeCipherSpec | ChangeCipherSpec / ServerHello,ChangeCipherSpec,EncryptedExtensions,CertificateRequest,Certificate,CertificateVerify,Finished, Empty, Alert,2.10ConnectionClosed, | ConnectionClosed]
Sep 03, 2024 8:58:16 PM de.learnlib.logging.LearnLogger logQuery
INFO: [ClientHello ChangeCipherSpec ChangeCipherSpec | Finished / ServerHello,ChangeCipherSpec,EncryptedExtensions,CertificateRequest,Certificate,CertificateVerify,Finished, Empty, Alert,2.10ConnectionClosed, | ConnectionClosed]
Sep 03, 2024 8:58:18 PM de.learnlib.logging.LearnLogger logQuery
INFO: [ClientHello ChangeCipherSpec ChangeCipherSpec | Certificate / ServerHello,ChangeCipherSpec,EncryptedExtensions,CertificateRequest,Certificate,CertificateVerify,Finished, Empty, Alert,2.10ConnectionClosed, | ConnectionClosed]
Sep 03, 2024 8:58:21 PM de.learnlib.logging.LearnLogger logQuery
INFO: [ClientHello ChangeCipherSpec ChangeCipherSpec | ClientCertificateVerify / ServerHello,ChangeCipherSpec,EncryptedExtensions,CertificateRequest,Certificate,CertificateVerify,Finished, Empty, Alert,2.10ConnectionClosed, | ConnectionClosed]
Sep 03, 2024 8:58:22 PM de.learnlib.logging.LearnLogger logQuery
INFO: [ClientHello ChangeCipherSpec ChangeCipherSpec | ApplicationData / ServerHello,ChangeCipherSpec,EncryptedExtensions,CertificateRequest,Certificate,CertificateVerify,Finished, Empty, Alert,2.10ConnectionClosed, | ConnectionClosed]
Sep 03, 2024 8:58:24 PM de.learnlib.logging.LearnLogger logQuery
INFO: [ClientHello ChangeCipherSpec Finished | ClientHello / ServerHello,ChangeCipherSpec,EncryptedExtensions,CertificateRequest,Certificate,CertificateVerify,Finished, Empty, Alert,2.10ConnectionClosed, | ConnectionClosed]
Sep 03, 2024 8:58:27 PM de.learnlib.logging.LearnLogger logQuery
INFO: [ClientHello ChangeCipherSpec Finished | ChangeCipherSpec / ServerHello,ChangeCipherSpec,EncryptedExtensions,CertificateRequest,Certificate,CertificateVerify,Finished, Empty, Alert,2.10ConnectionClosed, | ConnectionClosed]
Sep 03, 2024 8:58:29 PM de.learnlib.logging.LearnLogger logQuery
INFO: [ClientHello ChangeCipherSpec Finished | Finished / ServerHello,ChangeCipherSpec,EncryptedExtensions,CertificateRequest,Certificate,CertificateVerify,Finished, Empty, Alert,2.10ConnectionClosed, | ConnectionClosed]
Sep 03, 2024 8:58:31 PM de.learnlib.logging.LearnLogger logQuery
INFO: [ClientHello ChangeCipherSpec Finished | Certificate / ServerHello,ChangeCipherSpec,EncryptedExtensions,CertificateRequest,Certificate,CertificateVerify,Finished, Empty, Alert,2.10ConnectionClosed, | ConnectionClosed]
Sep 03, 2024 8:58:34 PM de.learnlib.logging.LearnLogger logQuery
INFO: [ClientHello ChangeCipherSpec Finished | ClientCertificateVerify / ServerHello,ChangeCipherSpec,EncryptedExtensions,CertificateRequest,Certificate,CertificateVerify,Finished, Empty, Alert,2.10ConnectionClosed, | ConnectionClosed]
Sep 03, 2024 8:58:35 PM de.learnlib.logging.LearnLogger logQuery
INFO: [ClientHello ChangeCipherSpec Finished | ApplicationData / ServerHello,ChangeCipherSpec,EncryptedExtensions,CertificateRequest,Certificate,CertificateVerify,Finished, Empty, Alert,2.10ConnectionClosed, | ConnectionClosed]
Sep 03, 2024 8:58:39 PM de.learnlib.logging.LearnLogger logQuery
INFO: [ClientHello ChangeCipherSpec Certificate | ClientHello / ServerHello,ChangeCipherSpec,EncryptedExtensions,CertificateRequest,Certificate,CertificateVerify,Finished, Empty, Empty, | Alert,2.20ConnectionClosed,]
Sep 03, 2024 8:58:42 PM de.learnlib.logging.LearnLogger logQuery
INFO: [ClientHello ChangeCipherSpec Certificate | ChangeCipherSpec / ServerHello,ChangeCipherSpec,EncryptedExtensions,CertificateRequest,Certificate,CertificateVerify,Finished, Empty, Empty, | Alert,2.10ConnectionClosed,]
Sep 03, 2024 8:58:45 PM de.learnlib.logging.LearnLogger logQuery
INFO: [ClientHello ChangeCipherSpec Certificate | Finished / ServerHello,ChangeCipherSpec,EncryptedExtensions,CertificateRequest,Certificate,CertificateVerify,Finished, Empty, Empty, | Alert,2.10ConnectionClosed,]
Sep 03, 2024 8:58:46 PM de.learnlib.logging.LearnLogger logQuery
INFO: [ClientHello ChangeCipherSpec Certificate | Certificate / ServerHello,ChangeCipherSpec,EncryptedExtensions,CertificateRequest,Certificate,CertificateVerify,Finished, Empty, Empty, | Alert,2.10ConnectionClosed,]
Sep 03, 2024 8:58:48 PM de.learnlib.logging.LearnLogger logQuery
INFO: [ClientHello ChangeCipherSpec Certificate | ClientCertificateVerify / ServerHello,ChangeCipherSpec,EncryptedExtensions,CertificateRequest,Certificate,CertificateVerify,Finished, Empty, Empty, | Empty,]
Sep 03, 2024 8:58:50 PM de.learnlib.logging.LearnLogger logQuery
INFO: [ClientHello ChangeCipherSpec Certificate | ApplicationData / ServerHello,ChangeCipherSpec,EncryptedExtensions,CertificateRequest,Certificate,CertificateVerify,Finished, Empty, Empty, | Alert,2.10ConnectionClosed,]
Sep 03, 2024 8:58:52 PM de.learnlib.logging.LearnLogger logQuery
INFO: [ClientHello ChangeCipherSpec ClientCertificateVerify | ClientHello / ServerHello,ChangeCipherSpec,EncryptedExtensions,CertificateRequest,Certificate,CertificateVerify,Finished, Empty, Alert,2.10ConnectionClosed, | ConnectionClosed]
Sep 03, 2024 8:58:54 PM de.learnlib.logging.LearnLogger logQuery
INFO: [ClientHello ChangeCipherSpec ClientCertificateVerify | ChangeCipherSpec / ServerHello,ChangeCipherSpec,EncryptedExtensions,CertificateRequest,Certificate,CertificateVerify,Finished, Empty, Alert,2.10ConnectionClosed, | ConnectionClosed]
Sep 03, 2024 8:58:55 PM de.learnlib.logging.LearnLogger logQuery
INFO: [ClientHello ChangeCipherSpec ClientCertificateVerify | Finished / ServerHello,ChangeCipherSpec,EncryptedExtensions,CertificateRequest,Certificate,CertificateVerify,Finished, Empty, Alert,2.10ConnectionClosed, | ConnectionClosed]
Sep 03, 2024 8:58:56 PM de.learnlib.logging.LearnLogger logQuery
INFO: [ClientHello ChangeCipherSpec ClientCertificateVerify | Certificate / ServerHello,ChangeCipherSpec,EncryptedExtensions,CertificateRequest,Certificate,CertificateVerify,Finished, Empty, Alert,2.10ConnectionClosed, | ConnectionClosed]
Sep 03, 2024 8:58:58 PM de.learnlib.logging.LearnLogger logQuery
INFO: [ClientHello ChangeCipherSpec ClientCertificateVerify | ClientCertificateVerify / ServerHello,ChangeCipherSpec,EncryptedExtensions,CertificateRequest,Certificate,CertificateVerify,Finished, Empty, Alert,2.10ConnectionClosed, | ConnectionClosed]
Sep 03, 2024 8:59:00 PM de.learnlib.logging.LearnLogger logQuery
INFO: [ClientHello ChangeCipherSpec ClientCertificateVerify | ApplicationData / ServerHello,ChangeCipherSpec,EncryptedExtensions,CertificateRequest,Certificate,CertificateVerify,Finished, Empty, Alert,2.10ConnectionClosed, | ConnectionClosed]
Sep 03, 2024 8:59:01 PM de.learnlib.logging.LearnLogger logQuery
INFO: [ClientHello ChangeCipherSpec ApplicationData | ClientHello / ServerHello,ChangeCipherSpec,EncryptedExtensions,CertificateRequest,Certificate,CertificateVerify,Finished, Empty, Alert,2.10ConnectionClosed, | ConnectionClosed]
Sep 03, 2024 8:59:03 PM de.learnlib.logging.LearnLogger logQuery
INFO: [ClientHello ChangeCipherSpec ApplicationData | ChangeCipherSpec / ServerHello,ChangeCipherSpec,EncryptedExtensions,CertificateRequest,Certificate,CertificateVerify,Finished, Empty, Alert,2.10ConnectionClosed, | ConnectionClosed]
Sep 03, 2024 8:59:05 PM de.learnlib.logging.LearnLogger logQuery
INFO: [ClientHello ChangeCipherSpec ApplicationData | Finished / ServerHello,ChangeCipherSpec,EncryptedExtensions,CertificateRequest,Certificate,CertificateVerify,Finished, Empty, Alert,2.10ConnectionClosed, | ConnectionClosed]
Sep 03, 2024 8:59:07 PM de.learnlib.logging.LearnLogger logQuery
INFO: [ClientHello ChangeCipherSpec ApplicationData | Certificate / ServerHello,ChangeCipherSpec,EncryptedExtensions,CertificateRequest,Certificate,CertificateVerify,Finished, Empty, Alert,2.10ConnectionClosed, | ConnectionClosed]
Sep 03, 2024 8:59:09 PM de.learnlib.logging.LearnLogger logQuery
INFO: [ClientHello ChangeCipherSpec ApplicationData | ClientCertificateVerify / ServerHello,ChangeCipherSpec,EncryptedExtensions,CertificateRequest,Certificate,CertificateVerify,Finished, Empty, Alert,2.10ConnectionClosed, | ConnectionClosed]
Sep 03, 2024 8:59:11 PM de.learnlib.logging.LearnLogger logQuery
INFO: [ClientHello ChangeCipherSpec ApplicationData | ApplicationData / ServerHello,ChangeCipherSpec,EncryptedExtensions,CertificateRequest,Certificate,CertificateVerify,Finished, Empty, Alert,2.10ConnectionClosed, | ConnectionClosed]
Sep 03, 2024 8:59:14 PM de.learnlib.logging.LearnLogger logQuery
INFO: [ClientHello ChangeCipherSpec Certificate ClientHello | ClientHello / ServerHello,ChangeCipherSpec,EncryptedExtensions,CertificateRequest,Certificate,CertificateVerify,Finished, Empty, Empty, Alert,2.20ConnectionClosed, | ConnectionClosed]
Sep 03, 2024 8:59:17 PM de.learnlib.logging.LearnLogger logQuery
INFO: [ClientHello ChangeCipherSpec Certificate ClientHello | ChangeCipherSpec / ServerHello,ChangeCipherSpec,EncryptedExtensions,CertificateRequest,Certificate,CertificateVerify,Finished, Empty, Empty, Alert,2.20ConnectionClosed, | ConnectionClosed]
Sep 03, 2024 8:59:21 PM de.learnlib.logging.LearnLogger logQuery
INFO: [ClientHello ChangeCipherSpec Certificate ClientHello | Finished / ServerHello,ChangeCipherSpec,EncryptedExtensions,CertificateRequest,Certificate,CertificateVerify,Finished, Empty, Empty, Alert,2.20ConnectionClosed, | ConnectionClosed]
Sep 03, 2024 8:59:27 PM de.learnlib.logging.LearnLogger logQuery
INFO: [ClientHello ChangeCipherSpec Certificate ClientHello | Certificate / ServerHello,ChangeCipherSpec,EncryptedExtensions,CertificateRequest,Certificate,CertificateVerify,Finished, Empty, Empty, Alert,2.20ConnectionClosed, | ConnectionClosed]
Sep 03, 2024 8:59:31 PM de.learnlib.logging.LearnLogger logQuery
INFO: [ClientHello ChangeCipherSpec Certificate ClientHello | ClientCertificateVerify / ServerHello,ChangeCipherSpec,EncryptedExtensions,CertificateRequest,Certificate,CertificateVerify,Finished, Empty, Empty, Alert,2.20ConnectionClosed, | ConnectionClosed]
Sep 03, 2024 8:59:34 PM de.learnlib.logging.LearnLogger logQuery
INFO: [ClientHello ChangeCipherSpec Certificate ClientHello | ApplicationData / ServerHello,ChangeCipherSpec,EncryptedExtensions,CertificateRequest,Certificate,CertificateVerify,Finished, Empty, Empty, Alert,2.20ConnectionClosed, | ConnectionClosed]
Sep 03, 2024 8:59:37 PM de.learnlib.logging.LearnLogger logQuery
INFO: [ClientHello ChangeCipherSpec Certificate ChangeCipherSpec | ClientHello / ServerHello,ChangeCipherSpec,EncryptedExtensions,CertificateRequest,Certificate,CertificateVerify,Finished, Empty, Empty, Alert,2.10ConnectionClosed, | ConnectionClosed]
Sep 03, 2024 8:59:39 PM de.learnlib.logging.LearnLogger logQuery
INFO: [ClientHello ChangeCipherSpec Certificate ChangeCipherSpec | ChangeCipherSpec / ServerHello,ChangeCipherSpec,EncryptedExtensions,CertificateRequest,Certificate,CertificateVerify,Finished, Empty, Empty, Alert,2.10ConnectionClosed, | ConnectionClosed]
Sep 03, 2024 8:59:42 PM de.learnlib.logging.LearnLogger logQuery
INFO: [ClientHello ChangeCipherSpec Certificate ChangeCipherSpec | Finished / ServerHello,ChangeCipherSpec,EncryptedExtensions,CertificateRequest,Certificate,CertificateVerify,Finished, Empty, Empty, Alert,2.10ConnectionClosed, | ConnectionClosed]
Sep 03, 2024 8:59:45 PM de.learnlib.logging.LearnLogger logQuery
INFO: [ClientHello ChangeCipherSpec Certificate ChangeCipherSpec | Certificate / ServerHello,ChangeCipherSpec,EncryptedExtensions,CertificateRequest,Certificate,CertificateVerify,Finished, Empty, Empty, Alert,2.10ConnectionClosed, | ConnectionClosed]
Sep 03, 2024 8:59:47 PM de.learnlib.logging.LearnLogger logQuery
INFO: [ClientHello ChangeCipherSpec Certificate ChangeCipherSpec | ClientCertificateVerify / ServerHello,ChangeCipherSpec,EncryptedExtensions,CertificateRequest,Certificate,CertificateVerify,Finished, Empty, Empty, Alert,2.10ConnectionClosed, | ConnectionClosed]
Sep 03, 2024 8:59:48 PM de.learnlib.logging.LearnLogger logQuery
INFO: [ClientHello ChangeCipherSpec Certificate ChangeCipherSpec | ApplicationData / ServerHello,ChangeCipherSpec,EncryptedExtensions,CertificateRequest,Certificate,CertificateVerify,Finished, Empty, Empty, Alert,2.10ConnectionClosed, | ConnectionClosed]
Sep 03, 2024 8:59:50 PM de.learnlib.logging.LearnLogger logQuery
INFO: [ClientHello ChangeCipherSpec Certificate Finished | ClientHello / ServerHello,ChangeCipherSpec,EncryptedExtensions,CertificateRequest,Certificate,CertificateVerify,Finished, Empty, Empty, Alert,2.10ConnectionClosed, | ConnectionClosed]
Sep 03, 2024 8:59:52 PM de.learnlib.logging.LearnLogger logQuery
INFO: [ClientHello ChangeCipherSpec Certificate Finished | ChangeCipherSpec / ServerHello,ChangeCipherSpec,EncryptedExtensions,CertificateRequest,Certificate,CertificateVerify,Finished, Empty, Empty, Alert,2.10ConnectionClosed, | ConnectionClosed]
Sep 03, 2024 8:59:54 PM de.learnlib.logging.LearnLogger logQuery
INFO: [ClientHello ChangeCipherSpec Certificate Finished | Finished / ServerHello,ChangeCipherSpec,EncryptedExtensions,CertificateRequest,Certificate,CertificateVerify,Finished, Empty, Empty, Alert,2.10ConnectionClosed, | ConnectionClosed]
Sep 03, 2024 8:59:56 PM de.learnlib.logging.LearnLogger logQuery
INFO: [ClientHello ChangeCipherSpec Certificate Finished | Certificate / ServerHello,ChangeCipherSpec,EncryptedExtensions,CertificateRequest,Certificate,CertificateVerify,Finished, Empty, Empty, Alert,2.10ConnectionClosed, | ConnectionClosed]
Sep 03, 2024 8:59:58 PM de.learnlib.logging.LearnLogger logQuery
INFO: [ClientHello ChangeCipherSpec Certificate Finished | ClientCertificateVerify / ServerHello,ChangeCipherSpec,EncryptedExtensions,CertificateRequest,Certificate,CertificateVerify,Finished, Empty, Empty, Alert,2.10ConnectionClosed, | ConnectionClosed]
Sep 03, 2024 9:00:01 PM de.learnlib.logging.LearnLogger logQuery
INFO: [ClientHello ChangeCipherSpec Certificate Finished | ApplicationData / ServerHello,ChangeCipherSpec,EncryptedExtensions,CertificateRequest,Certificate,CertificateVerify,Finished, Empty, Empty, Alert,2.10ConnectionClosed, | ConnectionClosed]
Sep 03, 2024 9:00:03 PM de.learnlib.logging.LearnLogger logQuery
INFO: [ClientHello ChangeCipherSpec Certificate Certificate | ClientHello / ServerHello,ChangeCipherSpec,EncryptedExtensions,CertificateRequest,Certificate,CertificateVerify,Finished, Empty, Empty, Alert,2.10ConnectionClosed, | ConnectionClosed]
Sep 03, 2024 9:00:05 PM de.learnlib.logging.LearnLogger logQuery
INFO: [ClientHello ChangeCipherSpec Certificate Certificate | ChangeCipherSpec / ServerHello,ChangeCipherSpec,EncryptedExtensions,CertificateRequest,Certificate,CertificateVerify,Finished, Empty, Empty, Alert,2.10ConnectionClosed, | ConnectionClosed]
Sep 03, 2024 9:00:07 PM de.learnlib.logging.LearnLogger logQuery
INFO: [ClientHello ChangeCipherSpec Certificate Certificate | Finished / ServerHello,ChangeCipherSpec,EncryptedExtensions,CertificateRequest,Certificate,CertificateVerify,Finished, Empty, Empty, Alert,2.10ConnectionClosed, | ConnectionClosed]
Sep 03, 2024 9:00:09 PM de.learnlib.logging.LearnLogger logQuery
INFO: [ClientHello ChangeCipherSpec Certificate Certificate | Certificate / ServerHello,ChangeCipherSpec,EncryptedExtensions,CertificateRequest,Certificate,CertificateVerify,Finished, Empty, Empty, Alert,2.10ConnectionClosed, | ConnectionClosed]
Sep 03, 2024 9:00:11 PM de.learnlib.logging.LearnLogger logQuery
INFO: [ClientHello ChangeCipherSpec Certificate Certificate | ClientCertificateVerify / ServerHello,ChangeCipherSpec,EncryptedExtensions,CertificateRequest,Certificate,CertificateVerify,Finished, Empty, Empty, Alert,2.10ConnectionClosed, | ConnectionClosed]
Sep 03, 2024 9:00:12 PM de.learnlib.logging.LearnLogger logQuery
INFO: [ClientHello ChangeCipherSpec Certificate Certificate | ApplicationData / ServerHello,ChangeCipherSpec,EncryptedExtensions,CertificateRequest,Certificate,CertificateVerify,Finished, Empty, Empty, Alert,2.10ConnectionClosed, | ConnectionClosed]
Sep 03, 2024 9:00:14 PM de.learnlib.logging.LearnLogger logQuery
INFO: [ClientHello ChangeCipherSpec Certificate ClientCertificateVerify | ClientHello / ServerHello,ChangeCipherSpec,EncryptedExtensions,CertificateRequest,Certificate,CertificateVerify,Finished, Empty, Empty, Empty, | Alert,2.20ConnectionClosed,]
Sep 03, 2024 9:00:16 PM de.learnlib.logging.LearnLogger logQuery
INFO: [ClientHello ChangeCipherSpec Certificate ClientCertificateVerify | ChangeCipherSpec / ServerHello,ChangeCipherSpec,EncryptedExtensions,CertificateRequest,Certificate,CertificateVerify,Finished, Empty, Empty, Empty, | Alert,2.10ConnectionClosed,]
Sep 03, 2024 9:00:18 PM de.learnlib.logging.LearnLogger logQuery
INFO: [ClientHello ChangeCipherSpec Certificate ClientCertificateVerify | Finished / ServerHello,ChangeCipherSpec,EncryptedExtensions,CertificateRequest,Certificate,CertificateVerify,Finished, Empty, Empty, Empty, | NewSessionTicket,NewSessionTicket,]
Sep 03, 2024 9:00:20 PM de.learnlib.logging.LearnLogger logQuery
INFO: [ClientHello ChangeCipherSpec Certificate ClientCertificateVerify | Certificate / ServerHello,ChangeCipherSpec,EncryptedExtensions,CertificateRequest,Certificate,CertificateVerify,Finished, Empty, Empty, Empty, | Alert,2.10ConnectionClosed,]
Sep 03, 2024 9:00:22 PM de.learnlib.logging.LearnLogger logQuery
INFO: [ClientHello ChangeCipherSpec Certificate ClientCertificateVerify | ClientCertificateVerify / ServerHello,ChangeCipherSpec,EncryptedExtensions,CertificateRequest,Certificate,CertificateVerify,Finished, Empty, Empty, Empty, | Alert,2.10ConnectionClosed,]
Sep 03, 2024 9:00:24 PM de.learnlib.logging.LearnLogger logQuery
INFO: [ClientHello ChangeCipherSpec Certificate ClientCertificateVerify | ApplicationData / ServerHello,ChangeCipherSpec,EncryptedExtensions,CertificateRequest,Certificate,CertificateVerify,Finished, Empty, Empty, Empty, | Alert,2.10ConnectionClosed,]
Sep 03, 2024 9:00:26 PM de.learnlib.logging.LearnLogger logQuery
INFO: [ClientHello ChangeCipherSpec Certificate ApplicationData | ClientHello / ServerHello,ChangeCipherSpec,EncryptedExtensions,CertificateRequest,Certificate,CertificateVerify,Finished, Empty, Empty, Alert,2.10ConnectionClosed, | ConnectionClosed]
Sep 03, 2024 9:00:27 PM de.learnlib.logging.LearnLogger logQuery
INFO: [ClientHello ChangeCipherSpec Certificate ApplicationData | ChangeCipherSpec / ServerHello,ChangeCipherSpec,EncryptedExtensions,CertificateRequest,Certificate,CertificateVerify,Finished, Empty, Empty, Alert,2.10ConnectionClosed, | ConnectionClosed]
Sep 03, 2024 9:00:29 PM de.learnlib.logging.LearnLogger logQuery
INFO: [ClientHello ChangeCipherSpec Certificate ApplicationData | Finished / ServerHello,ChangeCipherSpec,EncryptedExtensions,CertificateRequest,Certificate,CertificateVerify,Finished, Empty, Empty, Alert,2.10ConnectionClosed, | ConnectionClosed]
Sep 03, 2024 9:00:30 PM de.learnlib.logging.LearnLogger logQuery
INFO: [ClientHello ChangeCipherSpec Certificate ApplicationData | Certificate / ServerHello,ChangeCipherSpec,EncryptedExtensions,CertificateRequest,Certificate,CertificateVerify,Finished, Empty, Empty, Alert,2.10ConnectionClosed, | ConnectionClosed]
Sep 03, 2024 9:00:32 PM de.learnlib.logging.LearnLogger logQuery
INFO: [ClientHello ChangeCipherSpec Certificate ApplicationData | ClientCertificateVerify / ServerHello,ChangeCipherSpec,EncryptedExtensions,CertificateRequest,Certificate,CertificateVerify,Finished, Empty, Empty, Alert,2.10ConnectionClosed, | ConnectionClosed]
Sep 03, 2024 9:00:34 PM de.learnlib.logging.LearnLogger logQuery
INFO: [ClientHello ChangeCipherSpec Certificate ApplicationData | ApplicationData / ServerHello,ChangeCipherSpec,EncryptedExtensions,CertificateRequest,Certificate,CertificateVerify,Finished, Empty, Empty, Alert,2.10ConnectionClosed, | ConnectionClosed]
Sep 03, 2024 9:00:37 PM de.learnlib.logging.LearnLogger logQuery
INFO: [ClientHello ChangeCipherSpec Certificate ClientCertificateVerify ClientHello | ClientHello / ServerHello,ChangeCipherSpec,EncryptedExtensions,CertificateRequest,Certificate,CertificateVerify,Finished, Empty, Empty, Empty, Alert,2.20ConnectionClosed, | ConnectionClosed]
Sep 03, 2024 9:00:39 PM de.learnlib.logging.LearnLogger logQuery
INFO: [ClientHello ChangeCipherSpec Certificate ClientCertificateVerify ClientHello | ChangeCipherSpec / ServerHello,ChangeCipherSpec,EncryptedExtensions,CertificateRequest,Certificate,CertificateVerify,Finished, Empty, Empty, Empty, Alert,2.20ConnectionClosed, | ConnectionClosed]
Sep 03, 2024 9:00:41 PM de.learnlib.logging.LearnLogger logQuery
INFO: [ClientHello ChangeCipherSpec Certificate ClientCertificateVerify ClientHello | Finished / ServerHello,ChangeCipherSpec,EncryptedExtensions,CertificateRequest,Certificate,CertificateVerify,Finished, Empty, Empty, Empty, Alert,2.20ConnectionClosed, | ConnectionClosed]
Sep 03, 2024 9:00:43 PM de.learnlib.logging.LearnLogger logQuery
INFO: [ClientHello ChangeCipherSpec Certificate ClientCertificateVerify ClientHello | Certificate / ServerHello,ChangeCipherSpec,EncryptedExtensions,CertificateRequest,Certificate,CertificateVerify,Finished, Empty, Empty, Empty, Alert,2.20ConnectionClosed, | ConnectionClosed]
Sep 03, 2024 9:00:45 PM de.learnlib.logging.LearnLogger logQuery
INFO: [ClientHello ChangeCipherSpec Certificate ClientCertificateVerify ClientHello | ClientCertificateVerify / ServerHello,ChangeCipherSpec,EncryptedExtensions,CertificateRequest,Certificate,CertificateVerify,Finished, Empty, Empty, Empty, Alert,2.20ConnectionClosed, | ConnectionClosed]
Sep 03, 2024 9:00:47 PM de.learnlib.logging.LearnLogger logQuery
INFO: [ClientHello ChangeCipherSpec Certificate ClientCertificateVerify ClientHello | ApplicationData / ServerHello,ChangeCipherSpec,EncryptedExtensions,CertificateRequest,Certificate,CertificateVerify,Finished, Empty, Empty, Empty, Alert,2.20ConnectionClosed, | ConnectionClosed]
Sep 03, 2024 9:00:49 PM de.learnlib.logging.LearnLogger logQuery
INFO: [ClientHello ChangeCipherSpec Certificate ClientCertificateVerify ChangeCipherSpec | ClientHello / ServerHello,ChangeCipherSpec,EncryptedExtensions,CertificateRequest,Certificate,CertificateVerify,Finished, Empty, Empty, Empty, Alert,2.10ConnectionClosed, | ConnectionClosed]
Sep 03, 2024 9:00:51 PM de.learnlib.logging.LearnLogger logQuery
INFO: [ClientHello ChangeCipherSpec Certificate ClientCertificateVerify ChangeCipherSpec | ChangeCipherSpec / ServerHello,ChangeCipherSpec,EncryptedExtensions,CertificateRequest,Certificate,CertificateVerify,Finished, Empty, Empty, Empty, Alert,2.10ConnectionClosed, | ConnectionClosed]
Sep 03, 2024 9:00:53 PM de.learnlib.logging.LearnLogger logQuery
INFO: [ClientHello ChangeCipherSpec Certificate ClientCertificateVerify ChangeCipherSpec | Finished / ServerHello,ChangeCipherSpec,EncryptedExtensions,CertificateRequest,Certificate,CertificateVerify,Finished, Empty, Empty, Empty, Alert,2.10ConnectionClosed, | ConnectionClosed]
Sep 03, 2024 9:00:55 PM de.learnlib.logging.LearnLogger logQuery
INFO: [ClientHello ChangeCipherSpec Certificate ClientCertificateVerify ChangeCipherSpec | Certificate / ServerHello,ChangeCipherSpec,EncryptedExtensions,CertificateRequest,Certificate,CertificateVerify,Finished, Empty, Empty, Empty, Alert,2.10ConnectionClosed, | ConnectionClosed]
Sep 03, 2024 9:00:57 PM de.learnlib.logging.LearnLogger logQuery
INFO: [ClientHello ChangeCipherSpec Certificate ClientCertificateVerify ChangeCipherSpec | ClientCertificateVerify / ServerHello,ChangeCipherSpec,EncryptedExtensions,CertificateRequest,Certificate,CertificateVerify,Finished, Empty, Empty, Empty, Alert,2.10ConnectionClosed, | ConnectionClosed]
Sep 03, 2024 9:00:58 PM de.learnlib.logging.LearnLogger logQuery
INFO: [ClientHello ChangeCipherSpec Certificate ClientCertificateVerify ChangeCipherSpec | ApplicationData / ServerHello,ChangeCipherSpec,EncryptedExtensions,CertificateRequest,Certificate,CertificateVerify,Finished, Empty, Empty, Empty, Alert,2.10ConnectionClosed, | ConnectionClosed]
Sep 03, 2024 9:01:01 PM de.learnlib.logging.LearnLogger logQuery
INFO: [ClientHello ChangeCipherSpec Certificate ClientCertificateVerify Finished | ClientHello / ServerHello,ChangeCipherSpec,EncryptedExtensions,CertificateRequest,Certificate,CertificateVerify,Finished, Empty, Empty, Empty, NewSessionTicket,NewSessionTicket, | Alert,2.10ConnectionClosed,]
Sep 03, 2024 9:01:04 PM de.learnlib.logging.LearnLogger logQuery
INFO: [ClientHello ChangeCipherSpec Certificate ClientCertificateVerify Finished | ChangeCipherSpec / ServerHello,ChangeCipherSpec,EncryptedExtensions,CertificateRequest,Certificate,CertificateVerify,Finished, Empty, Empty, Empty, NewSessionTicket,NewSessionTicket, | Alert,2.10ConnectionClosed,]
Sep 03, 2024 9:01:07 PM de.learnlib.logging.LearnLogger logQuery
INFO: [ClientHello ChangeCipherSpec Certificate ClientCertificateVerify Finished | Finished / ServerHello,ChangeCipherSpec,EncryptedExtensions,CertificateRequest,Certificate,CertificateVerify,Finished, Empty, Empty, Empty, NewSessionTicket,NewSessionTicket, | Alert,2.10ConnectionClosed,]
Sep 03, 2024 9:01:09 PM de.learnlib.logging.LearnLogger logQuery
INFO: [ClientHello ChangeCipherSpec Certificate ClientCertificateVerify Finished | Certificate / ServerHello,ChangeCipherSpec,EncryptedExtensions,CertificateRequest,Certificate,CertificateVerify,Finished, Empty, Empty, Empty, NewSessionTicket,NewSessionTicket, | Alert,2.10ConnectionClosed,]
Sep 03, 2024 9:01:12 PM de.learnlib.logging.LearnLogger logQuery
INFO: [ClientHello ChangeCipherSpec Certificate ClientCertificateVerify Finished | ClientCertificateVerify / ServerHello,ChangeCipherSpec,EncryptedExtensions,CertificateRequest,Certificate,CertificateVerify,Finished, Empty, Empty, Empty, NewSessionTicket,NewSessionTicket, | Alert,2.10ConnectionClosed,]
Sep 03, 2024 9:01:14 PM de.learnlib.logging.LearnLogger logQuery
INFO: [ClientHello ChangeCipherSpec Certificate ClientCertificateVerify Finished | ApplicationData / ServerHello,ChangeCipherSpec,EncryptedExtensions,CertificateRequest,Certificate,CertificateVerify,Finished, Empty, Empty, Empty, NewSessionTicket,NewSessionTicket, | Empty,]
Sep 03, 2024 9:01:16 PM de.learnlib.logging.LearnLogger logQuery
INFO: [ClientHello ChangeCipherSpec Certificate ClientCertificateVerify Certificate | ClientHello / ServerHello,ChangeCipherSpec,EncryptedExtensions,CertificateRequest,Certificate,CertificateVerify,Finished, Empty, Empty, Empty, Alert,2.10ConnectionClosed, | ConnectionClosed]
Sep 03, 2024 9:01:18 PM de.learnlib.logging.LearnLogger logQuery
INFO: [ClientHello ChangeCipherSpec Certificate ClientCertificateVerify Certificate | ChangeCipherSpec / ServerHello,ChangeCipherSpec,EncryptedExtensions,CertificateRequest,Certificate,CertificateVerify,Finished, Empty, Empty, Empty, Alert,2.10ConnectionClosed, | ConnectionClosed]
Sep 03, 2024 9:01:20 PM de.learnlib.logging.LearnLogger logQuery
INFO: [ClientHello ChangeCipherSpec Certificate ClientCertificateVerify Certificate | Finished / ServerHello,ChangeCipherSpec,EncryptedExtensions,CertificateRequest,Certificate,CertificateVerify,Finished, Empty, Empty, Empty, Alert,2.10ConnectionClosed, | ConnectionClosed]
Sep 03, 2024 9:01:22 PM de.learnlib.logging.LearnLogger logQuery
INFO: [ClientHello ChangeCipherSpec Certificate ClientCertificateVerify Certificate | Certificate / ServerHello,ChangeCipherSpec,EncryptedExtensions,CertificateRequest,Certificate,CertificateVerify,Finished, Empty, Empty, Empty, Alert,2.10ConnectionClosed, | ConnectionClosed]
Sep 03, 2024 9:01:24 PM de.learnlib.logging.LearnLogger logQuery
INFO: [ClientHello ChangeCipherSpec Certificate ClientCertificateVerify Certificate | ClientCertificateVerify / ServerHello,ChangeCipherSpec,EncryptedExtensions,CertificateRequest,Certificate,CertificateVerify,Finished, Empty, Empty, Empty, Alert,2.10ConnectionClosed, | ConnectionClosed]
Sep 03, 2024 9:01:26 PM de.learnlib.logging.LearnLogger logQuery
INFO: [ClientHello ChangeCipherSpec Certificate ClientCertificateVerify Certificate | ApplicationData / ServerHello,ChangeCipherSpec,EncryptedExtensions,CertificateRequest,Certificate,CertificateVerify,Finished, Empty, Empty, Empty, Alert,2.10ConnectionClosed, | ConnectionClosed]
Sep 03, 2024 9:01:28 PM de.learnlib.logging.LearnLogger logQuery
INFO: [ClientHello ChangeCipherSpec Certificate ClientCertificateVerify ClientCertificateVerify | ClientHello / ServerHello,ChangeCipherSpec,EncryptedExtensions,CertificateRequest,Certificate,CertificateVerify,Finished, Empty, Empty, Empty, Alert,2.10ConnectionClosed, | ConnectionClosed]
Sep 03, 2024 9:01:30 PM de.learnlib.logging.LearnLogger logQuery
INFO: [ClientHello ChangeCipherSpec Certificate ClientCertificateVerify ClientCertificateVerify | ChangeCipherSpec / ServerHello,ChangeCipherSpec,EncryptedExtensions,CertificateRequest,Certificate,CertificateVerify,Finished, Empty, Empty, Empty, Alert,2.10ConnectionClosed, | ConnectionClosed]
Sep 03, 2024 9:01:32 PM de.learnlib.logging.LearnLogger logQuery
INFO: [ClientHello ChangeCipherSpec Certificate ClientCertificateVerify ClientCertificateVerify | Finished / ServerHello,ChangeCipherSpec,EncryptedExtensions,CertificateRequest,Certificate,CertificateVerify,Finished, Empty, Empty, Empty, Alert,2.10ConnectionClosed, | ConnectionClosed]
Sep 03, 2024 9:01:34 PM de.learnlib.logging.LearnLogger logQuery
INFO: [ClientHello ChangeCipherSpec Certificate ClientCertificateVerify ClientCertificateVerify | Certificate / ServerHello,ChangeCipherSpec,EncryptedExtensions,CertificateRequest,Certificate,CertificateVerify,Finished, Empty, Empty, Empty, Alert,2.10ConnectionClosed, | ConnectionClosed]
Sep 03, 2024 9:01:36 PM de.learnlib.logging.LearnLogger logQuery
INFO: [ClientHello ChangeCipherSpec Certificate ClientCertificateVerify ClientCertificateVerify | ClientCertificateVerify / ServerHello,ChangeCipherSpec,EncryptedExtensions,CertificateRequest,Certificate,CertificateVerify,Finished, Empty, Empty, Empty, Alert,2.10ConnectionClosed, | ConnectionClosed]
Sep 03, 2024 9:01:37 PM de.learnlib.logging.LearnLogger logQuery
INFO: [ClientHello ChangeCipherSpec Certificate ClientCertificateVerify ClientCertificateVerify | ApplicationData / ServerHello,ChangeCipherSpec,EncryptedExtensions,CertificateRequest,Certificate,CertificateVerify,Finished, Empty, Empty, Empty, Alert,2.10ConnectionClosed, | ConnectionClosed]
Sep 03, 2024 9:01:39 PM de.learnlib.logging.LearnLogger logQuery
INFO: [ClientHello ChangeCipherSpec Certificate ClientCertificateVerify ApplicationData | ClientHello / ServerHello,ChangeCipherSpec,EncryptedExtensions,CertificateRequest,Certificate,CertificateVerify,Finished, Empty, Empty, Empty, Alert,2.10ConnectionClosed, | ConnectionClosed]
Sep 03, 2024 9:01:41 PM de.learnlib.logging.LearnLogger logQuery
INFO: [ClientHello ChangeCipherSpec Certificate ClientCertificateVerify ApplicationData | ChangeCipherSpec / ServerHello,ChangeCipherSpec,EncryptedExtensions,CertificateRequest,Certificate,CertificateVerify,Finished, Empty, Empty, Empty, Alert,2.10ConnectionClosed, | ConnectionClosed]
Sep 03, 2024 9:01:43 PM de.learnlib.logging.LearnLogger logQuery
INFO: [ClientHello ChangeCipherSpec Certificate ClientCertificateVerify ApplicationData | Finished / ServerHello,ChangeCipherSpec,EncryptedExtensions,CertificateRequest,Certificate,CertificateVerify,Finished, Empty, Empty, Empty, Alert,2.10ConnectionClosed, | ConnectionClosed]
Sep 03, 2024 9:01:45 PM de.learnlib.logging.LearnLogger logQuery
INFO: [ClientHello ChangeCipherSpec Certificate ClientCertificateVerify ApplicationData | Certificate / ServerHello,ChangeCipherSpec,EncryptedExtensions,CertificateRequest,Certificate,CertificateVerify,Finished, Empty, Empty, Empty, Alert,2.10ConnectionClosed, | ConnectionClosed]
Sep 03, 2024 9:01:47 PM de.learnlib.logging.LearnLogger logQuery
INFO: [ClientHello ChangeCipherSpec Certificate ClientCertificateVerify ApplicationData | ClientCertificateVerify / ServerHello,ChangeCipherSpec,EncryptedExtensions,CertificateRequest,Certificate,CertificateVerify,Finished, Empty, Empty, Empty, Alert,2.10ConnectionClosed, | ConnectionClosed]
Sep 03, 2024 9:01:49 PM de.learnlib.logging.LearnLogger logQuery
INFO: [ClientHello ChangeCipherSpec Certificate ClientCertificateVerify ApplicationData | ApplicationData / ServerHello,ChangeCipherSpec,EncryptedExtensions,CertificateRequest,Certificate,CertificateVerify,Finished, Empty, Empty, Empty, Alert,2.10ConnectionClosed, | ConnectionClosed]
Sep 03, 2024 9:01:51 PM de.learnlib.logging.LearnLogger logQuery
INFO: [ClientHello ChangeCipherSpec Certificate ClientCertificateVerify Finished ClientHello | ClientHello / ServerHello,ChangeCipherSpec,EncryptedExtensions,CertificateRequest,Certificate,CertificateVerify,Finished, Empty, Empty, Empty, NewSessionTicket,NewSessionTicket, Alert,2.10ConnectionClosed, | ConnectionClosed]
Sep 03, 2024 9:01:54 PM de.learnlib.logging.LearnLogger logQuery
INFO: [ClientHello ChangeCipherSpec Certificate ClientCertificateVerify Finished ClientHello | ChangeCipherSpec / ServerHello,ChangeCipherSpec,EncryptedExtensions,CertificateRequest,Certificate,CertificateVerify,Finished, Empty, Empty, Empty, NewSessionTicket,NewSessionTicket, Alert,2.10ConnectionClosed, | ConnectionClosed]
Sep 03, 2024 9:01:57 PM de.learnlib.logging.LearnLogger logQuery
INFO: [ClientHello ChangeCipherSpec Certificate ClientCertificateVerify Finished ClientHello | Finished / ServerHello,ChangeCipherSpec,EncryptedExtensions,CertificateRequest,Certificate,CertificateVerify,Finished, Empty, Empty, Empty, NewSessionTicket,NewSessionTicket, Alert,2.10ConnectionClosed, | ConnectionClosed]
Sep 03, 2024 9:01:59 PM de.learnlib.logging.LearnLogger logQuery
INFO: [ClientHello ChangeCipherSpec Certificate ClientCertificateVerify Finished ClientHello | Certificate / ServerHello,ChangeCipherSpec,EncryptedExtensions,CertificateRequest,Certificate,CertificateVerify,Finished, Empty, Empty, Empty, NewSessionTicket,NewSessionTicket, Alert,2.10ConnectionClosed, | ConnectionClosed]
Sep 03, 2024 9:02:02 PM de.learnlib.logging.LearnLogger logQuery
INFO: [ClientHello ChangeCipherSpec Certificate ClientCertificateVerify Finished ClientHello | ClientCertificateVerify / ServerHello,ChangeCipherSpec,EncryptedExtensions,CertificateRequest,Certificate,CertificateVerify,Finished, Empty, Empty, Empty, NewSessionTicket,NewSessionTicket, Alert,2.10ConnectionClosed, | ConnectionClosed]
Sep 03, 2024 9:02:05 PM de.learnlib.logging.LearnLogger logQuery
INFO: [ClientHello ChangeCipherSpec Certificate ClientCertificateVerify Finished ClientHello | ApplicationData / ServerHello,ChangeCipherSpec,EncryptedExtensions,CertificateRequest,Certificate,CertificateVerify,Finished, Empty, Empty, Empty, NewSessionTicket,NewSessionTicket, Alert,2.10ConnectionClosed, | ConnectionClosed]
Sep 03, 2024 9:02:07 PM de.learnlib.logging.LearnLogger logQuery
INFO: [ClientHello ChangeCipherSpec Certificate ClientCertificateVerify Finished ChangeCipherSpec | ClientHello / ServerHello,ChangeCipherSpec,EncryptedExtensions,CertificateRequest,Certificate,CertificateVerify,Finished, Empty, Empty, Empty, NewSessionTicket,NewSessionTicket, Alert,2.10ConnectionClosed, | ConnectionClosed]
Sep 03, 2024 9:02:10 PM de.learnlib.logging.LearnLogger logQuery
INFO: [ClientHello ChangeCipherSpec Certificate ClientCertificateVerify Finished ChangeCipherSpec | ChangeCipherSpec / ServerHello,ChangeCipherSpec,EncryptedExtensions,CertificateRequest,Certificate,CertificateVerify,Finished, Empty, Empty, Empty, NewSessionTicket,NewSessionTicket, Alert,2.10ConnectionClosed, | ConnectionClosed]
Sep 03, 2024 9:02:13 PM de.learnlib.logging.LearnLogger logQuery
INFO: [ClientHello ChangeCipherSpec Certificate ClientCertificateVerify Finished ChangeCipherSpec | Finished / ServerHello,ChangeCipherSpec,EncryptedExtensions,CertificateRequest,Certificate,CertificateVerify,Finished, Empty, Empty, Empty, NewSessionTicket,NewSessionTicket, Alert,2.10ConnectionClosed, | ConnectionClosed]
Sep 03, 2024 9:02:15 PM de.learnlib.logging.LearnLogger logQuery
INFO: [ClientHello ChangeCipherSpec Certificate ClientCertificateVerify Finished ChangeCipherSpec | Certificate / ServerHello,ChangeCipherSpec,EncryptedExtensions,CertificateRequest,Certificate,CertificateVerify,Finished, Empty, Empty, Empty, NewSessionTicket,NewSessionTicket, Alert,2.10ConnectionClosed, | ConnectionClosed]
Sep 03, 2024 9:02:18 PM de.learnlib.logging.LearnLogger logQuery
INFO: [ClientHello ChangeCipherSpec Certificate ClientCertificateVerify Finished ChangeCipherSpec | ClientCertificateVerify / ServerHello,ChangeCipherSpec,EncryptedExtensions,CertificateRequest,Certificate,CertificateVerify,Finished, Empty, Empty, Empty, NewSessionTicket,NewSessionTicket, Alert,2.10ConnectionClosed, | ConnectionClosed]
Sep 03, 2024 9:02:20 PM de.learnlib.logging.LearnLogger logQuery
INFO: [ClientHello ChangeCipherSpec Certificate ClientCertificateVerify Finished ChangeCipherSpec | ApplicationData / ServerHello,ChangeCipherSpec,EncryptedExtensions,CertificateRequest,Certificate,CertificateVerify,Finished, Empty, Empty, Empty, NewSessionTicket,NewSessionTicket, Alert,2.10ConnectionClosed, | ConnectionClosed]
Sep 03, 2024 9:02:23 PM de.learnlib.logging.LearnLogger logQuery
INFO: [ClientHello ChangeCipherSpec Certificate ClientCertificateVerify Finished Finished | ClientHello / ServerHello,ChangeCipherSpec,EncryptedExtensions,CertificateRequest,Certificate,CertificateVerify,Finished, Empty, Empty, Empty, NewSessionTicket,NewSessionTicket, Alert,2.10ConnectionClosed, | ConnectionClosed]
Sep 03, 2024 9:02:26 PM de.learnlib.logging.LearnLogger logQuery
INFO: [ClientHello ChangeCipherSpec Certificate ClientCertificateVerify Finished Finished | ChangeCipherSpec / ServerHello,ChangeCipherSpec,EncryptedExtensions,CertificateRequest,Certificate,CertificateVerify,Finished, Empty, Empty, Empty, NewSessionTicket,NewSessionTicket, Alert,2.10ConnectionClosed, | ConnectionClosed]
Sep 03, 2024 9:02:29 PM de.learnlib.logging.LearnLogger logQuery
INFO: [ClientHello ChangeCipherSpec Certificate ClientCertificateVerify Finished Finished | Finished / ServerHello,ChangeCipherSpec,EncryptedExtensions,CertificateRequest,Certificate,CertificateVerify,Finished, Empty, Empty, Empty, NewSessionTicket,NewSessionTicket, Alert,2.10ConnectionClosed, | ConnectionClosed]
Sep 03, 2024 9:02:31 PM de.learnlib.logging.LearnLogger logQuery
INFO: [ClientHello ChangeCipherSpec Certificate ClientCertificateVerify Finished Finished | Certificate / ServerHello,ChangeCipherSpec,EncryptedExtensions,CertificateRequest,Certificate,CertificateVerify,Finished, Empty, Empty, Empty, NewSessionTicket,NewSessionTicket, Alert,2.10ConnectionClosed, | ConnectionClosed]
Sep 03, 2024 9:02:34 PM de.learnlib.logging.LearnLogger logQuery
INFO: [ClientHello ChangeCipherSpec Certificate ClientCertificateVerify Finished Finished | ClientCertificateVerify / ServerHello,ChangeCipherSpec,EncryptedExtensions,CertificateRequest,Certificate,CertificateVerify,Finished, Empty, Empty, Empty, NewSessionTicket,NewSessionTicket, Alert,2.10ConnectionClosed, | ConnectionClosed]
Sep 03, 2024 9:02:37 PM de.learnlib.logging.LearnLogger logQuery
INFO: [ClientHello ChangeCipherSpec Certificate ClientCertificateVerify Finished Finished | ApplicationData / ServerHello,ChangeCipherSpec,EncryptedExtensions,CertificateRequest,Certificate,CertificateVerify,Finished, Empty, Empty, Empty, NewSessionTicket,NewSessionTicket, Alert,2.10ConnectionClosed, | ConnectionClosed]
Sep 03, 2024 9:02:39 PM de.learnlib.logging.LearnLogger logQuery
INFO: [ClientHello ChangeCipherSpec Certificate ClientCertificateVerify Finished Certificate | ClientHello / ServerHello,ChangeCipherSpec,EncryptedExtensions,CertificateRequest,Certificate,CertificateVerify,Finished, Empty, Empty, Empty, NewSessionTicket,NewSessionTicket, Alert,2.10ConnectionClosed, | ConnectionClosed]
Sep 03, 2024 9:02:42 PM de.learnlib.logging.LearnLogger logQuery
INFO: [ClientHello ChangeCipherSpec Certificate ClientCertificateVerify Finished Certificate | ChangeCipherSpec / ServerHello,ChangeCipherSpec,EncryptedExtensions,CertificateRequest,Certificate,CertificateVerify,Finished, Empty, Empty, Empty, NewSessionTicket,NewSessionTicket, Alert,2.10ConnectionClosed, | ConnectionClosed]
Sep 03, 2024 9:02:45 PM de.learnlib.logging.LearnLogger logQuery
INFO: [ClientHello ChangeCipherSpec Certificate ClientCertificateVerify Finished Certificate | Finished / ServerHello,ChangeCipherSpec,EncryptedExtensions,CertificateRequest,Certificate,CertificateVerify,Finished, Empty, Empty, Empty, NewSessionTicket,NewSessionTicket, Alert,2.10ConnectionClosed, | ConnectionClosed]
Sep 03, 2024 9:02:47 PM de.learnlib.logging.LearnLogger logQuery
INFO: [ClientHello ChangeCipherSpec Certificate ClientCertificateVerify Finished Certificate | Certificate / ServerHello,ChangeCipherSpec,EncryptedExtensions,CertificateRequest,Certificate,CertificateVerify,Finished, Empty, Empty, Empty, NewSessionTicket,NewSessionTicket, Alert,2.10ConnectionClosed, | ConnectionClosed]
Sep 03, 2024 9:02:50 PM de.learnlib.logging.LearnLogger logQuery
INFO: [ClientHello ChangeCipherSpec Certificate ClientCertificateVerify Finished Certificate | ClientCertificateVerify / ServerHello,ChangeCipherSpec,EncryptedExtensions,CertificateRequest,Certificate,CertificateVerify,Finished, Empty, Empty, Empty, NewSessionTicket,NewSessionTicket, Alert,2.10ConnectionClosed, | ConnectionClosed]
Sep 03, 2024 9:02:53 PM de.learnlib.logging.LearnLogger logQuery
INFO: [ClientHello ChangeCipherSpec Certificate ClientCertificateVerify Finished Certificate | ApplicationData / ServerHello,ChangeCipherSpec,EncryptedExtensions,CertificateRequest,Certificate,CertificateVerify,Finished, Empty, Empty, Empty, NewSessionTicket,NewSessionTicket, Alert,2.10ConnectionClosed, | ConnectionClosed]
Sep 03, 2024 9:02:58 PM de.learnlib.logging.LearnLogger logQuery
INFO: [ClientHello ChangeCipherSpec Certificate ClientCertificateVerify Finished ClientCertificateVerify | ClientHello / ServerHello,ChangeCipherSpec,EncryptedExtensions,CertificateRequest,Certificate,CertificateVerify,Finished, Empty, Empty, Empty, NewSessionTicket,NewSessionTicket, Alert,2.10ConnectionClosed, | ConnectionClosed]
Sep 03, 2024 9:03:01 PM de.learnlib.logging.LearnLogger logQuery
INFO: [ClientHello ChangeCipherSpec Certificate ClientCertificateVerify Finished ClientCertificateVerify | ChangeCipherSpec / ServerHello,ChangeCipherSpec,EncryptedExtensions,CertificateRequest,Certificate,CertificateVerify,Finished, Empty, Empty, Empty, NewSessionTicket,NewSessionTicket, Alert,2.10ConnectionClosed, | ConnectionClosed]
Sep 03, 2024 9:03:04 PM de.learnlib.logging.LearnLogger logQuery
INFO: [ClientHello ChangeCipherSpec Certificate ClientCertificateVerify Finished ClientCertificateVerify | Finished / ServerHello,ChangeCipherSpec,EncryptedExtensions,CertificateRequest,Certificate,CertificateVerify,Finished, Empty, Empty, Empty, NewSessionTicket,NewSessionTicket, Alert,2.10ConnectionClosed, | ConnectionClosed]
Sep 03, 2024 9:03:26 PM de.learnlib.logging.LearnLogger logQuery
INFO: [ClientHello ChangeCipherSpec Certificate ClientCertificateVerify Finished ClientCertificateVerify | Certificate / ServerHello,ChangeCipherSpec,EncryptedExtensions,CertificateRequest,Certificate,CertificateVerify,Finished, Empty, Empty, Empty, NewSessionTicket,NewSessionTicket, Alert,2.10ConnectionClosed, | ConnectionClosed]
Sep 03, 2024 9:03:55 PM de.learnlib.logging.LearnLogger logQuery
INFO: [ClientHello ChangeCipherSpec Certificate ClientCertificateVerify Finished ClientCertificateVerify | ClientCertificateVerify / Empty, ServerHello,ChangeCipherSpec,EncryptedExtensions,CertificateRequest,Certificate,CertificateVerify,Finished, Empty, Empty, NewSessionTicket,NewSessionTicket, Alert,2.10ConnectionClosed, | ConnectionClosed]
Sep 03, 2024 9:03:58 PM de.learnlib.logging.LearnLogger logQuery
INFO: [ClientHello ChangeCipherSpec Certificate ClientCertificateVerify Finished ClientCertificateVerify | ApplicationData / ServerHello,ChangeCipherSpec,EncryptedExtensions,CertificateRequest,Certificate,CertificateVerify,Finished, Empty, Empty, Empty, NewSessionTicket,NewSessionTicket, Alert,2.10ConnectionClosed, | ConnectionClosed]
Sep 03, 2024 9:04:04 PM de.learnlib.logging.LearnLogger logQuery
INFO: [ClientHello ChangeCipherSpec Certificate ClientCertificateVerify Finished ApplicationData | ClientHello / ServerHello,ChangeCipherSpec,EncryptedExtensions,CertificateRequest,Certificate,CertificateVerify,Finished, Empty, Empty, Empty, NewSessionTicket,NewSessionTicket, Empty, | Alert,2.20ConnectionClosed,]
Sep 03, 2024 9:04:07 PM de.learnlib.logging.LearnLogger logQuery
INFO: [ClientHello ChangeCipherSpec Certificate ClientCertificateVerify Finished ApplicationData | ChangeCipherSpec / ServerHello,ChangeCipherSpec,EncryptedExtensions,CertificateRequest,Certificate,CertificateVerify,Finished, Empty, Empty, Empty, NewSessionTicket,NewSessionTicket, Empty, | Alert,2.10ConnectionClosed,]
Sep 03, 2024 9:04:11 PM de.learnlib.logging.LearnLogger logQuery
INFO: [ClientHello ChangeCipherSpec Certificate ClientCertificateVerify Finished ApplicationData | Finished / ServerHello,ChangeCipherSpec,EncryptedExtensions,CertificateRequest,Certificate,CertificateVerify,Finished, Empty, Empty, Empty, NewSessionTicket,NewSessionTicket, Empty, | Alert,2.10ConnectionClosed,]
Sep 03, 2024 9:04:14 PM de.learnlib.logging.LearnLogger logQuery
INFO: [ClientHello ChangeCipherSpec Certificate ClientCertificateVerify Finished ApplicationData | Certificate / ServerHello,ChangeCipherSpec,EncryptedExtensions,CertificateRequest,Certificate,CertificateVerify,Finished, Empty, Empty, Empty, NewSessionTicket,NewSessionTicket, Empty, | Alert,2.10ConnectionClosed,]
Sep 03, 2024 9:04:17 PM de.learnlib.logging.LearnLogger logQuery
INFO: [ClientHello ChangeCipherSpec Certificate ClientCertificateVerify Finished ApplicationData | ClientCertificateVerify / ServerHello,ChangeCipherSpec,EncryptedExtensions,CertificateRequest,Certificate,CertificateVerify,Finished, Empty, Empty, Empty, NewSessionTicket,NewSessionTicket, Empty, | Alert,2.10ConnectionClosed,]
Sep 03, 2024 9:04:21 PM de.learnlib.logging.LearnLogger logQuery
INFO: [ClientHello ChangeCipherSpec Certificate ClientCertificateVerify Finished ApplicationData | ApplicationData / ServerHello,ChangeCipherSpec,EncryptedExtensions,CertificateRequest,Certificate,CertificateVerify,Finished, Empty, Empty, Empty, NewSessionTicket,NewSessionTicket, Empty, | Empty,]
Sep 03, 2024 9:04:24 PM de.learnlib.logging.LearnLogger logQuery
INFO: [ClientHello ChangeCipherSpec Certificate ClientCertificateVerify Finished ApplicationData ClientHello | ClientHello / ServerHello,ChangeCipherSpec,EncryptedExtensions,CertificateRequest,Certificate,CertificateVerify,Finished, Empty, Empty, Empty, NewSessionTicket,NewSessionTicket, Empty, Alert,2.20ConnectionClosed, | ConnectionClosed]
Sep 03, 2024 9:04:28 PM de.learnlib.logging.LearnLogger logQuery
INFO: [ClientHello ChangeCipherSpec Certificate ClientCertificateVerify Finished ApplicationData ClientHello | ChangeCipherSpec / ServerHello,ChangeCipherSpec,EncryptedExtensions,CertificateRequest,Certificate,CertificateVerify,Finished, Empty, Empty, Empty, NewSessionTicket,NewSessionTicket, Empty, Alert,2.20ConnectionClosed, | ConnectionClosed]
Sep 03, 2024 9:04:32 PM de.learnlib.logging.LearnLogger logQuery
INFO: [ClientHello ChangeCipherSpec Certificate ClientCertificateVerify Finished ApplicationData ClientHello | Finished / ServerHello,ChangeCipherSpec,EncryptedExtensions,CertificateRequest,Certificate,CertificateVerify,Finished, Empty, Empty, Empty, NewSessionTicket,NewSessionTicket, Empty, Alert,2.20ConnectionClosed, | ConnectionClosed]
Sep 03, 2024 9:04:35 PM de.learnlib.logging.LearnLogger logQuery
INFO: [ClientHello ChangeCipherSpec Certificate ClientCertificateVerify Finished ApplicationData ClientHello | Certificate / ServerHello,ChangeCipherSpec,EncryptedExtensions,CertificateRequest,Certificate,CertificateVerify,Finished, Empty, Empty, Empty, NewSessionTicket,NewSessionTicket, Empty, Alert,2.20ConnectionClosed, | ConnectionClosed]
Sep 03, 2024 9:04:40 PM de.learnlib.logging.LearnLogger logQuery
INFO: [ClientHello ChangeCipherSpec Certificate ClientCertificateVerify Finished ApplicationData ClientHello | ClientCertificateVerify / ServerHello,ChangeCipherSpec,EncryptedExtensions,CertificateRequest,Certificate,CertificateVerify,Finished, Empty, Empty, Empty, NewSessionTicket,NewSessionTicket, Empty, Alert,2.20ConnectionClosed, | ConnectionClosed]
Sep 03, 2024 9:04:43 PM de.learnlib.logging.LearnLogger logQuery
INFO: [ClientHello ChangeCipherSpec Certificate ClientCertificateVerify Finished ApplicationData ClientHello | ApplicationData / ServerHello,ChangeCipherSpec,EncryptedExtensions,CertificateRequest,Certificate,CertificateVerify,Finished, Empty, Empty, Empty, NewSessionTicket,NewSessionTicket, Empty, Alert,2.20ConnectionClosed, | ConnectionClosed]
Sep 03, 2024 9:04:46 PM de.learnlib.logging.LearnLogger logQuery
INFO: [ClientHello ChangeCipherSpec Certificate ClientCertificateVerify Finished ApplicationData ChangeCipherSpec | ClientHello / ServerHello,ChangeCipherSpec,EncryptedExtensions,CertificateRequest,Certificate,CertificateVerify,Finished, Empty, Empty, Empty, NewSessionTicket,NewSessionTicket, Empty, Alert,2.10ConnectionClosed, | ConnectionClosed]
Sep 03, 2024 9:04:49 PM de.learnlib.logging.LearnLogger logQuery
INFO: [ClientHello ChangeCipherSpec Certificate ClientCertificateVerify Finished ApplicationData ChangeCipherSpec | ChangeCipherSpec / ServerHello,ChangeCipherSpec,EncryptedExtensions,CertificateRequest,Certificate,CertificateVerify,Finished, Empty, Empty, Empty, NewSessionTicket,NewSessionTicket, Empty, Alert,2.10ConnectionClosed, | ConnectionClosed]
Sep 03, 2024 9:04:52 PM de.learnlib.logging.LearnLogger logQuery
INFO: [ClientHello ChangeCipherSpec Certificate ClientCertificateVerify Finished ApplicationData ChangeCipherSpec | Finished / ServerHello,ChangeCipherSpec,EncryptedExtensions,CertificateRequest,Certificate,CertificateVerify,Finished, Empty, Empty, Empty, NewSessionTicket,NewSessionTicket, Empty, Alert,2.10ConnectionClosed, | ConnectionClosed]
Sep 03, 2024 9:04:55 PM de.learnlib.logging.LearnLogger logQuery
INFO: [ClientHello ChangeCipherSpec Certificate ClientCertificateVerify Finished ApplicationData ChangeCipherSpec | Certificate / ServerHello,ChangeCipherSpec,EncryptedExtensions,CertificateRequest,Certificate,CertificateVerify,Finished, Empty, Empty, Empty, NewSessionTicket,NewSessionTicket, Empty, Alert,2.10ConnectionClosed, | ConnectionClosed]
Sep 03, 2024 9:04:58 PM de.learnlib.logging.LearnLogger logQuery
INFO: [ClientHello ChangeCipherSpec Certificate ClientCertificateVerify Finished ApplicationData ChangeCipherSpec | ClientCertificateVerify / ServerHello,ChangeCipherSpec,EncryptedExtensions,CertificateRequest,Certificate,CertificateVerify,Finished, Empty, Empty, Empty, NewSessionTicket,NewSessionTicket, Empty, Alert,2.10ConnectionClosed, | ConnectionClosed]
Sep 03, 2024 9:05:01 PM de.learnlib.logging.LearnLogger logQuery
INFO: [ClientHello ChangeCipherSpec Certificate ClientCertificateVerify Finished ApplicationData ChangeCipherSpec | ApplicationData / ServerHello,ChangeCipherSpec,EncryptedExtensions,CertificateRequest,Certificate,CertificateVerify,Finished, Empty, Empty, Empty, NewSessionTicket,NewSessionTicket, Empty, Alert,2.10ConnectionClosed, | ConnectionClosed]
Sep 03, 2024 9:05:04 PM de.learnlib.logging.LearnLogger logQuery
INFO: [ClientHello ChangeCipherSpec Certificate ClientCertificateVerify Finished ApplicationData Finished | ClientHello / ServerHello,ChangeCipherSpec,EncryptedExtensions,CertificateRequest,Certificate,CertificateVerify,Finished, Empty, Empty, Empty, NewSessionTicket,NewSessionTicket, Empty, Alert,2.10ConnectionClosed, | ConnectionClosed]
Sep 03, 2024 9:05:07 PM de.learnlib.logging.LearnLogger logQuery
INFO: [ClientHello ChangeCipherSpec Certificate ClientCertificateVerify Finished ApplicationData Finished | ChangeCipherSpec / ServerHello,ChangeCipherSpec,EncryptedExtensions,CertificateRequest,Certificate,CertificateVerify,Finished, Empty, Empty, Empty, NewSessionTicket,NewSessionTicket, Empty, Alert,2.10ConnectionClosed, | ConnectionClosed]
Sep 03, 2024 9:05:11 PM de.learnlib.logging.LearnLogger logQuery
INFO: [ClientHello ChangeCipherSpec Certificate ClientCertificateVerify Finished ApplicationData Finished | Finished / ServerHello,ChangeCipherSpec,EncryptedExtensions,CertificateRequest,Certificate,CertificateVerify,Finished, Empty, Empty, Empty, NewSessionTicket,NewSessionTicket, Empty, Alert,2.10ConnectionClosed, | ConnectionClosed]
Sep 03, 2024 9:05:14 PM de.learnlib.logging.LearnLogger logQuery
INFO: [ClientHello ChangeCipherSpec Certificate ClientCertificateVerify Finished ApplicationData Finished | Certificate / ServerHello,ChangeCipherSpec,EncryptedExtensions,CertificateRequest,Certificate,CertificateVerify,Finished, Empty, Empty, Empty, NewSessionTicket,NewSessionTicket, Empty, Alert,2.10ConnectionClosed, | ConnectionClosed]
Sep 03, 2024 9:05:17 PM de.learnlib.logging.LearnLogger logQuery
INFO: [ClientHello ChangeCipherSpec Certificate ClientCertificateVerify Finished ApplicationData Finished | ClientCertificateVerify / ServerHello,ChangeCipherSpec,EncryptedExtensions,CertificateRequest,Certificate,CertificateVerify,Finished, Empty, Empty, Empty, NewSessionTicket,NewSessionTicket, Empty, Alert,2.10ConnectionClosed, | ConnectionClosed]
Sep 03, 2024 9:05:20 PM de.learnlib.logging.LearnLogger logQuery
INFO: [ClientHello ChangeCipherSpec Certificate ClientCertificateVerify Finished ApplicationData Finished | ApplicationData / ServerHello,ChangeCipherSpec,EncryptedExtensions,CertificateRequest,Certificate,CertificateVerify,Finished, Empty, Empty, Empty, NewSessionTicket,NewSessionTicket, Empty, Alert,2.10ConnectionClosed, | ConnectionClosed]
Sep 03, 2024 9:05:23 PM de.learnlib.logging.LearnLogger logQuery
INFO: [ClientHello ChangeCipherSpec Certificate ClientCertificateVerify Finished ApplicationData Certificate | ClientHello / ServerHello,ChangeCipherSpec,EncryptedExtensions,CertificateRequest,Certificate,CertificateVerify,Finished, Empty, Empty, Empty, NewSessionTicket,NewSessionTicket, Empty, Alert,2.10ConnectionClosed, | ConnectionClosed]
Sep 03, 2024 9:05:26 PM de.learnlib.logging.LearnLogger logQuery
INFO: [ClientHello ChangeCipherSpec Certificate ClientCertificateVerify Finished ApplicationData Certificate | ChangeCipherSpec / ServerHello,ChangeCipherSpec,EncryptedExtensions,CertificateRequest,Certificate,CertificateVerify,Finished, Empty, Empty, Empty, NewSessionTicket,NewSessionTicket, Empty, Alert,2.10ConnectionClosed, | ConnectionClosed]
Sep 03, 2024 9:05:29 PM de.learnlib.logging.LearnLogger logQuery
INFO: [ClientHello ChangeCipherSpec Certificate ClientCertificateVerify Finished ApplicationData Certificate | Finished / ServerHello,ChangeCipherSpec,EncryptedExtensions,CertificateRequest,Certificate,CertificateVerify,Finished, Empty, Empty, Empty, NewSessionTicket,NewSessionTicket, Empty, Alert,2.10ConnectionClosed, | ConnectionClosed]
Sep 03, 2024 9:05:32 PM de.learnlib.logging.LearnLogger logQuery
INFO: [ClientHello ChangeCipherSpec Certificate ClientCertificateVerify Finished ApplicationData Certificate | Certificate / ServerHello,ChangeCipherSpec,EncryptedExtensions,CertificateRequest,Certificate,CertificateVerify,Finished, Empty, Empty, Empty, NewSessionTicket,NewSessionTicket, Empty, Alert,2.10ConnectionClosed, | ConnectionClosed]
Sep 03, 2024 9:05:35 PM de.learnlib.logging.LearnLogger logQuery
INFO: [ClientHello ChangeCipherSpec Certificate ClientCertificateVerify Finished ApplicationData Certificate | ClientCertificateVerify / ServerHello,ChangeCipherSpec,EncryptedExtensions,CertificateRequest,Certificate,CertificateVerify,Finished, Empty, Empty, Empty, NewSessionTicket,NewSessionTicket, Empty, Alert,2.10ConnectionClosed, | ConnectionClosed]
Sep 03, 2024 9:05:39 PM de.learnlib.logging.LearnLogger logQuery
INFO: [ClientHello ChangeCipherSpec Certificate ClientCertificateVerify Finished ApplicationData Certificate | ApplicationData / ServerHello,ChangeCipherSpec,EncryptedExtensions,CertificateRequest,Certificate,CertificateVerify,Finished, Empty, Empty, Empty, NewSessionTicket,NewSessionTicket, Empty, Alert,2.10ConnectionClosed, | ConnectionClosed]
Sep 03, 2024 9:05:42 PM de.learnlib.logging.LearnLogger logQuery
INFO: [ClientHello ChangeCipherSpec Certificate ClientCertificateVerify Finished ApplicationData ClientCertificateVerify | ClientHello / ServerHello,ChangeCipherSpec,EncryptedExtensions,CertificateRequest,Certificate,CertificateVerify,Finished, Empty, Empty, Empty, NewSessionTicket,NewSessionTicket, Empty, Alert,2.10ConnectionClosed, | ConnectionClosed]
Sep 03, 2024 9:05:45 PM de.learnlib.logging.LearnLogger logQuery
INFO: [ClientHello ChangeCipherSpec Certificate ClientCertificateVerify Finished ApplicationData ClientCertificateVerify | ChangeCipherSpec / ServerHello,ChangeCipherSpec,EncryptedExtensions,CertificateRequest,Certificate,CertificateVerify,Finished, Empty, Empty, Empty, NewSessionTicket,NewSessionTicket, Empty, Alert,2.10ConnectionClosed, | ConnectionClosed]
Sep 03, 2024 9:05:49 PM de.learnlib.logging.LearnLogger logQuery
INFO: [ClientHello ChangeCipherSpec Certificate ClientCertificateVerify Finished ApplicationData ClientCertificateVerify | Finished / ServerHello,ChangeCipherSpec,EncryptedExtensions,CertificateRequest,Certificate,CertificateVerify,Finished, Empty, Empty, Empty, NewSessionTicket,NewSessionTicket, Empty, Alert,2.10ConnectionClosed, | ConnectionClosed]
Sep 03, 2024 9:05:55 PM de.learnlib.logging.LearnLogger logQuery
INFO: [ClientHello ChangeCipherSpec Certificate ClientCertificateVerify Finished ApplicationData ClientCertificateVerify | Certificate / ServerHello,ChangeCipherSpec,EncryptedExtensions,CertificateRequest,Certificate,CertificateVerify,Finished, Empty, Empty, Empty, NewSessionTicket,NewSessionTicket, Empty, Alert,2.10ConnectionClosed, | ConnectionClosed]
Sep 03, 2024 9:05:59 PM de.learnlib.logging.LearnLogger logQuery
INFO: [ClientHello ChangeCipherSpec Certificate ClientCertificateVerify Finished ApplicationData ClientCertificateVerify | ClientCertificateVerify / ServerHello,ChangeCipherSpec,EncryptedExtensions,CertificateRequest,Certificate,CertificateVerify,Finished, Empty, Empty, Empty, NewSessionTicket,NewSessionTicket, Empty, Alert,2.10ConnectionClosed, | ConnectionClosed]
Sep 03, 2024 9:06:06 PM de.learnlib.logging.LearnLogger logQuery
INFO: [ClientHello ChangeCipherSpec Certificate ClientCertificateVerify Finished ApplicationData ClientCertificateVerify | ApplicationData / ServerHello,ChangeCipherSpec,EncryptedExtensions,CertificateRequest,Certificate,CertificateVerify,Finished, Empty, Empty, Empty, NewSessionTicket,NewSessionTicket, Empty, Alert,2.10ConnectionClosed, | ConnectionClosed]
Sep 03, 2024 9:06:11 PM de.learnlib.logging.LearnLogger logQuery
INFO: [ClientHello ChangeCipherSpec Certificate ClientCertificateVerify Finished ApplicationData ApplicationData | ClientHello / ServerHello,ChangeCipherSpec,EncryptedExtensions,CertificateRequest,Certificate,CertificateVerify,Finished, Empty, Empty, Empty, NewSessionTicket,NewSessionTicket, Empty, Empty, | Alert,2.20ConnectionClosed,]
Sep 03, 2024 9:06:15 PM de.learnlib.logging.LearnLogger logQuery
INFO: [ClientHello ChangeCipherSpec Certificate ClientCertificateVerify Finished ApplicationData ApplicationData | ChangeCipherSpec / ServerHello,ChangeCipherSpec,EncryptedExtensions,CertificateRequest,Certificate,CertificateVerify,Finished, Empty, Empty, Empty, NewSessionTicket,NewSessionTicket, Empty, Empty, | Alert,2.10ConnectionClosed,]
Sep 03, 2024 9:06:19 PM de.learnlib.logging.LearnLogger logQuery
INFO: [ClientHello ChangeCipherSpec Certificate ClientCertificateVerify Finished ApplicationData ApplicationData | Finished / ServerHello,ChangeCipherSpec,EncryptedExtensions,CertificateRequest,Certificate,CertificateVerify,Finished, Empty, Empty, Empty, NewSessionTicket,NewSessionTicket, Empty, Empty, | Alert,2.10ConnectionClosed,]
Sep 03, 2024 9:06:26 PM de.learnlib.logging.LearnLogger logQuery
INFO: [ClientHello ChangeCipherSpec Certificate ClientCertificateVerify Finished ApplicationData ApplicationData | Certificate / ServerHello,ChangeCipherSpec,EncryptedExtensions,CertificateRequest,Certificate,CertificateVerify,Finished, Empty, Empty, Empty, NewSessionTicket,NewSessionTicket, Empty, Empty, | Alert,2.10ConnectionClosed,]
Sep 03, 2024 9:06:33 PM de.learnlib.logging.LearnLogger logQuery
INFO: [ClientHello ChangeCipherSpec Certificate ClientCertificateVerify Finished ApplicationData ApplicationData | ClientCertificateVerify / ServerHello,ChangeCipherSpec,EncryptedExtensions,CertificateRequest,Certificate,CertificateVerify,Finished, Empty, Empty, Empty, NewSessionTicket,NewSessionTicket, Empty, Empty, | Alert,2.10ConnectionClosed,]
Sep 03, 2024 9:06:37 PM de.learnlib.logging.LearnLogger logQuery
INFO: [ClientHello ChangeCipherSpec Certificate ClientCertificateVerify Finished ApplicationData ApplicationData | ApplicationData / ServerHello,ChangeCipherSpec,EncryptedExtensions,CertificateRequest,Certificate,CertificateVerify,Finished, Empty, Empty, Empty, NewSessionTicket,NewSessionTicket, Empty, Empty, | Empty,]
Sep 03, 2024 9:06:40 PM de.learnlib.logging.LearnLogger logQuery
INFO: [ε | ClientHello / ε | ServerHello,ChangeCipherSpec,EncryptedExtensions,CertificateRequest,Certificate,CertificateVerify,Finished,]
Sep 03, 2024 9:06:40 PM de.learnlib.logging.LearnLogger logQuery
INFO: [ε | ChangeCipherSpec / ε | Alert,2.10ConnectionClosed,]
Sep 03, 2024 9:06:40 PM de.learnlib.logging.LearnLogger logQuery
INFO: [ε | Finished / ε | Alert,2.10ConnectionClosed,]
Sep 03, 2024 9:06:40 PM de.learnlib.logging.LearnLogger logQuery
INFO: [ε | Certificate / ε | Alert,2.10ConnectionClosed,]
Sep 03, 2024 9:06:40 PM de.learnlib.logging.LearnLogger logQuery
INFO: [ε | ClientCertificateVerify / ε | Alert,2.10ConnectionClosed,]
Sep 03, 2024 9:06:40 PM de.learnlib.logging.LearnLogger logQuery
INFO: [ε | ApplicationData / ε | Alert,2.10ConnectionClosed,]
Sep 03, 2024 9:06:42 PM de.learnlib.logging.LearnLogger logQuery
INFO: [ClientHello | ClientHello / ServerHello,ChangeCipherSpec,EncryptedExtensions,CertificateRequest,Certificate,CertificateVerify,Finished, | Alert,2.10ConnectionClosed,]
Sep 03, 2024 9:06:44 PM de.learnlib.logging.LearnLogger logQuery
INFO: [ClientHello | ChangeCipherSpec / ServerHello,ChangeCipherSpec,EncryptedExtensions,CertificateRequest,Certificate,CertificateVerify,Finished, | Empty,]
Sep 03, 2024 9:06:46 PM de.learnlib.logging.LearnLogger logQuery
INFO: [ClientHello | Finished / ServerHello,ChangeCipherSpec,EncryptedExtensions,CertificateRequest,Certificate,CertificateVerify,Finished, | Alert,2.10ConnectionClosed,]
Sep 03, 2024 9:06:48 PM de.learnlib.logging.LearnLogger logQuery
INFO: [ClientHello | Certificate / ServerHello,ChangeCipherSpec,EncryptedExtensions,CertificateRequest,Certificate,CertificateVerify,Finished, | Alert,2.10ConnectionClosed,]
Sep 03, 2024 9:06:50 PM de.learnlib.logging.LearnLogger logQuery
INFO: [ClientHello | ClientCertificateVerify / ServerHello,ChangeCipherSpec,EncryptedExtensions,CertificateRequest,Certificate,CertificateVerify,Finished, | Alert,2.10ConnectionClosed,]
Sep 03, 2024 9:06:53 PM de.learnlib.logging.LearnLogger logQuery
INFO: [ClientHello | ApplicationData / ServerHello,ChangeCipherSpec,EncryptedExtensions,CertificateRequest,Certificate,CertificateVerify,Finished, | Alert,2.20ConnectionClosed,]
Sep 03, 2024 9:06:53 PM de.learnlib.logging.LearnLogger logQuery
INFO: [ChangeCipherSpec | ClientHello / Alert,2.10ConnectionClosed, | ConnectionClosed]
Sep 03, 2024 9:06:53 PM de.learnlib.logging.LearnLogger logQuery
INFO: [ChangeCipherSpec | ChangeCipherSpec / Alert,2.10ConnectionClosed, | ConnectionClosed]
Sep 03, 2024 9:06:53 PM de.learnlib.logging.LearnLogger logQuery
INFO: [ChangeCipherSpec | Finished / Alert,2.10ConnectionClosed, | ConnectionClosed]
Sep 03, 2024 9:06:53 PM de.learnlib.logging.LearnLogger logQuery
INFO: [ChangeCipherSpec | Certificate / Alert,2.10ConnectionClosed, | ConnectionClosed]
Sep 03, 2024 9:06:53 PM de.learnlib.logging.LearnLogger logQuery
INFO: [ChangeCipherSpec | ClientCertificateVerify / Alert,2.10ConnectionClosed, | ConnectionClosed]
Sep 03, 2024 9:06:53 PM de.learnlib.logging.LearnLogger logQuery
INFO: [ChangeCipherSpec | ApplicationData / Alert,2.10ConnectionClosed, | ConnectionClosed]
Sep 03, 2024 9:06:55 PM de.learnlib.logging.LearnLogger logQuery
INFO: [ClientHello ChangeCipherSpec | ClientHello / ServerHello,ChangeCipherSpec,EncryptedExtensions,CertificateRequest,Certificate,CertificateVerify,Finished, Empty, | Alert,2.20ConnectionClosed,]
Sep 03, 2024 9:06:57 PM de.learnlib.logging.LearnLogger logQuery
INFO: [ClientHello ChangeCipherSpec | ChangeCipherSpec / ServerHello,ChangeCipherSpec,EncryptedExtensions,CertificateRequest,Certificate,CertificateVerify,Finished, Empty, | Alert,2.10ConnectionClosed,]
Sep 03, 2024 9:06:59 PM de.learnlib.logging.LearnLogger logQuery
INFO: [ClientHello ChangeCipherSpec | Finished / ServerHello,ChangeCipherSpec,EncryptedExtensions,CertificateRequest,Certificate,CertificateVerify,Finished, Empty, | Alert,2.10ConnectionClosed,]
Sep 03, 2024 9:07:01 PM de.learnlib.logging.LearnLogger logQuery
INFO: [ClientHello ChangeCipherSpec | Certificate / ServerHello,ChangeCipherSpec,EncryptedExtensions,CertificateRequest,Certificate,CertificateVerify,Finished, Empty, | Empty,]
Sep 03, 2024 9:07:03 PM de.learnlib.logging.LearnLogger logQuery
INFO: [ClientHello ChangeCipherSpec | ClientCertificateVerify / ServerHello,ChangeCipherSpec,EncryptedExtensions,CertificateRequest,Certificate,CertificateVerify,Finished, Empty, | Alert,2.10ConnectionClosed,]
Sep 03, 2024 9:07:05 PM de.learnlib.logging.LearnLogger logQuery
INFO: [ClientHello ChangeCipherSpec | ApplicationData / ServerHello,ChangeCipherSpec,EncryptedExtensions,CertificateRequest,Certificate,CertificateVerify,Finished, Empty, | Alert,2.10ConnectionClosed,]
Sep 03, 2024 9:07:08 PM de.learnlib.logging.LearnLogger logQuery
INFO: [ClientHello ChangeCipherSpec Certificate | ClientHello / ServerHello,ChangeCipherSpec,EncryptedExtensions,CertificateRequest,Certificate,CertificateVerify,Finished, Empty, Empty, | Alert,2.20ConnectionClosed,]
Sep 03, 2024 9:07:10 PM de.learnlib.logging.LearnLogger logQuery
INFO: [ClientHello ChangeCipherSpec Certificate | ChangeCipherSpec / ServerHello,ChangeCipherSpec,EncryptedExtensions,CertificateRequest,Certificate,CertificateVerify,Finished, Empty, Empty, | Alert,2.10ConnectionClosed,]
Sep 03, 2024 9:07:13 PM de.learnlib.logging.LearnLogger logQuery
INFO: [ClientHello ChangeCipherSpec Certificate | Finished / ServerHello,ChangeCipherSpec,EncryptedExtensions,CertificateRequest,Certificate,CertificateVerify,Finished, Empty, Empty, | Alert,2.10ConnectionClosed,]
Sep 03, 2024 9:07:15 PM de.learnlib.logging.LearnLogger logQuery
INFO: [ClientHello ChangeCipherSpec Certificate | Certificate / ServerHello,ChangeCipherSpec,EncryptedExtensions,CertificateRequest,Certificate,CertificateVerify,Finished, Empty, Empty, | Alert,2.10ConnectionClosed,]
Sep 03, 2024 9:07:17 PM de.learnlib.logging.LearnLogger logQuery
INFO: [ClientHello ChangeCipherSpec Certificate | ClientCertificateVerify / ServerHello,ChangeCipherSpec,EncryptedExtensions,CertificateRequest,Certificate,CertificateVerify,Finished, Empty, Empty, | Empty,]
Sep 03, 2024 9:07:20 PM de.learnlib.logging.LearnLogger logQuery
INFO: [ClientHello ChangeCipherSpec Certificate | ApplicationData / ServerHello,ChangeCipherSpec,EncryptedExtensions,CertificateRequest,Certificate,CertificateVerify,Finished, Empty, Empty, | Alert,2.10ConnectionClosed,]
Sep 03, 2024 9:07:22 PM de.learnlib.logging.LearnLogger logQuery
INFO: [ClientHello ChangeCipherSpec Certificate ClientCertificateVerify | ClientHello / ServerHello,ChangeCipherSpec,EncryptedExtensions,CertificateRequest,Certificate,CertificateVerify,Finished, Empty, Empty, Empty, | Alert,2.20ConnectionClosed,]
Sep 03, 2024 9:07:25 PM de.learnlib.logging.LearnLogger logQuery
INFO: [ClientHello ChangeCipherSpec Certificate ClientCertificateVerify | ChangeCipherSpec / ServerHello,ChangeCipherSpec,EncryptedExtensions,CertificateRequest,Certificate,CertificateVerify,Finished, Empty, Empty, Empty, | Alert,2.10ConnectionClosed,]
Sep 03, 2024 9:07:28 PM de.learnlib.logging.LearnLogger logQuery
INFO: [ClientHello ChangeCipherSpec Certificate ClientCertificateVerify | Finished / ServerHello,ChangeCipherSpec,EncryptedExtensions,CertificateRequest,Certificate,CertificateVerify,Finished, Empty, Empty, Empty, | NewSessionTicket,NewSessionTicket,]
Sep 03, 2024 9:07:31 PM de.learnlib.logging.LearnLogger logQuery
INFO: [ClientHello ChangeCipherSpec Certificate ClientCertificateVerify | Certificate / ServerHello,ChangeCipherSpec,EncryptedExtensions,CertificateRequest,Certificate,CertificateVerify,Finished, Empty, Empty, Empty, | Alert,2.10ConnectionClosed,]
Sep 03, 2024 9:07:34 PM de.learnlib.logging.LearnLogger logQuery
INFO: [ClientHello ChangeCipherSpec Certificate ClientCertificateVerify | ClientCertificateVerify / ServerHello,ChangeCipherSpec,EncryptedExtensions,CertificateRequest,Certificate,CertificateVerify,Finished, Empty, Empty, Empty, | Alert,2.10ConnectionClosed,]
Sep 03, 2024 9:07:36 PM de.learnlib.logging.LearnLogger logQuery
INFO: [ClientHello ChangeCipherSpec Certificate ClientCertificateVerify | ApplicationData / ServerHello,ChangeCipherSpec,EncryptedExtensions,CertificateRequest,Certificate,CertificateVerify,Finished, Empty, Empty, Empty, | Alert,2.10ConnectionClosed,]
Sep 03, 2024 9:07:40 PM de.learnlib.logging.LearnLogger logQuery
INFO: [ClientHello ChangeCipherSpec Certificate ClientCertificateVerify Finished | ClientHello / ServerHello,ChangeCipherSpec,EncryptedExtensions,CertificateRequest,Certificate,CertificateVerify,Finished, Empty, Empty, Empty, NewSessionTicket,NewSessionTicket, | Alert,2.10ConnectionClosed,]
Sep 03, 2024 9:07:46 PM de.learnlib.logging.LearnLogger logQuery
INFO: [ClientHello ChangeCipherSpec Certificate ClientCertificateVerify Finished | ChangeCipherSpec / ServerHello,ChangeCipherSpec,EncryptedExtensions,CertificateRequest,Certificate,CertificateVerify,Finished, Empty, Empty, Empty, NewSessionTicket,NewSessionTicket, | Alert,2.10ConnectionClosed,]
Sep 03, 2024 9:07:50 PM de.learnlib.logging.LearnLogger logQuery
INFO: [ClientHello ChangeCipherSpec Certificate ClientCertificateVerify Finished | Finished / ServerHello,ChangeCipherSpec,EncryptedExtensions,CertificateRequest,Certificate,CertificateVerify,Finished, Empty, Empty, Empty, NewSessionTicket,NewSessionTicket, | Alert,2.10ConnectionClosed,]
Sep 03, 2024 9:07:54 PM de.learnlib.logging.LearnLogger logQuery
INFO: [ClientHello ChangeCipherSpec Certificate ClientCertificateVerify Finished | Certificate / ServerHello,ChangeCipherSpec,EncryptedExtensions,CertificateRequest,Certificate,CertificateVerify,Finished, Empty, Empty, Empty, NewSessionTicket,NewSessionTicket, | Alert,2.10ConnectionClosed,]
Sep 03, 2024 9:07:58 PM de.learnlib.logging.LearnLogger logQuery
INFO: [ClientHello ChangeCipherSpec Certificate ClientCertificateVerify Finished | ClientCertificateVerify / ServerHello,ChangeCipherSpec,EncryptedExtensions,CertificateRequest,Certificate,CertificateVerify,Finished, Empty, Empty, Empty, NewSessionTicket,NewSessionTicket, | Alert,2.10ConnectionClosed,]
Sep 03, 2024 9:08:02 PM de.learnlib.logging.LearnLogger logQuery
INFO: [ClientHello ChangeCipherSpec Certificate ClientCertificateVerify Finished | ApplicationData / ServerHello,ChangeCipherSpec,EncryptedExtensions,CertificateRequest,Certificate,CertificateVerify,Finished, Empty, Empty, Empty, NewSessionTicket,NewSessionTicket, | Empty,]
Sep 03, 2024 9:08:06 PM de.learnlib.logging.LearnLogger logQuery
INFO: [ClientHello ChangeCipherSpec Certificate ClientCertificateVerify Finished ApplicationData | ClientHello / ServerHello,ChangeCipherSpec,EncryptedExtensions,CertificateRequest,Certificate,CertificateVerify,Finished, Empty, Empty, Empty, NewSessionTicket,NewSessionTicket, Empty, | Alert,2.20ConnectionClosed,]
Sep 03, 2024 9:08:10 PM de.learnlib.logging.LearnLogger logQuery
INFO: [ClientHello ChangeCipherSpec Certificate ClientCertificateVerify Finished ApplicationData | ChangeCipherSpec / ServerHello,ChangeCipherSpec,EncryptedExtensions,CertificateRequest,Certificate,CertificateVerify,Finished, Empty, Empty, Empty, NewSessionTicket,NewSessionTicket, Empty, | Alert,2.10ConnectionClosed,]
Sep 03, 2024 9:08:15 PM de.learnlib.logging.LearnLogger logQuery
INFO: [ClientHello ChangeCipherSpec Certificate ClientCertificateVerify Finished ApplicationData | Finished / ServerHello,ChangeCipherSpec,EncryptedExtensions,CertificateRequest,Certificate,CertificateVerify,Finished, Empty, Empty, Empty, NewSessionTicket,NewSessionTicket, Empty, | Alert,2.10ConnectionClosed,]
Sep 03, 2024 9:08:19 PM de.learnlib.logging.LearnLogger logQuery
INFO: [ClientHello ChangeCipherSpec Certificate ClientCertificateVerify Finished ApplicationData | Certificate / ServerHello,ChangeCipherSpec,EncryptedExtensions,CertificateRequest,Certificate,CertificateVerify,Finished, Empty, Empty, Empty, NewSessionTicket,NewSessionTicket, Empty, | Alert,2.10ConnectionClosed,]
Sep 03, 2024 9:08:23 PM de.learnlib.logging.LearnLogger logQuery
INFO: [ClientHello ChangeCipherSpec Certificate ClientCertificateVerify Finished ApplicationData | ClientCertificateVerify / ServerHello,ChangeCipherSpec,EncryptedExtensions,CertificateRequest,Certificate,CertificateVerify,Finished, Empty, Empty, Empty, NewSessionTicket,NewSessionTicket, Empty, | Alert,2.10ConnectionClosed,]
Sep 03, 2024 9:08:27 PM de.learnlib.logging.LearnLogger logQuery
INFO: [ClientHello ChangeCipherSpec Certificate ClientCertificateVerify Finished ApplicationData | ApplicationData / ServerHello,ChangeCipherSpec,EncryptedExtensions,CertificateRequest,Certificate,CertificateVerify,Finished, Empty, Empty, Empty, NewSessionTicket,NewSessionTicket, Empty, | Empty,]
