Sep 03, 2024 12:16:39 PM de.learnlib.logging.LearnLogger logQuery
INFO: [ε | ε / ε | ε]
Sep 03, 2024 12:16:40 PM de.learnlib.logging.LearnLogger logQuery
INFO: [ε | ClientHello / ε | ServerHello,ChangeCipherSpec,EncryptedExtensions,CertificateRequest,Certificate,CertificateVerify,Finished,]
Sep 03, 2024 12:16:41 PM de.learnlib.logging.LearnLogger logQuery
INFO: [ε | ClientHello ClientHello / ε | ServerHello,ChangeCipherSpec,EncryptedExtensions,CertificateRequest,Certificate,CertificateVerify,Finished, Alert,2.20ConnectionClosed,]
Sep 03, 2024 12:16:42 PM de.learnlib.logging.LearnLogger logQuery
INFO: [ε | ClientHello ChangeCipherSpec / ε | ServerHello,ChangeCipherSpec,EncryptedExtensions,CertificateRequest,Certificate,CertificateVerify,Finished, Empty,]
Sep 03, 2024 12:16:44 PM de.learnlib.logging.LearnLogger logQuery
INFO: [ε | ClientHello Certificate / ε | ServerHello,ChangeCipherSpec,EncryptedExtensions,CertificateRequest,Certificate,CertificateVerify,Finished, Alert,2.20ConnectionClosed,]
Sep 03, 2024 12:16:45 PM de.learnlib.logging.LearnLogger logQuery
INFO: [ε | ClientHello Finished / ε | ServerHello,ChangeCipherSpec,EncryptedExtensions,CertificateRequest,Certificate,CertificateVerify,Finished, Alert,2.20ConnectionClosed,]
Sep 03, 2024 12:16:46 PM de.learnlib.logging.LearnLogger logQuery
INFO: [ε | ClientHello ClientCertificateVerify / ε | ServerHello,ChangeCipherSpec,EncryptedExtensions,CertificateRequest,Certificate,CertificateVerify,Finished, Alert,2.20ConnectionClosed,]
Sep 03, 2024 12:16:46 PM de.learnlib.logging.LearnLogger logQuery
INFO: [ε | ChangeCipherSpec / ε | Alert,2.10ConnectionClosed,]
Sep 03, 2024 12:16:46 PM de.learnlib.logging.LearnLogger logQuery
INFO: [ε | ChangeCipherSpec ClientHello / ε | Alert,2.10ConnectionClosed, ConnectionClosed]
Sep 03, 2024 12:16:46 PM de.learnlib.logging.LearnLogger logQuery
INFO: [ε | ChangeCipherSpec ChangeCipherSpec / ε | Alert,2.10ConnectionClosed, ConnectionClosed]
Sep 03, 2024 12:16:46 PM de.learnlib.logging.LearnLogger logQuery
INFO: [ε | ChangeCipherSpec Certificate / ε | Alert,2.10ConnectionClosed, ConnectionClosed]
Sep 03, 2024 12:16:46 PM de.learnlib.logging.LearnLogger logQuery
INFO: [ε | ChangeCipherSpec Finished / ε | Alert,2.10ConnectionClosed, ConnectionClosed]
Sep 03, 2024 12:16:46 PM de.learnlib.logging.LearnLogger logQuery
INFO: [ε | ChangeCipherSpec ClientCertificateVerify / ε | Alert,2.10ConnectionClosed, ConnectionClosed]
Sep 03, 2024 12:16:46 PM de.learnlib.logging.LearnLogger logQuery
INFO: [ε | Finished / ε | Alert,2.10ConnectionClosed,]
Sep 03, 2024 12:16:46 PM de.learnlib.logging.LearnLogger logQuery
INFO: [ε | Finished ClientHello / ε | Alert,2.10ConnectionClosed, ConnectionClosed]
Sep 03, 2024 12:16:46 PM de.learnlib.logging.LearnLogger logQuery
INFO: [ε | Finished ChangeCipherSpec / ε | Alert,2.10ConnectionClosed, ConnectionClosed]
Sep 03, 2024 12:16:46 PM de.learnlib.logging.LearnLogger logQuery
INFO: [ε | Finished Certificate / ε | Alert,2.10ConnectionClosed, ConnectionClosed]
Sep 03, 2024 12:16:46 PM de.learnlib.logging.LearnLogger logQuery
INFO: [ε | Finished Finished / ε | Alert,2.10ConnectionClosed, ConnectionClosed]
Sep 03, 2024 12:16:46 PM de.learnlib.logging.LearnLogger logQuery
INFO: [ε | Finished ClientCertificateVerify / ε | Alert,2.10ConnectionClosed, ConnectionClosed]
Sep 03, 2024 12:16:46 PM de.learnlib.logging.LearnLogger logQuery
INFO: [ε | Certificate / ε | Alert,2.10ConnectionClosed,]
Sep 03, 2024 12:16:46 PM de.learnlib.logging.LearnLogger logQuery
INFO: [ε | Certificate ClientHello / ε | Alert,2.10ConnectionClosed, ConnectionClosed]
Sep 03, 2024 12:16:46 PM de.learnlib.logging.LearnLogger logQuery
INFO: [ε | Certificate ChangeCipherSpec / ε | Alert,2.10ConnectionClosed, ConnectionClosed]
Sep 03, 2024 12:16:46 PM de.learnlib.logging.LearnLogger logQuery
INFO: [ε | Certificate Certificate / ε | Alert,2.10ConnectionClosed, ConnectionClosed]
Sep 03, 2024 12:16:46 PM de.learnlib.logging.LearnLogger logQuery
INFO: [ε | Certificate Finished / ε | Alert,2.10ConnectionClosed, ConnectionClosed]
Sep 03, 2024 12:16:46 PM de.learnlib.logging.LearnLogger logQuery
INFO: [ε | Certificate ClientCertificateVerify / ε | Alert,2.10ConnectionClosed, ConnectionClosed]
Sep 03, 2024 12:16:46 PM de.learnlib.logging.LearnLogger logQuery
INFO: [ε | ClientCertificateVerify / ε | Alert,2.10ConnectionClosed,]
Sep 03, 2024 12:16:46 PM de.learnlib.logging.LearnLogger logQuery
INFO: [ε | ClientCertificateVerify ClientHello / ε | Alert,2.10ConnectionClosed, ConnectionClosed]
Sep 03, 2024 12:16:46 PM de.learnlib.logging.LearnLogger logQuery
INFO: [ε | ClientCertificateVerify ChangeCipherSpec / ε | Alert,2.10ConnectionClosed, ConnectionClosed]
Sep 03, 2024 12:16:46 PM de.learnlib.logging.LearnLogger logQuery
INFO: [ε | ClientCertificateVerify Certificate / ε | Alert,2.10ConnectionClosed, ConnectionClosed]
Sep 03, 2024 12:16:46 PM de.learnlib.logging.LearnLogger logQuery
INFO: [ε | ClientCertificateVerify Finished / ε | Alert,2.10ConnectionClosed, ConnectionClosed]
Sep 03, 2024 12:16:46 PM de.learnlib.logging.LearnLogger logQuery
INFO: [ε | ClientCertificateVerify ClientCertificateVerify / ε | Alert,2.10ConnectionClosed, ConnectionClosed]
Sep 03, 2024 12:16:46 PM de.learnlib.logging.LearnLogger logQuery
INFO: [ε | ApplicationData / ε | Alert,2.10ConnectionClosed,]
Sep 03, 2024 12:16:46 PM de.learnlib.logging.LearnLogger logQuery
INFO: [ε | ApplicationData ClientHello / ε | Alert,2.10ConnectionClosed, ConnectionClosed]
Sep 03, 2024 12:16:46 PM de.learnlib.logging.LearnLogger logQuery
INFO: [ε | ApplicationData ChangeCipherSpec / ε | Alert,2.10ConnectionClosed, ConnectionClosed]
Sep 03, 2024 12:16:46 PM de.learnlib.logging.LearnLogger logQuery
INFO: [ε | ApplicationData Certificate / ε | Alert,2.10ConnectionClosed, ConnectionClosed]
Sep 03, 2024 12:16:46 PM de.learnlib.logging.LearnLogger logQuery
INFO: [ε | ApplicationData Finished / ε | Alert,2.10ConnectionClosed, ConnectionClosed]
Sep 03, 2024 12:16:46 PM de.learnlib.logging.LearnLogger logQuery
INFO: [ε | ApplicationData ClientCertificateVerify / ε | Alert,2.10ConnectionClosed, ConnectionClosed]
Sep 03, 2024 12:16:47 PM de.learnlib.logging.LearnLogger logQuery
INFO: [ε | ClientHello ClientHello / ε | ServerHello,ChangeCipherSpec,EncryptedExtensions,CertificateRequest,Certificate,CertificateVerify,Finished, Alert,2.20ConnectionClosed,]
Sep 03, 2024 12:16:49 PM de.learnlib.logging.LearnLogger logQuery
INFO: [ε | ClientHello ClientHello ClientHello / ε | ServerHello,ChangeCipherSpec,EncryptedExtensions,CertificateRequest,Certificate,CertificateVerify,Finished, Alert,2.20ConnectionClosed, ConnectionClosed]
Sep 03, 2024 12:16:50 PM de.learnlib.logging.LearnLogger logQuery
INFO: [ε | ClientHello ClientHello ChangeCipherSpec / ε | ServerHello,ChangeCipherSpec,EncryptedExtensions,CertificateRequest,Certificate,CertificateVerify,Finished, Alert,2.20ConnectionClosed, ConnectionClosed]
Sep 03, 2024 12:16:51 PM de.learnlib.logging.LearnLogger logQuery
INFO: [ε | ClientHello ClientHello Certificate / ε | ServerHello,ChangeCipherSpec,EncryptedExtensions,CertificateRequest,Certificate,CertificateVerify,Finished, Alert,2.20ConnectionClosed, ConnectionClosed]
Sep 03, 2024 12:16:52 PM de.learnlib.logging.LearnLogger logQuery
INFO: [ε | ClientHello ClientHello Finished / ε | ServerHello,ChangeCipherSpec,EncryptedExtensions,CertificateRequest,Certificate,CertificateVerify,Finished, Alert,2.20ConnectionClosed, ConnectionClosed]
Sep 03, 2024 12:16:53 PM de.learnlib.logging.LearnLogger logQuery
INFO: [ε | ClientHello ClientHello ClientCertificateVerify / ε | ServerHello,ChangeCipherSpec,EncryptedExtensions,CertificateRequest,Certificate,CertificateVerify,Finished, Alert,2.20ConnectionClosed, ConnectionClosed]
Sep 03, 2024 12:16:54 PM de.learnlib.logging.LearnLogger logQuery
INFO: [ε | ClientHello ChangeCipherSpec / ε | ServerHello,ChangeCipherSpec,EncryptedExtensions,CertificateRequest,Certificate,CertificateVerify,Finished, Empty,]
Sep 03, 2024 12:16:56 PM de.learnlib.logging.LearnLogger logQuery
INFO: [ε | ClientHello ChangeCipherSpec ClientHello / ε | ServerHello,ChangeCipherSpec,EncryptedExtensions,CertificateRequest,Certificate,CertificateVerify,Finished, Empty, Alert,2.20ConnectionClosed,]
Sep 03, 2024 12:16:58 PM de.learnlib.logging.LearnLogger logQuery
INFO: [ε | ClientHello ChangeCipherSpec ChangeCipherSpec / ε | ServerHello,ChangeCipherSpec,EncryptedExtensions,CertificateRequest,Certificate,CertificateVerify,Finished, Empty, Alert,2.10ConnectionClosed,]
Sep 03, 2024 12:17:00 PM de.learnlib.logging.LearnLogger logQuery
INFO: [ε | ClientHello ChangeCipherSpec Certificate / ε | ServerHello,ChangeCipherSpec,EncryptedExtensions,CertificateRequest,Certificate,CertificateVerify,Finished, Empty, Empty,]
Sep 03, 2024 12:17:01 PM de.learnlib.logging.LearnLogger logQuery
INFO: [ε | ClientHello ChangeCipherSpec Finished / ε | ServerHello,ChangeCipherSpec,EncryptedExtensions,CertificateRequest,Certificate,CertificateVerify,Finished, Empty, Alert,2.10ConnectionClosed,]
Sep 03, 2024 12:17:03 PM de.learnlib.logging.LearnLogger logQuery
INFO: [ε | ClientHello ChangeCipherSpec ClientCertificateVerify / ε | ServerHello,ChangeCipherSpec,EncryptedExtensions,CertificateRequest,Certificate,CertificateVerify,Finished, Empty, Alert,2.40ConnectionClosed,]
Sep 03, 2024 12:17:05 PM de.learnlib.logging.LearnLogger logQuery
INFO: [ε | ClientHello Finished / ε | ServerHello,ChangeCipherSpec,EncryptedExtensions,CertificateRequest,Certificate,CertificateVerify,Finished, Alert,2.20ConnectionClosed,]
Sep 03, 2024 12:17:07 PM de.learnlib.logging.LearnLogger logQuery
INFO: [ε | ClientHello Finished ClientHello / ε | ServerHello,ChangeCipherSpec,EncryptedExtensions,CertificateRequest,Certificate,CertificateVerify,Finished, Alert,2.20ConnectionClosed, ConnectionClosed]
Sep 03, 2024 12:17:08 PM de.learnlib.logging.LearnLogger logQuery
INFO: [ε | ClientHello Finished ChangeCipherSpec / ε | ServerHello,ChangeCipherSpec,EncryptedExtensions,CertificateRequest,Certificate,CertificateVerify,Finished, Alert,2.20ConnectionClosed, ConnectionClosed]
Sep 03, 2024 12:17:10 PM de.learnlib.logging.LearnLogger logQuery
INFO: [ε | ClientHello Finished Certificate / ε | ServerHello,ChangeCipherSpec,EncryptedExtensions,CertificateRequest,Certificate,CertificateVerify,Finished, Alert,2.20ConnectionClosed, ConnectionClosed]
Sep 03, 2024 12:17:12 PM de.learnlib.logging.LearnLogger logQuery
INFO: [ε | ClientHello Finished Finished / ε | ServerHello,ChangeCipherSpec,EncryptedExtensions,CertificateRequest,Certificate,CertificateVerify,Finished, Alert,2.20ConnectionClosed, ConnectionClosed]
Sep 03, 2024 12:17:14 PM de.learnlib.logging.LearnLogger logQuery
INFO: [ε | ClientHello Finished ClientCertificateVerify / ε | ServerHello,ChangeCipherSpec,EncryptedExtensions,CertificateRequest,Certificate,CertificateVerify,Finished, Alert,2.20ConnectionClosed, ConnectionClosed]
Sep 03, 2024 12:17:15 PM de.learnlib.logging.LearnLogger logQuery
INFO: [ε | ClientHello Certificate / ε | ServerHello,ChangeCipherSpec,EncryptedExtensions,CertificateRequest,Certificate,CertificateVerify,Finished, Alert,2.20ConnectionClosed,]
Sep 03, 2024 12:17:17 PM de.learnlib.logging.LearnLogger logQuery
INFO: [ε | ClientHello Certificate ClientHello / ε | ServerHello,ChangeCipherSpec,EncryptedExtensions,CertificateRequest,Certificate,CertificateVerify,Finished, Alert,2.20ConnectionClosed, ConnectionClosed]
Sep 03, 2024 12:17:18 PM de.learnlib.logging.LearnLogger logQuery
INFO: [ε | ClientHello Certificate ChangeCipherSpec / ε | ServerHello,ChangeCipherSpec,EncryptedExtensions,CertificateRequest,Certificate,CertificateVerify,Finished, Alert,2.20ConnectionClosed, ConnectionClosed]
Sep 03, 2024 12:17:20 PM de.learnlib.logging.LearnLogger logQuery
INFO: [ε | ClientHello Certificate Certificate / ε | ServerHello,ChangeCipherSpec,EncryptedExtensions,CertificateRequest,Certificate,CertificateVerify,Finished, Alert,2.20ConnectionClosed, ConnectionClosed]
Sep 03, 2024 12:17:21 PM de.learnlib.logging.LearnLogger logQuery
INFO: [ε | ClientHello Certificate Finished / ε | ServerHello,ChangeCipherSpec,EncryptedExtensions,CertificateRequest,Certificate,CertificateVerify,Finished, Alert,2.20ConnectionClosed, ConnectionClosed]
Sep 03, 2024 12:17:23 PM de.learnlib.logging.LearnLogger logQuery
INFO: [ε | ClientHello Certificate ClientCertificateVerify / ε | ServerHello,ChangeCipherSpec,EncryptedExtensions,CertificateRequest,Certificate,CertificateVerify,Finished, Alert,2.20ConnectionClosed, ConnectionClosed]
Sep 03, 2024 12:17:25 PM de.learnlib.logging.LearnLogger logQuery
INFO: [ε | ClientHello ClientCertificateVerify / ε | ServerHello,ChangeCipherSpec,EncryptedExtensions,CertificateRequest,Certificate,CertificateVerify,Finished, Alert,2.20ConnectionClosed,]
Sep 03, 2024 12:17:26 PM de.learnlib.logging.LearnLogger logQuery
INFO: [ε | ClientHello ClientCertificateVerify ClientHello / ε | ServerHello,ChangeCipherSpec,EncryptedExtensions,CertificateRequest,Certificate,CertificateVerify,Finished, Alert,2.20ConnectionClosed, ConnectionClosed]
Sep 03, 2024 12:17:28 PM de.learnlib.logging.LearnLogger logQuery
INFO: [ε | ClientHello ClientCertificateVerify ChangeCipherSpec / ε | ServerHello,ChangeCipherSpec,EncryptedExtensions,CertificateRequest,Certificate,CertificateVerify,Finished, Alert,2.20ConnectionClosed, ConnectionClosed]
Sep 03, 2024 12:17:29 PM de.learnlib.logging.LearnLogger logQuery
INFO: [ε | ClientHello ClientCertificateVerify Certificate / ε | ServerHello,ChangeCipherSpec,EncryptedExtensions,CertificateRequest,Certificate,CertificateVerify,Finished, Alert,2.20ConnectionClosed, ConnectionClosed]
Sep 03, 2024 12:17:31 PM de.learnlib.logging.LearnLogger logQuery
INFO: [ε | ClientHello ClientCertificateVerify Finished / ε | ServerHello,ChangeCipherSpec,EncryptedExtensions,CertificateRequest,Certificate,CertificateVerify,Finished, Alert,2.20ConnectionClosed, ConnectionClosed]
Sep 03, 2024 12:17:32 PM de.learnlib.logging.LearnLogger logQuery
INFO: [ε | ClientHello ClientCertificateVerify ClientCertificateVerify / ε | ServerHello,ChangeCipherSpec,EncryptedExtensions,CertificateRequest,Certificate,CertificateVerify,Finished, Alert,2.20ConnectionClosed, ConnectionClosed]
Sep 03, 2024 12:17:34 PM de.learnlib.logging.LearnLogger logQuery
INFO: [ε | ClientHello ApplicationData / ε | ServerHello,ChangeCipherSpec,EncryptedExtensions,CertificateRequest,Certificate,CertificateVerify,Finished, Alert,2.40ConnectionClosed,]
Sep 03, 2024 12:17:36 PM de.learnlib.logging.LearnLogger logQuery
INFO: [ε | ClientHello ApplicationData ClientHello / ε | ServerHello,ChangeCipherSpec,EncryptedExtensions,CertificateRequest,Certificate,CertificateVerify,Finished, Alert,2.40ConnectionClosed, ConnectionClosed]
Sep 03, 2024 12:17:37 PM de.learnlib.logging.LearnLogger logQuery
INFO: [ε | ClientHello ApplicationData ChangeCipherSpec / ε | ServerHello,ChangeCipherSpec,EncryptedExtensions,CertificateRequest,Certificate,CertificateVerify,Finished, Alert,2.40ConnectionClosed, ConnectionClosed]
Sep 03, 2024 12:17:39 PM de.learnlib.logging.LearnLogger logQuery
INFO: [ε | ClientHello ApplicationData Certificate / ε | ServerHello,ChangeCipherSpec,EncryptedExtensions,CertificateRequest,Certificate,CertificateVerify,Finished, Alert,2.40ConnectionClosed, ConnectionClosed]
Sep 03, 2024 12:17:40 PM de.learnlib.logging.LearnLogger logQuery
INFO: [ε | ClientHello ApplicationData Finished / ε | ServerHello,ChangeCipherSpec,EncryptedExtensions,CertificateRequest,Certificate,CertificateVerify,Finished, Alert,2.40ConnectionClosed, ConnectionClosed]
Sep 03, 2024 12:17:41 PM de.learnlib.logging.LearnLogger logQuery
INFO: [ε | ClientHello ApplicationData ClientCertificateVerify / ε | ServerHello,ChangeCipherSpec,EncryptedExtensions,CertificateRequest,Certificate,CertificateVerify,Finished, Alert,2.40ConnectionClosed, ConnectionClosed]
Sep 03, 2024 12:17:41 PM de.learnlib.logging.LearnLogger logQuery
INFO: [ε | ChangeCipherSpec ApplicationData / ε | Alert,2.10ConnectionClosed, ConnectionClosed]
Sep 03, 2024 12:17:41 PM de.learnlib.logging.LearnLogger logQuery
INFO: [ε | Finished ApplicationData / ε | Alert,2.10ConnectionClosed, ConnectionClosed]
Sep 03, 2024 12:17:41 PM de.learnlib.logging.LearnLogger logQuery
INFO: [ε | Certificate ApplicationData / ε | Alert,2.10ConnectionClosed, ConnectionClosed]
Sep 03, 2024 12:17:41 PM de.learnlib.logging.LearnLogger logQuery
INFO: [ε | ClientCertificateVerify ApplicationData / ε | Alert,2.10ConnectionClosed, ConnectionClosed]
Sep 03, 2024 12:17:41 PM de.learnlib.logging.LearnLogger logQuery
INFO: [ε | ApplicationData ApplicationData / ε | Alert,2.10ConnectionClosed, ConnectionClosed]
Sep 03, 2024 12:17:43 PM de.learnlib.logging.LearnLogger logQuery
INFO: [ε | ClientHello ChangeCipherSpec ClientHello / ε | ServerHello,ChangeCipherSpec,EncryptedExtensions,CertificateRequest,Certificate,CertificateVerify,Finished, Empty, Alert,2.20ConnectionClosed,]
Sep 03, 2024 12:17:45 PM de.learnlib.logging.LearnLogger logQuery
INFO: [ε | ClientHello ChangeCipherSpec ClientHello ClientHello / ε | ServerHello,ChangeCipherSpec,EncryptedExtensions,CertificateRequest,Certificate,CertificateVerify,Finished, Empty, Alert,2.20ConnectionClosed, ConnectionClosed]
Sep 03, 2024 12:17:47 PM de.learnlib.logging.LearnLogger logQuery
INFO: [ε | ClientHello ChangeCipherSpec ClientHello ChangeCipherSpec / ε | ServerHello,ChangeCipherSpec,EncryptedExtensions,CertificateRequest,Certificate,CertificateVerify,Finished, Empty, Alert,2.20ConnectionClosed, ConnectionClosed]
Sep 03, 2024 12:17:49 PM de.learnlib.logging.LearnLogger logQuery
INFO: [ε | ClientHello ChangeCipherSpec ClientHello Certificate / ε | ServerHello,ChangeCipherSpec,EncryptedExtensions,CertificateRequest,Certificate,CertificateVerify,Finished, Empty, Alert,2.20ConnectionClosed, ConnectionClosed]
Sep 03, 2024 12:17:51 PM de.learnlib.logging.LearnLogger logQuery
INFO: [ε | ClientHello ChangeCipherSpec ClientHello Finished / ε | ServerHello,ChangeCipherSpec,EncryptedExtensions,CertificateRequest,Certificate,CertificateVerify,Finished, Empty, Alert,2.20ConnectionClosed, ConnectionClosed]
Sep 03, 2024 12:17:54 PM de.learnlib.logging.LearnLogger logQuery
INFO: [ε | ClientHello ChangeCipherSpec ClientHello ClientCertificateVerify / ε | ServerHello,ChangeCipherSpec,EncryptedExtensions,CertificateRequest,Certificate,CertificateVerify,Finished, Empty, Alert,2.20ConnectionClosed, ConnectionClosed]
Sep 03, 2024 12:18:00 PM de.learnlib.logging.LearnLogger logQuery
INFO: [ε | ClientHello ChangeCipherSpec ChangeCipherSpec / ε | ServerHello,ChangeCipherSpec,EncryptedExtensions,CertificateRequest,Certificate,CertificateVerify,Finished, Empty, Alert,2.10ConnectionClosed,]
Sep 03, 2024 12:18:02 PM de.learnlib.logging.LearnLogger logQuery
INFO: [ε | ClientHello ChangeCipherSpec ChangeCipherSpec ClientHello / ε | ServerHello,ChangeCipherSpec,EncryptedExtensions,CertificateRequest,Certificate,CertificateVerify,Finished, Empty, Alert,2.10ConnectionClosed, ConnectionClosed]
Sep 03, 2024 12:18:07 PM de.learnlib.logging.LearnLogger logQuery
INFO: [ε | ClientHello ChangeCipherSpec ChangeCipherSpec ChangeCipherSpec / ε | ServerHello,ChangeCipherSpec,EncryptedExtensions,CertificateRequest,Certificate,CertificateVerify,Finished, Empty, Alert,2.10ConnectionClosed, ConnectionClosed]
Sep 03, 2024 12:18:09 PM de.learnlib.logging.LearnLogger logQuery
INFO: [ε | ClientHello ChangeCipherSpec ChangeCipherSpec Certificate / ε | ServerHello,ChangeCipherSpec,EncryptedExtensions,CertificateRequest,Certificate,CertificateVerify,Finished, Empty, Alert,2.10ConnectionClosed, ConnectionClosed]
Sep 03, 2024 12:18:11 PM de.learnlib.logging.LearnLogger logQuery
INFO: [ε | ClientHello ChangeCipherSpec ChangeCipherSpec Finished / ε | ServerHello,ChangeCipherSpec,EncryptedExtensions,CertificateRequest,Certificate,CertificateVerify,Finished, Empty, Alert,2.10ConnectionClosed, ConnectionClosed]
Sep 03, 2024 12:18:13 PM de.learnlib.logging.LearnLogger logQuery
INFO: [ε | ClientHello ChangeCipherSpec ChangeCipherSpec ClientCertificateVerify / ε | ServerHello,ChangeCipherSpec,EncryptedExtensions,CertificateRequest,Certificate,CertificateVerify,Finished, Empty, Alert,2.10ConnectionClosed, ConnectionClosed]
Sep 03, 2024 12:18:16 PM de.learnlib.logging.LearnLogger logQuery
INFO: [ε | ClientHello ChangeCipherSpec Finished / ε | ServerHello,ChangeCipherSpec,EncryptedExtensions,CertificateRequest,Certificate,CertificateVerify,Finished, Empty, Alert,2.10ConnectionClosed,]
Sep 03, 2024 12:18:19 PM de.learnlib.logging.LearnLogger logQuery
INFO: [ε | ClientHello ChangeCipherSpec Finished ClientHello / ε | ServerHello,ChangeCipherSpec,EncryptedExtensions,CertificateRequest,Certificate,CertificateVerify,Finished, Empty, Alert,2.10ConnectionClosed, ConnectionClosed]
Sep 03, 2024 12:18:21 PM de.learnlib.logging.LearnLogger logQuery
INFO: [ε | ClientHello ChangeCipherSpec Finished ChangeCipherSpec / ε | ServerHello,ChangeCipherSpec,EncryptedExtensions,CertificateRequest,Certificate,CertificateVerify,Finished, Empty, Alert,2.10ConnectionClosed, ConnectionClosed]
Sep 03, 2024 12:18:23 PM de.learnlib.logging.LearnLogger logQuery
INFO: [ε | ClientHello ChangeCipherSpec Finished Certificate / ε | ServerHello,ChangeCipherSpec,EncryptedExtensions,CertificateRequest,Certificate,CertificateVerify,Finished, Empty, Alert,2.10ConnectionClosed, ConnectionClosed]
Sep 03, 2024 12:18:25 PM de.learnlib.logging.LearnLogger logQuery
INFO: [ε | ClientHello ChangeCipherSpec Finished Finished / ε | ServerHello,ChangeCipherSpec,EncryptedExtensions,CertificateRequest,Certificate,CertificateVerify,Finished, Empty, Alert,2.10ConnectionClosed, ConnectionClosed]
Sep 03, 2024 12:18:28 PM de.learnlib.logging.LearnLogger logQuery
INFO: [ε | ClientHello ChangeCipherSpec Finished ClientCertificateVerify / ε | ServerHello,ChangeCipherSpec,EncryptedExtensions,CertificateRequest,Certificate,CertificateVerify,Finished, Empty, Alert,2.10ConnectionClosed, ConnectionClosed]
Sep 03, 2024 12:18:30 PM de.learnlib.logging.LearnLogger logQuery
INFO: [ε | ClientHello ChangeCipherSpec Certificate / ε | ServerHello,ChangeCipherSpec,EncryptedExtensions,CertificateRequest,Certificate,CertificateVerify,Finished, Empty, Empty,]
Sep 03, 2024 12:18:32 PM de.learnlib.logging.LearnLogger logQuery
INFO: [ε | ClientHello ChangeCipherSpec Certificate ClientHello / ε | ServerHello,ChangeCipherSpec,EncryptedExtensions,CertificateRequest,Certificate,CertificateVerify,Finished, Empty, Empty, Alert,2.20ConnectionClosed,]
Sep 03, 2024 12:18:34 PM de.learnlib.logging.LearnLogger logQuery
INFO: [ε | ClientHello ChangeCipherSpec Certificate ChangeCipherSpec / ε | ServerHello,ChangeCipherSpec,EncryptedExtensions,CertificateRequest,Certificate,CertificateVerify,Finished, Empty, Empty, Alert,2.10ConnectionClosed,]
Sep 03, 2024 12:18:37 PM de.learnlib.logging.LearnLogger logQuery
INFO: [ε | ClientHello ChangeCipherSpec Certificate Certificate / ε | ServerHello,ChangeCipherSpec,EncryptedExtensions,CertificateRequest,Certificate,CertificateVerify,Finished, Empty, Empty, Alert,2.10ConnectionClosed,]
Sep 03, 2024 12:18:39 PM de.learnlib.logging.LearnLogger logQuery
INFO: [ε | ClientHello ChangeCipherSpec Certificate Finished / ε | ServerHello,ChangeCipherSpec,EncryptedExtensions,CertificateRequest,Certificate,CertificateVerify,Finished, Empty, Empty, Alert,2.10ConnectionClosed,]
Sep 03, 2024 12:18:42 PM de.learnlib.logging.LearnLogger logQuery
INFO: [ε | ClientHello ChangeCipherSpec Certificate ClientCertificateVerify / ε | ServerHello,ChangeCipherSpec,EncryptedExtensions,CertificateRequest,Certificate,CertificateVerify,Finished, Empty, Empty, Empty,]
Sep 03, 2024 12:18:43 PM de.learnlib.logging.LearnLogger logQuery
INFO: [ε | ClientHello ChangeCipherSpec ClientCertificateVerify / ε | ServerHello,ChangeCipherSpec,EncryptedExtensions,CertificateRequest,Certificate,CertificateVerify,Finished, Empty, Alert,2.40ConnectionClosed,]
Sep 03, 2024 12:18:45 PM de.learnlib.logging.LearnLogger logQuery
INFO: [ε | ClientHello ChangeCipherSpec ClientCertificateVerify ClientHello / ε | ServerHello,ChangeCipherSpec,EncryptedExtensions,CertificateRequest,Certificate,CertificateVerify,Finished, Empty, Alert,2.40ConnectionClosed, ConnectionClosed]
Sep 03, 2024 12:18:47 PM de.learnlib.logging.LearnLogger logQuery
INFO: [ε | ClientHello ChangeCipherSpec ClientCertificateVerify ChangeCipherSpec / ε | ServerHello,ChangeCipherSpec,EncryptedExtensions,CertificateRequest,Certificate,CertificateVerify,Finished, Empty, Alert,2.40ConnectionClosed, ConnectionClosed]
Sep 03, 2024 12:18:49 PM de.learnlib.logging.LearnLogger logQuery
INFO: [ε | ClientHello ChangeCipherSpec ClientCertificateVerify Certificate / ε | ServerHello,ChangeCipherSpec,EncryptedExtensions,CertificateRequest,Certificate,CertificateVerify,Finished, Empty, Alert,2.40ConnectionClosed, ConnectionClosed]
Sep 03, 2024 12:18:51 PM de.learnlib.logging.LearnLogger logQuery
INFO: [ε | ClientHello ChangeCipherSpec ClientCertificateVerify Finished / ε | ServerHello,ChangeCipherSpec,EncryptedExtensions,CertificateRequest,Certificate,CertificateVerify,Finished, Empty, Alert,2.40ConnectionClosed, ConnectionClosed]
Sep 03, 2024 12:18:53 PM de.learnlib.logging.LearnLogger logQuery
INFO: [ε | ClientHello ChangeCipherSpec ClientCertificateVerify ClientCertificateVerify / ε | ServerHello,ChangeCipherSpec,EncryptedExtensions,CertificateRequest,Certificate,CertificateVerify,Finished, Empty, Alert,2.40ConnectionClosed, ConnectionClosed]
Sep 03, 2024 12:18:54 PM de.learnlib.logging.LearnLogger logQuery
INFO: [ε | ClientHello ClientHello ApplicationData / ε | ServerHello,ChangeCipherSpec,EncryptedExtensions,CertificateRequest,Certificate,CertificateVerify,Finished, Alert,2.20ConnectionClosed, ConnectionClosed]
Sep 03, 2024 12:18:56 PM de.learnlib.logging.LearnLogger logQuery
INFO: [ε | ClientHello ChangeCipherSpec ApplicationData / ε | ServerHello,ChangeCipherSpec,EncryptedExtensions,CertificateRequest,Certificate,CertificateVerify,Finished, Empty, Alert,2.10ConnectionClosed,]
