Jun 03, 2024 10:24:54 PM de.learnlib.logging.LearnLogger logQuery
INFO: [ε | A A A A A A B B / ε | C C C C C C E E]
Jun 03, 2024 10:24:54 PM de.learnlib.logging.LearnLogger logQuery
INFO: [ε | A A B A B B B B B / ε | C C E D E E E E E]
Jun 03, 2024 10:24:54 PM de.learnlib.logging.LearnLogger logQuery
INFO: [ε | A B A A A A B B A B / ε | C E D D D D E E D E]
Jun 03, 2024 10:24:54 PM de.learnlib.logging.LearnLogger logQuery
INFO: [ε | B B A A B A / ε | E E C C E D]
Jun 03, 2024 10:24:54 PM de.learnlib.logging.LearnLogger logQuery
INFO: [ε | A B B A B / ε | C E E C E]
Jun 03, 2024 10:24:54 PM de.learnlib.logging.LearnLogger logQuery
INFO: [ε | A B B A B B A A / ε | C E E C E E C C]
Jun 03, 2024 10:24:54 PM de.learnlib.logging.LearnLogger logQuery
INFO: [ε | A B B B B A A / ε | C E E E E C C]
Jun 03, 2024 10:24:54 PM de.learnlib.logging.LearnLogger logQuery
INFO: [ε | A A A A B / ε | C C C C E]
Jun 03, 2024 10:24:54 PM de.learnlib.logging.LearnLogger logQuery
INFO: [ε | A A A B A B A / ε | C C C E D E C]
Jun 03, 2024 10:24:54 PM de.learnlib.logging.LearnLogger logQuery
INFO: [ε | A A B A A / ε | C C E D D]
Jun 03, 2024 10:24:54 PM de.learnlib.logging.LearnLogger logQuery
INFO: [ε | B A B B A A A / ε | E D E E D D D]
Jun 03, 2024 10:24:54 PM de.learnlib.logging.LearnLogger logQuery
INFO: [ε | A B A A B B / ε | C E D D E E]
Jun 03, 2024 10:24:54 PM de.learnlib.logging.LearnLogger logQuery
INFO: [ε | B B A A A A A B A A / ε | E E C C C C C E D D]
Jun 03, 2024 10:24:54 PM de.learnlib.logging.LearnLogger logQuery
INFO: [ε | A B A B B / ε | C E D E E]
Jun 03, 2024 10:24:54 PM de.learnlib.logging.LearnLogger logQuery
INFO: [ε | A B A B A A A A A A / ε | C E D E C C C C C C]
Jun 03, 2024 10:24:54 PM de.learnlib.logging.LearnLogger logQuery
INFO: [ε | B A B A A A A A B / ε | E D E C C C C C E]
Jun 03, 2024 10:24:54 PM de.learnlib.logging.LearnLogger logQuery
INFO: [ε | B A B B B B / ε | E D E E E E]
Jun 03, 2024 10:24:54 PM de.learnlib.logging.LearnLogger logQuery
INFO: [ε | A A A A B B A A B / ε | C C C C E E C C E]
Jun 03, 2024 10:24:54 PM de.learnlib.logging.LearnLogger logQuery
INFO: [ε | B B B B A A A / ε | E E E E C C C]
Jun 03, 2024 10:24:54 PM de.learnlib.logging.LearnLogger logQuery
INFO: [ε | A A B B A A B B A B / ε | C C E E C C E E C E]
Jun 03, 2024 10:24:54 PM de.learnlib.logging.LearnLogger logQuery
INFO: [ε | B A B A B A A B B B / ε | E D E C E D D E E E]
Jun 03, 2024 10:24:54 PM de.learnlib.logging.LearnLogger logQuery
INFO: [ε | B A B B B / ε | E D E E E]
Jun 03, 2024 10:24:54 PM de.learnlib.logging.LearnLogger logQuery
INFO: [ε | A A A B B A A B B / ε | C C C E E C C E E]
Jun 03, 2024 10:24:54 PM de.learnlib.logging.LearnLogger logQuery
INFO: [ε | A A A B B A / ε | C C C E E C]
Jun 03, 2024 10:24:54 PM de.learnlib.logging.LearnLogger logQuery
INFO: [ε | B A B A A / ε | E D E C C]
Jun 03, 2024 10:24:54 PM de.learnlib.logging.LearnLogger logQuery
INFO: [ε | B A A A B B B B A B / ε | E D D D E E E E D E]
Jun 03, 2024 10:24:54 PM de.learnlib.logging.LearnLogger logQuery
INFO: [ε | B A B B B B B / ε | E D E E E E E]
Jun 03, 2024 10:24:54 PM de.learnlib.logging.LearnLogger logQuery
INFO: [ε | A A A B A B / ε | C C C E D E]
Jun 03, 2024 10:24:54 PM de.learnlib.logging.LearnLogger logQuery
INFO: [ε | A B B A A B / ε | C E E C C E]
Jun 03, 2024 10:24:54 PM de.learnlib.logging.LearnLogger logQuery
INFO: [ε | B A B B B B B B A / ε | E D E E E E E E D]
Jun 03, 2024 10:24:54 PM de.learnlib.logging.LearnLogger logQuery
INFO: [ε | B A B A B B B A B B / ε | E D E C E E E D E E]
Jun 03, 2024 10:24:54 PM de.learnlib.logging.LearnLogger logQuery
INFO: [ε | A B A B A A A B A / ε | C E D E C C C E D]
Jun 03, 2024 10:24:54 PM de.learnlib.logging.LearnLogger logQuery
INFO: [ε | A A B B B B B B / ε | C C E E E E E E]
Jun 03, 2024 10:24:54 PM de.learnlib.logging.LearnLogger logQuery
INFO: [ε | B B B B A / ε | E E E E C]
Jun 03, 2024 10:24:54 PM de.learnlib.logging.LearnLogger logQuery
INFO: [ε | B B B A B / ε | E E E D E]
Jun 03, 2024 10:24:54 PM de.learnlib.logging.LearnLogger logQuery
INFO: [ε | A B B B B A A / ε | C E E E E C C]
Jun 03, 2024 10:24:54 PM de.learnlib.logging.LearnLogger logQuery
INFO: [ε | A A A A B A A B B B / ε | C C C C E D D E E E]
Jun 03, 2024 10:24:54 PM de.learnlib.logging.LearnLogger logQuery
INFO: [ε | A B B B A A A B B B / ε | C E E E D D D E E E]
Jun 03, 2024 10:24:54 PM de.learnlib.logging.LearnLogger logQuery
INFO: [ε | A A A B B A A B / ε | C C C E E C C E]
Jun 03, 2024 10:24:54 PM de.learnlib.logging.LearnLogger logQuery
INFO: [ε | A B B B A A / ε | C E E E D D]
Jun 03, 2024 10:24:54 PM de.learnlib.logging.LearnLogger logQuery
INFO: [ε | A A A A A B B B A B / ε | C C C C C E E E D E]
Jun 03, 2024 10:24:54 PM de.learnlib.logging.LearnLogger logQuery
INFO: [ε | A B B B B B B B A A / ε | C E E E E E E E D D]
Jun 03, 2024 10:24:54 PM de.learnlib.logging.LearnLogger logQuery
INFO: [ε | B A B A B B / ε | E D E C E E]
Jun 03, 2024 10:24:54 PM de.learnlib.logging.LearnLogger logQuery
INFO: [ε | B B B A A A B A / ε | E E E D D D E C]
Jun 03, 2024 10:24:54 PM de.learnlib.logging.LearnLogger logQuery
INFO: [ε | A B A A B A B A A B / ε | C E D D E C E D D E]
Jun 03, 2024 10:24:54 PM de.learnlib.logging.LearnLogger logQuery
INFO: [ε | B A B A A A A / ε | E D E C C C C]
Jun 03, 2024 10:24:54 PM de.learnlib.logging.LearnLogger logQuery
INFO: [ε | B A A B A B / ε | E D D E C E]
Jun 03, 2024 10:24:54 PM de.learnlib.logging.LearnLogger logQuery
INFO: [ε | A A A B A B A A A A / ε | C C C E D E C C C C]
Jun 03, 2024 10:24:54 PM de.learnlib.logging.LearnLogger logQuery
INFO: [ε | A A B A A A B / ε | C C E D D D E]
Jun 03, 2024 10:24:54 PM de.learnlib.logging.LearnLogger logQuery
INFO: [ε | A B A A B B A / ε | C E D D E E D]
Jun 03, 2024 10:24:54 PM de.learnlib.logging.LearnLogger logQuery
INFO: [ε | A B B A A A / ε | C E E C C C]
Jun 03, 2024 10:24:54 PM de.learnlib.logging.LearnLogger logQuery
INFO: [ε | A A A B B B / ε | C C C E E E]
Jun 03, 2024 10:24:54 PM de.learnlib.logging.LearnLogger logQuery
INFO: [ε | B B A A A A B B / ε | E E C C C C E E]
Jun 03, 2024 10:24:54 PM de.learnlib.logging.LearnLogger logQuery
INFO: [ε | B B B A A / ε | E E E D D]
Jun 03, 2024 10:24:54 PM de.learnlib.logging.LearnLogger logQuery
INFO: [ε | B B B A A A A B / ε | E E E D D D D E]
Jun 03, 2024 10:24:54 PM de.learnlib.logging.LearnLogger logQuery
INFO: [ε | A B B B A B B A A / ε | C E E E D E E D D]
Jun 03, 2024 10:24:54 PM de.learnlib.logging.LearnLogger logQuery
INFO: [ε | A A A B B / ε | C C C E E]
Jun 03, 2024 10:24:54 PM de.learnlib.logging.LearnLogger logQuery
INFO: [ε | B B A B B / ε | E E C E E]
Jun 03, 2024 10:24:54 PM de.learnlib.logging.LearnLogger logQuery
INFO: [ε | A B B A A / ε | C E E C C]
Jun 03, 2024 10:24:54 PM de.learnlib.logging.LearnLogger logQuery
INFO: [ε | A A A A A / ε | C C C C C]
Jun 03, 2024 10:24:54 PM de.learnlib.logging.LearnLogger logQuery
INFO: [ε | A A B B B / ε | C C E E E]
Jun 03, 2024 10:24:54 PM de.learnlib.logging.LearnLogger logQuery
INFO: [ε | A B A A A B B B / ε | C E D D D E E E]
Jun 03, 2024 10:24:54 PM de.learnlib.logging.LearnLogger logQuery
INFO: [ε | A B A B A A A A / ε | C E D E C C C C]
Jun 03, 2024 10:24:54 PM de.learnlib.logging.LearnLogger logQuery
INFO: [ε | B B A A B B A A B / ε | E E C C E E C C E]
Jun 03, 2024 10:24:54 PM de.learnlib.logging.LearnLogger logQuery
INFO: [ε | B B B A A A B B / ε | E E E D D D E E]
Jun 03, 2024 10:24:54 PM de.learnlib.logging.LearnLogger logQuery
INFO: [ε | B A B B B A B B A / ε | E D E E E C E E C]
Jun 03, 2024 10:24:54 PM de.learnlib.logging.LearnLogger logQuery
INFO: [ε | A B A A A / ε | C E D D D]
Jun 03, 2024 10:24:54 PM de.learnlib.logging.LearnLogger logQuery
INFO: [ε | B B A B B A / ε | E E C E E C]
Jun 03, 2024 10:24:54 PM de.learnlib.logging.LearnLogger logQuery
INFO: [ε | B B A B B B B B A / ε | E E C E E E E E D]
Jun 03, 2024 10:24:54 PM de.learnlib.logging.LearnLogger logQuery
INFO: [ε | A B A B A A B / ε | C E D E C C E]
Jun 03, 2024 10:24:54 PM de.learnlib.logging.LearnLogger logQuery
INFO: [ε | A B B A B A / ε | C E E C E D]
Jun 03, 2024 10:24:54 PM de.learnlib.logging.LearnLogger logQuery
INFO: [ε | B A B A B A A A / ε | E D E C E D D D]
Jun 03, 2024 10:24:54 PM de.learnlib.logging.LearnLogger logQuery
INFO: [ε | B A B A A B / ε | E D E C C E]
Jun 03, 2024 10:24:54 PM de.learnlib.logging.LearnLogger logQuery
INFO: [ε | B A A A B B / ε | E D D D E E]
Jun 03, 2024 10:24:54 PM de.learnlib.logging.LearnLogger logQuery
INFO: [ε | A B A B A B A A A B / ε | C E D E C E D D D E]
Jun 03, 2024 10:24:54 PM de.learnlib.logging.LearnLogger logQuery
INFO: [ε | B B A B B / ε | E E C E E]
Jun 03, 2024 10:24:54 PM de.learnlib.logging.LearnLogger logQuery
INFO: [ε | A A A B B A A A B B / ε | C C C E E C C C E E]
Jun 03, 2024 10:24:54 PM de.learnlib.logging.LearnLogger logQuery
INFO: [ε | B A B A B B A A A A / ε | E D E C E E C C C C]
Jun 03, 2024 10:24:54 PM de.learnlib.logging.LearnLogger logQuery
INFO: [ε | A A B B B / ε | C C E E E]
Jun 03, 2024 10:24:54 PM de.learnlib.logging.LearnLogger logQuery
INFO: [ε | B B B B A A A A A / ε | E E E E C C C C C]
Jun 03, 2024 10:24:54 PM de.learnlib.logging.LearnLogger logQuery
INFO: [ε | A A A B A / ε | C C C E D]
Jun 03, 2024 10:24:54 PM de.learnlib.logging.LearnLogger logQuery
INFO: [ε | B B B A A A B / ε | E E E D D D E]
Jun 03, 2024 10:24:54 PM de.learnlib.logging.LearnLogger logQuery
INFO: [ε | A A A B B / ε | C C C E E]
Jun 03, 2024 10:24:54 PM de.learnlib.logging.LearnLogger logQuery
INFO: [ε | A B A B A B / ε | C E D E C E]
Jun 03, 2024 10:24:54 PM de.learnlib.logging.LearnLogger logQuery
INFO: [ε | B A A A B A B / ε | E D D D E C E]
Jun 03, 2024 10:24:54 PM de.learnlib.logging.LearnLogger logQuery
INFO: [ε | B A B A B / ε | E D E C E]
Jun 03, 2024 10:24:54 PM de.learnlib.logging.LearnLogger logQuery
INFO: [ε | B B A B A A B / ε | E E C E D D E]
Jun 03, 2024 10:24:54 PM de.learnlib.logging.LearnLogger logQuery
INFO: [ε | B A B A B B B A A A / ε | E D E C E E E D D D]
Jun 03, 2024 10:24:54 PM de.learnlib.logging.LearnLogger logQuery
INFO: [ε | A A B B B A B B A / ε | C C E E E D E E D]
Jun 03, 2024 10:24:54 PM de.learnlib.logging.LearnLogger logQuery
INFO: [ε | B B B B B B B B A / ε | E E E E E E E E C]
Jun 03, 2024 10:24:54 PM de.learnlib.logging.LearnLogger logQuery
INFO: [ε | A B A B A A B B A / ε | C E D E C C E E C]
Jun 03, 2024 10:24:54 PM de.learnlib.logging.LearnLogger logQuery
INFO: [ε | B A B B B / ε | E D E E E]
Jun 03, 2024 10:24:54 PM de.learnlib.logging.LearnLogger logQuery
INFO: [ε | B B A B B B B B / ε | E E C E E E E E]
Jun 03, 2024 10:24:54 PM de.learnlib.logging.LearnLogger logQuery
INFO: [ε | B A A B B A A B A / ε | E D D E E D D E C]
Jun 03, 2024 10:24:54 PM de.learnlib.logging.LearnLogger logQuery
INFO: [ε | B A A B A B B B B / ε | E D D E C E E E E]
Jun 03, 2024 10:24:54 PM de.learnlib.logging.LearnLogger logQuery
INFO: [ε | B A A B A B B B / ε | E D D E C E E E]
Jun 03, 2024 10:24:54 PM de.learnlib.logging.LearnLogger logQuery
INFO: [ε | B B A A A A / ε | E E C C C C]
Jun 03, 2024 10:24:54 PM de.learnlib.logging.LearnLogger logQuery
INFO: [ε | A A A A A A A A B A / ε | C C C C C C C C E D]
Jun 03, 2024 10:24:54 PM de.learnlib.logging.LearnLogger logQuery
INFO: [ε | A A A A A B / ε | C C C C C E]
Jun 03, 2024 10:24:54 PM de.learnlib.logging.LearnLogger logQuery
INFO: [ε | B B B B A B B B / ε | E E E E C E E E]
