Aug 26, 2024 8:10:34 PM de.learnlib.logging.LearnLogger logQuery
INFO: [ε | ε / ε | ε]
Aug 26, 2024 8:10:35 PM de.learnlib.logging.LearnLogger logQuery
INFO: [ε | ClientHello / ε | ServerHello,ChangeCipherSpec,EncryptedExtensions,CertificateRequest,Certificate,CertificateVerify,Finished,]
Aug 26, 2024 8:10:37 PM de.learnlib.logging.LearnLogger logQuery
INFO: [ε | ClientHello ClientHello / ε | ServerHello,ChangeCipherSpec,EncryptedExtensions,CertificateRequest,Certificate,CertificateVerify,Finished, Alert,2.20ConnectionClosed,]
Aug 26, 2024 8:10:38 PM de.learnlib.logging.LearnLogger logQuery
INFO: [ε | ClientHello ChangeCipherSpec / ε | ServerHello,ChangeCipherSpec,EncryptedExtensions,CertificateRequest,Certificate,CertificateVerify,Finished, Empty,]
Aug 26, 2024 8:10:39 PM de.learnlib.logging.LearnLogger logQuery
INFO: [ε | ClientHello Finished / ε | ServerHello,ChangeCipherSpec,EncryptedExtensions,CertificateRequest,Certificate,CertificateVerify,Finished, Alert,2.20ConnectionClosed,]
Aug 26, 2024 8:10:40 PM de.learnlib.logging.LearnLogger logQuery
INFO: [ε | ClientHello ClientCertificateVerify / ε | ServerHello,ChangeCipherSpec,EncryptedExtensions,CertificateRequest,Certificate,CertificateVerify,Finished, Alert,2.20ConnectionClosed,]
Aug 26, 2024 8:10:41 PM de.learnlib.logging.LearnLogger logQuery
INFO: [ε | ChangeCipherSpec / ε | Empty,]
Aug 26, 2024 8:10:41 PM de.learnlib.logging.LearnLogger logQuery
INFO: [ε | ChangeCipherSpec ClientHello / ε | Empty, Alert,2.10ConnectionClosed,]
Aug 26, 2024 8:10:41 PM de.learnlib.logging.LearnLogger logQuery
INFO: [ε | ChangeCipherSpec ChangeCipherSpec / ε | Empty, Alert,2.10ConnectionClosed,]
Aug 26, 2024 8:10:42 PM de.learnlib.logging.LearnLogger logQuery
INFO: [ε | ChangeCipherSpec Finished / ε | Empty, Alert,2.10ConnectionClosed,]
Aug 26, 2024 8:10:42 PM de.learnlib.logging.LearnLogger logQuery
INFO: [ε | ChangeCipherSpec ClientCertificateVerify / ε | Empty, null]
Aug 26, 2024 8:10:42 PM de.learnlib.logging.LearnLogger logQuery
INFO: [ε | Finished / ε | Alert,2.10ConnectionClosed,]
Aug 26, 2024 8:10:42 PM de.learnlib.logging.LearnLogger logQuery
INFO: [ε | Finished ClientHello / ε | Alert,2.10ConnectionClosed, ConnectionClosed]
Aug 26, 2024 8:10:42 PM de.learnlib.logging.LearnLogger logQuery
INFO: [ε | Finished ChangeCipherSpec / ε | Alert,2.10ConnectionClosed, ConnectionClosed]
Aug 26, 2024 8:10:42 PM de.learnlib.logging.LearnLogger logQuery
INFO: [ε | Finished Finished / ε | Alert,2.10ConnectionClosed, ConnectionClosed]
Aug 26, 2024 8:10:42 PM de.learnlib.logging.LearnLogger logQuery
INFO: [ε | Finished ClientCertificateVerify / ε | Alert,2.10ConnectionClosed, ConnectionClosed]
Aug 26, 2024 8:10:42 PM de.learnlib.logging.LearnLogger logQuery
INFO: [ε | Certificate / ε | Alert,2.10ConnectionClosed,]
Aug 26, 2024 8:10:42 PM de.learnlib.logging.LearnLogger logQuery
INFO: [ε | Certificate ClientHello / ε | Alert,2.10ConnectionClosed, ConnectionClosed]
Aug 26, 2024 8:10:42 PM de.learnlib.logging.LearnLogger logQuery
INFO: [ε | Certificate ChangeCipherSpec / ε | Alert,2.10ConnectionClosed, ConnectionClosed]
Aug 26, 2024 8:10:42 PM de.learnlib.logging.LearnLogger logQuery
INFO: [ε | Certificate Finished / ε | Alert,2.10ConnectionClosed, ConnectionClosed]
Aug 26, 2024 8:10:42 PM de.learnlib.logging.LearnLogger logQuery
INFO: [ε | Certificate ClientCertificateVerify / ε | Alert,2.10ConnectionClosed, ConnectionClosed]
Aug 26, 2024 8:10:42 PM de.learnlib.logging.LearnLogger logQuery
INFO: [ε | ClientCertificateVerify / ε | null]
Aug 26, 2024 8:10:43 PM de.learnlib.logging.LearnLogger logQuery
INFO: [ε | ClientCertificateVerify ClientHello / ε | null ServerHello,ChangeCipherSpec,EncryptedExtensions,CertificateRequest,Certificate,CertificateVerify,Finished,]
Aug 26, 2024 8:10:43 PM de.learnlib.logging.LearnLogger logQuery
INFO: [ε | ClientCertificateVerify ChangeCipherSpec / ε | null Empty,]
Aug 26, 2024 8:10:43 PM de.learnlib.logging.LearnLogger logQuery
INFO: [ε | ClientCertificateVerify Finished / ε | null Alert,2.10ConnectionClosed,]
Aug 26, 2024 8:10:43 PM de.learnlib.logging.LearnLogger logQuery
INFO: [ε | ClientCertificateVerify ClientCertificateVerify / ε | null null]
Aug 26, 2024 8:10:43 PM de.learnlib.logging.LearnLogger logQuery
INFO: [ε | ApplicationData / ε | Alert,2.10ConnectionClosed,]
Aug 26, 2024 8:10:43 PM de.learnlib.logging.LearnLogger logQuery
INFO: [ε | ApplicationData ClientHello / ε | Alert,2.10ConnectionClosed, ConnectionClosed]
Aug 26, 2024 8:10:43 PM de.learnlib.logging.LearnLogger logQuery
INFO: [ε | ApplicationData ChangeCipherSpec / ε | Alert,2.10ConnectionClosed, ConnectionClosed]
Aug 26, 2024 8:10:43 PM de.learnlib.logging.LearnLogger logQuery
INFO: [ε | ApplicationData Finished / ε | Alert,2.10ConnectionClosed, ConnectionClosed]
Aug 26, 2024 8:10:43 PM de.learnlib.logging.LearnLogger logQuery
INFO: [ε | ApplicationData ClientCertificateVerify / ε | Alert,2.10ConnectionClosed, ConnectionClosed]
Aug 26, 2024 8:10:45 PM de.learnlib.logging.LearnLogger logQuery
INFO: [ε | ClientHello ClientHello / ε | ServerHello,ChangeCipherSpec,EncryptedExtensions,CertificateRequest,Certificate,CertificateVerify,Finished, Alert,2.20ConnectionClosed,]
Aug 26, 2024 8:10:46 PM de.learnlib.logging.LearnLogger logQuery
INFO: [ε | ClientHello ClientHello ClientHello / ε | ServerHello,ChangeCipherSpec,EncryptedExtensions,CertificateRequest,Certificate,CertificateVerify,Finished, Alert,2.20ConnectionClosed, ConnectionClosed]
Aug 26, 2024 8:10:47 PM de.learnlib.logging.LearnLogger logQuery
INFO: [ε | ClientHello ClientHello ChangeCipherSpec / ε | ServerHello,ChangeCipherSpec,EncryptedExtensions,CertificateRequest,Certificate,CertificateVerify,Finished, Alert,2.20ConnectionClosed, ConnectionClosed]
Aug 26, 2024 8:10:48 PM de.learnlib.logging.LearnLogger logQuery
INFO: [ε | ClientHello ClientHello Finished / ε | ServerHello,ChangeCipherSpec,EncryptedExtensions,CertificateRequest,Certificate,CertificateVerify,Finished, Alert,2.20ConnectionClosed, ConnectionClosed]
Aug 26, 2024 8:10:50 PM de.learnlib.logging.LearnLogger logQuery
INFO: [ε | ClientHello ClientHello ClientCertificateVerify / ε | ServerHello,ChangeCipherSpec,EncryptedExtensions,CertificateRequest,Certificate,CertificateVerify,Finished, Alert,2.20ConnectionClosed, ConnectionClosed]
Aug 26, 2024 8:10:50 PM de.learnlib.logging.LearnLogger logQuery
INFO: [ε | ChangeCipherSpec ClientHello / ε | Empty, Alert,2.10ConnectionClosed,]
Aug 26, 2024 8:10:50 PM de.learnlib.logging.LearnLogger logQuery
INFO: [ε | ChangeCipherSpec ClientHello ClientHello / ε | Empty, Alert,2.10ConnectionClosed, ConnectionClosed]
Aug 26, 2024 8:10:51 PM de.learnlib.logging.LearnLogger logQuery
INFO: [ε | ChangeCipherSpec ClientHello ChangeCipherSpec / ε | Empty, Alert,2.10ConnectionClosed, ConnectionClosed]
Aug 26, 2024 8:10:51 PM de.learnlib.logging.LearnLogger logQuery
INFO: [ε | ChangeCipherSpec ClientHello Finished / ε | Empty, Alert,2.10ConnectionClosed, ConnectionClosed]
Aug 26, 2024 8:10:51 PM de.learnlib.logging.LearnLogger logQuery
INFO: [ε | ChangeCipherSpec ClientHello ClientCertificateVerify / ε | Empty, Alert,2.10ConnectionClosed, ConnectionClosed]
Aug 26, 2024 8:10:52 PM de.learnlib.logging.LearnLogger logQuery
INFO: [ε | ClientCertificateVerify ClientHello / ε | null ServerHello,ChangeCipherSpec,EncryptedExtensions,CertificateRequest,Certificate,CertificateVerify,Finished,]
Aug 26, 2024 8:10:54 PM de.learnlib.logging.LearnLogger logQuery
INFO: [ε | ClientCertificateVerify ClientHello ClientHello / ε | null ServerHello,ChangeCipherSpec,EncryptedExtensions,CertificateRequest,Certificate,CertificateVerify,Finished, Alert,2.20ConnectionClosed,]
Aug 26, 2024 8:10:55 PM de.learnlib.logging.LearnLogger logQuery
INFO: [ε | ClientCertificateVerify ClientHello ChangeCipherSpec / ε | null ServerHello,ChangeCipherSpec,EncryptedExtensions,CertificateRequest,Certificate,CertificateVerify,Finished, Empty,]
Aug 26, 2024 8:10:56 PM de.learnlib.logging.LearnLogger logQuery
INFO: [ε | ClientCertificateVerify ClientHello Finished / ε | null ServerHello,ChangeCipherSpec,EncryptedExtensions,CertificateRequest,Certificate,CertificateVerify,Finished, Alert,2.20ConnectionClosed,]
Aug 26, 2024 8:10:57 PM de.learnlib.logging.LearnLogger logQuery
INFO: [ε | ClientCertificateVerify ClientHello ClientCertificateVerify / ε | null ServerHello,ChangeCipherSpec,EncryptedExtensions,CertificateRequest,Certificate,CertificateVerify,Finished, Alert,2.20ConnectionClosed,]
Aug 26, 2024 8:10:58 PM de.learnlib.logging.LearnLogger logQuery
INFO: [ε | ClientHello ChangeCipherSpec / ε | ServerHello,ChangeCipherSpec,EncryptedExtensions,CertificateRequest,Certificate,CertificateVerify,Finished, Empty,]
Aug 26, 2024 8:11:00 PM de.learnlib.logging.LearnLogger logQuery
INFO: [ε | ClientHello ChangeCipherSpec ClientHello / ε | ServerHello,ChangeCipherSpec,EncryptedExtensions,CertificateRequest,Certificate,CertificateVerify,Finished, Empty, Alert,2.20ConnectionClosed,]
Aug 26, 2024 8:11:01 PM de.learnlib.logging.LearnLogger logQuery
INFO: [ε | ClientHello ChangeCipherSpec ChangeCipherSpec / ε | ServerHello,ChangeCipherSpec,EncryptedExtensions,CertificateRequest,Certificate,CertificateVerify,Finished, Empty, Alert,2.10ConnectionClosed,]
Aug 26, 2024 8:11:03 PM de.learnlib.logging.LearnLogger logQuery
INFO: [ε | ClientHello ChangeCipherSpec Finished / ε | ServerHello,ChangeCipherSpec,EncryptedExtensions,CertificateRequest,Certificate,CertificateVerify,Finished, Empty, Alert,2.50ConnectionClosed,]
Aug 26, 2024 8:11:04 PM de.learnlib.logging.LearnLogger logQuery
INFO: [ε | ClientHello ChangeCipherSpec ClientCertificateVerify / ε | ServerHello,ChangeCipherSpec,EncryptedExtensions,CertificateRequest,Certificate,CertificateVerify,Finished, Empty, Alert,2.50ConnectionClosed,]
Aug 26, 2024 8:11:05 PM de.learnlib.logging.LearnLogger logQuery
INFO: [ε | ChangeCipherSpec ChangeCipherSpec / ε | Empty, Alert,2.10ConnectionClosed,]
Aug 26, 2024 8:11:05 PM de.learnlib.logging.LearnLogger logQuery
INFO: [ε | ChangeCipherSpec ChangeCipherSpec ClientHello / ε | Empty, Alert,2.10ConnectionClosed, ConnectionClosed]
Aug 26, 2024 8:11:05 PM de.learnlib.logging.LearnLogger logQuery
INFO: [ε | ChangeCipherSpec ChangeCipherSpec ChangeCipherSpec / ε | Empty, Alert,2.10ConnectionClosed, ConnectionClosed]
Aug 26, 2024 8:11:06 PM de.learnlib.logging.LearnLogger logQuery
INFO: [ε | ChangeCipherSpec ChangeCipherSpec Finished / ε | Empty, Alert,2.10ConnectionClosed, ConnectionClosed]
Aug 26, 2024 8:11:06 PM de.learnlib.logging.LearnLogger logQuery
INFO: [ε | ChangeCipherSpec ChangeCipherSpec ClientCertificateVerify / ε | Empty, Alert,2.10ConnectionClosed, ConnectionClosed]
Aug 26, 2024 8:11:06 PM de.learnlib.logging.LearnLogger logQuery
INFO: [ε | ClientCertificateVerify ChangeCipherSpec / ε | null Empty,]
Aug 26, 2024 8:11:07 PM de.learnlib.logging.LearnLogger logQuery
INFO: [ε | ClientCertificateVerify ChangeCipherSpec ClientHello / ε | null Empty, Alert,2.10ConnectionClosed,]
Aug 26, 2024 8:11:07 PM de.learnlib.logging.LearnLogger logQuery
INFO: [ε | ClientCertificateVerify ChangeCipherSpec ChangeCipherSpec / ε | null Empty, Alert,2.10ConnectionClosed,]
Aug 26, 2024 8:11:07 PM de.learnlib.logging.LearnLogger logQuery
INFO: [ε | ClientCertificateVerify ChangeCipherSpec Finished / ε | null Empty, Alert,2.10ConnectionClosed,]
Aug 26, 2024 8:11:07 PM de.learnlib.logging.LearnLogger logQuery
INFO: [ε | ClientCertificateVerify ChangeCipherSpec ClientCertificateVerify / ε | null Empty, null]
Aug 26, 2024 8:11:09 PM de.learnlib.logging.LearnLogger logQuery
INFO: [ε | ClientHello Finished / ε | ServerHello,ChangeCipherSpec,EncryptedExtensions,CertificateRequest,Certificate,CertificateVerify,Finished, Alert,2.20ConnectionClosed,]
Aug 26, 2024 8:11:10 PM de.learnlib.logging.LearnLogger logQuery
INFO: [ε | ClientHello Finished ClientHello / ε | ServerHello,ChangeCipherSpec,EncryptedExtensions,CertificateRequest,Certificate,CertificateVerify,Finished, Alert,2.20ConnectionClosed, ConnectionClosed]
Aug 26, 2024 8:11:11 PM de.learnlib.logging.LearnLogger logQuery
INFO: [ε | ClientHello Finished ChangeCipherSpec / ε | ServerHello,ChangeCipherSpec,EncryptedExtensions,CertificateRequest,Certificate,CertificateVerify,Finished, Alert,2.20ConnectionClosed, ConnectionClosed]
Aug 26, 2024 8:11:13 PM de.learnlib.logging.LearnLogger logQuery
INFO: [ε | ClientHello Finished Finished / ε | ServerHello,ChangeCipherSpec,EncryptedExtensions,CertificateRequest,Certificate,CertificateVerify,Finished, Alert,2.20ConnectionClosed, ConnectionClosed]
Aug 26, 2024 8:11:14 PM de.learnlib.logging.LearnLogger logQuery
INFO: [ε | ClientHello Finished ClientCertificateVerify / ε | ServerHello,ChangeCipherSpec,EncryptedExtensions,CertificateRequest,Certificate,CertificateVerify,Finished, Alert,2.20ConnectionClosed, ConnectionClosed]
Aug 26, 2024 8:11:14 PM de.learnlib.logging.LearnLogger logQuery
INFO: [ε | ChangeCipherSpec Finished / ε | Empty, Alert,2.10ConnectionClosed,]
Aug 26, 2024 8:11:15 PM de.learnlib.logging.LearnLogger logQuery
INFO: [ε | ChangeCipherSpec Finished ClientHello / ε | Empty, Alert,2.10ConnectionClosed, ConnectionClosed]
Aug 26, 2024 8:11:15 PM de.learnlib.logging.LearnLogger logQuery
INFO: [ε | ChangeCipherSpec Finished ChangeCipherSpec / ε | Empty, Alert,2.10ConnectionClosed, ConnectionClosed]
Aug 26, 2024 8:11:16 PM de.learnlib.logging.LearnLogger logQuery
INFO: [ε | ChangeCipherSpec Finished Finished / ε | Empty, Alert,2.10ConnectionClosed, ConnectionClosed]
Aug 26, 2024 8:11:16 PM de.learnlib.logging.LearnLogger logQuery
INFO: [ε | ChangeCipherSpec Finished ClientCertificateVerify / ε | Empty, Alert,2.10ConnectionClosed, ConnectionClosed]
Aug 26, 2024 8:11:16 PM de.learnlib.logging.LearnLogger logQuery
INFO: [ε | ClientCertificateVerify Finished / ε | null Alert,2.10ConnectionClosed,]
Aug 26, 2024 8:11:16 PM de.learnlib.logging.LearnLogger logQuery
INFO: [ε | ClientCertificateVerify Finished ClientHello / ε | null Alert,2.10ConnectionClosed, ConnectionClosed]
Aug 26, 2024 8:11:16 PM de.learnlib.logging.LearnLogger logQuery
INFO: [ε | ClientCertificateVerify Finished ChangeCipherSpec / ε | null Alert,2.10ConnectionClosed, ConnectionClosed]
Aug 26, 2024 8:11:17 PM de.learnlib.logging.LearnLogger logQuery
INFO: [ε | ClientCertificateVerify Finished Finished / ε | null Alert,2.10ConnectionClosed, ConnectionClosed]
Aug 26, 2024 8:11:17 PM de.learnlib.logging.LearnLogger logQuery
INFO: [ε | ClientCertificateVerify Finished ClientCertificateVerify / ε | null Alert,2.10ConnectionClosed, ConnectionClosed]
Aug 26, 2024 8:11:18 PM de.learnlib.logging.LearnLogger logQuery
INFO: [ε | ClientHello Certificate / ε | ServerHello,ChangeCipherSpec,EncryptedExtensions,CertificateRequest,Certificate,CertificateVerify,Finished, Alert,2.20ConnectionClosed,]
Aug 26, 2024 8:11:19 PM de.learnlib.logging.LearnLogger logQuery
INFO: [ε | ClientHello Certificate ClientHello / ε | ServerHello,ChangeCipherSpec,EncryptedExtensions,CertificateRequest,Certificate,CertificateVerify,Finished, Alert,2.20ConnectionClosed, ConnectionClosed]
Aug 26, 2024 8:11:20 PM de.learnlib.logging.LearnLogger logQuery
INFO: [ε | ClientHello Certificate ChangeCipherSpec / ε | ServerHello,ChangeCipherSpec,EncryptedExtensions,CertificateRequest,Certificate,CertificateVerify,Finished, Alert,2.20ConnectionClosed, ConnectionClosed]
Aug 26, 2024 8:11:21 PM de.learnlib.logging.LearnLogger logQuery
INFO: [ε | ClientHello Certificate Finished / ε | ServerHello,ChangeCipherSpec,EncryptedExtensions,CertificateRequest,Certificate,CertificateVerify,Finished, Alert,2.20ConnectionClosed, ConnectionClosed]
Aug 26, 2024 8:11:22 PM de.learnlib.logging.LearnLogger logQuery
INFO: [ε | ClientHello Certificate ClientCertificateVerify / ε | ServerHello,ChangeCipherSpec,EncryptedExtensions,CertificateRequest,Certificate,CertificateVerify,Finished, Alert,2.20ConnectionClosed, ConnectionClosed]
Aug 26, 2024 8:11:23 PM de.learnlib.logging.LearnLogger logQuery
INFO: [ε | ChangeCipherSpec Certificate / ε | Empty, Alert,2.10ConnectionClosed,]
Aug 26, 2024 8:11:23 PM de.learnlib.logging.LearnLogger logQuery
INFO: [ε | ChangeCipherSpec Certificate ClientHello / ε | Empty, Alert,2.10ConnectionClosed, ConnectionClosed]
Aug 26, 2024 8:11:24 PM de.learnlib.logging.LearnLogger logQuery
INFO: [ε | ChangeCipherSpec Certificate ChangeCipherSpec / ε | Empty, Alert,2.10ConnectionClosed, ConnectionClosed]
Aug 26, 2024 8:11:24 PM de.learnlib.logging.LearnLogger logQuery
INFO: [ε | ChangeCipherSpec Certificate Finished / ε | Empty, Alert,2.10ConnectionClosed, ConnectionClosed]
Aug 26, 2024 8:11:24 PM de.learnlib.logging.LearnLogger logQuery
INFO: [ε | ChangeCipherSpec Certificate ClientCertificateVerify / ε | Empty, Alert,2.10ConnectionClosed, ConnectionClosed]
Aug 26, 2024 8:11:24 PM de.learnlib.logging.LearnLogger logQuery
INFO: [ε | Finished Certificate / ε | Alert,2.10ConnectionClosed, ConnectionClosed]
Aug 26, 2024 8:11:24 PM de.learnlib.logging.LearnLogger logQuery
INFO: [ε | Certificate Certificate / ε | Alert,2.10ConnectionClosed, ConnectionClosed]
Aug 26, 2024 8:11:24 PM de.learnlib.logging.LearnLogger logQuery
INFO: [ε | ClientCertificateVerify Certificate / ε | null Alert,2.10ConnectionClosed,]
Aug 26, 2024 8:11:24 PM de.learnlib.logging.LearnLogger logQuery
INFO: [ε | ClientCertificateVerify Certificate ClientHello / ε | null Alert,2.10ConnectionClosed, ConnectionClosed]
Aug 26, 2024 8:11:24 PM de.learnlib.logging.LearnLogger logQuery
INFO: [ε | ClientCertificateVerify Certificate ChangeCipherSpec / ε | null Alert,2.10ConnectionClosed, ConnectionClosed]
Aug 26, 2024 8:11:24 PM de.learnlib.logging.LearnLogger logQuery
INFO: [ε | ClientCertificateVerify Certificate Finished / ε | null Alert,2.10ConnectionClosed, ConnectionClosed]
Aug 26, 2024 8:11:24 PM de.learnlib.logging.LearnLogger logQuery
INFO: [ε | ClientCertificateVerify Certificate ClientCertificateVerify / ε | null Alert,2.10ConnectionClosed, ConnectionClosed]
Aug 26, 2024 8:11:24 PM de.learnlib.logging.LearnLogger logQuery
INFO: [ε | ApplicationData Certificate / ε | Alert,2.10ConnectionClosed, ConnectionClosed]
Aug 26, 2024 8:11:26 PM de.learnlib.logging.LearnLogger logQuery
INFO: [ε | ClientHello ClientCertificateVerify / ε | ServerHello,ChangeCipherSpec,EncryptedExtensions,CertificateRequest,Certificate,CertificateVerify,Finished, Alert,2.20ConnectionClosed,]
Aug 26, 2024 8:11:27 PM de.learnlib.logging.LearnLogger logQuery
INFO: [ε | ClientHello ClientCertificateVerify ClientHello / ε | ServerHello,ChangeCipherSpec,EncryptedExtensions,CertificateRequest,Certificate,CertificateVerify,Finished, Alert,2.20ConnectionClosed, ConnectionClosed]
Aug 26, 2024 8:11:28 PM de.learnlib.logging.LearnLogger logQuery
INFO: [ε | ClientHello ClientCertificateVerify ChangeCipherSpec / ε | ServerHello,ChangeCipherSpec,EncryptedExtensions,CertificateRequest,Certificate,CertificateVerify,Finished, Alert,2.20ConnectionClosed, ConnectionClosed]
Aug 26, 2024 8:11:29 PM de.learnlib.logging.LearnLogger logQuery
INFO: [ε | ClientHello ClientCertificateVerify Finished / ε | ServerHello,ChangeCipherSpec,EncryptedExtensions,CertificateRequest,Certificate,CertificateVerify,Finished, Alert,2.20ConnectionClosed, ConnectionClosed]
Aug 26, 2024 8:11:31 PM de.learnlib.logging.LearnLogger logQuery
INFO: [ε | ClientHello ClientCertificateVerify ClientCertificateVerify / ε | ServerHello,ChangeCipherSpec,EncryptedExtensions,CertificateRequest,Certificate,CertificateVerify,Finished, Alert,2.20ConnectionClosed, ConnectionClosed]
Aug 26, 2024 8:11:31 PM de.learnlib.logging.LearnLogger logQuery
INFO: [ε | ChangeCipherSpec ClientCertificateVerify / ε | Empty, null]
Aug 26, 2024 8:11:31 PM de.learnlib.logging.LearnLogger logQuery
INFO: [ε | ChangeCipherSpec ClientCertificateVerify ClientHello / ε | Empty, null Alert,2.10ConnectionClosed,]
Aug 26, 2024 8:11:31 PM de.learnlib.logging.LearnLogger logQuery
INFO: [ε | ChangeCipherSpec ClientCertificateVerify ChangeCipherSpec / ε | Empty, null Alert,2.10ConnectionClosed,]
Aug 26, 2024 8:11:32 PM de.learnlib.logging.LearnLogger logQuery
INFO: [ε | ChangeCipherSpec ClientCertificateVerify Finished / ε | Empty, null Alert,2.10ConnectionClosed,]
Aug 26, 2024 8:11:32 PM de.learnlib.logging.LearnLogger logQuery
INFO: [ε | ChangeCipherSpec ClientCertificateVerify ClientCertificateVerify / ε | Empty, null null]
Aug 26, 2024 8:11:32 PM de.learnlib.logging.LearnLogger logQuery
INFO: [ε | ClientCertificateVerify ClientCertificateVerify / ε | null null]
Aug 26, 2024 8:11:34 PM de.learnlib.logging.LearnLogger logQuery
INFO: [ε | ClientCertificateVerify ClientCertificateVerify ClientHello / ε | null null ServerHello,ChangeCipherSpec,EncryptedExtensions,CertificateRequest,Certificate,CertificateVerify,Finished,]
Aug 26, 2024 8:11:34 PM de.learnlib.logging.LearnLogger logQuery
INFO: [ε | ClientCertificateVerify ClientCertificateVerify ChangeCipherSpec / ε | null null Empty,]
Aug 26, 2024 8:11:34 PM de.learnlib.logging.LearnLogger logQuery
INFO: [ε | ClientCertificateVerify ClientCertificateVerify Finished / ε | null null Alert,2.10ConnectionClosed,]
Aug 26, 2024 8:11:34 PM de.learnlib.logging.LearnLogger logQuery
INFO: [ε | ClientCertificateVerify ClientCertificateVerify ClientCertificateVerify / ε | null null null]
Aug 26, 2024 8:11:35 PM de.learnlib.logging.LearnLogger logQuery
INFO: [ε | ClientHello ApplicationData / ε | ServerHello,ChangeCipherSpec,EncryptedExtensions,CertificateRequest,Certificate,CertificateVerify,Finished, Alert,2.20ConnectionClosed,]
Aug 26, 2024 8:11:36 PM de.learnlib.logging.LearnLogger logQuery
INFO: [ε | ClientHello ApplicationData ClientHello / ε | ServerHello,ChangeCipherSpec,EncryptedExtensions,CertificateRequest,Certificate,CertificateVerify,Finished, Alert,2.20ConnectionClosed, ConnectionClosed]
Aug 26, 2024 8:11:37 PM de.learnlib.logging.LearnLogger logQuery
INFO: [ε | ClientHello ApplicationData ChangeCipherSpec / ε | ServerHello,ChangeCipherSpec,EncryptedExtensions,CertificateRequest,Certificate,CertificateVerify,Finished, Alert,2.20ConnectionClosed, ConnectionClosed]
Aug 26, 2024 8:11:39 PM de.learnlib.logging.LearnLogger logQuery
INFO: [ε | ClientHello ApplicationData Finished / ε | ServerHello,ChangeCipherSpec,EncryptedExtensions,CertificateRequest,Certificate,CertificateVerify,Finished, Alert,2.20ConnectionClosed, ConnectionClosed]
Aug 26, 2024 8:11:41 PM de.learnlib.logging.LearnLogger logQuery
INFO: [ε | ClientHello ApplicationData ClientCertificateVerify / ε | ServerHello,ChangeCipherSpec,EncryptedExtensions,CertificateRequest,Certificate,CertificateVerify,Finished, Alert,2.20ConnectionClosed, ConnectionClosed]
Aug 26, 2024 8:11:41 PM de.learnlib.logging.LearnLogger logQuery
INFO: [ε | ChangeCipherSpec ApplicationData / ε | Empty, Alert,2.10ConnectionClosed,]
Aug 26, 2024 8:11:42 PM de.learnlib.logging.LearnLogger logQuery
INFO: [ε | ChangeCipherSpec ApplicationData ClientHello / ε | Empty, Alert,2.10ConnectionClosed, ConnectionClosed]
Aug 26, 2024 8:11:42 PM de.learnlib.logging.LearnLogger logQuery
INFO: [ε | ChangeCipherSpec ApplicationData ChangeCipherSpec / ε | Empty, Alert,2.10ConnectionClosed, ConnectionClosed]
Aug 26, 2024 8:11:42 PM de.learnlib.logging.LearnLogger logQuery
INFO: [ε | ChangeCipherSpec ApplicationData Finished / ε | Empty, Alert,2.10ConnectionClosed, ConnectionClosed]
Aug 26, 2024 8:11:42 PM de.learnlib.logging.LearnLogger logQuery
INFO: [ε | ChangeCipherSpec ApplicationData ClientCertificateVerify / ε | Empty, Alert,2.10ConnectionClosed, ConnectionClosed]
Aug 26, 2024 8:11:42 PM de.learnlib.logging.LearnLogger logQuery
INFO: [ε | Finished ApplicationData / ε | Alert,2.10ConnectionClosed, ConnectionClosed]
Aug 26, 2024 8:11:42 PM de.learnlib.logging.LearnLogger logQuery
INFO: [ε | Certificate ApplicationData / ε | Alert,2.10ConnectionClosed, ConnectionClosed]
Aug 26, 2024 8:11:42 PM de.learnlib.logging.LearnLogger logQuery
INFO: [ε | ClientCertificateVerify ApplicationData / ε | null Alert,2.10ConnectionClosed,]
Aug 26, 2024 8:11:42 PM de.learnlib.logging.LearnLogger logQuery
INFO: [ε | ClientCertificateVerify ApplicationData ClientHello / ε | null Alert,2.10ConnectionClosed, ConnectionClosed]
Aug 26, 2024 8:11:42 PM de.learnlib.logging.LearnLogger logQuery
INFO: [ε | ClientCertificateVerify ApplicationData ChangeCipherSpec / ε | null Alert,2.10ConnectionClosed, ConnectionClosed]
Aug 26, 2024 8:11:42 PM de.learnlib.logging.LearnLogger logQuery
INFO: [ε | ClientCertificateVerify ApplicationData Finished / ε | null Alert,2.10ConnectionClosed, ConnectionClosed]
Aug 26, 2024 8:11:42 PM de.learnlib.logging.LearnLogger logQuery
INFO: [ε | ClientCertificateVerify ApplicationData ClientCertificateVerify / ε | null Alert,2.10ConnectionClosed, ConnectionClosed]
Aug 26, 2024 8:11:42 PM de.learnlib.logging.LearnLogger logQuery
INFO: [ε | ApplicationData ApplicationData / ε | Alert,2.10ConnectionClosed, ConnectionClosed]
Aug 26, 2024 8:11:44 PM de.learnlib.logging.LearnLogger logQuery
INFO: [ε | ClientCertificateVerify ClientHello ClientHello / ε | null ServerHello,ChangeCipherSpec,EncryptedExtensions,CertificateRequest,Certificate,CertificateVerify,Finished, Alert,2.20ConnectionClosed,]
Aug 26, 2024 8:11:45 PM de.learnlib.logging.LearnLogger logQuery
INFO: [ε | ClientCertificateVerify ClientHello ClientHello ClientHello / ε | null ServerHello,ChangeCipherSpec,EncryptedExtensions,CertificateRequest,Certificate,CertificateVerify,Finished, Alert,2.20ConnectionClosed, ConnectionClosed]
Aug 26, 2024 8:11:47 PM de.learnlib.logging.LearnLogger logQuery
INFO: [ε | ClientCertificateVerify ClientHello ClientHello ChangeCipherSpec / ε | null ServerHello,ChangeCipherSpec,EncryptedExtensions,CertificateRequest,Certificate,CertificateVerify,Finished, Alert,2.20ConnectionClosed, ConnectionClosed]
Aug 26, 2024 8:11:48 PM de.learnlib.logging.LearnLogger logQuery
INFO: [ε | ClientCertificateVerify ClientHello ClientHello Finished / ε | null ServerHello,ChangeCipherSpec,EncryptedExtensions,CertificateRequest,Certificate,CertificateVerify,Finished, Alert,2.20ConnectionClosed, ConnectionClosed]
Aug 26, 2024 8:11:50 PM de.learnlib.logging.LearnLogger logQuery
INFO: [ε | ClientCertificateVerify ClientHello ClientHello ClientCertificateVerify / ε | null ServerHello,ChangeCipherSpec,EncryptedExtensions,CertificateRequest,Certificate,CertificateVerify,Finished, Alert,2.20ConnectionClosed, ConnectionClosed]
Aug 26, 2024 8:11:52 PM de.learnlib.logging.LearnLogger logQuery
INFO: [ε | ClientHello ChangeCipherSpec ClientHello / ε | ServerHello,ChangeCipherSpec,EncryptedExtensions,CertificateRequest,Certificate,CertificateVerify,Finished, Empty, Alert,2.20ConnectionClosed,]
Aug 26, 2024 8:11:53 PM de.learnlib.logging.LearnLogger logQuery
INFO: [ε | ClientHello ChangeCipherSpec ClientHello ClientHello / ε | ServerHello,ChangeCipherSpec,EncryptedExtensions,CertificateRequest,Certificate,CertificateVerify,Finished, Empty, Alert,2.20ConnectionClosed, ConnectionClosed]
Aug 26, 2024 8:11:55 PM de.learnlib.logging.LearnLogger logQuery
INFO: [ε | ClientHello ChangeCipherSpec ClientHello ChangeCipherSpec / ε | ServerHello,ChangeCipherSpec,EncryptedExtensions,CertificateRequest,Certificate,CertificateVerify,Finished, Empty, Alert,2.20ConnectionClosed, ConnectionClosed]
Aug 26, 2024 8:11:57 PM de.learnlib.logging.LearnLogger logQuery
INFO: [ε | ClientHello ChangeCipherSpec ClientHello Finished / ε | ServerHello,ChangeCipherSpec,EncryptedExtensions,CertificateRequest,Certificate,CertificateVerify,Finished, Empty, Alert,2.20ConnectionClosed, ConnectionClosed]
Aug 26, 2024 8:11:59 PM de.learnlib.logging.LearnLogger logQuery
INFO: [ε | ClientHello ChangeCipherSpec ClientHello ClientCertificateVerify / ε | ServerHello,ChangeCipherSpec,EncryptedExtensions,CertificateRequest,Certificate,CertificateVerify,Finished, Empty, Alert,2.20ConnectionClosed, ConnectionClosed]
Aug 26, 2024 8:11:59 PM de.learnlib.logging.LearnLogger logQuery
INFO: [ε | ClientCertificateVerify ChangeCipherSpec ClientHello / ε | null Empty, Alert,2.10ConnectionClosed,]
Aug 26, 2024 8:11:59 PM de.learnlib.logging.LearnLogger logQuery
INFO: [ε | ClientCertificateVerify ChangeCipherSpec ClientHello ClientHello / ε | null Empty, Alert,2.10ConnectionClosed, ConnectionClosed]
Aug 26, 2024 8:11:59 PM de.learnlib.logging.LearnLogger logQuery
INFO: [ε | ClientCertificateVerify ChangeCipherSpec ClientHello ChangeCipherSpec / ε | null Empty, Alert,2.10ConnectionClosed, ConnectionClosed]
Aug 26, 2024 8:12:00 PM de.learnlib.logging.LearnLogger logQuery
INFO: [ε | ClientCertificateVerify ChangeCipherSpec ClientHello Finished / ε | null Empty, Alert,2.10ConnectionClosed, ConnectionClosed]
Aug 26, 2024 8:12:00 PM de.learnlib.logging.LearnLogger logQuery
INFO: [ε | ClientCertificateVerify ChangeCipherSpec ClientHello ClientCertificateVerify / ε | null Empty, Alert,2.10ConnectionClosed, ConnectionClosed]
Aug 26, 2024 8:12:00 PM de.learnlib.logging.LearnLogger logQuery
INFO: [ε | ChangeCipherSpec ClientCertificateVerify ClientHello / ε | Empty, null Alert,2.10ConnectionClosed,]
Aug 26, 2024 8:12:00 PM de.learnlib.logging.LearnLogger logQuery
INFO: [ε | ChangeCipherSpec ClientCertificateVerify ClientHello ClientHello / ε | Empty, null Alert,2.10ConnectionClosed, ConnectionClosed]
Aug 26, 2024 8:12:01 PM de.learnlib.logging.LearnLogger logQuery
INFO: [ε | ChangeCipherSpec ClientCertificateVerify ClientHello ChangeCipherSpec / ε | Empty, null Alert,2.10ConnectionClosed, ConnectionClosed]
Aug 26, 2024 8:12:01 PM de.learnlib.logging.LearnLogger logQuery
INFO: [ε | ChangeCipherSpec ClientCertificateVerify ClientHello Finished / ε | Empty, null Alert,2.10ConnectionClosed, ConnectionClosed]
Aug 26, 2024 8:12:01 PM de.learnlib.logging.LearnLogger logQuery
INFO: [ε | ChangeCipherSpec ClientCertificateVerify ClientHello ClientCertificateVerify / ε | Empty, null Alert,2.10ConnectionClosed, ConnectionClosed]
Aug 26, 2024 8:12:02 PM de.learnlib.logging.LearnLogger logQuery
INFO: [ε | ClientCertificateVerify ClientCertificateVerify ClientHello / ε | null null ServerHello,ChangeCipherSpec,EncryptedExtensions,CertificateRequest,Certificate,CertificateVerify,Finished,]
Aug 26, 2024 8:12:03 PM de.learnlib.logging.LearnLogger logQuery
INFO: [ε | ClientCertificateVerify ClientCertificateVerify ClientHello ClientHello / ε | null null ServerHello,ChangeCipherSpec,EncryptedExtensions,CertificateRequest,Certificate,CertificateVerify,Finished, Alert,2.20ConnectionClosed,]
Aug 26, 2024 8:12:05 PM de.learnlib.logging.LearnLogger logQuery
INFO: [ε | ClientCertificateVerify ClientCertificateVerify ClientHello ChangeCipherSpec / ε | null null ServerHello,ChangeCipherSpec,EncryptedExtensions,CertificateRequest,Certificate,CertificateVerify,Finished, Empty,]
Aug 26, 2024 8:12:06 PM de.learnlib.logging.LearnLogger logQuery
INFO: [ε | ClientCertificateVerify ClientCertificateVerify ClientHello Finished / ε | null null ServerHello,ChangeCipherSpec,EncryptedExtensions,CertificateRequest,Certificate,CertificateVerify,Finished, Alert,2.20ConnectionClosed,]
Aug 26, 2024 8:12:07 PM de.learnlib.logging.LearnLogger logQuery
INFO: [ε | ClientCertificateVerify ClientCertificateVerify ClientHello ClientCertificateVerify / ε | null null ServerHello,ChangeCipherSpec,EncryptedExtensions,CertificateRequest,Certificate,CertificateVerify,Finished, Alert,2.20ConnectionClosed,]
Aug 26, 2024 8:12:08 PM de.learnlib.logging.LearnLogger logQuery
INFO: [ε | ClientCertificateVerify ClientHello ChangeCipherSpec / ε | null ServerHello,ChangeCipherSpec,EncryptedExtensions,CertificateRequest,Certificate,CertificateVerify,Finished, Empty,]
Aug 26, 2024 8:12:10 PM de.learnlib.logging.LearnLogger logQuery
INFO: [ε | ClientCertificateVerify ClientHello ChangeCipherSpec ClientHello / ε | null ServerHello,ChangeCipherSpec,EncryptedExtensions,CertificateRequest,Certificate,CertificateVerify,Finished, Empty, Alert,2.20ConnectionClosed,]
Aug 26, 2024 8:12:11 PM de.learnlib.logging.LearnLogger logQuery
INFO: [ε | ClientCertificateVerify ClientHello ChangeCipherSpec ChangeCipherSpec / ε | null ServerHello,ChangeCipherSpec,EncryptedExtensions,CertificateRequest,Certificate,CertificateVerify,Finished, Empty, Alert,2.10ConnectionClosed,]
Aug 26, 2024 8:12:13 PM de.learnlib.logging.LearnLogger logQuery
INFO: [ε | ClientCertificateVerify ClientHello ChangeCipherSpec Finished / ε | null ServerHello,ChangeCipherSpec,EncryptedExtensions,CertificateRequest,Certificate,CertificateVerify,Finished, Empty, Alert,2.50ConnectionClosed,]
Aug 26, 2024 8:12:15 PM de.learnlib.logging.LearnLogger logQuery
INFO: [ε | ClientCertificateVerify ClientHello ChangeCipherSpec ClientCertificateVerify / ε | null ServerHello,ChangeCipherSpec,EncryptedExtensions,CertificateRequest,Certificate,CertificateVerify,Finished, Empty, Alert,2.50ConnectionClosed,]
Aug 26, 2024 8:12:17 PM de.learnlib.logging.LearnLogger logQuery
INFO: [ε | ClientHello ChangeCipherSpec ChangeCipherSpec / ε | ServerHello,ChangeCipherSpec,EncryptedExtensions,CertificateRequest,Certificate,CertificateVerify,Finished, Empty, Alert,2.10ConnectionClosed,]
Aug 26, 2024 8:12:18 PM de.learnlib.logging.LearnLogger logQuery
INFO: [ε | ClientHello ChangeCipherSpec ChangeCipherSpec ClientHello / ε | ServerHello,ChangeCipherSpec,EncryptedExtensions,CertificateRequest,Certificate,CertificateVerify,Finished, Empty, Alert,2.10ConnectionClosed, ConnectionClosed]
Aug 26, 2024 8:12:20 PM de.learnlib.logging.LearnLogger logQuery
INFO: [ε | ClientHello ChangeCipherSpec ChangeCipherSpec ChangeCipherSpec / ε | ServerHello,ChangeCipherSpec,EncryptedExtensions,CertificateRequest,Certificate,CertificateVerify,Finished, Empty, Alert,2.10ConnectionClosed, ConnectionClosed]
Aug 26, 2024 8:12:21 PM de.learnlib.logging.LearnLogger logQuery
INFO: [ε | ClientHello ChangeCipherSpec ChangeCipherSpec Finished / ε | ServerHello,ChangeCipherSpec,EncryptedExtensions,CertificateRequest,Certificate,CertificateVerify,Finished, Empty, Alert,2.10ConnectionClosed, ConnectionClosed]
Aug 26, 2024 8:12:22 PM de.learnlib.logging.LearnLogger logQuery
INFO: [ε | ClientHello ChangeCipherSpec ChangeCipherSpec ClientCertificateVerify / ε | ServerHello,ChangeCipherSpec,EncryptedExtensions,CertificateRequest,Certificate,CertificateVerify,Finished, Empty, Alert,2.10ConnectionClosed, ConnectionClosed]
Aug 26, 2024 8:12:23 PM de.learnlib.logging.LearnLogger logQuery
INFO: [ε | ClientCertificateVerify ChangeCipherSpec ChangeCipherSpec / ε | null Empty, Alert,2.10ConnectionClosed,]
Aug 26, 2024 8:12:23 PM de.learnlib.logging.LearnLogger logQuery
INFO: [ε | ClientCertificateVerify ChangeCipherSpec ChangeCipherSpec ClientHello / ε | null Empty, Alert,2.10ConnectionClosed, ConnectionClosed]
Aug 26, 2024 8:12:23 PM de.learnlib.logging.LearnLogger logQuery
INFO: [ε | ClientCertificateVerify ChangeCipherSpec ChangeCipherSpec ChangeCipherSpec / ε | null Empty, Alert,2.10ConnectionClosed, ConnectionClosed]
Aug 26, 2024 8:12:24 PM de.learnlib.logging.LearnLogger logQuery
INFO: [ε | ClientCertificateVerify ChangeCipherSpec ChangeCipherSpec Finished / ε | null Empty, Alert,2.10ConnectionClosed, ConnectionClosed]
Aug 26, 2024 8:12:24 PM de.learnlib.logging.LearnLogger logQuery
INFO: [ε | ClientCertificateVerify ChangeCipherSpec ChangeCipherSpec ClientCertificateVerify / ε | null Empty, Alert,2.10ConnectionClosed, ConnectionClosed]
Aug 26, 2024 8:12:24 PM de.learnlib.logging.LearnLogger logQuery
INFO: [ε | ChangeCipherSpec ClientCertificateVerify ChangeCipherSpec / ε | Empty, null Alert,2.10ConnectionClosed,]
Aug 26, 2024 8:12:24 PM de.learnlib.logging.LearnLogger logQuery
INFO: [ε | ChangeCipherSpec ClientCertificateVerify ChangeCipherSpec ClientHello / ε | Empty, null Alert,2.10ConnectionClosed, ConnectionClosed]
Aug 26, 2024 8:12:25 PM de.learnlib.logging.LearnLogger logQuery
INFO: [ε | ChangeCipherSpec ClientCertificateVerify ChangeCipherSpec ChangeCipherSpec / ε | Empty, null Alert,2.10ConnectionClosed, ConnectionClosed]
Aug 26, 2024 8:12:25 PM de.learnlib.logging.LearnLogger logQuery
INFO: [ε | ChangeCipherSpec ClientCertificateVerify ChangeCipherSpec Finished / ε | Empty, null Alert,2.10ConnectionClosed, ConnectionClosed]
Aug 26, 2024 8:12:25 PM de.learnlib.logging.LearnLogger logQuery
INFO: [ε | ChangeCipherSpec ClientCertificateVerify ChangeCipherSpec ClientCertificateVerify / ε | Empty, null Alert,2.10ConnectionClosed, ConnectionClosed]
Aug 26, 2024 8:12:25 PM de.learnlib.logging.LearnLogger logQuery
INFO: [ε | ClientCertificateVerify ClientCertificateVerify ChangeCipherSpec / ε | null null Empty,]
Aug 26, 2024 8:12:26 PM de.learnlib.logging.LearnLogger logQuery
INFO: [ε | ClientCertificateVerify ClientCertificateVerify ChangeCipherSpec ClientHello / ε | null null Empty, Alert,2.10ConnectionClosed,]
Aug 26, 2024 8:12:26 PM de.learnlib.logging.LearnLogger logQuery
INFO: [ε | ClientCertificateVerify ClientCertificateVerify ChangeCipherSpec ChangeCipherSpec / ε | null null Empty, Alert,2.10ConnectionClosed,]
Aug 26, 2024 8:12:26 PM de.learnlib.logging.LearnLogger logQuery
INFO: [ε | ClientCertificateVerify ClientCertificateVerify ChangeCipherSpec Finished / ε | null null Empty, Alert,2.10ConnectionClosed,]
Aug 26, 2024 8:12:27 PM de.learnlib.logging.LearnLogger logQuery
INFO: [ε | ClientCertificateVerify ClientCertificateVerify ChangeCipherSpec ClientCertificateVerify / ε | null null Empty, null]
Aug 26, 2024 8:12:28 PM de.learnlib.logging.LearnLogger logQuery
INFO: [ε | ClientCertificateVerify ClientHello Finished / ε | null ServerHello,ChangeCipherSpec,EncryptedExtensions,CertificateRequest,Certificate,CertificateVerify,Finished, Alert,2.20ConnectionClosed,]
Aug 26, 2024 8:12:29 PM de.learnlib.logging.LearnLogger logQuery
INFO: [ε | ClientCertificateVerify ClientHello Finished ClientHello / ε | null ServerHello,ChangeCipherSpec,EncryptedExtensions,CertificateRequest,Certificate,CertificateVerify,Finished, Alert,2.20ConnectionClosed, ConnectionClosed]
Aug 26, 2024 8:12:31 PM de.learnlib.logging.LearnLogger logQuery
INFO: [ε | ClientCertificateVerify ClientHello Finished ChangeCipherSpec / ε | null ServerHello,ChangeCipherSpec,EncryptedExtensions,CertificateRequest,Certificate,CertificateVerify,Finished, Alert,2.20ConnectionClosed, ConnectionClosed]
Aug 26, 2024 8:12:32 PM de.learnlib.logging.LearnLogger logQuery
INFO: [ε | ClientCertificateVerify ClientHello Finished Finished / ε | null ServerHello,ChangeCipherSpec,EncryptedExtensions,CertificateRequest,Certificate,CertificateVerify,Finished, Alert,2.20ConnectionClosed, ConnectionClosed]
Aug 26, 2024 8:12:33 PM de.learnlib.logging.LearnLogger logQuery
INFO: [ε | ClientCertificateVerify ClientHello Finished ClientCertificateVerify / ε | null ServerHello,ChangeCipherSpec,EncryptedExtensions,CertificateRequest,Certificate,CertificateVerify,Finished, Alert,2.20ConnectionClosed, ConnectionClosed]
Aug 26, 2024 8:12:35 PM de.learnlib.logging.LearnLogger logQuery
INFO: [ε | ClientHello ChangeCipherSpec Finished / ε | ServerHello,ChangeCipherSpec,EncryptedExtensions,CertificateRequest,Certificate,CertificateVerify,Finished, Empty, Alert,2.50ConnectionClosed,]
Aug 26, 2024 8:12:36 PM de.learnlib.logging.LearnLogger logQuery
INFO: [ε | ClientHello ChangeCipherSpec Finished ClientHello / ε | ServerHello,ChangeCipherSpec,EncryptedExtensions,CertificateRequest,Certificate,CertificateVerify,Finished, Empty, Alert,2.50ConnectionClosed, ConnectionClosed]
Aug 26, 2024 8:12:38 PM de.learnlib.logging.LearnLogger logQuery
INFO: [ε | ClientHello ChangeCipherSpec Finished ChangeCipherSpec / ε | ServerHello,ChangeCipherSpec,EncryptedExtensions,CertificateRequest,Certificate,CertificateVerify,Finished, Empty, Alert,2.50ConnectionClosed, ConnectionClosed]
